[ 2017-10-12T08:13:25+08:00 ] 58.246.226.254 /Salestrend/Trend/getCondition
INFO: [ app_init ] --START--
INFO: Run Behavior\BuildLiteBehavior [ RunTime:0.000000s ]
INFO: [ app_init ] --END-- [ RunTime:0.000000s ]
INFO: [ app_begin ] --START--
INFO: Run Behavior\ReadHtmlCacheBehavior [ RunTime:0.000000s ]
INFO: [ app_begin ] --END-- [ RunTime:0.000000s ]
SQL: select DISTINCT menuName,menuURL,rm.menuid
                from Y_user u
                LEFT JOIN Y_user_role ur ON ur.uid=u.Uid
                LEFT JOIN Y_role r ON r.roleid=ur.roleid
                LEFT JOIN Y_role_menu rm ON rm.roleid=r.roleid
                LEFT JOIN Y_netprofitmenu npm ON npm.menuid=rm.menuid
                WHERE u.username='尚显贝' 
                ORDER BY rm.menuid [ RunTime:0.0130s ]
SQL: select mid from Y_manger WHERE manger='尚显贝' [ RunTime:0.0110s ]
SQL: SELECT d.Did ,d.Dname,u.username,ss.suffix,sp.pingtai FROM Y_userDepartment ud
                                        LEFT JOIN Y_user u ON u.Uid=ud.Uid
                                        LEFT JOIN Y_Department d ON d.Did=ud.did
                                        LEFT JOIN Y_SuffixSalerman ss ON ss.uid=u.Uid
                                        LEFT JOIN Y_suffixPingtai sp ON sp.suffix=ss.suffix
                                        WHERE mangerid='3' [ RunTime:1.0461s ]
INFO: [ view_parse ] --START--
INFO: [ template_filter ] --START--
INFO: Run Behavior\ContentReplaceBehavior [ RunTime:0.000000s ]
INFO: [ template_filter ] --END-- [ RunTime:0.000000s ]
INFO: Run Behavior\ParseTemplateBehavior [ RunTime:0.014001s ]
INFO: [ view_parse ] --END-- [ RunTime:0.014001s ]
INFO: [ view_filter ] --START--
INFO: Run Behavior\WriteHtmlCacheBehavior [ RunTime:0.000000s ]
INFO: [ view_filter ] --END-- [ RunTime:0.000000s ]
INFO: [ app_end ] --START--
INFO: Run Behavior\ShowPageTraceBehavior [ RunTime:0.000000s ]
INFO: [ app_end ] --END-- [ RunTime:0.000000s ]

[ 2017-10-12T08:14:03+08:00 ] 58.246.226.254 /salestrend/trend/rolebase.html
INFO: [ app_init ] --START--
INFO: Run Behavior\BuildLiteBehavior [ RunTime:0.000000s ]
INFO: [ app_init ] --END-- [ RunTime:0.001000s ]
INFO: [ app_begin ] --START--
INFO: Run Behavior\ReadHtmlCacheBehavior [ RunTime:0.001000s ]
INFO: [ app_begin ] --END-- [ RunTime:0.001000s ]
SQL: select * from Y_manger where manger='尚显贝' [ RunTime:0.0150s ]
NOTIC: [8] Undefined index: saler D:\phpStudy20161103\WWW\cms\Application\Salestrend\Controller\TrendController.class.php 第 497 行.
NOTIC: [8] Undefined index: pingtai D:\phpStudy20161103\WWW\cms\Application\Salestrend\Controller\TrendController.class.php 第 497 行.
NOTIC: [8] Undefined index: department D:\phpStudy20161103\WWW\cms\Application\Salestrend\Controller\TrendController.class.php 第 497 行.
SQL: z_p_saletrendy 0, '2017-10-01', '2017-10-12', 0, '','','WIS01-eshop,WIS02-zone,WIS03-world,WIS04-hapyshop,WIS05-fashionp,WIS06-hones,WIS07-Rosa,WIS08-angel,WIS09-universe,WIS10-gossipgirl,WIS11-fashiontribe,WIS12-fantasticgirl,WIS13-decorationsector,WIS14-wednesdayshop','' [ RunTime:22.7393s ]
INFO: [ view_parse ] --START--
INFO: [ template_filter ] --START--
INFO: Run Behavior\ContentReplaceBehavior [ RunTime:0.001000s ]
INFO: [ template_filter ] --END-- [ RunTime:0.001000s ]
INFO: Run Behavior\ParseTemplateBehavior [ RunTime:0.012001s ]
INFO: [ view_parse ] --END-- [ RunTime:0.012001s ]
INFO: [ view_filter ] --START--
INFO: Run Behavior\WriteHtmlCacheBehavior [ RunTime:0.001000s ]
INFO: [ view_filter ] --END-- [ RunTime:0.001000s ]
INFO: [ app_end ] --START--
INFO: Run Behavior\ShowPageTraceBehavior [ RunTime:0.001000s ]
INFO: [ app_end ] --END-- [ RunTime:0.001000s ]

[ 2017-10-12T08:14:05+08:00 ] 58.246.226.254 /salestrend/trend/sales
INFO: [ app_init ] --START--
INFO: Run Behavior\BuildLiteBehavior [ RunTime:0.000000s ]
INFO: [ app_init ] --END-- [ RunTime:0.001000s ]
INFO: [ app_begin ] --START--
INFO: Run Behavior\ReadHtmlCacheBehavior [ RunTime:0.000000s ]
INFO: [ app_begin ] --END-- [ RunTime:0.001000s ]
INFO: [ app_end ] --START--
INFO: Run Behavior\ShowPageTraceBehavior [ RunTime:0.001000s ]
INFO: [ app_end ] --END-- [ RunTime:0.001000s ]

[ 2017-10-12T10:14:30+08:00 ] 58.246.226.254 /Salestrend/Trend/getCondition
INFO: [ app_init ] --START--
INFO: Run Behavior\BuildLiteBehavior [ RunTime:0.000000s ]
INFO: [ app_init ] --END-- [ RunTime:0.000000s ]
INFO: [ app_begin ] --START--
INFO: Run Behavior\ReadHtmlCacheBehavior [ RunTime:0.001000s ]
INFO: [ app_begin ] --END-- [ RunTime:0.001000s ]
SQL: select DISTINCT menuName,menuURL,rm.menuid
                from Y_user u
                LEFT JOIN Y_user_role ur ON ur.uid=u.Uid
                LEFT JOIN Y_role r ON r.roleid=ur.roleid
                LEFT JOIN Y_role_menu rm ON rm.roleid=r.roleid
                LEFT JOIN Y_netprofitmenu npm ON npm.menuid=rm.menuid
                WHERE u.username='admin' 
                ORDER BY rm.menuid [ RunTime:0.0160s ]
SQL: select mid from Y_manger WHERE manger='admin' [ RunTime:0.0270s ]
NOTIC: [8] Undefined offset: 0 D:\phpStudy20161103\WWW\cms\Application\Salestrend\Controller\TrendController.class.php 第 32 行.
SQL: SELECT d.Did ,d.Dname,u.username,ss.suffix,sp.pingtai FROM Y_userDepartment ud
                    LEFT JOIN Y_user u ON u.Uid=ud.Uid
                    LEFT JOIN Y_Department d ON d.Did=ud.did
                    LEFT JOIN Y_SuffixSalerman ss ON ss.uid=u.Uid
                    LEFT JOIN Y_suffixPingtai sp ON sp.suffix=ss.suffix
                    WHERE d.Dname is not NULL AND sp.suffix is not null  [ RunTime:0.0480s ]
INFO: [ view_parse ] --START--
INFO: [ template_filter ] --START--
INFO: Run Behavior\ContentReplaceBehavior [ RunTime:0.000000s ]
INFO: [ template_filter ] --END-- [ RunTime:0.000000s ]
INFO: Run Behavior\ParseTemplateBehavior [ RunTime:0.014001s ]
INFO: [ view_parse ] --END-- [ RunTime:0.014001s ]
INFO: [ view_filter ] --START--
INFO: Run Behavior\WriteHtmlCacheBehavior [ RunTime:0.000000s ]
INFO: [ view_filter ] --END-- [ RunTime:0.000000s ]
INFO: [ app_end ] --START--
INFO: Run Behavior\ShowPageTraceBehavior [ RunTime:0.000000s ]
INFO: [ app_end ] --END-- [ RunTime:0.001000s ]

[ 2017-10-12T10:15:18+08:00 ] 58.246.226.254 /salestrend/trend/rolebase.html
INFO: [ app_init ] --START--
INFO: Run Behavior\BuildLiteBehavior [ RunTime:0.000000s ]
INFO: [ app_init ] --END-- [ RunTime:0.000000s ]
INFO: [ app_begin ] --START--
INFO: Run Behavior\ReadHtmlCacheBehavior [ RunTime:0.000000s ]
INFO: [ app_begin ] --END-- [ RunTime:0.000000s ]
SQL: select * from Y_manger where manger='admin' [ RunTime:0.0160s ]
NOTIC: [8] Undefined index: saler D:\phpStudy20161103\WWW\cms\Application\Salestrend\Controller\TrendController.class.php 第 497 行.
NOTIC: [8] Undefined index: suffix D:\phpStudy20161103\WWW\cms\Application\Salestrend\Controller\TrendController.class.php 第 497 行.
NOTIC: [8] Undefined index: department D:\phpStudy20161103\WWW\cms\Application\Salestrend\Controller\TrendController.class.php 第 497 行.
SQL: z_p_saletrendy 0, '2017-10-01', '2017-10-11', 0, '','eBay,Amazon,Shopee,SMT,Wish,LAZADA','','' [ RunTime:24.7374s ]
INFO: [ view_parse ] --START--
INFO: [ template_filter ] --START--
INFO: Run Behavior\ContentReplaceBehavior [ RunTime:0.000000s ]
INFO: [ template_filter ] --END-- [ RunTime:0.000000s ]
INFO: Run Behavior\ParseTemplateBehavior [ RunTime:0.007001s ]
INFO: [ view_parse ] --END-- [ RunTime:0.007001s ]
INFO: [ view_filter ] --START--
INFO: Run Behavior\WriteHtmlCacheBehavior [ RunTime:0.000000s ]
INFO: [ view_filter ] --END-- [ RunTime:0.000000s ]
INFO: [ app_end ] --START--
INFO: Run Behavior\ShowPageTraceBehavior [ RunTime:0.000000s ]
INFO: [ app_end ] --END-- [ RunTime:0.000000s ]

[ 2017-10-12T10:15:21+08:00 ] 58.246.226.254 /salestrend/trend/sales
INFO: [ app_init ] --START--
INFO: Run Behavior\BuildLiteBehavior [ RunTime:0.000000s ]
INFO: [ app_init ] --END-- [ RunTime:0.000000s ]
INFO: [ app_begin ] --START--
INFO: Run Behavior\ReadHtmlCacheBehavior [ RunTime:0.000000s ]
INFO: [ app_begin ] --END-- [ RunTime:0.000000s ]
INFO: [ app_end ] --START--
INFO: Run Behavior\ShowPageTraceBehavior [ RunTime:0.000000s ]
INFO: [ app_end ] --END-- [ RunTime:0.000000s ]

[ 2017-10-12T16:19:57+08:00 ] 58.246.226.254 /Salestrend/Trend/getCondition
INFO: [ app_init ] --START--
INFO: Run Behavior\BuildLiteBehavior [ RunTime:0.000000s ]
INFO: [ app_init ] --END-- [ RunTime:0.000000s ]
INFO: [ app_begin ] --START--
INFO: Run Behavior\ReadHtmlCacheBehavior [ RunTime:0.000000s ]
INFO: [ app_begin ] --END-- [ RunTime:0.000000s ]
SQL: select DISTINCT menuName,menuURL,rm.menuid
                from Y_user u
                LEFT JOIN Y_user_role ur ON ur.uid=u.Uid
                LEFT JOIN Y_role r ON r.roleid=ur.roleid
                LEFT JOIN Y_role_menu rm ON rm.roleid=r.roleid
                LEFT JOIN Y_netprofitmenu npm ON npm.menuid=rm.menuid
                WHERE u.username='admin' 
                ORDER BY rm.menuid [ RunTime:0.0180s ]
SQL: select mid from Y_manger WHERE manger='admin' [ RunTime:0.0120s ]
NOTIC: [8] Undefined offset: 0 D:\phpStudy20161103\WWW\cms\Application\Salestrend\Controller\TrendController.class.php 第 32 行.
SQL: SELECT d.Did ,d.Dname,u.username,ss.suffix,sp.pingtai FROM Y_userDepartment ud
                    LEFT JOIN Y_user u ON u.Uid=ud.Uid
                    LEFT JOIN Y_Department d ON d.Did=ud.did
                    LEFT JOIN Y_SuffixSalerman ss ON ss.uid=u.Uid
                    LEFT JOIN Y_suffixPingtai sp ON sp.suffix=ss.suffix
                    WHERE d.Dname is not NULL AND sp.suffix is not null  [ RunTime:0.0510s ]
INFO: [ view_parse ] --START--
INFO: [ template_filter ] --START--
INFO: Run Behavior\ContentReplaceBehavior [ RunTime:0.000000s ]
INFO: [ template_filter ] --END-- [ RunTime:0.000000s ]
INFO: Run Behavior\ParseTemplateBehavior [ RunTime:0.007000s ]
INFO: [ view_parse ] --END-- [ RunTime:0.008000s ]
INFO: [ view_filter ] --START--
INFO: Run Behavior\WriteHtmlCacheBehavior [ RunTime:0.000000s ]
INFO: [ view_filter ] --END-- [ RunTime:0.000000s ]
INFO: [ app_end ] --START--
INFO: Run Behavior\ShowPageTraceBehavior [ RunTime:0.000000s ]
INFO: [ app_end ] --END-- [ RunTime:0.000000s ]

[ 2017-10-12T16:20:52+08:00 ] 58.246.226.254 /salestrend/trend/rolebase.html
INFO: [ app_init ] --START--
INFO: Run Behavior\BuildLiteBehavior [ RunTime:0.000000s ]
INFO: [ app_init ] --END-- [ RunTime:0.000000s ]
INFO: [ app_begin ] --START--
INFO: Run Behavior\ReadHtmlCacheBehavior [ RunTime:0.000000s ]
INFO: [ app_begin ] --END-- [ RunTime:0.000000s ]
SQL: select * from Y_manger where manger='admin' [ RunTime:0.0180s ]
NOTIC: [8] Undefined index: saler D:\phpStudy20161103\WWW\cms\Application\Salestrend\Controller\TrendController.class.php 第 497 行.
NOTIC: [8] Undefined index: suffix D:\phpStudy20161103\WWW\cms\Application\Salestrend\Controller\TrendController.class.php 第 497 行.
NOTIC: [8] Undefined index: department D:\phpStudy20161103\WWW\cms\Application\Salestrend\Controller\TrendController.class.php 第 497 行.
SQL: z_p_saletrendy 0, '2016-01-01', '2017-10-11', 2, '','LAZADA','','' [ RunTime:34.1430s ]
INFO: [ view_parse ] --START--
INFO: [ template_filter ] --START--
INFO: Run Behavior\ContentReplaceBehavior [ RunTime:0.000000s ]
INFO: [ template_filter ] --END-- [ RunTime:0.000000s ]
INFO: Run Behavior\ParseTemplateBehavior [ RunTime:0.006001s ]
INFO: [ view_parse ] --END-- [ RunTime:0.006001s ]
INFO: [ view_filter ] --START--
INFO: Run Behavior\WriteHtmlCacheBehavior [ RunTime:0.000000s ]
INFO: [ view_filter ] --END-- [ RunTime:0.000000s ]
INFO: [ app_end ] --START--
INFO: Run Behavior\ShowPageTraceBehavior [ RunTime:0.001000s ]
INFO: [ app_end ] --END-- [ RunTime:0.001000s ]

[ 2017-10-12T16:20:53+08:00 ] 58.246.226.254 /salestrend/trend/sales
INFO: [ app_init ] --START--
INFO: Run Behavior\BuildLiteBehavior [ RunTime:0.000000s ]
INFO: [ app_init ] --END-- [ RunTime:0.000000s ]
INFO: [ app_begin ] --START--
INFO: Run Behavior\ReadHtmlCacheBehavior [ RunTime:0.000000s ]
INFO: [ app_begin ] --END-- [ RunTime:0.000000s ]
INFO: [ app_end ] --START--
INFO: Run Behavior\ShowPageTraceBehavior [ RunTime:0.000000s ]
INFO: [ app_end ] --END-- [ RunTime:0.000000s ]

[ 2017-10-12T16:21:33+08:00 ] 58.246.226.254 /salestrend/trend/rolebase.html
INFO: [ app_init ] --START--
INFO: Run Behavior\BuildLiteBehavior [ RunTime:0.000000s ]
INFO: [ app_init ] --END-- [ RunTime:0.001000s ]
INFO: [ app_begin ] --START--
INFO: Run Behavior\ReadHtmlCacheBehavior [ RunTime:0.000000s ]
INFO: [ app_begin ] --END-- [ RunTime:0.000000s ]
SQL: select * from Y_manger where manger='admin' [ RunTime:0.0130s ]
NOTIC: [8] Undefined index: saler D:\phpStudy20161103\WWW\cms\Application\Salestrend\Controller\TrendController.class.php 第 497 行.
NOTIC: [8] Undefined index: suffix D:\phpStudy20161103\WWW\cms\Application\Salestrend\Controller\TrendController.class.php 第 497 行.
NOTIC: [8] Undefined index: department D:\phpStudy20161103\WWW\cms\Application\Salestrend\Controller\TrendController.class.php 第 497 行.
SQL: z_p_saletrendy 0, '2016-01-01', '2017-10-11', 2, '','Shopee','','' [ RunTime:15.6159s ]
INFO: [ view_parse ] --START--
INFO: [ template_filter ] --START--
INFO: Run Behavior\ContentReplaceBehavior [ RunTime:0.000000s ]
INFO: [ template_filter ] --END-- [ RunTime:0.001000s ]
INFO: Run Behavior\ParseTemplateBehavior [ RunTime:0.004001s ]
INFO: [ view_parse ] --END-- [ RunTime:0.004001s ]
INFO: [ view_filter ] --START--
INFO: Run Behavior\WriteHtmlCacheBehavior [ RunTime:0.000000s ]
INFO: [ view_filter ] --END-- [ RunTime:0.000000s ]
INFO: [ app_end ] --START--
INFO: Run Behavior\ShowPageTraceBehavior [ RunTime:0.000000s ]
INFO: [ app_end ] --END-- [ RunTime:0.000000s ]

[ 2017-10-12T16:21:33+08:00 ] 58.246.226.254 /salestrend/trend/sales
INFO: [ app_init ] --START--
INFO: Run Behavior\BuildLiteBehavior [ RunTime:0.000000s ]
INFO: [ app_init ] --END-- [ RunTime:0.000000s ]
INFO: [ app_begin ] --START--
INFO: Run Behavior\ReadHtmlCacheBehavior [ RunTime:0.001000s ]
INFO: [ app_begin ] --END-- [ RunTime:0.001000s ]
INFO: [ app_end ] --START--
INFO: Run Behavior\ShowPageTraceBehavior [ RunTime:0.001000s ]
INFO: [ app_end ] --END-- [ RunTime:0.001000s ]

[ 2017-10-12T16:32:40+08:00 ] 58.246.226.254 /salestrend/trend/rolebase.html
INFO: [ app_init ] --START--
INFO: Run Behavior\BuildLiteBehavior [ RunTime:0.000000s ]
INFO: [ app_init ] --END-- [ RunTime:0.000000s ]
INFO: [ app_begin ] --START--
INFO: Run Behavior\ReadHtmlCacheBehavior [ RunTime:0.000000s ]
INFO: [ app_begin ] --END-- [ RunTime:0.000000s ]
NOTIC: [8] Undefined index: session_name D:\phpStudy20161103\WWW\cms\Application\Home\Controller\ParentController.class.php 第 43 行.

[ 2017-10-12T16:34:24+08:00 ] 58.246.226.254 /salestrend/trend/sales
INFO: [ app_init ] --START--
INFO: Run Behavior\BuildLiteBehavior [ RunTime:0.000000s ]
INFO: [ app_init ] --END-- [ RunTime:0.000000s ]
INFO: [ app_begin ] --START--
INFO: Run Behavior\ReadHtmlCacheBehavior [ RunTime:0.000000s ]
INFO: [ app_begin ] --END-- [ RunTime:0.000000s ]
INFO: [ app_end ] --START--
INFO: Run Behavior\ShowPageTraceBehavior [ RunTime:0.000000s ]
INFO: [ app_end ] --END-- [ RunTime:0.000000s ]

[ 2017-10-12T16:37:24+08:00 ] 58.246.226.254 /Salestrend/Trend/getCondition
INFO: [ app_init ] --START--
INFO: Run Behavior\BuildLiteBehavior [ RunTime:0.000000s ]
INFO: [ app_init ] --END-- [ RunTime:0.000000s ]
INFO: [ app_begin ] --START--
INFO: Run Behavior\ReadHtmlCacheBehavior [ RunTime:0.000000s ]
INFO: [ app_begin ] --END-- [ RunTime:0.000000s ]
SQL: select DISTINCT menuName,menuURL,rm.menuid
                from Y_user u
                LEFT JOIN Y_user_role ur ON ur.uid=u.Uid
                LEFT JOIN Y_role r ON r.roleid=ur.roleid
                LEFT JOIN Y_role_menu rm ON rm.roleid=r.roleid
                LEFT JOIN Y_netprofitmenu npm ON npm.menuid=rm.menuid
                WHERE u.username='尚显贝' 
                ORDER BY rm.menuid [ RunTime:0.0150s ]
SQL: select mid from Y_manger WHERE manger='尚显贝' [ RunTime:0.3100s ]
SQL: SELECT d.Did ,d.Dname,u.username,ss.suffix,sp.pingtai FROM Y_userDepartment ud
                                        LEFT JOIN Y_user u ON u.Uid=ud.Uid
                                        LEFT JOIN Y_Department d ON d.Did=ud.did
                                        LEFT JOIN Y_SuffixSalerman ss ON ss.uid=u.Uid
                                        LEFT JOIN Y_suffixPingtai sp ON sp.suffix=ss.suffix
                                        WHERE mangerid='3' [ RunTime:0.2670s ]
INFO: [ view_parse ] --START--
INFO: [ template_filter ] --START--
INFO: Run Behavior\ContentReplaceBehavior [ RunTime:0.001000s ]
INFO: [ template_filter ] --END-- [ RunTime:0.001000s ]
INFO: Run Behavior\ParseTemplateBehavior [ RunTime:0.007000s ]
INFO: [ view_parse ] --END-- [ RunTime:0.007000s ]
INFO: [ view_filter ] --START--
INFO: Run Behavior\WriteHtmlCacheBehavior [ RunTime:0.000000s ]
INFO: [ view_filter ] --END-- [ RunTime:0.000000s ]
INFO: [ app_end ] --START--
INFO: Run Behavior\ShowPageTraceBehavior [ RunTime:0.000000s ]
INFO: [ app_end ] --END-- [ RunTime:0.000000s ]

[ 2017-10-12T16:45:12+08:00 ] 58.246.226.254 /salestrend/trend/rolebase.html
INFO: [ app_init ] --START--
INFO: Run Behavior\BuildLiteBehavior [ RunTime:0.000000s ]
INFO: [ app_init ] --END-- [ RunTime:0.000000s ]
INFO: [ app_begin ] --START--
INFO: Run Behavior\ReadHtmlCacheBehavior [ RunTime:0.000000s ]
INFO: [ app_begin ] --END-- [ RunTime:0.000000s ]
SQL: select * from Y_manger where manger='admin' [ RunTime:0.0140s ]
NOTIC: [8] Undefined index: saler D:\phpStudy20161103\WWW\cms\Application\Salestrend\Controller\TrendController.class.php 第 497 行.
NOTIC: [8] Undefined index: pingtai D:\phpStudy20161103\WWW\cms\Application\Salestrend\Controller\TrendController.class.php 第 497 行.
NOTIC: [8] Undefined index: suffix D:\phpStudy20161103\WWW\cms\Application\Salestrend\Controller\TrendController.class.php 第 497 行.
SQL: z_p_saletrendy 0, '2016-01-01', '2017-10-11', 2, '','','','运营六部' [ RunTime:17.7960s ]
INFO: [ view_parse ] --START--
INFO: [ template_filter ] --START--
INFO: Run Behavior\ContentReplaceBehavior [ RunTime:0.000000s ]
INFO: [ template_filter ] --END-- [ RunTime:0.000000s ]
INFO: Run Behavior\ParseTemplateBehavior [ RunTime:0.003000s ]
INFO: [ view_parse ] --END-- [ RunTime:0.003000s ]
INFO: [ view_filter ] --START--
INFO: Run Behavior\WriteHtmlCacheBehavior [ RunTime:0.000000s ]
INFO: [ view_filter ] --END-- [ RunTime:0.000000s ]
INFO: [ app_end ] --START--
INFO: Run Behavior\ShowPageTraceBehavior [ RunTime:0.000000s ]
INFO: [ app_end ] --END-- [ RunTime:0.000000s ]

[ 2017-10-12T16:45:13+08:00 ] 58.246.226.254 /salestrend/trend/sales
INFO: [ app_init ] --START--
INFO: Run Behavior\BuildLiteBehavior [ RunTime:0.000000s ]
INFO: [ app_init ] --END-- [ RunTime:0.000000s ]
INFO: [ app_begin ] --START--
INFO: Run Behavior\ReadHtmlCacheBehavior [ RunTime:0.000000s ]
INFO: [ app_begin ] --END-- [ RunTime:0.000000s ]
INFO: [ app_end ] --START--
INFO: Run Behavior\ShowPageTraceBehavior [ RunTime:0.000000s ]
INFO: [ app_end ] --END-- [ RunTime:0.000000s ]

