[ 2017-08-12T03:45:26+08:00 ] 139.162.111.98 /
INFO: [ app_init ] --START--
INFO: Run Behavior\BuildLiteBehavior [ RunTime:0.000000s ]
INFO: [ app_init ] --END-- [ RunTime:0.000000s ]
INFO: [ app_begin ] --START--
INFO: Run Behavior\ReadHtmlCacheBehavior [ RunTime:0.001000s ]
INFO: [ app_begin ] --END-- [ RunTime:0.001000s ]
NOTIC: [8] Undefined index: session_name D:\phpStudy20161103\WWW\cms\Application\Home\Controller\ParentController.class.php 第 43 行.

[ 2017-08-12T03:45:26+08:00 ] 139.162.111.98 /home/users/login
INFO: [ app_init ] --START--
INFO: Run Behavior\BuildLiteBehavior [ RunTime:0.000000s ]
INFO: [ app_init ] --END-- [ RunTime:0.000000s ]
INFO: [ app_begin ] --START--
INFO: Run Behavior\ReadHtmlCacheBehavior [ RunTime:0.000000s ]
INFO: [ app_begin ] --END-- [ RunTime:0.000000s ]
NOTIC: [8] Undefined index: session_name D:\phpStudy20161103\WWW\cms\Application\Home\Controller\ParentController.class.php 第 43 行.
INFO: [ view_parse ] --START--
INFO: [ template_filter ] --START--
INFO: Run Behavior\ContentReplaceBehavior [ RunTime:0.000000s ]
INFO: [ template_filter ] --END-- [ RunTime:0.000000s ]
NOTIC: [8] Undefined variable: return D:\phpStudy20161103\WWW\cms\Application\Runtime\Cache\Home\ccea6a400660ce54d68cab67b9f68781.php 第 80 行.
INFO: Run Behavior\ParseTemplateBehavior [ RunTime:0.006000s ]
INFO: [ view_parse ] --END-- [ RunTime:0.006000s ]
INFO: [ view_filter ] --START--
INFO: Run Behavior\WriteHtmlCacheBehavior [ RunTime:0.000000s ]
INFO: [ view_filter ] --END-- [ RunTime:0.000000s ]
INFO: [ app_end ] --START--
INFO: Run Behavior\ShowPageTraceBehavior [ RunTime:0.001001s ]
INFO: [ app_end ] --END-- [ RunTime:0.001001s ]

[ 2017-08-12T05:09:16+08:00 ] 123.151.42.61 http://www.baidu.com/
INFO: [ app_init ] --START--
INFO: Run Behavior\BuildLiteBehavior [ RunTime:0.000000s ]
INFO: [ app_init ] --END-- [ RunTime:0.001000s ]
INFO: [ app_begin ] --START--
INFO: Run Behavior\ReadHtmlCacheBehavior [ RunTime:0.000000s ]
INFO: [ app_begin ] --END-- [ RunTime:0.000000s ]
NOTIC: [8] Undefined index: session_name D:\phpStudy20161103\WWW\cms\Application\Home\Controller\ParentController.class.php 第 43 行.

[ 2017-08-12T05:20:56+08:00 ] 101.37.84.41 /
INFO: [ app_init ] --START--
INFO: Run Behavior\BuildLiteBehavior [ RunTime:0.000000s ]
INFO: [ app_init ] --END-- [ RunTime:0.000000s ]
INFO: [ app_begin ] --START--
INFO: Run Behavior\ReadHtmlCacheBehavior [ RunTime:0.000000s ]
INFO: [ app_begin ] --END-- [ RunTime:0.000000s ]
NOTIC: [8] Undefined index: session_name D:\phpStudy20161103\WWW\cms\Application\Home\Controller\ParentController.class.php 第 43 行.

[ 2017-08-12T10:00:20+08:00 ] 223.166.135.16 /Home/Product/index2?order=asc
INFO: [ app_init ] --START--
INFO: Run Behavior\BuildLiteBehavior [ RunTime:0.000000s ]
INFO: [ app_init ] --END-- [ RunTime:0.000000s ]
INFO: [ app_begin ] --START--
INFO: Run Behavior\ReadHtmlCacheBehavior [ RunTime:0.001000s ]
INFO: [ app_begin ] --END-- [ RunTime:0.001000s ]
INFO: [ app_end ] --START--
INFO: Run Behavior\ShowPageTraceBehavior [ RunTime:0.000000s ]
INFO: [ app_end ] --END-- [ RunTime:0.000000s ]

[ 2017-08-12T10:00:31+08:00 ] 101.226.68.161 /Home/Product/index2?order=asc
INFO: [ app_init ] --START--
INFO: Run Behavior\BuildLiteBehavior [ RunTime:0.000000s ]
INFO: [ app_init ] --END-- [ RunTime:0.000000s ]
INFO: [ app_begin ] --START--
INFO: Run Behavior\ReadHtmlCacheBehavior [ RunTime:0.001000s ]
INFO: [ app_begin ] --END-- [ RunTime:0.001000s ]
INFO: [ app_end ] --START--
INFO: Run Behavior\ShowPageTraceBehavior [ RunTime:0.000000s ]
INFO: [ app_end ] --END-- [ RunTime:0.000000s ]

[ 2017-08-12T10:10:29+08:00 ] 223.167.134.223 /home/product/index.html
INFO: [ app_init ] --START--
INFO: Run Behavior\BuildLiteBehavior [ RunTime:0.000000s ]
INFO: [ app_init ] --END-- [ RunTime:0.000000s ]
INFO: [ app_begin ] --START--
INFO: Run Behavior\ReadHtmlCacheBehavior [ RunTime:0.001000s ]
INFO: [ app_begin ] --END-- [ RunTime:0.001000s ]
NOTIC: [8] Undefined index: suffix D:\phpStudy20161103\WWW\cms\Application\Home\Controller\ProductController.class.php 第 25 行.
NOTIC: [2] implode(): Invalid arguments passed D:\phpStudy20161103\WWW\cms\Application\Home\Controller\ProductController.class.php 第 25 行.
NOTIC: [8] Undefined index: StoreName D:\phpStudy20161103\WWW\cms\Application\Home\Controller\ProductController.class.php 第 26 行.
NOTIC: [2] implode(): Invalid arguments passed D:\phpStudy20161103\WWW\cms\Application\Home\Controller\ProductController.class.php 第 26 行.
SQL: select salerrate from Y_Ratemanagement [ RunTime:0.0150s ]
SQL: select * from Y_manger where manger='宋文杰' [ RunTime:0.0090s ]
SQL: select ss.suffix from Y_SuffixSalerman ss 
                        LEFT JOIN Y_suffixPingtai sp on sp.suffix= ss.suffix
                        WHERE mangerid in (SELECT mid FROM Y_manger WHERE manger='宋文杰') [ RunTime:0.0160s ]
SQL: EXEC Z_P_FinancialProfit 'Amazon','1','2017-08-01','2017-08-31','''AMZ02-MX,AMZ02-US,AMZ03-CA,AMZ03-US,AMZ06-US,AMZ07-CA,AMZ08-US,AMZ09-CA,AMZ09-DE,AMZ09-IT,AMZ09-US,AMZ10-CA,AMZ11-CA,AMZ11-UK,AMZ11-DE,AMZ11-FR,AMZ11-ES,AMZ13-US,AMZ09-UK,AMZ09-FR,AMZ15-US,AMZ15-CA,AMZ15-MX,AMZ09-ES,AMZ12-UK,AMZ12-IT,AMZ12-FR,AMZ12-ES,AMZ12-DE,AMZ11-IT,AMZ16-CA,AMZ16-MX,AMZ16-US ''','','',0,'6.30' [ RunTime:33.3779s ]
INFO: [ view_parse ] --START--
INFO: [ template_filter ] --START--
INFO: Run Behavior\ContentReplaceBehavior [ RunTime:0.000000s ]
INFO: [ template_filter ] --END-- [ RunTime:0.000000s ]
INFO: Run Behavior\ParseTemplateBehavior [ RunTime:0.004000s ]
INFO: [ view_parse ] --END-- [ RunTime:0.004000s ]
INFO: [ view_filter ] --START--
INFO: Run Behavior\WriteHtmlCacheBehavior [ RunTime:0.000000s ]
INFO: [ view_filter ] --END-- [ RunTime:0.000000s ]
INFO: [ app_end ] --START--
INFO: Run Behavior\ShowPageTraceBehavior [ RunTime:0.001000s ]
INFO: [ app_end ] --END-- [ RunTime:0.001000s ]

[ 2017-08-12T10:10:51+08:00 ] 223.166.135.16 /Home/Product/index2?order=asc
INFO: [ app_init ] --START--
INFO: Run Behavior\BuildLiteBehavior [ RunTime:0.000000s ]
INFO: [ app_init ] --END-- [ RunTime:0.000000s ]
INFO: [ app_begin ] --START--
INFO: Run Behavior\ReadHtmlCacheBehavior [ RunTime:0.000000s ]
INFO: [ app_begin ] --END-- [ RunTime:0.000000s ]
INFO: [ app_end ] --START--
INFO: Run Behavior\ShowPageTraceBehavior [ RunTime:0.000000s ]
INFO: [ app_end ] --END-- [ RunTime:0.000000s ]

[ 2017-08-12T10:11:20+08:00 ] 223.166.135.16 /home/product/index.html
INFO: [ app_init ] --START--
INFO: Run Behavior\BuildLiteBehavior [ RunTime:0.000000s ]
INFO: [ app_init ] --END-- [ RunTime:0.000000s ]
INFO: [ app_begin ] --START--
INFO: Run Behavior\ReadHtmlCacheBehavior [ RunTime:0.001000s ]
INFO: [ app_begin ] --END-- [ RunTime:0.001000s ]
NOTIC: [8] Undefined index: suffix D:\phpStudy20161103\WWW\cms\Application\Home\Controller\ProductController.class.php 第 25 行.
NOTIC: [2] implode(): Invalid arguments passed D:\phpStudy20161103\WWW\cms\Application\Home\Controller\ProductController.class.php 第 25 行.
NOTIC: [8] Undefined index: StoreName D:\phpStudy20161103\WWW\cms\Application\Home\Controller\ProductController.class.php 第 26 行.
NOTIC: [2] implode(): Invalid arguments passed D:\phpStudy20161103\WWW\cms\Application\Home\Controller\ProductController.class.php 第 26 行.
SQL: select salerrate from Y_Ratemanagement [ RunTime:0.0110s ]
SQL: select * from Y_manger where manger='宋文杰' [ RunTime:0.0100s ]
SQL: select ss.suffix from Y_SuffixSalerman ss 
                        LEFT JOIN Y_suffixPingtai sp on sp.suffix= ss.suffix
                        WHERE mangerid in (SELECT mid FROM Y_manger WHERE manger='宋文杰') [ RunTime:0.0120s ]
SQL: EXEC Z_P_FinancialProfit 'Amazon','1','2017-08-01','2017-08-31','''AMZ02-MX,AMZ02-US,AMZ03-CA,AMZ03-US,AMZ06-US,AMZ07-CA,AMZ08-US,AMZ09-CA,AMZ09-DE,AMZ09-IT,AMZ09-US,AMZ10-CA,AMZ11-CA,AMZ11-UK,AMZ11-DE,AMZ11-FR,AMZ11-ES,AMZ13-US,AMZ09-UK,AMZ09-FR,AMZ15-US,AMZ15-CA,AMZ15-MX,AMZ09-ES,AMZ12-UK,AMZ12-IT,AMZ12-FR,AMZ12-ES,AMZ12-DE,AMZ11-IT,AMZ16-CA,AMZ16-MX,AMZ16-US ''','','',0,'6.30' [ RunTime:5.7543s ]
INFO: [ view_parse ] --START--
INFO: [ template_filter ] --START--
INFO: Run Behavior\ContentReplaceBehavior [ RunTime:0.000000s ]
INFO: [ template_filter ] --END-- [ RunTime:0.000000s ]
INFO: Run Behavior\ParseTemplateBehavior [ RunTime:0.003000s ]
INFO: [ view_parse ] --END-- [ RunTime:0.003000s ]
INFO: [ view_filter ] --START--
INFO: Run Behavior\WriteHtmlCacheBehavior [ RunTime:0.000000s ]
INFO: [ view_filter ] --END-- [ RunTime:0.000000s ]
INFO: [ app_end ] --START--
INFO: Run Behavior\ShowPageTraceBehavior [ RunTime:0.001000s ]
INFO: [ app_end ] --END-- [ RunTime:0.001000s ]

[ 2017-08-12T10:11:42+08:00 ] 223.166.134.54 /Home/Product/index2?order=asc
INFO: [ app_init ] --START--
INFO: Run Behavior\BuildLiteBehavior [ RunTime:0.000000s ]
INFO: [ app_init ] --END-- [ RunTime:0.000000s ]
INFO: [ app_begin ] --START--
INFO: Run Behavior\ReadHtmlCacheBehavior [ RunTime:0.000000s ]
INFO: [ app_begin ] --END-- [ RunTime:0.000000s ]
INFO: [ app_end ] --START--
INFO: Run Behavior\ShowPageTraceBehavior [ RunTime:0.000000s ]
INFO: [ app_end ] --END-- [ RunTime:0.001000s ]

[ 2017-08-12T10:43:18+08:00 ] 58.246.226.254 /home/users/do_login.html
INFO: [ app_init ] --START--
INFO: Run Behavior\BuildLiteBehavior [ RunTime:0.000000s ]
INFO: [ app_init ] --END-- [ RunTime:0.000000s ]
INFO: [ app_begin ] --START--
INFO: Run Behavior\ReadHtmlCacheBehavior [ RunTime:0.000000s ]
INFO: [ app_begin ] --END-- [ RunTime:0.000000s ]
NOTIC: [8] Undefined index: session_name D:\phpStudy20161103\WWW\cms\Application\Home\Controller\ParentController.class.php 第 43 行.
SQL: SELECT T1.* FROM (SELECT thinkphp.*, ROW_NUMBER() OVER ( ORDER BY rand()) AS ROW_NUMBER FROM (SELECT  * FROM [y_user] WHERE ( username='' ) ) AS thinkphp) AS T1 WHERE (T1.ROW_NUMBER BETWEEN 1 AND 1) [ RunTime:0.0100s ]
INFO: [ view_parse ] --START--
INFO: [ template_filter ] --START--
INFO: Run Behavior\ContentReplaceBehavior [ RunTime:0.000000s ]
INFO: [ template_filter ] --END-- [ RunTime:0.000000s ]
INFO: Run Behavior\ParseTemplateBehavior [ RunTime:0.009000s ]
INFO: [ view_parse ] --END-- [ RunTime:0.009000s ]
INFO: [ view_filter ] --START--
INFO: Run Behavior\WriteHtmlCacheBehavior [ RunTime:0.001001s ]
INFO: [ view_filter ] --END-- [ RunTime:0.001001s ]
INFO: [ app_end ] --START--
INFO: Run Behavior\ShowPageTraceBehavior [ RunTime:0.000000s ]
INFO: [ app_end ] --END-- [ RunTime:0.000000s ]

[ 2017-08-12T10:43:18+08:00 ] 58.246.226.254 /home/users/favicon.ico
INFO: [ app_init ] --START--
INFO: Run Behavior\BuildLiteBehavior [ RunTime:0.000000s ]
INFO: [ app_init ] --END-- [ RunTime:0.001000s ]

[ 2017-08-12T10:43:19+08:00 ] 58.246.226.254 /home/users/do_login.html
INFO: [ app_init ] --START--
INFO: Run Behavior\BuildLiteBehavior [ RunTime:0.000000s ]
INFO: [ app_init ] --END-- [ RunTime:0.001000s ]
INFO: [ app_begin ] --START--
INFO: Run Behavior\ReadHtmlCacheBehavior [ RunTime:0.000000s ]
INFO: [ app_begin ] --END-- [ RunTime:0.000000s ]
NOTIC: [8] Undefined index: session_name D:\phpStudy20161103\WWW\cms\Application\Home\Controller\ParentController.class.php 第 43 行.
SQL: SELECT T1.* FROM (SELECT thinkphp.*, ROW_NUMBER() OVER ( ORDER BY rand()) AS ROW_NUMBER FROM (SELECT  * FROM [y_user] WHERE ( username='缪政勇' ) ) AS thinkphp) AS T1 WHERE (T1.ROW_NUMBER BETWEEN 1 AND 1) [ RunTime:0.0120s ]
SQL: select DISTINCT menuName,menuURL,rm.menuid
                from Y_user u
                LEFT JOIN Y_user_role ur ON ur.uid=u.Uid
                LEFT JOIN Y_role r ON r.roleid=ur.roleid
                LEFT JOIN Y_role_menu rm ON rm.roleid=r.roleid
                LEFT JOIN Y_netprofitmenu npm ON npm.menuid=rm.menuid
                WHERE u.username='缪政勇' 
                ORDER BY rm.menuid [ RunTime:0.0140s ]
INFO: [ view_parse ] --START--
INFO: [ template_filter ] --START--
INFO: Run Behavior\ContentReplaceBehavior [ RunTime:0.000000s ]
INFO: [ template_filter ] --END-- [ RunTime:0.000000s ]
INFO: Run Behavior\ParseTemplateBehavior [ RunTime:0.008001s ]
INFO: [ view_parse ] --END-- [ RunTime:0.008001s ]
INFO: [ view_filter ] --START--
INFO: Run Behavior\WriteHtmlCacheBehavior [ RunTime:0.000000s ]
INFO: [ view_filter ] --END-- [ RunTime:0.000000s ]
INFO: [ app_end ] --START--
INFO: Run Behavior\ShowPageTraceBehavior [ RunTime:0.000000s ]
INFO: [ app_end ] --END-- [ RunTime:0.000000s ]

[ 2017-08-12T10:43:41+08:00 ] 58.246.226.254 /home/product/index.html
INFO: [ app_init ] --START--
INFO: Run Behavior\BuildLiteBehavior [ RunTime:0.000000s ]
INFO: [ app_init ] --END-- [ RunTime:0.000000s ]
INFO: [ app_begin ] --START--
INFO: Run Behavior\ReadHtmlCacheBehavior [ RunTime:0.001000s ]
INFO: [ app_begin ] --END-- [ RunTime:0.001000s ]
NOTIC: [8] Undefined index: suffix D:\phpStudy20161103\WWW\cms\Application\Home\Controller\ProductController.class.php 第 25 行.
NOTIC: [2] implode(): Invalid arguments passed D:\phpStudy20161103\WWW\cms\Application\Home\Controller\ProductController.class.php 第 25 行.
NOTIC: [8] Undefined index: StoreName D:\phpStudy20161103\WWW\cms\Application\Home\Controller\ProductController.class.php 第 26 行.
NOTIC: [2] implode(): Invalid arguments passed D:\phpStudy20161103\WWW\cms\Application\Home\Controller\ProductController.class.php 第 26 行.
SQL: select salerrate from Y_Ratemanagement [ RunTime:0.0090s ]
SQL: select * from Y_manger where manger='缪政勇' [ RunTime:0.0080s ]
SQL: select * from Y_SuffixSalerman WHERE salesman= '缪政勇'  [ RunTime:0.0100s ]
SQL: EXEC Z_P_FinancialProfit '','1','2017-07-01','2017-07-31','''WISE05-Ifyou521,WISE08-Highhigh,WISE15-Hanoba,WISE28-Foreverbeauty521,WISE32-Magicspace,WISE45-silenceformula,WISE51-xueweiix,WISE59-tenleepy,WISE60-wenfeeoo,WISE75-mirrorrzhang,WISE76-buttyzhang,WISE77-penggezhang,WISE69-fengli12017,WISE64-deemilee,WISE84-happyeequan,WISE85-kingzhao,WISE100-swordyee,WISE101-advancezhang,WISE122-gladcui,WISE151-phoencai,WISE152-equalai,WISE153-confusedyi,WISE154-arttzhao''','''缪政勇 ''','',0,'6.30' [ RunTime:7.7164s ]
INFO: [ view_parse ] --START--
INFO: [ template_filter ] --START--
INFO: Run Behavior\ContentReplaceBehavior [ RunTime:0.000000s ]
INFO: [ template_filter ] --END-- [ RunTime:0.000000s ]
INFO: Run Behavior\ParseTemplateBehavior [ RunTime:0.004000s ]
INFO: [ view_parse ] --END-- [ RunTime:0.004000s ]
INFO: [ view_filter ] --START--
INFO: Run Behavior\WriteHtmlCacheBehavior [ RunTime:0.000000s ]
INFO: [ view_filter ] --END-- [ RunTime:0.000000s ]
INFO: [ app_end ] --START--
INFO: Run Behavior\ShowPageTraceBehavior [ RunTime:0.000000s ]
INFO: [ app_end ] --END-- [ RunTime:0.000000s ]

[ 2017-08-12T10:43:42+08:00 ] 58.246.226.254 /Home/Product/index2?order=asc
INFO: [ app_init ] --START--
INFO: Run Behavior\BuildLiteBehavior [ RunTime:0.000000s ]
INFO: [ app_init ] --END-- [ RunTime:0.000000s ]
INFO: [ app_begin ] --START--
INFO: Run Behavior\ReadHtmlCacheBehavior [ RunTime:0.000000s ]
INFO: [ app_begin ] --END-- [ RunTime:0.000000s ]
INFO: [ app_end ] --START--
INFO: Run Behavior\ShowPageTraceBehavior [ RunTime:0.000000s ]
INFO: [ app_end ] --END-- [ RunTime:0.000000s ]

[ 2017-08-12T11:07:30+08:00 ] 58.246.226.254 /Home/Product/index2?order=asc
INFO: [ app_init ] --START--
INFO: Run Behavior\BuildLiteBehavior [ RunTime:0.000000s ]
INFO: [ app_init ] --END-- [ RunTime:0.000000s ]
INFO: [ app_begin ] --START--
INFO: Run Behavior\ReadHtmlCacheBehavior [ RunTime:0.000000s ]
INFO: [ app_begin ] --END-- [ RunTime:0.000000s ]
INFO: [ app_end ] --START--
INFO: Run Behavior\ShowPageTraceBehavior [ RunTime:0.000000s ]
INFO: [ app_end ] --END-- [ RunTime:0.000000s ]

[ 2017-08-12T12:00:36+08:00 ] 61.160.207.19 http://180.97.33.108/
INFO: [ app_init ] --START--
INFO: Run Behavior\BuildLiteBehavior [ RunTime:0.000000s ]
INFO: [ app_init ] --END-- [ RunTime:0.001000s ]
INFO: [ app_begin ] --START--
INFO: Run Behavior\ReadHtmlCacheBehavior [ RunTime:0.001000s ]
INFO: [ app_begin ] --END-- [ RunTime:0.001000s ]
NOTIC: [8] Undefined index: session_name D:\phpStudy20161103\WWW\cms\Application\Home\Controller\ParentController.class.php 第 43 行.

[ 2017-08-12T13:43:38+08:00 ] 180.101.75.186 /
INFO: [ app_init ] --START--
INFO: Run Behavior\BuildLiteBehavior [ RunTime:0.000000s ]
INFO: [ app_init ] --END-- [ RunTime:0.000000s ]
INFO: [ app_begin ] --START--
INFO: Run Behavior\ReadHtmlCacheBehavior [ RunTime:0.001000s ]
INFO: [ app_begin ] --END-- [ RunTime:0.001000s ]
NOTIC: [8] Undefined index: session_name D:\phpStudy20161103\WWW\cms\Application\Home\Controller\ParentController.class.php 第 43 行.

[ 2017-08-12T13:43:38+08:00 ] 180.101.75.186 /home/users/login
INFO: [ app_init ] --START--
INFO: Run Behavior\BuildLiteBehavior [ RunTime:0.000000s ]
INFO: [ app_init ] --END-- [ RunTime:0.000000s ]
INFO: [ app_begin ] --START--
INFO: Run Behavior\ReadHtmlCacheBehavior [ RunTime:0.001000s ]
INFO: [ app_begin ] --END-- [ RunTime:0.001000s ]
NOTIC: [8] Undefined index: session_name D:\phpStudy20161103\WWW\cms\Application\Home\Controller\ParentController.class.php 第 43 行.
INFO: [ view_parse ] --START--
INFO: [ template_filter ] --START--
INFO: Run Behavior\ContentReplaceBehavior [ RunTime:0.000000s ]
INFO: [ template_filter ] --END-- [ RunTime:0.000000s ]
NOTIC: [8] Undefined variable: return D:\phpStudy20161103\WWW\cms\Application\Runtime\Cache\Home\ccea6a400660ce54d68cab67b9f68781.php 第 80 行.
INFO: Run Behavior\ParseTemplateBehavior [ RunTime:0.008000s ]
INFO: [ view_parse ] --END-- [ RunTime:0.008000s ]
INFO: [ view_filter ] --START--
INFO: Run Behavior\WriteHtmlCacheBehavior [ RunTime:0.000000s ]
INFO: [ view_filter ] --END-- [ RunTime:0.000000s ]
INFO: [ app_end ] --START--
INFO: Run Behavior\ShowPageTraceBehavior [ RunTime:0.001000s ]
INFO: [ app_end ] --END-- [ RunTime:0.001000s ]

[ 2017-08-12T14:09:00+08:00 ] 58.246.226.254 /home/users/do_login.html
INFO: [ app_init ] --START--
INFO: Run Behavior\BuildLiteBehavior [ RunTime:0.000000s ]
INFO: [ app_init ] --END-- [ RunTime:0.000000s ]
INFO: [ app_begin ] --START--
INFO: Run Behavior\ReadHtmlCacheBehavior [ RunTime:0.001000s ]
INFO: [ app_begin ] --END-- [ RunTime:0.001000s ]
NOTIC: [8] Undefined index: session_name D:\phpStudy20161103\WWW\cms\Application\Home\Controller\ParentController.class.php 第 43 行.
SQL: SELECT T1.* FROM (SELECT thinkphp.*, ROW_NUMBER() OVER ( ORDER BY rand()) AS ROW_NUMBER FROM (SELECT  * FROM [y_user] WHERE ( username='' ) ) AS thinkphp) AS T1 WHERE (T1.ROW_NUMBER BETWEEN 1 AND 1) [ RunTime:0.0130s ]
INFO: [ view_parse ] --START--
INFO: [ template_filter ] --START--
INFO: Run Behavior\ContentReplaceBehavior [ RunTime:0.000000s ]
INFO: [ template_filter ] --END-- [ RunTime:0.000000s ]
INFO: Run Behavior\ParseTemplateBehavior [ RunTime:0.005000s ]
INFO: [ view_parse ] --END-- [ RunTime:0.005000s ]
INFO: [ view_filter ] --START--
INFO: Run Behavior\WriteHtmlCacheBehavior [ RunTime:0.000000s ]
INFO: [ view_filter ] --END-- [ RunTime:0.000000s ]
INFO: [ app_end ] --START--
INFO: Run Behavior\ShowPageTraceBehavior [ RunTime:0.000000s ]
INFO: [ app_end ] --END-- [ RunTime:0.000000s ]

[ 2017-08-12T14:09:00+08:00 ] 58.246.226.254 /home/users/favicon.ico
INFO: [ app_init ] --START--
INFO: Run Behavior\BuildLiteBehavior [ RunTime:0.000000s ]
INFO: [ app_init ] --END-- [ RunTime:0.000000s ]

[ 2017-08-12T14:09:03+08:00 ] 58.246.226.254 /home/users/do_login.html
INFO: [ app_init ] --START--
INFO: Run Behavior\BuildLiteBehavior [ RunTime:0.000000s ]
INFO: [ app_init ] --END-- [ RunTime:0.000000s ]
INFO: [ app_begin ] --START--
INFO: Run Behavior\ReadHtmlCacheBehavior [ RunTime:0.000000s ]
INFO: [ app_begin ] --END-- [ RunTime:0.000000s ]
NOTIC: [8] Undefined index: session_name D:\phpStudy20161103\WWW\cms\Application\Home\Controller\ParentController.class.php 第 43 行.
SQL: SELECT T1.* FROM (SELECT thinkphp.*, ROW_NUMBER() OVER ( ORDER BY rand()) AS ROW_NUMBER FROM (SELECT  * FROM [y_user] WHERE ( username='admin' ) ) AS thinkphp) AS T1 WHERE (T1.ROW_NUMBER BETWEEN 1 AND 1) [ RunTime:0.0110s ]
SQL: select DISTINCT menuName,menuURL,rm.menuid
                from Y_user u
                LEFT JOIN Y_user_role ur ON ur.uid=u.Uid
                LEFT JOIN Y_role r ON r.roleid=ur.roleid
                LEFT JOIN Y_role_menu rm ON rm.roleid=r.roleid
                LEFT JOIN Y_netprofitmenu npm ON npm.menuid=rm.menuid
                WHERE u.username='admin' 
                ORDER BY rm.menuid [ RunTime:0.0280s ]
INFO: [ view_parse ] --START--
INFO: [ template_filter ] --START--
INFO: Run Behavior\ContentReplaceBehavior [ RunTime:0.001000s ]
INFO: [ template_filter ] --END-- [ RunTime:0.001000s ]
INFO: Run Behavior\ParseTemplateBehavior [ RunTime:0.007000s ]
INFO: [ view_parse ] --END-- [ RunTime:0.007000s ]
INFO: [ view_filter ] --START--
INFO: Run Behavior\WriteHtmlCacheBehavior [ RunTime:0.000000s ]
INFO: [ view_filter ] --END-- [ RunTime:0.000000s ]
INFO: [ app_end ] --START--
INFO: Run Behavior\ShowPageTraceBehavior [ RunTime:0.000000s ]
INFO: [ app_end ] --END-- [ RunTime:0.000000s ]

[ 2017-08-12T14:10:13+08:00 ] 58.246.226.254 /home/product/index.html
INFO: [ app_init ] --START--
INFO: Run Behavior\BuildLiteBehavior [ RunTime:0.000000s ]
INFO: [ app_init ] --END-- [ RunTime:0.000000s ]
INFO: [ app_begin ] --START--
INFO: Run Behavior\ReadHtmlCacheBehavior [ RunTime:0.000000s ]
INFO: [ app_begin ] --END-- [ RunTime:0.000000s ]
NOTIC: [8] Undefined index: suffix D:\phpStudy20161103\WWW\cms\Application\Home\Controller\ProductController.class.php 第 25 行.
NOTIC: [2] implode(): Invalid arguments passed D:\phpStudy20161103\WWW\cms\Application\Home\Controller\ProductController.class.php 第 25 行.
NOTIC: [8] Undefined index: StoreName D:\phpStudy20161103\WWW\cms\Application\Home\Controller\ProductController.class.php 第 26 行.
NOTIC: [2] implode(): Invalid arguments passed D:\phpStudy20161103\WWW\cms\Application\Home\Controller\ProductController.class.php 第 26 行.
SQL: select salerrate from Y_Ratemanagement [ RunTime:0.0100s ]
SQL: select * from Y_manger where manger='admin' [ RunTime:0.0110s ]
SQL: EXEC Z_P_FinancialProfit '','1','2017-07-01','2017-07-31','','','',0,'6.30' [ RunTime:36.8331s ]
INFO: [ view_parse ] --START--
INFO: [ template_filter ] --START--
INFO: Run Behavior\ContentReplaceBehavior [ RunTime:0.000000s ]
INFO: [ template_filter ] --END-- [ RunTime:0.000000s ]
INFO: Run Behavior\ParseTemplateBehavior [ RunTime:0.004001s ]
INFO: [ view_parse ] --END-- [ RunTime:0.004001s ]
INFO: [ view_filter ] --START--
INFO: Run Behavior\WriteHtmlCacheBehavior [ RunTime:0.000000s ]
INFO: [ view_filter ] --END-- [ RunTime:0.000000s ]
INFO: [ app_end ] --START--
INFO: Run Behavior\ShowPageTraceBehavior [ RunTime:0.001000s ]
INFO: [ app_end ] --END-- [ RunTime:0.001000s ]

[ 2017-08-12T14:10:26+08:00 ] 58.246.226.254 /home/product/index.html
INFO: [ app_init ] --START--
INFO: Run Behavior\BuildLiteBehavior [ RunTime:0.000000s ]
INFO: [ app_init ] --END-- [ RunTime:0.000000s ]
INFO: [ app_begin ] --START--
INFO: Run Behavior\ReadHtmlCacheBehavior [ RunTime:0.000000s ]
INFO: [ app_begin ] --END-- [ RunTime:0.000000s ]
NOTIC: [8] Undefined index: suffix D:\phpStudy20161103\WWW\cms\Application\Home\Controller\ProductController.class.php 第 25 行.
NOTIC: [2] implode(): Invalid arguments passed D:\phpStudy20161103\WWW\cms\Application\Home\Controller\ProductController.class.php 第 25 行.
NOTIC: [8] Undefined index: StoreName D:\phpStudy20161103\WWW\cms\Application\Home\Controller\ProductController.class.php 第 26 行.
NOTIC: [2] implode(): Invalid arguments passed D:\phpStudy20161103\WWW\cms\Application\Home\Controller\ProductController.class.php 第 26 行.
SQL: select salerrate from Y_Ratemanagement [ RunTime:0.0100s ]
SQL: select * from Y_manger where manger='admin' [ RunTime:0.0090s ]
SQL: EXEC Z_P_FinancialProfit '','1','2017-07-01','2017-07-31','','','',0,'6.30' [ RunTime:12.6667s ]
INFO: [ view_parse ] --START--
INFO: [ template_filter ] --START--
INFO: Run Behavior\ContentReplaceBehavior [ RunTime:0.000000s ]
INFO: [ template_filter ] --END-- [ RunTime:0.000000s ]
INFO: Run Behavior\ParseTemplateBehavior [ RunTime:0.005000s ]
INFO: [ view_parse ] --END-- [ RunTime:0.005000s ]
INFO: [ view_filter ] --START--
INFO: Run Behavior\WriteHtmlCacheBehavior [ RunTime:0.001000s ]
INFO: [ view_filter ] --END-- [ RunTime:0.001000s ]
INFO: [ app_end ] --START--
INFO: Run Behavior\ShowPageTraceBehavior [ RunTime:0.000000s ]
INFO: [ app_end ] --END-- [ RunTime:0.000000s ]

[ 2017-08-12T14:10:49+08:00 ] 58.246.226.254 /Home/Product/index2?order=asc
INFO: [ app_init ] --START--
INFO: Run Behavior\BuildLiteBehavior [ RunTime:0.000000s ]
INFO: [ app_init ] --END-- [ RunTime:0.000000s ]
INFO: [ app_begin ] --START--
INFO: Run Behavior\ReadHtmlCacheBehavior [ RunTime:0.000000s ]
INFO: [ app_begin ] --END-- [ RunTime:0.000000s ]
INFO: [ app_end ] --START--
INFO: Run Behavior\ShowPageTraceBehavior [ RunTime:0.001000s ]
INFO: [ app_end ] --END-- [ RunTime:0.001000s ]

[ 2017-08-12T14:29:38+08:00 ] 58.246.226.254 /home/product/index.html
INFO: [ app_init ] --START--
INFO: Run Behavior\BuildLiteBehavior [ RunTime:0.000000s ]
INFO: [ app_init ] --END-- [ RunTime:0.000000s ]
INFO: [ app_begin ] --START--
INFO: Run Behavior\ReadHtmlCacheBehavior [ RunTime:0.000000s ]
INFO: [ app_begin ] --END-- [ RunTime:0.000000s ]
NOTIC: [8] Undefined index: suffix D:\phpStudy20161103\WWW\cms\Application\Home\Controller\ProductController.class.php 第 25 行.
NOTIC: [2] implode(): Invalid arguments passed D:\phpStudy20161103\WWW\cms\Application\Home\Controller\ProductController.class.php 第 25 行.
NOTIC: [8] Undefined index: StoreName D:\phpStudy20161103\WWW\cms\Application\Home\Controller\ProductController.class.php 第 26 行.
NOTIC: [2] implode(): Invalid arguments passed D:\phpStudy20161103\WWW\cms\Application\Home\Controller\ProductController.class.php 第 26 行.
SQL: select salerrate from Y_Ratemanagement [ RunTime:0.0080s ]
SQL: select * from Y_manger where manger='admin' [ RunTime:0.0090s ]
SQL: select u.username from Y_userDepartment d
            left JOIN Y_user  u ON u.uid=d.uid
            LEFT JOIN Y_user_role ur ON ur.uid=u.Uid
            LEFT JOIN Y_role r ON r.roleid=ur.roleid
             WHERE d.did='1' and r.roleName='销售员' 
             order by u.username asc [ RunTime:0.0150s ]
NOTIC: [8] Undefined variable: userstr D:\phpStudy20161103\WWW\cms\Application\Home\Controller\ProductController.class.php 第 137 行.
SQL: EXEC Z_P_FinancialProfit '','1','2017-07-01','2017-07-31','','''程静,计智君,聂梦霞,汪潘英,吴志超,吴志超暂代,赵亚飞,朱晶晶,''','',0,'6.30' [ RunTime:12.4447s ]
INFO: [ view_parse ] --START--
INFO: [ template_filter ] --START--
INFO: Run Behavior\ContentReplaceBehavior [ RunTime:0.000000s ]
INFO: [ template_filter ] --END-- [ RunTime:0.000000s ]
INFO: Run Behavior\ParseTemplateBehavior [ RunTime:0.004001s ]
INFO: [ view_parse ] --END-- [ RunTime:0.004001s ]
INFO: [ view_filter ] --START--
INFO: Run Behavior\WriteHtmlCacheBehavior [ RunTime:0.000000s ]
INFO: [ view_filter ] --END-- [ RunTime:0.000000s ]
INFO: [ app_end ] --START--
INFO: Run Behavior\ShowPageTraceBehavior [ RunTime:0.000000s ]
INFO: [ app_end ] --END-- [ RunTime:0.000000s ]

[ 2017-08-12T14:29:54+08:00 ] 58.246.226.254 /home/product/index.html
INFO: [ app_init ] --START--
INFO: Run Behavior\BuildLiteBehavior [ RunTime:0.000000s ]
INFO: [ app_init ] --END-- [ RunTime:0.001000s ]
INFO: [ app_begin ] --START--
INFO: Run Behavior\ReadHtmlCacheBehavior [ RunTime:0.001000s ]
INFO: [ app_begin ] --END-- [ RunTime:0.001000s ]
NOTIC: [8] Undefined index: suffix D:\phpStudy20161103\WWW\cms\Application\Home\Controller\ProductController.class.php 第 25 行.
NOTIC: [2] implode(): Invalid arguments passed D:\phpStudy20161103\WWW\cms\Application\Home\Controller\ProductController.class.php 第 25 行.
NOTIC: [8] Undefined index: StoreName D:\phpStudy20161103\WWW\cms\Application\Home\Controller\ProductController.class.php 第 26 行.
NOTIC: [2] implode(): Invalid arguments passed D:\phpStudy20161103\WWW\cms\Application\Home\Controller\ProductController.class.php 第 26 行.
SQL: select salerrate from Y_Ratemanagement [ RunTime:0.0080s ]
SQL: select * from Y_manger where manger='admin' [ RunTime:0.0070s ]
SQL: select u.username from Y_userDepartment d
            left JOIN Y_user  u ON u.uid=d.uid
            LEFT JOIN Y_user_role ur ON ur.uid=u.Uid
            LEFT JOIN Y_role r ON r.roleid=ur.roleid
             WHERE d.did='1' and r.roleName='销售员' 
             order by u.username asc [ RunTime:0.0090s ]
NOTIC: [8] Undefined variable: userstr D:\phpStudy20161103\WWW\cms\Application\Home\Controller\ProductController.class.php 第 137 行.
SQL: EXEC Z_P_FinancialProfit '','1','2017-07-01','2017-07-31','','''程静,计智君,聂梦霞,汪潘英,吴志超,吴志超暂代,赵亚飞,朱晶晶,''','',0,'6.30' [ RunTime:15.9539s ]
INFO: [ view_parse ] --START--
INFO: [ template_filter ] --START--
INFO: Run Behavior\ContentReplaceBehavior [ RunTime:0.000000s ]
INFO: [ template_filter ] --END-- [ RunTime:0.000000s ]
INFO: Run Behavior\ParseTemplateBehavior [ RunTime:0.004001s ]
INFO: [ view_parse ] --END-- [ RunTime:0.004001s ]
INFO: [ view_filter ] --START--
INFO: Run Behavior\WriteHtmlCacheBehavior [ RunTime:0.000000s ]
INFO: [ view_filter ] --END-- [ RunTime:0.000000s ]
INFO: [ app_end ] --START--
INFO: Run Behavior\ShowPageTraceBehavior [ RunTime:0.001000s ]
INFO: [ app_end ] --END-- [ RunTime:0.001000s ]

[ 2017-08-12T14:30:15+08:00 ] 58.246.226.254 /Home/Product/index2?order=asc
INFO: [ app_init ] --START--
INFO: Run Behavior\BuildLiteBehavior [ RunTime:0.000000s ]
INFO: [ app_init ] --END-- [ RunTime:0.001000s ]
INFO: [ app_begin ] --START--
INFO: Run Behavior\ReadHtmlCacheBehavior [ RunTime:0.000000s ]
INFO: [ app_begin ] --END-- [ RunTime:0.000000s ]
INFO: [ app_end ] --START--
INFO: Run Behavior\ShowPageTraceBehavior [ RunTime:0.000000s ]
INFO: [ app_end ] --END-- [ RunTime:0.000000s ]

[ 2017-08-12T14:32:59+08:00 ] 58.246.226.254 /home/product/index.html
INFO: [ app_init ] --START--
INFO: Run Behavior\BuildLiteBehavior [ RunTime:0.000000s ]
INFO: [ app_init ] --END-- [ RunTime:0.000000s ]
INFO: [ app_begin ] --START--
INFO: Run Behavior\ReadHtmlCacheBehavior [ RunTime:0.000000s ]
INFO: [ app_begin ] --END-- [ RunTime:0.000000s ]
NOTIC: [8] Undefined index: suffix D:\phpStudy20161103\WWW\cms\Application\Home\Controller\ProductController.class.php 第 25 行.
NOTIC: [2] implode(): Invalid arguments passed D:\phpStudy20161103\WWW\cms\Application\Home\Controller\ProductController.class.php 第 25 行.
NOTIC: [8] Undefined index: StoreName D:\phpStudy20161103\WWW\cms\Application\Home\Controller\ProductController.class.php 第 26 行.
NOTIC: [2] implode(): Invalid arguments passed D:\phpStudy20161103\WWW\cms\Application\Home\Controller\ProductController.class.php 第 26 行.
SQL: select salerrate from Y_Ratemanagement [ RunTime:0.0080s ]
SQL: select * from Y_manger where manger='admin' [ RunTime:0.0090s ]
SQL: select u.username from Y_userDepartment d
            left JOIN Y_user  u ON u.uid=d.uid
            LEFT JOIN Y_user_role ur ON ur.uid=u.Uid
            LEFT JOIN Y_role r ON r.roleid=ur.roleid
             WHERE d.did='2' and r.roleName='销售员' 
             order by u.username asc [ RunTime:0.0160s ]
NOTIC: [8] Undefined variable: userstr D:\phpStudy20161103\WWW\cms\Application\Home\Controller\ProductController.class.php 第 137 行.
SQL: EXEC Z_P_FinancialProfit '','1','2017-07-01','2017-07-31','','''韩珍,胡方芹,胡强,王玉灵,谢倩倩,张灿霞,''','',0,'6.30' [ RunTime:14.5728s ]
INFO: [ view_parse ] --START--
INFO: [ template_filter ] --START--
INFO: Run Behavior\ContentReplaceBehavior [ RunTime:0.000000s ]
INFO: [ template_filter ] --END-- [ RunTime:0.000000s ]
INFO: Run Behavior\ParseTemplateBehavior [ RunTime:0.003001s ]
INFO: [ view_parse ] --END-- [ RunTime:0.003001s ]
INFO: [ view_filter ] --START--
INFO: Run Behavior\WriteHtmlCacheBehavior [ RunTime:0.000000s ]
INFO: [ view_filter ] --END-- [ RunTime:0.000000s ]
INFO: [ app_end ] --START--
INFO: Run Behavior\ShowPageTraceBehavior [ RunTime:0.000000s ]
INFO: [ app_end ] --END-- [ RunTime:0.000000s ]

[ 2017-08-12T14:33:16+08:00 ] 58.246.226.254 /home/product/index.html
INFO: [ app_init ] --START--
INFO: Run Behavior\BuildLiteBehavior [ RunTime:0.000000s ]
INFO: [ app_init ] --END-- [ RunTime:0.000000s ]
INFO: [ app_begin ] --START--
INFO: Run Behavior\ReadHtmlCacheBehavior [ RunTime:0.001000s ]
INFO: [ app_begin ] --END-- [ RunTime:0.001000s ]
NOTIC: [8] Undefined index: suffix D:\phpStudy20161103\WWW\cms\Application\Home\Controller\ProductController.class.php 第 25 行.
NOTIC: [2] implode(): Invalid arguments passed D:\phpStudy20161103\WWW\cms\Application\Home\Controller\ProductController.class.php 第 25 行.
NOTIC: [8] Undefined index: StoreName D:\phpStudy20161103\WWW\cms\Application\Home\Controller\ProductController.class.php 第 26 行.
NOTIC: [2] implode(): Invalid arguments passed D:\phpStudy20161103\WWW\cms\Application\Home\Controller\ProductController.class.php 第 26 行.
SQL: select salerrate from Y_Ratemanagement [ RunTime:0.0100s ]
SQL: select * from Y_manger where manger='admin' [ RunTime:0.0090s ]
SQL: select u.username from Y_userDepartment d
            left JOIN Y_user  u ON u.uid=d.uid
            LEFT JOIN Y_user_role ur ON ur.uid=u.Uid
            LEFT JOIN Y_role r ON r.roleid=ur.roleid
             WHERE d.did='2' and r.roleName='销售员' 
             order by u.username asc [ RunTime:0.0110s ]
NOTIC: [8] Undefined variable: userstr D:\phpStudy20161103\WWW\cms\Application\Home\Controller\ProductController.class.php 第 137 行.
SQL: EXEC Z_P_FinancialProfit '','1','2017-07-01','2017-07-31','','''韩珍,胡方芹,胡强,王玉灵,谢倩倩,张灿霞,''','',0,'6.30' [ RunTime:16.7030s ]
INFO: [ view_parse ] --START--
INFO: [ template_filter ] --START--
INFO: Run Behavior\ContentReplaceBehavior [ RunTime:0.000000s ]
INFO: [ template_filter ] --END-- [ RunTime:0.000000s ]
INFO: Run Behavior\ParseTemplateBehavior [ RunTime:0.004000s ]
INFO: [ view_parse ] --END-- [ RunTime:0.004000s ]
INFO: [ view_filter ] --START--
INFO: Run Behavior\WriteHtmlCacheBehavior [ RunTime:0.000000s ]
INFO: [ view_filter ] --END-- [ RunTime:0.000000s ]
INFO: [ app_end ] --START--
INFO: Run Behavior\ShowPageTraceBehavior [ RunTime:0.000000s ]
INFO: [ app_end ] --END-- [ RunTime:0.001000s ]

[ 2017-08-12T14:33:37+08:00 ] 58.246.226.254 /Home/Product/index2?order=asc
INFO: [ app_init ] --START--
INFO: Run Behavior\BuildLiteBehavior [ RunTime:0.000000s ]
INFO: [ app_init ] --END-- [ RunTime:0.001001s ]
INFO: [ app_begin ] --START--
INFO: Run Behavior\ReadHtmlCacheBehavior [ RunTime:0.000000s ]
INFO: [ app_begin ] --END-- [ RunTime:0.001000s ]
INFO: [ app_end ] --START--
INFO: Run Behavior\ShowPageTraceBehavior [ RunTime:0.000000s ]
INFO: [ app_end ] --END-- [ RunTime:0.000000s ]

[ 2017-08-12T14:34:12+08:00 ] 58.246.226.254 /home/product/index.html
INFO: [ app_init ] --START--
INFO: Run Behavior\BuildLiteBehavior [ RunTime:0.000000s ]
INFO: [ app_init ] --END-- [ RunTime:0.000000s ]
INFO: [ app_begin ] --START--
INFO: Run Behavior\ReadHtmlCacheBehavior [ RunTime:0.000000s ]
INFO: [ app_begin ] --END-- [ RunTime:0.000000s ]
NOTIC: [8] Undefined index: suffix D:\phpStudy20161103\WWW\cms\Application\Home\Controller\ProductController.class.php 第 25 行.
NOTIC: [2] implode(): Invalid arguments passed D:\phpStudy20161103\WWW\cms\Application\Home\Controller\ProductController.class.php 第 25 行.
NOTIC: [8] Undefined index: StoreName D:\phpStudy20161103\WWW\cms\Application\Home\Controller\ProductController.class.php 第 26 行.
NOTIC: [2] implode(): Invalid arguments passed D:\phpStudy20161103\WWW\cms\Application\Home\Controller\ProductController.class.php 第 26 行.
SQL: select salerrate from Y_Ratemanagement [ RunTime:0.0090s ]
SQL: select * from Y_manger where manger='admin' [ RunTime:0.0110s ]
SQL: select u.username from Y_userDepartment d
            left JOIN Y_user  u ON u.uid=d.uid
            LEFT JOIN Y_user_role ur ON ur.uid=u.Uid
            LEFT JOIN Y_role r ON r.roleid=ur.roleid
             WHERE d.did='3' and r.roleName='销售员' 
             order by u.username asc [ RunTime:0.0150s ]
NOTIC: [8] Undefined variable: userstr D:\phpStudy20161103\WWW\cms\Application\Home\Controller\ProductController.class.php 第 137 行.
SQL: EXEC Z_P_FinancialProfit '','1','2017-07-01','2017-07-31','','''何丽娟,姜娅文,吕圆,缪政勇,彭冉冉,尚显贝,王漫漫,王贤慎,张葵,周源,''','',0,'6.30' [ RunTime:14.4848s ]
INFO: [ view_parse ] --START--
INFO: [ template_filter ] --START--
INFO: Run Behavior\ContentReplaceBehavior [ RunTime:0.000000s ]
INFO: [ template_filter ] --END-- [ RunTime:0.000000s ]
INFO: Run Behavior\ParseTemplateBehavior [ RunTime:0.003000s ]
INFO: [ view_parse ] --END-- [ RunTime:0.003000s ]
INFO: [ view_filter ] --START--
INFO: Run Behavior\WriteHtmlCacheBehavior [ RunTime:0.000000s ]
INFO: [ view_filter ] --END-- [ RunTime:0.000000s ]
INFO: [ app_end ] --START--
INFO: Run Behavior\ShowPageTraceBehavior [ RunTime:0.001000s ]
INFO: [ app_end ] --END-- [ RunTime:0.001000s ]

[ 2017-08-12T14:34:26+08:00 ] 58.246.226.254 /home/product/index.html
INFO: [ app_init ] --START--
INFO: Run Behavior\BuildLiteBehavior [ RunTime:0.000000s ]
INFO: [ app_init ] --END-- [ RunTime:0.000000s ]
INFO: [ app_begin ] --START--
INFO: Run Behavior\ReadHtmlCacheBehavior [ RunTime:0.000000s ]
INFO: [ app_begin ] --END-- [ RunTime:0.000000s ]
NOTIC: [8] Undefined index: suffix D:\phpStudy20161103\WWW\cms\Application\Home\Controller\ProductController.class.php 第 25 行.
NOTIC: [2] implode(): Invalid arguments passed D:\phpStudy20161103\WWW\cms\Application\Home\Controller\ProductController.class.php 第 25 行.
NOTIC: [8] Undefined index: StoreName D:\phpStudy20161103\WWW\cms\Application\Home\Controller\ProductController.class.php 第 26 行.
NOTIC: [2] implode(): Invalid arguments passed D:\phpStudy20161103\WWW\cms\Application\Home\Controller\ProductController.class.php 第 26 行.
SQL: select salerrate from Y_Ratemanagement [ RunTime:0.0100s ]
SQL: select * from Y_manger where manger='admin' [ RunTime:0.0080s ]
SQL: select u.username from Y_userDepartment d
            left JOIN Y_user  u ON u.uid=d.uid
            LEFT JOIN Y_user_role ur ON ur.uid=u.Uid
            LEFT JOIN Y_role r ON r.roleid=ur.roleid
             WHERE d.did='3' and r.roleName='销售员' 
             order by u.username asc [ RunTime:0.0110s ]
NOTIC: [8] Undefined variable: userstr D:\phpStudy20161103\WWW\cms\Application\Home\Controller\ProductController.class.php 第 137 行.
SQL: EXEC Z_P_FinancialProfit '','1','2017-07-01','2017-07-31','','''何丽娟,姜娅文,吕圆,缪政勇,彭冉冉,尚显贝,王漫漫,王贤慎,张葵,周源,''','',0,'6.30' [ RunTime:14.5948s ]
INFO: [ view_parse ] --START--
INFO: [ template_filter ] --START--
INFO: Run Behavior\ContentReplaceBehavior [ RunTime:0.000000s ]
INFO: [ template_filter ] --END-- [ RunTime:0.000000s ]
INFO: Run Behavior\ParseTemplateBehavior [ RunTime:0.004000s ]
INFO: [ view_parse ] --END-- [ RunTime:0.004000s ]
INFO: [ view_filter ] --START--
INFO: Run Behavior\WriteHtmlCacheBehavior [ RunTime:0.000000s ]
INFO: [ view_filter ] --END-- [ RunTime:0.000000s ]
INFO: [ app_end ] --START--
INFO: Run Behavior\ShowPageTraceBehavior [ RunTime:0.001000s ]
INFO: [ app_end ] --END-- [ RunTime:0.001000s ]

[ 2017-08-12T14:34:47+08:00 ] 58.246.226.254 /Home/Product/index2?order=asc
INFO: [ app_init ] --START--
INFO: Run Behavior\BuildLiteBehavior [ RunTime:0.000000s ]
INFO: [ app_init ] --END-- [ RunTime:0.001000s ]
INFO: [ app_begin ] --START--
INFO: Run Behavior\ReadHtmlCacheBehavior [ RunTime:0.000000s ]
INFO: [ app_begin ] --END-- [ RunTime:0.000000s ]
INFO: [ app_end ] --START--
INFO: Run Behavior\ShowPageTraceBehavior [ RunTime:0.000000s ]
INFO: [ app_end ] --END-- [ RunTime:0.000000s ]

[ 2017-08-12T14:35:20+08:00 ] 58.246.226.254 /home/product/index.html
INFO: [ app_init ] --START--
INFO: Run Behavior\BuildLiteBehavior [ RunTime:0.000000s ]
INFO: [ app_init ] --END-- [ RunTime:0.000000s ]
INFO: [ app_begin ] --START--
INFO: Run Behavior\ReadHtmlCacheBehavior [ RunTime:0.000000s ]
INFO: [ app_begin ] --END-- [ RunTime:0.000000s ]
NOTIC: [8] Undefined index: suffix D:\phpStudy20161103\WWW\cms\Application\Home\Controller\ProductController.class.php 第 25 行.
NOTIC: [2] implode(): Invalid arguments passed D:\phpStudy20161103\WWW\cms\Application\Home\Controller\ProductController.class.php 第 25 行.
NOTIC: [8] Undefined index: StoreName D:\phpStudy20161103\WWW\cms\Application\Home\Controller\ProductController.class.php 第 26 行.
NOTIC: [2] implode(): Invalid arguments passed D:\phpStudy20161103\WWW\cms\Application\Home\Controller\ProductController.class.php 第 26 行.
SQL: select salerrate from Y_Ratemanagement [ RunTime:0.0090s ]
SQL: select * from Y_manger where manger='admin' [ RunTime:0.0080s ]
SQL: select u.username from Y_userDepartment d
            left JOIN Y_user  u ON u.uid=d.uid
            LEFT JOIN Y_user_role ur ON ur.uid=u.Uid
            LEFT JOIN Y_role r ON r.roleid=ur.roleid
             WHERE d.did='5' and r.roleName='销售员' 
             order by u.username asc [ RunTime:0.0150s ]
NOTIC: [8] Undefined variable: userstr D:\phpStudy20161103\WWW\cms\Application\Home\Controller\ProductController.class.php 第 137 行.
SQL: EXEC Z_P_FinancialProfit '','1','2017-07-01','2017-07-31','','''谌方,方蓓,洪晓飞,宋文杰,''','',0,'6.30' [ RunTime:14.3618s ]
INFO: [ view_parse ] --START--
INFO: [ template_filter ] --START--
INFO: Run Behavior\ContentReplaceBehavior [ RunTime:0.000000s ]
INFO: [ template_filter ] --END-- [ RunTime:0.000000s ]
INFO: Run Behavior\ParseTemplateBehavior [ RunTime:0.004000s ]
INFO: [ view_parse ] --END-- [ RunTime:0.004000s ]
INFO: [ view_filter ] --START--
INFO: Run Behavior\WriteHtmlCacheBehavior [ RunTime:0.000000s ]
INFO: [ view_filter ] --END-- [ RunTime:0.000000s ]
INFO: [ app_end ] --START--
INFO: Run Behavior\ShowPageTraceBehavior [ RunTime:0.000000s ]
INFO: [ app_end ] --END-- [ RunTime:0.000000s ]

[ 2017-08-12T14:35:35+08:00 ] 58.246.226.254 /home/product/index.html
INFO: [ app_init ] --START--
INFO: Run Behavior\BuildLiteBehavior [ RunTime:0.000000s ]
INFO: [ app_init ] --END-- [ RunTime:0.000000s ]
INFO: [ app_begin ] --START--
INFO: Run Behavior\ReadHtmlCacheBehavior [ RunTime:0.000000s ]
INFO: [ app_begin ] --END-- [ RunTime:0.000000s ]
NOTIC: [8] Undefined index: suffix D:\phpStudy20161103\WWW\cms\Application\Home\Controller\ProductController.class.php 第 25 行.
NOTIC: [2] implode(): Invalid arguments passed D:\phpStudy20161103\WWW\cms\Application\Home\Controller\ProductController.class.php 第 25 行.
NOTIC: [8] Undefined index: StoreName D:\phpStudy20161103\WWW\cms\Application\Home\Controller\ProductController.class.php 第 26 行.
NOTIC: [2] implode(): Invalid arguments passed D:\phpStudy20161103\WWW\cms\Application\Home\Controller\ProductController.class.php 第 26 行.
SQL: select salerrate from Y_Ratemanagement [ RunTime:0.0080s ]
SQL: select * from Y_manger where manger='admin' [ RunTime:0.0340s ]
SQL: select u.username from Y_userDepartment d
            left JOIN Y_user  u ON u.uid=d.uid
            LEFT JOIN Y_user_role ur ON ur.uid=u.Uid
            LEFT JOIN Y_role r ON r.roleid=ur.roleid
             WHERE d.did='5' and r.roleName='销售员' 
             order by u.username asc [ RunTime:0.0250s ]
NOTIC: [8] Undefined variable: userstr D:\phpStudy20161103\WWW\cms\Application\Home\Controller\ProductController.class.php 第 137 行.
SQL: EXEC Z_P_FinancialProfit '','1','2017-07-01','2017-07-31','','''谌方,方蓓,洪晓飞,宋文杰,''','',0,'6.30' [ RunTime:14.9699s ]
INFO: [ view_parse ] --START--
INFO: [ template_filter ] --START--
INFO: Run Behavior\ContentReplaceBehavior [ RunTime:0.000000s ]
INFO: [ template_filter ] --END-- [ RunTime:0.000000s ]
INFO: Run Behavior\ParseTemplateBehavior [ RunTime:0.004000s ]
INFO: [ view_parse ] --END-- [ RunTime:0.004000s ]
INFO: [ view_filter ] --START--
INFO: Run Behavior\WriteHtmlCacheBehavior [ RunTime:0.000000s ]
INFO: [ view_filter ] --END-- [ RunTime:0.000000s ]
INFO: [ app_end ] --START--
INFO: Run Behavior\ShowPageTraceBehavior [ RunTime:0.000000s ]
INFO: [ app_end ] --END-- [ RunTime:0.000000s ]

[ 2017-08-12T14:35:56+08:00 ] 58.246.226.254 /Home/Product/index2?order=asc
INFO: [ app_init ] --START--
INFO: Run Behavior\BuildLiteBehavior [ RunTime:0.000000s ]
INFO: [ app_init ] --END-- [ RunTime:0.001000s ]
INFO: [ app_begin ] --START--
INFO: Run Behavior\ReadHtmlCacheBehavior [ RunTime:0.001000s ]
INFO: [ app_begin ] --END-- [ RunTime:0.001000s ]
INFO: [ app_end ] --START--
INFO: Run Behavior\ShowPageTraceBehavior [ RunTime:0.000000s ]
INFO: [ app_end ] --END-- [ RunTime:0.000000s ]

[ 2017-08-12T14:36:32+08:00 ] 58.246.226.254 /home/product/index.html
INFO: [ app_init ] --START--
INFO: Run Behavior\BuildLiteBehavior [ RunTime:0.000000s ]
INFO: [ app_init ] --END-- [ RunTime:0.000000s ]
INFO: [ app_begin ] --START--
INFO: Run Behavior\ReadHtmlCacheBehavior [ RunTime:0.000000s ]
INFO: [ app_begin ] --END-- [ RunTime:0.000000s ]
NOTIC: [8] Undefined index: suffix D:\phpStudy20161103\WWW\cms\Application\Home\Controller\ProductController.class.php 第 25 行.
NOTIC: [2] implode(): Invalid arguments passed D:\phpStudy20161103\WWW\cms\Application\Home\Controller\ProductController.class.php 第 25 行.
NOTIC: [8] Undefined index: StoreName D:\phpStudy20161103\WWW\cms\Application\Home\Controller\ProductController.class.php 第 26 行.
NOTIC: [2] implode(): Invalid arguments passed D:\phpStudy20161103\WWW\cms\Application\Home\Controller\ProductController.class.php 第 26 行.
SQL: select salerrate from Y_Ratemanagement [ RunTime:0.0090s ]
SQL: select * from Y_manger where manger='admin' [ RunTime:0.0080s ]
SQL: select u.username from Y_userDepartment d
            left JOIN Y_user  u ON u.uid=d.uid
            LEFT JOIN Y_user_role ur ON ur.uid=u.Uid
            LEFT JOIN Y_role r ON r.roleid=ur.roleid
             WHERE d.did='6' and r.roleName='销售员' 
             order by u.username asc [ RunTime:0.0140s ]
NOTIC: [8] Undefined variable: userstr D:\phpStudy20161103\WWW\cms\Application\Home\Controller\ProductController.class.php 第 137 行.
SQL: EXEC Z_P_FinancialProfit '','1','2017-07-01','2017-07-31','','''毕郑强,黄荣斌,李利霞,林秀云,刘世丽,企划部,张蒙,''','',0,'6.30' [ RunTime:17.3230s ]
INFO: [ view_parse ] --START--
INFO: [ template_filter ] --START--
INFO: Run Behavior\ContentReplaceBehavior [ RunTime:0.000000s ]
INFO: [ template_filter ] --END-- [ RunTime:0.000000s ]
INFO: Run Behavior\ParseTemplateBehavior [ RunTime:0.004001s ]
INFO: [ view_parse ] --END-- [ RunTime:0.004001s ]
INFO: [ view_filter ] --START--
INFO: Run Behavior\WriteHtmlCacheBehavior [ RunTime:0.000000s ]
INFO: [ view_filter ] --END-- [ RunTime:0.000000s ]
INFO: [ app_end ] --START--
INFO: Run Behavior\ShowPageTraceBehavior [ RunTime:0.001000s ]
INFO: [ app_end ] --END-- [ RunTime:0.001000s ]

[ 2017-08-12T14:36:47+08:00 ] 58.246.226.254 /home/product/index.html
INFO: [ app_init ] --START--
INFO: Run Behavior\BuildLiteBehavior [ RunTime:0.000000s ]
INFO: [ app_init ] --END-- [ RunTime:0.000000s ]
INFO: [ app_begin ] --START--
INFO: Run Behavior\ReadHtmlCacheBehavior [ RunTime:0.000000s ]
INFO: [ app_begin ] --END-- [ RunTime:0.000000s ]
NOTIC: [8] Undefined index: suffix D:\phpStudy20161103\WWW\cms\Application\Home\Controller\ProductController.class.php 第 25 行.
NOTIC: [2] implode(): Invalid arguments passed D:\phpStudy20161103\WWW\cms\Application\Home\Controller\ProductController.class.php 第 25 行.
NOTIC: [8] Undefined index: StoreName D:\phpStudy20161103\WWW\cms\Application\Home\Controller\ProductController.class.php 第 26 行.
NOTIC: [2] implode(): Invalid arguments passed D:\phpStudy20161103\WWW\cms\Application\Home\Controller\ProductController.class.php 第 26 行.
SQL: select salerrate from Y_Ratemanagement [ RunTime:0.0090s ]
SQL: select * from Y_manger where manger='admin' [ RunTime:0.0080s ]
SQL: select u.username from Y_userDepartment d
            left JOIN Y_user  u ON u.uid=d.uid
            LEFT JOIN Y_user_role ur ON ur.uid=u.Uid
            LEFT JOIN Y_role r ON r.roleid=ur.roleid
             WHERE d.did='6' and r.roleName='销售员' 
             order by u.username asc [ RunTime:0.0090s ]
NOTIC: [8] Undefined variable: userstr D:\phpStudy20161103\WWW\cms\Application\Home\Controller\ProductController.class.php 第 137 行.
SQL: EXEC Z_P_FinancialProfit '','1','2017-07-01','2017-07-31','','''毕郑强,黄荣斌,李利霞,林秀云,刘世丽,企划部,张蒙,''','',0,'6.30' [ RunTime:15.1689s ]
INFO: [ view_parse ] --START--
INFO: [ template_filter ] --START--
INFO: Run Behavior\ContentReplaceBehavior [ RunTime:0.000000s ]
INFO: [ template_filter ] --END-- [ RunTime:0.001000s ]
INFO: Run Behavior\ParseTemplateBehavior [ RunTime:0.004000s ]
INFO: [ view_parse ] --END-- [ RunTime:0.004000s ]
INFO: [ view_filter ] --START--
INFO: Run Behavior\WriteHtmlCacheBehavior [ RunTime:0.000000s ]
INFO: [ view_filter ] --END-- [ RunTime:0.000000s ]
INFO: [ app_end ] --START--
INFO: Run Behavior\ShowPageTraceBehavior [ RunTime:0.000000s ]
INFO: [ app_end ] --END-- [ RunTime:0.000000s ]

[ 2017-08-12T14:37:08+08:00 ] 58.246.226.254 /Home/Product/index2?order=asc
INFO: [ app_init ] --START--
INFO: Run Behavior\BuildLiteBehavior [ RunTime:0.000000s ]
INFO: [ app_init ] --END-- [ RunTime:0.000000s ]
INFO: [ app_begin ] --START--
INFO: Run Behavior\ReadHtmlCacheBehavior [ RunTime:0.000000s ]
INFO: [ app_begin ] --END-- [ RunTime:0.000000s ]
INFO: [ app_end ] --START--
INFO: Run Behavior\ShowPageTraceBehavior [ RunTime:0.001000s ]
INFO: [ app_end ] --END-- [ RunTime:0.001000s ]

[ 2017-08-12T14:58:35+08:00 ] 58.246.226.254 /home/product/index.html
INFO: [ app_init ] --START--
INFO: Run Behavior\BuildLiteBehavior [ RunTime:0.000000s ]
INFO: [ app_init ] --END-- [ RunTime:0.001000s ]
INFO: [ app_begin ] --START--
INFO: Run Behavior\ReadHtmlCacheBehavior [ RunTime:0.000000s ]
INFO: [ app_begin ] --END-- [ RunTime:0.000000s ]
NOTIC: [8] Undefined index: suffix D:\phpStudy20161103\WWW\cms\Application\Home\Controller\ProductController.class.php 第 25 行.
NOTIC: [2] implode(): Invalid arguments passed D:\phpStudy20161103\WWW\cms\Application\Home\Controller\ProductController.class.php 第 25 行.
NOTIC: [8] Undefined index: StoreName D:\phpStudy20161103\WWW\cms\Application\Home\Controller\ProductController.class.php 第 26 行.
NOTIC: [2] implode(): Invalid arguments passed D:\phpStudy20161103\WWW\cms\Application\Home\Controller\ProductController.class.php 第 26 行.
SQL: select salerrate from Y_Ratemanagement [ RunTime:0.0090s ]
SQL: select * from Y_manger where manger='admin' [ RunTime:0.0090s ]
SQL: EXEC Z_P_FinancialProfit '','1','2017-07-01','2017-07-31','','','',0,'6.30' [ RunTime:10.8626s ]
INFO: [ view_parse ] --START--
INFO: [ template_filter ] --START--
INFO: Run Behavior\ContentReplaceBehavior [ RunTime:0.000000s ]
INFO: [ template_filter ] --END-- [ RunTime:0.000000s ]
INFO: Run Behavior\ParseTemplateBehavior [ RunTime:0.004000s ]
INFO: [ view_parse ] --END-- [ RunTime:0.004000s ]
INFO: [ view_filter ] --START--
INFO: Run Behavior\WriteHtmlCacheBehavior [ RunTime:0.000000s ]
INFO: [ view_filter ] --END-- [ RunTime:0.000000s ]
INFO: [ app_end ] --START--
INFO: Run Behavior\ShowPageTraceBehavior [ RunTime:0.000000s ]
INFO: [ app_end ] --END-- [ RunTime:0.000000s ]

[ 2017-08-12T14:58:49+08:00 ] 58.246.226.254 /home/product/index.html
INFO: [ app_init ] --START--
INFO: Run Behavior\BuildLiteBehavior [ RunTime:0.000000s ]
INFO: [ app_init ] --END-- [ RunTime:0.000000s ]
INFO: [ app_begin ] --START--
INFO: Run Behavior\ReadHtmlCacheBehavior [ RunTime:0.001000s ]
INFO: [ app_begin ] --END-- [ RunTime:0.001000s ]
NOTIC: [8] Undefined index: suffix D:\phpStudy20161103\WWW\cms\Application\Home\Controller\ProductController.class.php 第 25 行.
NOTIC: [2] implode(): Invalid arguments passed D:\phpStudy20161103\WWW\cms\Application\Home\Controller\ProductController.class.php 第 25 行.
NOTIC: [8] Undefined index: StoreName D:\phpStudy20161103\WWW\cms\Application\Home\Controller\ProductController.class.php 第 26 行.
NOTIC: [2] implode(): Invalid arguments passed D:\phpStudy20161103\WWW\cms\Application\Home\Controller\ProductController.class.php 第 26 行.
SQL: select salerrate from Y_Ratemanagement [ RunTime:0.0140s ]
SQL: select * from Y_manger where manger='admin' [ RunTime:0.0120s ]
SQL: EXEC Z_P_FinancialProfit '','1','2017-07-01','2017-07-31','','','',0,'6.30' [ RunTime:13.9678s ]
INFO: [ view_parse ] --START--
INFO: [ template_filter ] --START--
INFO: Run Behavior\ContentReplaceBehavior [ RunTime:0.000000s ]
INFO: [ template_filter ] --END-- [ RunTime:0.000000s ]
INFO: Run Behavior\ParseTemplateBehavior [ RunTime:0.004001s ]
INFO: [ view_parse ] --END-- [ RunTime:0.004001s ]
INFO: [ view_filter ] --START--
INFO: Run Behavior\WriteHtmlCacheBehavior [ RunTime:0.000000s ]
INFO: [ view_filter ] --END-- [ RunTime:0.000000s ]
INFO: [ app_end ] --START--
INFO: Run Behavior\ShowPageTraceBehavior [ RunTime:0.001000s ]
INFO: [ app_end ] --END-- [ RunTime:0.001000s ]

[ 2017-08-12T14:59:10+08:00 ] 58.246.226.254 /Home/Product/index2?order=asc
INFO: [ app_init ] --START--
INFO: Run Behavior\BuildLiteBehavior [ RunTime:0.000000s ]
INFO: [ app_init ] --END-- [ RunTime:0.000000s ]
INFO: [ app_begin ] --START--
INFO: Run Behavior\ReadHtmlCacheBehavior [ RunTime:0.000000s ]
INFO: [ app_begin ] --END-- [ RunTime:0.000000s ]
INFO: [ app_end ] --START--
INFO: Run Behavior\ShowPageTraceBehavior [ RunTime:0.000000s ]
INFO: [ app_end ] --END-- [ RunTime:0.000000s ]

[ 2017-08-12T15:00:29+08:00 ] 58.246.226.254 /home/product/%E2%80%9D
INFO: [ app_init ] --START--
INFO: Run Behavior\BuildLiteBehavior [ RunTime:0.000000s ]
INFO: [ app_init ] --END-- [ RunTime:0.001000s ]
INFO: [ app_begin ] --START--
INFO: Run Behavior\ReadHtmlCacheBehavior [ RunTime:0.000000s ]
INFO: [ app_begin ] --END-- [ RunTime:0.000000s ]
ERR: 非法操作:”

[ 2017-08-12T15:00:52+08:00 ] 58.246.226.254 /home/product/index.html
INFO: [ app_init ] --START--
INFO: Run Behavior\BuildLiteBehavior [ RunTime:0.000000s ]
INFO: [ app_init ] --END-- [ RunTime:0.000000s ]
INFO: [ app_begin ] --START--
INFO: Run Behavior\ReadHtmlCacheBehavior [ RunTime:0.000000s ]
INFO: [ app_begin ] --END-- [ RunTime:0.000000s ]
NOTIC: [8] Undefined index: suffix D:\phpStudy20161103\WWW\cms\Application\Home\Controller\ProductController.class.php 第 25 行.
NOTIC: [2] implode(): Invalid arguments passed D:\phpStudy20161103\WWW\cms\Application\Home\Controller\ProductController.class.php 第 25 行.
NOTIC: [8] Undefined index: StoreName D:\phpStudy20161103\WWW\cms\Application\Home\Controller\ProductController.class.php 第 26 行.
NOTIC: [2] implode(): Invalid arguments passed D:\phpStudy20161103\WWW\cms\Application\Home\Controller\ProductController.class.php 第 26 行.
SQL: select salerrate from Y_Ratemanagement [ RunTime:0.0120s ]
SQL: select * from Y_manger where manger='admin' [ RunTime:0.0090s ]
SQL: select u.username from Y_userDepartment d
            left JOIN Y_user  u ON u.uid=d.uid
            LEFT JOIN Y_user_role ur ON ur.uid=u.Uid
            LEFT JOIN Y_role r ON r.roleid=ur.roleid
             WHERE d.did='6' and r.roleName='销售员' 
             order by u.username asc [ RunTime:0.0140s ]
NOTIC: [8] Undefined variable: userstr D:\phpStudy20161103\WWW\cms\Application\Home\Controller\ProductController.class.php 第 137 行.
SQL: EXEC Z_P_FinancialProfit '','1','2017-07-01','2017-07-31','','''毕郑强,黄荣斌,李利霞,林秀云,刘世丽,企划部,张蒙,''','',0,'6.30' [ RunTime:18.9001s ]
INFO: [ view_parse ] --START--
INFO: [ template_filter ] --START--
INFO: Run Behavior\ContentReplaceBehavior [ RunTime:0.000000s ]
INFO: [ template_filter ] --END-- [ RunTime:0.000000s ]
INFO: Run Behavior\ParseTemplateBehavior [ RunTime:0.004000s ]
INFO: [ view_parse ] --END-- [ RunTime:0.004000s ]
INFO: [ view_filter ] --START--
INFO: Run Behavior\WriteHtmlCacheBehavior [ RunTime:0.000000s ]
INFO: [ view_filter ] --END-- [ RunTime:0.000000s ]
INFO: [ app_end ] --START--
INFO: Run Behavior\ShowPageTraceBehavior [ RunTime:0.001000s ]
INFO: [ app_end ] --END-- [ RunTime:0.001000s ]

[ 2017-08-12T15:01:03+08:00 ] 58.246.226.254 /home/product/index.html
INFO: [ app_init ] --START--
INFO: Run Behavior\BuildLiteBehavior [ RunTime:0.000000s ]
INFO: [ app_init ] --END-- [ RunTime:0.000000s ]
INFO: [ app_begin ] --START--
INFO: Run Behavior\ReadHtmlCacheBehavior [ RunTime:0.000000s ]
INFO: [ app_begin ] --END-- [ RunTime:0.000000s ]
NOTIC: [8] Undefined index: suffix D:\phpStudy20161103\WWW\cms\Application\Home\Controller\ProductController.class.php 第 25 行.
NOTIC: [2] implode(): Invalid arguments passed D:\phpStudy20161103\WWW\cms\Application\Home\Controller\ProductController.class.php 第 25 行.
NOTIC: [8] Undefined index: StoreName D:\phpStudy20161103\WWW\cms\Application\Home\Controller\ProductController.class.php 第 26 行.
NOTIC: [2] implode(): Invalid arguments passed D:\phpStudy20161103\WWW\cms\Application\Home\Controller\ProductController.class.php 第 26 行.
SQL: select salerrate from Y_Ratemanagement [ RunTime:0.0090s ]
SQL: select * from Y_manger where manger='admin' [ RunTime:0.0100s ]
SQL: select u.username from Y_userDepartment d
            left JOIN Y_user  u ON u.uid=d.uid
            LEFT JOIN Y_user_role ur ON ur.uid=u.Uid
            LEFT JOIN Y_role r ON r.roleid=ur.roleid
             WHERE d.did='6' and r.roleName='销售员' 
             order by u.username asc [ RunTime:0.0100s ]
NOTIC: [8] Undefined variable: userstr D:\phpStudy20161103\WWW\cms\Application\Home\Controller\ProductController.class.php 第 137 行.
SQL: EXEC Z_P_FinancialProfit '','1','2017-07-01','2017-07-31','','''毕郑强,黄荣斌,李利霞,林秀云,刘世丽,企划部,张蒙,''','',0,'6.30' [ RunTime:10.9216s ]
INFO: [ view_parse ] --START--
INFO: [ template_filter ] --START--
INFO: Run Behavior\ContentReplaceBehavior [ RunTime:0.000000s ]
INFO: [ template_filter ] --END-- [ RunTime:0.000000s ]
INFO: Run Behavior\ParseTemplateBehavior [ RunTime:0.003000s ]
INFO: [ view_parse ] --END-- [ RunTime:0.003000s ]
INFO: [ view_filter ] --START--
INFO: Run Behavior\WriteHtmlCacheBehavior [ RunTime:0.001000s ]
INFO: [ view_filter ] --END-- [ RunTime:0.001000s ]
INFO: [ app_end ] --START--
INFO: Run Behavior\ShowPageTraceBehavior [ RunTime:0.000000s ]
INFO: [ app_end ] --END-- [ RunTime:0.000000s ]

[ 2017-08-12T15:01:24+08:00 ] 58.246.226.254 /Home/Product/index2?order=asc
INFO: [ app_init ] --START--
INFO: Run Behavior\BuildLiteBehavior [ RunTime:0.000000s ]
INFO: [ app_init ] --END-- [ RunTime:0.000000s ]
INFO: [ app_begin ] --START--
INFO: Run Behavior\ReadHtmlCacheBehavior [ RunTime:0.000000s ]
INFO: [ app_begin ] --END-- [ RunTime:0.000000s ]
INFO: [ app_end ] --START--
INFO: Run Behavior\ShowPageTraceBehavior [ RunTime:0.000000s ]
INFO: [ app_end ] --END-- [ RunTime:0.000000s ]

[ 2017-08-12T15:02:02+08:00 ] 58.246.226.254 /home/product/index.html
INFO: [ app_init ] --START--
INFO: Run Behavior\BuildLiteBehavior [ RunTime:0.000000s ]
INFO: [ app_init ] --END-- [ RunTime:0.000000s ]
INFO: [ app_begin ] --START--
INFO: Run Behavior\ReadHtmlCacheBehavior [ RunTime:0.000000s ]
INFO: [ app_begin ] --END-- [ RunTime:0.000000s ]
NOTIC: [8] Undefined index: suffix D:\phpStudy20161103\WWW\cms\Application\Home\Controller\ProductController.class.php 第 25 行.
NOTIC: [2] implode(): Invalid arguments passed D:\phpStudy20161103\WWW\cms\Application\Home\Controller\ProductController.class.php 第 25 行.
NOTIC: [8] Undefined index: StoreName D:\phpStudy20161103\WWW\cms\Application\Home\Controller\ProductController.class.php 第 26 行.
NOTIC: [2] implode(): Invalid arguments passed D:\phpStudy20161103\WWW\cms\Application\Home\Controller\ProductController.class.php 第 26 行.
SQL: select salerrate from Y_Ratemanagement [ RunTime:0.0320s ]
SQL: select * from Y_manger where manger='admin' [ RunTime:0.0280s ]
SQL: select u.username from Y_userDepartment d
            left JOIN Y_user  u ON u.uid=d.uid
            LEFT JOIN Y_user_role ur ON ur.uid=u.Uid
            LEFT JOIN Y_role r ON r.roleid=ur.roleid
             WHERE d.did='1' and r.roleName='销售员' 
             order by u.username asc [ RunTime:0.0340s ]
NOTIC: [8] Undefined variable: userstr D:\phpStudy20161103\WWW\cms\Application\Home\Controller\ProductController.class.php 第 137 行.
SQL: EXEC Z_P_FinancialProfit '','1','2017-07-01','2017-07-31','','''程静,计智君,聂梦霞,汪潘英,吴志超,吴志超暂代,赵亚飞,朱晶晶,''','',0,'6.30' [ RunTime:16.8850s ]
INFO: [ view_parse ] --START--
INFO: [ template_filter ] --START--
INFO: Run Behavior\ContentReplaceBehavior [ RunTime:0.000000s ]
INFO: [ template_filter ] --END-- [ RunTime:0.000000s ]
INFO: Run Behavior\ParseTemplateBehavior [ RunTime:0.003000s ]
INFO: [ view_parse ] --END-- [ RunTime:0.003000s ]
INFO: [ view_filter ] --START--
INFO: Run Behavior\WriteHtmlCacheBehavior [ RunTime:0.000000s ]
INFO: [ view_filter ] --END-- [ RunTime:0.000000s ]
INFO: [ app_end ] --START--
INFO: Run Behavior\ShowPageTraceBehavior [ RunTime:0.001000s ]
INFO: [ app_end ] --END-- [ RunTime:0.001000s ]

[ 2017-08-12T15:02:13+08:00 ] 58.246.226.254 /home/product/index.html
INFO: [ app_init ] --START--
INFO: Run Behavior\BuildLiteBehavior [ RunTime:0.000000s ]
INFO: [ app_init ] --END-- [ RunTime:0.000000s ]
INFO: [ app_begin ] --START--
INFO: Run Behavior\ReadHtmlCacheBehavior [ RunTime:0.000000s ]
INFO: [ app_begin ] --END-- [ RunTime:0.000000s ]
NOTIC: [8] Undefined index: suffix D:\phpStudy20161103\WWW\cms\Application\Home\Controller\ProductController.class.php 第 25 行.
NOTIC: [2] implode(): Invalid arguments passed D:\phpStudy20161103\WWW\cms\Application\Home\Controller\ProductController.class.php 第 25 行.
NOTIC: [8] Undefined index: StoreName D:\phpStudy20161103\WWW\cms\Application\Home\Controller\ProductController.class.php 第 26 行.
NOTIC: [2] implode(): Invalid arguments passed D:\phpStudy20161103\WWW\cms\Application\Home\Controller\ProductController.class.php 第 26 行.
SQL: select salerrate from Y_Ratemanagement [ RunTime:0.0100s ]
SQL: select * from Y_manger where manger='admin' [ RunTime:0.0090s ]
SQL: select u.username from Y_userDepartment d
            left JOIN Y_user  u ON u.uid=d.uid
            LEFT JOIN Y_user_role ur ON ur.uid=u.Uid
            LEFT JOIN Y_role r ON r.roleid=ur.roleid
             WHERE d.did='1' and r.roleName='销售员' 
             order by u.username asc [ RunTime:0.0110s ]
NOTIC: [8] Undefined variable: userstr D:\phpStudy20161103\WWW\cms\Application\Home\Controller\ProductController.class.php 第 137 行.
SQL: EXEC Z_P_FinancialProfit '','1','2017-07-01','2017-07-31','','''程静,计智君,聂梦霞,汪潘英,吴志超,吴志超暂代,赵亚飞,朱晶晶,''','',0,'6.30' [ RunTime:11.1906s ]
INFO: [ view_parse ] --START--
INFO: [ template_filter ] --START--
INFO: Run Behavior\ContentReplaceBehavior [ RunTime:0.000000s ]
INFO: [ template_filter ] --END-- [ RunTime:0.000000s ]
INFO: Run Behavior\ParseTemplateBehavior [ RunTime:0.004000s ]
INFO: [ view_parse ] --END-- [ RunTime:0.004000s ]
INFO: [ view_filter ] --START--
INFO: Run Behavior\WriteHtmlCacheBehavior [ RunTime:0.000000s ]
INFO: [ view_filter ] --END-- [ RunTime:0.000000s ]
INFO: [ app_end ] --START--
INFO: Run Behavior\ShowPageTraceBehavior [ RunTime:0.000000s ]
INFO: [ app_end ] --END-- [ RunTime:0.000000s ]

[ 2017-08-12T15:02:34+08:00 ] 58.246.226.254 /Home/Product/index2?order=asc
INFO: [ app_init ] --START--
INFO: Run Behavior\BuildLiteBehavior [ RunTime:0.000000s ]
INFO: [ app_init ] --END-- [ RunTime:0.001000s ]
INFO: [ app_begin ] --START--
INFO: Run Behavior\ReadHtmlCacheBehavior [ RunTime:0.000000s ]
INFO: [ app_begin ] --END-- [ RunTime:0.000000s ]
INFO: [ app_end ] --START--
INFO: Run Behavior\ShowPageTraceBehavior [ RunTime:0.001001s ]
INFO: [ app_end ] --END-- [ RunTime:0.001001s ]

[ 2017-08-12T15:03:18+08:00 ] 58.246.226.254 /home/product/index.html
INFO: [ app_init ] --START--
INFO: Run Behavior\BuildLiteBehavior [ RunTime:0.000000s ]
INFO: [ app_init ] --END-- [ RunTime:0.001000s ]
INFO: [ app_begin ] --START--
INFO: Run Behavior\ReadHtmlCacheBehavior [ RunTime:0.000000s ]
INFO: [ app_begin ] --END-- [ RunTime:0.000000s ]
NOTIC: [8] Undefined index: suffix D:\phpStudy20161103\WWW\cms\Application\Home\Controller\ProductController.class.php 第 25 行.
NOTIC: [2] implode(): Invalid arguments passed D:\phpStudy20161103\WWW\cms\Application\Home\Controller\ProductController.class.php 第 25 行.
NOTIC: [8] Undefined index: StoreName D:\phpStudy20161103\WWW\cms\Application\Home\Controller\ProductController.class.php 第 26 行.
NOTIC: [2] implode(): Invalid arguments passed D:\phpStudy20161103\WWW\cms\Application\Home\Controller\ProductController.class.php 第 26 行.
SQL: select salerrate from Y_Ratemanagement [ RunTime:0.0100s ]
SQL: select * from Y_manger where manger='admin' [ RunTime:0.0090s ]
SQL: select u.username from Y_userDepartment d
            left JOIN Y_user  u ON u.uid=d.uid
            LEFT JOIN Y_user_role ur ON ur.uid=u.Uid
            LEFT JOIN Y_role r ON r.roleid=ur.roleid
             WHERE d.did='1' and r.roleName='销售员' 
             order by u.username asc [ RunTime:0.0110s ]
NOTIC: [8] Undefined variable: userstr D:\phpStudy20161103\WWW\cms\Application\Home\Controller\ProductController.class.php 第 137 行.
SQL: EXEC Z_P_FinancialProfit 'wish','1','2017-07-01','2017-07-31','','''程静,计智君,聂梦霞,汪潘英,吴志超,吴志超暂代,赵亚飞,朱晶晶,''','',0,'6.30' [ RunTime:12.4327s ]
INFO: [ view_parse ] --START--
INFO: [ template_filter ] --START--
INFO: Run Behavior\ContentReplaceBehavior [ RunTime:0.000000s ]
INFO: [ template_filter ] --END-- [ RunTime:0.000000s ]
INFO: Run Behavior\ParseTemplateBehavior [ RunTime:0.004000s ]
INFO: [ view_parse ] --END-- [ RunTime:0.004000s ]
INFO: [ view_filter ] --START--
INFO: Run Behavior\WriteHtmlCacheBehavior [ RunTime:0.000000s ]
INFO: [ view_filter ] --END-- [ RunTime:0.000000s ]
INFO: [ app_end ] --START--
INFO: Run Behavior\ShowPageTraceBehavior [ RunTime:0.000000s ]
INFO: [ app_end ] --END-- [ RunTime:0.000000s ]

[ 2017-08-12T15:03:31+08:00 ] 58.246.226.254 /home/product/index.html
INFO: [ app_init ] --START--
INFO: Run Behavior\BuildLiteBehavior [ RunTime:0.000000s ]
INFO: [ app_init ] --END-- [ RunTime:0.000000s ]
INFO: [ app_begin ] --START--
INFO: Run Behavior\ReadHtmlCacheBehavior [ RunTime:0.000000s ]
INFO: [ app_begin ] --END-- [ RunTime:0.000000s ]
NOTIC: [8] Undefined index: suffix D:\phpStudy20161103\WWW\cms\Application\Home\Controller\ProductController.class.php 第 25 行.
NOTIC: [2] implode(): Invalid arguments passed D:\phpStudy20161103\WWW\cms\Application\Home\Controller\ProductController.class.php 第 25 行.
NOTIC: [8] Undefined index: StoreName D:\phpStudy20161103\WWW\cms\Application\Home\Controller\ProductController.class.php 第 26 行.
NOTIC: [2] implode(): Invalid arguments passed D:\phpStudy20161103\WWW\cms\Application\Home\Controller\ProductController.class.php 第 26 行.
SQL: select salerrate from Y_Ratemanagement [ RunTime:0.0080s ]
SQL: select * from Y_manger where manger='admin' [ RunTime:0.0070s ]
SQL: select u.username from Y_userDepartment d
            left JOIN Y_user  u ON u.uid=d.uid
            LEFT JOIN Y_user_role ur ON ur.uid=u.Uid
            LEFT JOIN Y_role r ON r.roleid=ur.roleid
             WHERE d.did='1' and r.roleName='销售员' 
             order by u.username asc [ RunTime:0.0090s ]
NOTIC: [8] Undefined variable: userstr D:\phpStudy20161103\WWW\cms\Application\Home\Controller\ProductController.class.php 第 137 行.
SQL: EXEC Z_P_FinancialProfit 'wish','1','2017-07-01','2017-07-31','','''程静,计智君,聂梦霞,汪潘英,吴志超,吴志超暂代,赵亚飞,朱晶晶,''','',0,'6.30' [ RunTime:12.3897s ]
INFO: [ view_parse ] --START--
INFO: [ template_filter ] --START--
INFO: Run Behavior\ContentReplaceBehavior [ RunTime:0.000000s ]
INFO: [ template_filter ] --END-- [ RunTime:0.000000s ]
INFO: Run Behavior\ParseTemplateBehavior [ RunTime:0.004001s ]
INFO: [ view_parse ] --END-- [ RunTime:0.004001s ]
INFO: [ view_filter ] --START--
INFO: Run Behavior\WriteHtmlCacheBehavior [ RunTime:0.000000s ]
INFO: [ view_filter ] --END-- [ RunTime:0.000000s ]
INFO: [ app_end ] --START--
INFO: Run Behavior\ShowPageTraceBehavior [ RunTime:0.001000s ]
INFO: [ app_end ] --END-- [ RunTime:0.001000s ]

[ 2017-08-12T15:03:52+08:00 ] 58.246.226.254 /Home/Product/index2?order=asc
INFO: [ app_init ] --START--
INFO: Run Behavior\BuildLiteBehavior [ RunTime:0.000000s ]
INFO: [ app_init ] --END-- [ RunTime:0.001000s ]
INFO: [ app_begin ] --START--
INFO: Run Behavior\ReadHtmlCacheBehavior [ RunTime:0.000000s ]
INFO: [ app_begin ] --END-- [ RunTime:0.000000s ]
INFO: [ app_end ] --START--
INFO: Run Behavior\ShowPageTraceBehavior [ RunTime:0.001000s ]
INFO: [ app_end ] --END-- [ RunTime:0.001000s ]

[ 2017-08-12T15:05:41+08:00 ] 58.246.226.254 /home/product/index.html
INFO: [ app_init ] --START--
INFO: Run Behavior\BuildLiteBehavior [ RunTime:0.000000s ]
INFO: [ app_init ] --END-- [ RunTime:0.001000s ]
INFO: [ app_begin ] --START--
INFO: Run Behavior\ReadHtmlCacheBehavior [ RunTime:0.000000s ]
INFO: [ app_begin ] --END-- [ RunTime:0.000000s ]
NOTIC: [8] Undefined index: suffix D:\phpStudy20161103\WWW\cms\Application\Home\Controller\ProductController.class.php 第 25 行.
NOTIC: [2] implode(): Invalid arguments passed D:\phpStudy20161103\WWW\cms\Application\Home\Controller\ProductController.class.php 第 25 行.
NOTIC: [8] Undefined index: StoreName D:\phpStudy20161103\WWW\cms\Application\Home\Controller\ProductController.class.php 第 26 行.
NOTIC: [2] implode(): Invalid arguments passed D:\phpStudy20161103\WWW\cms\Application\Home\Controller\ProductController.class.php 第 26 行.
SQL: select salerrate from Y_Ratemanagement [ RunTime:0.0100s ]
SQL: select * from Y_manger where manger='admin' [ RunTime:0.0080s ]
SQL: select u.username from Y_userDepartment d
            left JOIN Y_user  u ON u.uid=d.uid
            LEFT JOIN Y_user_role ur ON ur.uid=u.Uid
            LEFT JOIN Y_role r ON r.roleid=ur.roleid
             WHERE d.did='3' and r.roleName='销售员' 
             order by u.username asc [ RunTime:0.0100s ]
NOTIC: [8] Undefined variable: userstr D:\phpStudy20161103\WWW\cms\Application\Home\Controller\ProductController.class.php 第 137 行.
SQL: EXEC Z_P_FinancialProfit '','1','2017-07-01','2017-07-31','','''何丽娟,姜娅文,吕圆,缪政勇,彭冉冉,尚显贝,王漫漫,王贤慎,张葵,周源,''','',0,'6.30' [ RunTime:13.0417s ]
INFO: [ view_parse ] --START--
INFO: [ template_filter ] --START--
INFO: Run Behavior\ContentReplaceBehavior [ RunTime:0.000000s ]
INFO: [ template_filter ] --END-- [ RunTime:0.000000s ]
INFO: Run Behavior\ParseTemplateBehavior [ RunTime:0.003001s ]
INFO: [ view_parse ] --END-- [ RunTime:0.003001s ]
INFO: [ view_filter ] --START--
INFO: Run Behavior\WriteHtmlCacheBehavior [ RunTime:0.001000s ]
INFO: [ view_filter ] --END-- [ RunTime:0.001000s ]
INFO: [ app_end ] --START--
INFO: Run Behavior\ShowPageTraceBehavior [ RunTime:0.000000s ]
INFO: [ app_end ] --END-- [ RunTime:0.000000s ]

[ 2017-08-12T15:05:53+08:00 ] 58.246.226.254 /home/product/index.html
INFO: [ app_init ] --START--
INFO: Run Behavior\BuildLiteBehavior [ RunTime:0.000000s ]
INFO: [ app_init ] --END-- [ RunTime:0.000000s ]
INFO: [ app_begin ] --START--
INFO: Run Behavior\ReadHtmlCacheBehavior [ RunTime:0.000000s ]
INFO: [ app_begin ] --END-- [ RunTime:0.000000s ]
NOTIC: [8] Undefined index: suffix D:\phpStudy20161103\WWW\cms\Application\Home\Controller\ProductController.class.php 第 25 行.
NOTIC: [2] implode(): Invalid arguments passed D:\phpStudy20161103\WWW\cms\Application\Home\Controller\ProductController.class.php 第 25 行.
NOTIC: [8] Undefined index: StoreName D:\phpStudy20161103\WWW\cms\Application\Home\Controller\ProductController.class.php 第 26 行.
NOTIC: [2] implode(): Invalid arguments passed D:\phpStudy20161103\WWW\cms\Application\Home\Controller\ProductController.class.php 第 26 行.
SQL: select salerrate from Y_Ratemanagement [ RunTime:0.0100s ]
SQL: select * from Y_manger where manger='admin' [ RunTime:0.0090s ]
SQL: select u.username from Y_userDepartment d
            left JOIN Y_user  u ON u.uid=d.uid
            LEFT JOIN Y_user_role ur ON ur.uid=u.Uid
            LEFT JOIN Y_role r ON r.roleid=ur.roleid
             WHERE d.did='3' and r.roleName='销售员' 
             order by u.username asc [ RunTime:0.0100s ]
NOTIC: [8] Undefined variable: userstr D:\phpStudy20161103\WWW\cms\Application\Home\Controller\ProductController.class.php 第 137 行.
SQL: EXEC Z_P_FinancialProfit '','1','2017-07-01','2017-07-31','','''何丽娟,姜娅文,吕圆,缪政勇,彭冉冉,尚显贝,王漫漫,王贤慎,张葵,周源,''','',0,'6.30' [ RunTime:12.1937s ]
INFO: [ view_parse ] --START--
INFO: [ template_filter ] --START--
INFO: Run Behavior\ContentReplaceBehavior [ RunTime:0.000000s ]
INFO: [ template_filter ] --END-- [ RunTime:0.000000s ]
INFO: Run Behavior\ParseTemplateBehavior [ RunTime:0.004001s ]
INFO: [ view_parse ] --END-- [ RunTime:0.004001s ]
INFO: [ view_filter ] --START--
INFO: Run Behavior\WriteHtmlCacheBehavior [ RunTime:0.000000s ]
INFO: [ view_filter ] --END-- [ RunTime:0.000000s ]
INFO: [ app_end ] --START--
INFO: Run Behavior\ShowPageTraceBehavior [ RunTime:0.001000s ]
INFO: [ app_end ] --END-- [ RunTime:0.001000s ]

[ 2017-08-12T15:06:14+08:00 ] 58.246.226.254 /Home/Product/index2?order=asc
INFO: [ app_init ] --START--
INFO: Run Behavior\BuildLiteBehavior [ RunTime:0.000000s ]
INFO: [ app_init ] --END-- [ RunTime:0.000000s ]
INFO: [ app_begin ] --START--
INFO: Run Behavior\ReadHtmlCacheBehavior [ RunTime:0.000000s ]
INFO: [ app_begin ] --END-- [ RunTime:0.000000s ]
INFO: [ app_end ] --START--
INFO: Run Behavior\ShowPageTraceBehavior [ RunTime:0.000000s ]
INFO: [ app_end ] --END-- [ RunTime:0.000000s ]

[ 2017-08-12T15:06:51+08:00 ] 58.246.226.254 /home/product/index.html
INFO: [ app_init ] --START--
INFO: Run Behavior\BuildLiteBehavior [ RunTime:0.000000s ]
INFO: [ app_init ] --END-- [ RunTime:0.001000s ]
INFO: [ app_begin ] --START--
INFO: Run Behavior\ReadHtmlCacheBehavior [ RunTime:0.000000s ]
INFO: [ app_begin ] --END-- [ RunTime:0.000000s ]
NOTIC: [8] Undefined index: suffix D:\phpStudy20161103\WWW\cms\Application\Home\Controller\ProductController.class.php 第 25 行.
NOTIC: [2] implode(): Invalid arguments passed D:\phpStudy20161103\WWW\cms\Application\Home\Controller\ProductController.class.php 第 25 行.
NOTIC: [8] Undefined index: StoreName D:\phpStudy20161103\WWW\cms\Application\Home\Controller\ProductController.class.php 第 26 行.
NOTIC: [2] implode(): Invalid arguments passed D:\phpStudy20161103\WWW\cms\Application\Home\Controller\ProductController.class.php 第 26 行.
SQL: select salerrate from Y_Ratemanagement [ RunTime:0.0090s ]
SQL: select * from Y_manger where manger='admin' [ RunTime:0.0100s ]
SQL: select u.username from Y_userDepartment d
            left JOIN Y_user  u ON u.uid=d.uid
            LEFT JOIN Y_user_role ur ON ur.uid=u.Uid
            LEFT JOIN Y_role r ON r.roleid=ur.roleid
             WHERE d.did='2' and r.roleName='销售员' 
             order by u.username asc [ RunTime:0.0120s ]
NOTIC: [8] Undefined variable: userstr D:\phpStudy20161103\WWW\cms\Application\Home\Controller\ProductController.class.php 第 137 行.
SQL: EXEC Z_P_FinancialProfit '','1','2017-07-01','2017-07-31','','''韩珍,胡方芹,胡强,王玉灵,谢倩倩,张灿霞,''','',0,'6.30' [ RunTime:12.8027s ]
INFO: [ view_parse ] --START--
INFO: [ template_filter ] --START--
INFO: Run Behavior\ContentReplaceBehavior [ RunTime:0.000000s ]
INFO: [ template_filter ] --END-- [ RunTime:0.000000s ]
INFO: Run Behavior\ParseTemplateBehavior [ RunTime:0.003000s ]
INFO: [ view_parse ] --END-- [ RunTime:0.003000s ]
INFO: [ view_filter ] --START--
INFO: Run Behavior\WriteHtmlCacheBehavior [ RunTime:0.000000s ]
INFO: [ view_filter ] --END-- [ RunTime:0.000000s ]
INFO: [ app_end ] --START--
INFO: Run Behavior\ShowPageTraceBehavior [ RunTime:0.000000s ]
INFO: [ app_end ] --END-- [ RunTime:0.000000s ]

[ 2017-08-12T15:07:07+08:00 ] 58.246.226.254 /home/product/index.html
INFO: [ app_init ] --START--
INFO: Run Behavior\BuildLiteBehavior [ RunTime:0.000000s ]
INFO: [ app_init ] --END-- [ RunTime:0.000000s ]
INFO: [ app_begin ] --START--
INFO: Run Behavior\ReadHtmlCacheBehavior [ RunTime:0.000000s ]
INFO: [ app_begin ] --END-- [ RunTime:0.000000s ]
NOTIC: [8] Undefined index: suffix D:\phpStudy20161103\WWW\cms\Application\Home\Controller\ProductController.class.php 第 25 行.
NOTIC: [2] implode(): Invalid arguments passed D:\phpStudy20161103\WWW\cms\Application\Home\Controller\ProductController.class.php 第 25 行.
NOTIC: [8] Undefined index: StoreName D:\phpStudy20161103\WWW\cms\Application\Home\Controller\ProductController.class.php 第 26 行.
NOTIC: [2] implode(): Invalid arguments passed D:\phpStudy20161103\WWW\cms\Application\Home\Controller\ProductController.class.php 第 26 行.
SQL: select salerrate from Y_Ratemanagement [ RunTime:0.0080s ]
SQL: select * from Y_manger where manger='admin' [ RunTime:0.0090s ]
SQL: select u.username from Y_userDepartment d
            left JOIN Y_user  u ON u.uid=d.uid
            LEFT JOIN Y_user_role ur ON ur.uid=u.Uid
            LEFT JOIN Y_role r ON r.roleid=ur.roleid
             WHERE d.did='2' and r.roleName='销售员' 
             order by u.username asc [ RunTime:0.0130s ]
NOTIC: [8] Undefined variable: userstr D:\phpStudy20161103\WWW\cms\Application\Home\Controller\ProductController.class.php 第 137 行.
SQL: EXEC Z_P_FinancialProfit '','1','2017-07-01','2017-07-31','','''韩珍,胡方芹,胡强,王玉灵,谢倩倩,张灿霞,''','',0,'6.30' [ RunTime:16.3009s ]
INFO: [ view_parse ] --START--
INFO: [ template_filter ] --START--
INFO: Run Behavior\ContentReplaceBehavior [ RunTime:0.000000s ]
INFO: [ template_filter ] --END-- [ RunTime:0.000000s ]
INFO: Run Behavior\ParseTemplateBehavior [ RunTime:0.004000s ]
INFO: [ view_parse ] --END-- [ RunTime:0.004000s ]
INFO: [ view_filter ] --START--
INFO: Run Behavior\WriteHtmlCacheBehavior [ RunTime:0.000000s ]
INFO: [ view_filter ] --END-- [ RunTime:0.000000s ]
INFO: [ app_end ] --START--
INFO: Run Behavior\ShowPageTraceBehavior [ RunTime:0.001000s ]
INFO: [ app_end ] --END-- [ RunTime:0.001000s ]

[ 2017-08-12T15:07:29+08:00 ] 58.246.226.254 /Home/Product/index2?order=asc
INFO: [ app_init ] --START--
INFO: Run Behavior\BuildLiteBehavior [ RunTime:0.000000s ]
INFO: [ app_init ] --END-- [ RunTime:0.000000s ]
INFO: [ app_begin ] --START--
INFO: Run Behavior\ReadHtmlCacheBehavior [ RunTime:0.000000s ]
INFO: [ app_begin ] --END-- [ RunTime:0.000000s ]
INFO: [ app_end ] --START--
INFO: Run Behavior\ShowPageTraceBehavior [ RunTime:0.000000s ]
INFO: [ app_end ] --END-- [ RunTime:0.001000s ]

[ 2017-08-12T15:08:10+08:00 ] 58.246.226.254 /home/product/index.html
INFO: [ app_init ] --START--
INFO: Run Behavior\BuildLiteBehavior [ RunTime:0.000000s ]
INFO: [ app_init ] --END-- [ RunTime:0.000000s ]
INFO: [ app_begin ] --START--
INFO: Run Behavior\ReadHtmlCacheBehavior [ RunTime:0.000000s ]
INFO: [ app_begin ] --END-- [ RunTime:0.000000s ]
NOTIC: [8] Undefined index: suffix D:\phpStudy20161103\WWW\cms\Application\Home\Controller\ProductController.class.php 第 25 行.
NOTIC: [2] implode(): Invalid arguments passed D:\phpStudy20161103\WWW\cms\Application\Home\Controller\ProductController.class.php 第 25 行.
NOTIC: [8] Undefined index: StoreName D:\phpStudy20161103\WWW\cms\Application\Home\Controller\ProductController.class.php 第 26 行.
NOTIC: [2] implode(): Invalid arguments passed D:\phpStudy20161103\WWW\cms\Application\Home\Controller\ProductController.class.php 第 26 行.
SQL: select salerrate from Y_Ratemanagement [ RunTime:0.0110s ]
SQL: select * from Y_manger where manger='admin' [ RunTime:0.0090s ]
SQL: select u.username from Y_userDepartment d
            left JOIN Y_user  u ON u.uid=d.uid
            LEFT JOIN Y_user_role ur ON ur.uid=u.Uid
            LEFT JOIN Y_role r ON r.roleid=ur.roleid
             WHERE d.did='2' and r.roleName='销售员' 
             order by u.username asc [ RunTime:0.0090s ]
NOTIC: [8] Undefined variable: userstr D:\phpStudy20161103\WWW\cms\Application\Home\Controller\ProductController.class.php 第 137 行.
SQL: EXEC Z_P_FinancialProfit 'Wish','1','2017-07-01','2017-07-31','','''韩珍,胡方芹,胡强,王玉灵,谢倩倩,张灿霞,''','',0,'6.30' [ RunTime:11.4677s ]
INFO: [ view_parse ] --START--
INFO: [ template_filter ] --START--
INFO: Run Behavior\ContentReplaceBehavior [ RunTime:0.000000s ]
INFO: [ template_filter ] --END-- [ RunTime:0.000000s ]
INFO: Run Behavior\ParseTemplateBehavior [ RunTime:0.004000s ]
INFO: [ view_parse ] --END-- [ RunTime:0.004000s ]
INFO: [ view_filter ] --START--
INFO: Run Behavior\WriteHtmlCacheBehavior [ RunTime:0.000000s ]
INFO: [ view_filter ] --END-- [ RunTime:0.000000s ]
INFO: [ app_end ] --START--
INFO: Run Behavior\ShowPageTraceBehavior [ RunTime:0.000000s ]
INFO: [ app_end ] --END-- [ RunTime:0.000000s ]

[ 2017-08-12T15:08:29+08:00 ] 58.246.226.254 /home/product/index.html
INFO: [ app_init ] --START--
INFO: Run Behavior\BuildLiteBehavior [ RunTime:0.000000s ]
INFO: [ app_init ] --END-- [ RunTime:0.000000s ]
INFO: [ app_begin ] --START--
INFO: Run Behavior\ReadHtmlCacheBehavior [ RunTime:0.000000s ]
INFO: [ app_begin ] --END-- [ RunTime:0.000000s ]
NOTIC: [8] Undefined index: suffix D:\phpStudy20161103\WWW\cms\Application\Home\Controller\ProductController.class.php 第 25 行.
NOTIC: [2] implode(): Invalid arguments passed D:\phpStudy20161103\WWW\cms\Application\Home\Controller\ProductController.class.php 第 25 行.
NOTIC: [8] Undefined index: StoreName D:\phpStudy20161103\WWW\cms\Application\Home\Controller\ProductController.class.php 第 26 行.
NOTIC: [2] implode(): Invalid arguments passed D:\phpStudy20161103\WWW\cms\Application\Home\Controller\ProductController.class.php 第 26 行.
SQL: select salerrate from Y_Ratemanagement [ RunTime:0.0090s ]
SQL: select * from Y_manger where manger='admin' [ RunTime:0.0090s ]
SQL: select u.username from Y_userDepartment d
            left JOIN Y_user  u ON u.uid=d.uid
            LEFT JOIN Y_user_role ur ON ur.uid=u.Uid
            LEFT JOIN Y_role r ON r.roleid=ur.roleid
             WHERE d.did='2' and r.roleName='销售员' 
             order by u.username asc [ RunTime:0.0100s ]
NOTIC: [8] Undefined variable: userstr D:\phpStudy20161103\WWW\cms\Application\Home\Controller\ProductController.class.php 第 137 行.
SQL: EXEC Z_P_FinancialProfit 'Wish','1','2017-07-01','2017-07-31','','''韩珍,胡方芹,胡强,王玉灵,谢倩倩,张灿霞,''','',0,'6.30' [ RunTime:18.9551s ]
INFO: [ view_parse ] --START--
INFO: [ template_filter ] --START--
INFO: Run Behavior\ContentReplaceBehavior [ RunTime:0.000000s ]
INFO: [ template_filter ] --END-- [ RunTime:0.000000s ]
INFO: Run Behavior\ParseTemplateBehavior [ RunTime:0.003000s ]
INFO: [ view_parse ] --END-- [ RunTime:0.003000s ]
INFO: [ view_filter ] --START--
INFO: Run Behavior\WriteHtmlCacheBehavior [ RunTime:0.000000s ]
INFO: [ view_filter ] --END-- [ RunTime:0.000000s ]
INFO: [ app_end ] --START--
INFO: Run Behavior\ShowPageTraceBehavior [ RunTime:0.001000s ]
INFO: [ app_end ] --END-- [ RunTime:0.001000s ]

[ 2017-08-12T15:08:50+08:00 ] 58.246.226.254 /Home/Product/index2?order=asc
INFO: [ app_init ] --START--
INFO: Run Behavior\BuildLiteBehavior [ RunTime:0.000000s ]
INFO: [ app_init ] --END-- [ RunTime:0.000000s ]
INFO: [ app_begin ] --START--
INFO: Run Behavior\ReadHtmlCacheBehavior [ RunTime:0.000000s ]
INFO: [ app_begin ] --END-- [ RunTime:0.000000s ]
INFO: [ app_end ] --START--
INFO: Run Behavior\ShowPageTraceBehavior [ RunTime:0.000000s ]
INFO: [ app_end ] --END-- [ RunTime:0.000000s ]

[ 2017-08-12T15:09:26+08:00 ] 58.246.226.254 /home/product/index.html
INFO: [ app_init ] --START--
INFO: Run Behavior\BuildLiteBehavior [ RunTime:0.000000s ]
INFO: [ app_init ] --END-- [ RunTime:0.001000s ]
INFO: [ app_begin ] --START--
INFO: Run Behavior\ReadHtmlCacheBehavior [ RunTime:0.000000s ]
INFO: [ app_begin ] --END-- [ RunTime:0.000000s ]
NOTIC: [8] Undefined index: suffix D:\phpStudy20161103\WWW\cms\Application\Home\Controller\ProductController.class.php 第 25 行.
NOTIC: [2] implode(): Invalid arguments passed D:\phpStudy20161103\WWW\cms\Application\Home\Controller\ProductController.class.php 第 25 行.
NOTIC: [8] Undefined index: StoreName D:\phpStudy20161103\WWW\cms\Application\Home\Controller\ProductController.class.php 第 26 行.
NOTIC: [2] implode(): Invalid arguments passed D:\phpStudy20161103\WWW\cms\Application\Home\Controller\ProductController.class.php 第 26 行.
SQL: select salerrate from Y_Ratemanagement [ RunTime:0.0100s ]
SQL: select * from Y_manger where manger='admin' [ RunTime:0.0090s ]
SQL: select u.username from Y_userDepartment d
            left JOIN Y_user  u ON u.uid=d.uid
            LEFT JOIN Y_user_role ur ON ur.uid=u.Uid
            LEFT JOIN Y_role r ON r.roleid=ur.roleid
             WHERE d.did='2' and r.roleName='销售员' 
             order by u.username asc [ RunTime:0.0090s ]
NOTIC: [8] Undefined variable: userstr D:\phpStudy20161103\WWW\cms\Application\Home\Controller\ProductController.class.php 第 137 行.
SQL: EXEC Z_P_FinancialProfit 'SMT','1','2017-07-01','2017-07-31','','''韩珍,胡方芹,胡强,王玉灵,谢倩倩,张灿霞,''','',0,'6.30' [ RunTime:19.4091s ]
INFO: [ view_parse ] --START--
INFO: [ template_filter ] --START--
INFO: Run Behavior\ContentReplaceBehavior [ RunTime:0.000000s ]
INFO: [ template_filter ] --END-- [ RunTime:0.000000s ]
INFO: Run Behavior\ParseTemplateBehavior [ RunTime:0.003001s ]
INFO: [ view_parse ] --END-- [ RunTime:0.003001s ]
INFO: [ view_filter ] --START--
INFO: Run Behavior\WriteHtmlCacheBehavior [ RunTime:0.000000s ]
INFO: [ view_filter ] --END-- [ RunTime:0.000000s ]
INFO: [ app_end ] --START--
INFO: Run Behavior\ShowPageTraceBehavior [ RunTime:0.000000s ]
INFO: [ app_end ] --END-- [ RunTime:0.000000s ]

[ 2017-08-12T15:09:37+08:00 ] 58.246.226.254 /home/product/index.html
INFO: [ app_init ] --START--
INFO: Run Behavior\BuildLiteBehavior [ RunTime:0.000000s ]
INFO: [ app_init ] --END-- [ RunTime:0.000000s ]
INFO: [ app_begin ] --START--
INFO: Run Behavior\ReadHtmlCacheBehavior [ RunTime:0.000000s ]
INFO: [ app_begin ] --END-- [ RunTime:0.000000s ]
NOTIC: [8] Undefined index: suffix D:\phpStudy20161103\WWW\cms\Application\Home\Controller\ProductController.class.php 第 25 行.
NOTIC: [2] implode(): Invalid arguments passed D:\phpStudy20161103\WWW\cms\Application\Home\Controller\ProductController.class.php 第 25 行.
NOTIC: [8] Undefined index: StoreName D:\phpStudy20161103\WWW\cms\Application\Home\Controller\ProductController.class.php 第 26 行.
NOTIC: [2] implode(): Invalid arguments passed D:\phpStudy20161103\WWW\cms\Application\Home\Controller\ProductController.class.php 第 26 行.
SQL: select salerrate from Y_Ratemanagement [ RunTime:0.0090s ]
SQL: select * from Y_manger where manger='admin' [ RunTime:0.0080s ]
SQL: select u.username from Y_userDepartment d
            left JOIN Y_user  u ON u.uid=d.uid
            LEFT JOIN Y_user_role ur ON ur.uid=u.Uid
            LEFT JOIN Y_role r ON r.roleid=ur.roleid
             WHERE d.did='2' and r.roleName='销售员' 
             order by u.username asc [ RunTime:0.0100s ]
NOTIC: [8] Undefined variable: userstr D:\phpStudy20161103\WWW\cms\Application\Home\Controller\ProductController.class.php 第 137 行.
SQL: EXEC Z_P_FinancialProfit 'SMT','1','2017-07-01','2017-07-31','','''韩珍,胡方芹,胡强,王玉灵,谢倩倩,张灿霞,''','',0,'6.30' [ RunTime:10.7406s ]
INFO: [ view_parse ] --START--
INFO: [ template_filter ] --START--
INFO: Run Behavior\ContentReplaceBehavior [ RunTime:0.000000s ]
INFO: [ template_filter ] --END-- [ RunTime:0.000000s ]
INFO: Run Behavior\ParseTemplateBehavior [ RunTime:0.003000s ]
INFO: [ view_parse ] --END-- [ RunTime:0.003000s ]
INFO: [ view_filter ] --START--
INFO: Run Behavior\WriteHtmlCacheBehavior [ RunTime:0.000000s ]
INFO: [ view_filter ] --END-- [ RunTime:0.000000s ]
INFO: [ app_end ] --START--
INFO: Run Behavior\ShowPageTraceBehavior [ RunTime:0.001000s ]
INFO: [ app_end ] --END-- [ RunTime:0.001000s ]

[ 2017-08-12T15:09:58+08:00 ] 58.246.226.254 /Home/Product/index2?order=asc
INFO: [ app_init ] --START--
INFO: Run Behavior\BuildLiteBehavior [ RunTime:0.000000s ]
INFO: [ app_init ] --END-- [ RunTime:0.001000s ]
INFO: [ app_begin ] --START--
INFO: Run Behavior\ReadHtmlCacheBehavior [ RunTime:0.000000s ]
INFO: [ app_begin ] --END-- [ RunTime:0.000000s ]
INFO: [ app_end ] --START--
INFO: Run Behavior\ShowPageTraceBehavior [ RunTime:0.000000s ]
INFO: [ app_end ] --END-- [ RunTime:0.000000s ]

[ 2017-08-12T16:13:56+08:00 ] 58.246.226.254 /home/users/do_login.html
INFO: [ app_init ] --START--
INFO: Run Behavior\BuildLiteBehavior [ RunTime:0.000000s ]
INFO: [ app_init ] --END-- [ RunTime:0.000000s ]
INFO: [ app_begin ] --START--
INFO: Run Behavior\ReadHtmlCacheBehavior [ RunTime:0.000000s ]
INFO: [ app_begin ] --END-- [ RunTime:0.000000s ]
NOTIC: [8] Undefined index: session_name D:\phpStudy20161103\WWW\cms\Application\Home\Controller\ParentController.class.php 第 43 行.
SQL: SELECT T1.* FROM (SELECT thinkphp.*, ROW_NUMBER() OVER ( ORDER BY rand()) AS ROW_NUMBER FROM (SELECT  * FROM [y_user] WHERE ( username='' ) ) AS thinkphp) AS T1 WHERE (T1.ROW_NUMBER BETWEEN 1 AND 1) [ RunTime:0.0120s ]
INFO: [ view_parse ] --START--
INFO: [ template_filter ] --START--
INFO: Run Behavior\ContentReplaceBehavior [ RunTime:0.000000s ]
INFO: [ template_filter ] --END-- [ RunTime:0.000000s ]
INFO: Run Behavior\ParseTemplateBehavior [ RunTime:0.005000s ]
INFO: [ view_parse ] --END-- [ RunTime:0.005000s ]
INFO: [ view_filter ] --START--
INFO: Run Behavior\WriteHtmlCacheBehavior [ RunTime:0.001000s ]
INFO: [ view_filter ] --END-- [ RunTime:0.001000s ]
INFO: [ app_end ] --START--
INFO: Run Behavior\ShowPageTraceBehavior [ RunTime:0.000000s ]
INFO: [ app_end ] --END-- [ RunTime:0.000000s ]

[ 2017-08-12T16:13:57+08:00 ] 58.246.226.254 /home/users/favicon.ico
INFO: [ app_init ] --START--
INFO: Run Behavior\BuildLiteBehavior [ RunTime:0.000000s ]
INFO: [ app_init ] --END-- [ RunTime:0.000000s ]

[ 2017-08-12T16:13:58+08:00 ] 58.246.226.254 /home/users/do_login.html
INFO: [ app_init ] --START--
INFO: Run Behavior\BuildLiteBehavior [ RunTime:0.000000s ]
INFO: [ app_init ] --END-- [ RunTime:0.000000s ]
INFO: [ app_begin ] --START--
INFO: Run Behavior\ReadHtmlCacheBehavior [ RunTime:0.001000s ]
INFO: [ app_begin ] --END-- [ RunTime:0.001000s ]
NOTIC: [8] Undefined index: session_name D:\phpStudy20161103\WWW\cms\Application\Home\Controller\ParentController.class.php 第 43 行.
SQL: SELECT T1.* FROM (SELECT thinkphp.*, ROW_NUMBER() OVER ( ORDER BY rand()) AS ROW_NUMBER FROM (SELECT  * FROM [y_user] WHERE ( username='刘世丽' ) ) AS thinkphp) AS T1 WHERE (T1.ROW_NUMBER BETWEEN 1 AND 1) [ RunTime:0.0140s ]
SQL: select DISTINCT menuName,menuURL,rm.menuid
                from Y_user u
                LEFT JOIN Y_user_role ur ON ur.uid=u.Uid
                LEFT JOIN Y_role r ON r.roleid=ur.roleid
                LEFT JOIN Y_role_menu rm ON rm.roleid=r.roleid
                LEFT JOIN Y_netprofitmenu npm ON npm.menuid=rm.menuid
                WHERE u.username='刘世丽' 
                ORDER BY rm.menuid [ RunTime:0.0280s ]
INFO: [ view_parse ] --START--
INFO: [ template_filter ] --START--
INFO: Run Behavior\ContentReplaceBehavior [ RunTime:0.000000s ]
INFO: [ template_filter ] --END-- [ RunTime:0.000000s ]
INFO: Run Behavior\ParseTemplateBehavior [ RunTime:0.004000s ]
INFO: [ view_parse ] --END-- [ RunTime:0.004000s ]
INFO: [ view_filter ] --START--
INFO: Run Behavior\WriteHtmlCacheBehavior [ RunTime:0.000000s ]
INFO: [ view_filter ] --END-- [ RunTime:0.000000s ]
INFO: [ app_end ] --START--
INFO: Run Behavior\ShowPageTraceBehavior [ RunTime:0.000000s ]
INFO: [ app_end ] --END-- [ RunTime:0.000000s ]

[ 2017-08-12T16:14:46+08:00 ] 58.246.226.254 /home/product/index.html
INFO: [ app_init ] --START--
INFO: Run Behavior\BuildLiteBehavior [ RunTime:0.000000s ]
INFO: [ app_init ] --END-- [ RunTime:0.001000s ]
INFO: [ app_begin ] --START--
INFO: Run Behavior\ReadHtmlCacheBehavior [ RunTime:0.000000s ]
INFO: [ app_begin ] --END-- [ RunTime:0.000000s ]
NOTIC: [8] Undefined index: suffix D:\phpStudy20161103\WWW\cms\Application\Home\Controller\ProductController.class.php 第 25 行.
NOTIC: [2] implode(): Invalid arguments passed D:\phpStudy20161103\WWW\cms\Application\Home\Controller\ProductController.class.php 第 25 行.
NOTIC: [8] Undefined index: StoreName D:\phpStudy20161103\WWW\cms\Application\Home\Controller\ProductController.class.php 第 26 行.
NOTIC: [2] implode(): Invalid arguments passed D:\phpStudy20161103\WWW\cms\Application\Home\Controller\ProductController.class.php 第 26 行.
SQL: select salerrate from Y_Ratemanagement [ RunTime:0.0120s ]
SQL: select * from Y_manger where manger='刘世丽' [ RunTime:0.0150s ]
SQL: select * from Y_SuffixSalerman WHERE salesman= '刘世丽'  [ RunTime:0.0120s ]
SQL: EXEC Z_P_FinancialProfit '','1','2017-08-01','2017-08-12','''11-newfashion,eBay-A3-shadowchen90,eBay-A4-willyerxie08''','','',0,'6.30' [ RunTime:29.4657s ]
INFO: [ view_parse ] --START--
INFO: [ template_filter ] --START--
INFO: Run Behavior\ContentReplaceBehavior [ RunTime:0.001000s ]
INFO: [ template_filter ] --END-- [ RunTime:0.001000s ]
INFO: Run Behavior\ParseTemplateBehavior [ RunTime:0.003001s ]
INFO: [ view_parse ] --END-- [ RunTime:0.003001s ]
INFO: [ view_filter ] --START--
INFO: Run Behavior\WriteHtmlCacheBehavior [ RunTime:0.000000s ]
INFO: [ view_filter ] --END-- [ RunTime:0.000000s ]
INFO: [ app_end ] --START--
INFO: Run Behavior\ShowPageTraceBehavior [ RunTime:0.001000s ]
INFO: [ app_end ] --END-- [ RunTime:0.001000s ]

[ 2017-08-12T16:15:08+08:00 ] 58.246.226.254 /Home/Product/index2?order=asc
INFO: [ app_init ] --START--
INFO: Run Behavior\BuildLiteBehavior [ RunTime:0.000000s ]
INFO: [ app_init ] --END-- [ RunTime:0.000000s ]
INFO: [ app_begin ] --START--
INFO: Run Behavior\ReadHtmlCacheBehavior [ RunTime:0.000000s ]
INFO: [ app_begin ] --END-- [ RunTime:0.000000s ]
INFO: [ app_end ] --START--
INFO: Run Behavior\ShowPageTraceBehavior [ RunTime:0.000000s ]
INFO: [ app_end ] --END-- [ RunTime:0.000000s ]

[ 2017-08-12T18:03:33+08:00 ] 223.105.4.250 http://112.124.116.170:83/index.php
INFO: [ app_init ] --START--
INFO: Run Behavior\BuildLiteBehavior [ RunTime:0.000000s ]
INFO: [ app_init ] --END-- [ RunTime:0.000000s ]
INFO: [ app_begin ] --START--
INFO: Run Behavior\ReadHtmlCacheBehavior [ RunTime:0.000000s ]
INFO: [ app_begin ] --END-- [ RunTime:0.000000s ]
NOTIC: [8] Undefined index: session_name D:\phpStudy20161103\WWW\cms\Application\Home\Controller\ParentController.class.php 第 43 行.

[ 2017-08-12T20:53:01+08:00 ] 146.185.239.17 /
INFO: [ app_init ] --START--
INFO: Run Behavior\BuildLiteBehavior [ RunTime:0.000000s ]
INFO: [ app_init ] --END-- [ RunTime:0.000000s ]
INFO: [ app_begin ] --START--
INFO: Run Behavior\ReadHtmlCacheBehavior [ RunTime:0.000000s ]
INFO: [ app_begin ] --END-- [ RunTime:0.000000s ]
NOTIC: [8] Undefined index: session_name D:\phpStudy20161103\WWW\cms\Application\Home\Controller\ParentController.class.php 第 43 行.

[ 2017-08-12T22:52:30+08:00 ] 139.162.79.87 /
INFO: [ app_init ] --START--
INFO: Run Behavior\BuildLiteBehavior [ RunTime:0.000000s ]
INFO: [ app_init ] --END-- [ RunTime:0.000000s ]
INFO: [ app_begin ] --START--
INFO: Run Behavior\ReadHtmlCacheBehavior [ RunTime:0.000000s ]
INFO: [ app_begin ] --END-- [ RunTime:0.000000s ]
NOTIC: [8] Undefined index: session_name D:\phpStudy20161103\WWW\cms\Application\Home\Controller\ParentController.class.php 第 43 行.

