[ 2017-11-03T18:05:10+08:00 ] 58.246.226.254 /Ebay/PossessMan2/show_psm_page
INFO: [ app_init ] --START--
INFO: Run Behavior\BuildLiteBehavior [ RunTime:0.000000s ]
INFO: [ app_init ] --END-- [ RunTime:0.000000s ]
INFO: [ app_begin ] --START--
INFO: Run Behavior\ReadHtmlCacheBehavior [ RunTime:0.000000s ]
INFO: [ app_begin ] --END-- [ RunTime:0.000000s ]
SQL: select DISTINCT menuName,menuURL,rm.menuid
                from Y_user u
                LEFT JOIN Y_user_role ur ON ur.uid=u.Uid
                LEFT JOIN Y_role r ON r.roleid=ur.roleid
                LEFT JOIN Y_role_menu rm ON rm.roleid=r.roleid
                LEFT JOIN Y_netprofitmenu npm ON npm.menuid=rm.menuid
                WHERE u.username='admin'
                ORDER BY rm.menuid [ RunTime:0.0280s ]
SQL: select mid from Y_manger WHERE manger='admin' [ RunTime:0.0160s ]
NOTIC: [8] Undefined offset: 0 D:\phpStudy20161103\WWW\cms\Application\Ebay\Controller\PossessMan2Controller.class.php 第 27 行.
SQL: SELECT DISTINCT u.username FROM Y_user u
                              LEFT JOIN Y_user_role ur ON ur.uid=u.Uid
                              LEFT JOIN Y_role r  on r.roleid=ur.roleid
                              WHERE r.roleName='采购员' [ RunTime:0.0180s ]
INFO: [ view_parse ] --START--
INFO: [ template_filter ] --START--
INFO: Run Behavior\ContentReplaceBehavior [ RunTime:0.000000s ]
INFO: [ template_filter ] --END-- [ RunTime:0.000000s ]
INFO: Run Behavior\ParseTemplateBehavior [ RunTime:0.009001s ]
INFO: [ view_parse ] --END-- [ RunTime:0.009001s ]
INFO: [ view_filter ] --START--
INFO: Run Behavior\WriteHtmlCacheBehavior [ RunTime:0.000000s ]
INFO: [ view_filter ] --END-- [ RunTime:0.000000s ]
INFO: [ app_end ] --START--
INFO: Run Behavior\ShowPageTraceBehavior [ RunTime:0.001000s ]
INFO: [ app_end ] --END-- [ RunTime:0.001000s ]

[ 2017-11-03T18:08:50+08:00 ] 58.246.226.254 /Ebay/PossessMan2/show_psm_page
INFO: [ app_init ] --START--
INFO: Run Behavior\BuildLiteBehavior [ RunTime:0.000000s ]
INFO: [ app_init ] --END-- [ RunTime:0.001000s ]
INFO: [ app_begin ] --START--
INFO: Run Behavior\ReadHtmlCacheBehavior [ RunTime:0.002000s ]
INFO: [ app_begin ] --END-- [ RunTime:0.002000s ]
SQL: select DISTINCT menuName,menuURL,rm.menuid
                from Y_user u
                LEFT JOIN Y_user_role ur ON ur.uid=u.Uid
                LEFT JOIN Y_role r ON r.roleid=ur.roleid
                LEFT JOIN Y_role_menu rm ON rm.roleid=r.roleid
                LEFT JOIN Y_netprofitmenu npm ON npm.menuid=rm.menuid
                WHERE u.username='admin'
                ORDER BY rm.menuid [ RunTime:0.0150s ]
SQL: select mid from Y_manger WHERE manger='admin' [ RunTime:0.0160s ]
NOTIC: [8] Undefined offset: 0 D:\phpStudy20161103\WWW\cms\Application\Ebay\Controller\PossessMan2Controller.class.php 第 27 行.
SQL: SELECT DISTINCT u.username FROM Y_user u
                              LEFT JOIN Y_user_role ur ON ur.uid=u.Uid
                              LEFT JOIN Y_role r  on r.roleid=ur.roleid
                              WHERE r.roleName='采购员' [ RunTime:0.0140s ]
INFO: [ view_parse ] --START--
INFO: [ template_filter ] --START--
INFO: Run Behavior\ContentReplaceBehavior [ RunTime:0.001000s ]
INFO: [ template_filter ] --END-- [ RunTime:0.001000s ]
INFO: Run Behavior\ParseTemplateBehavior [ RunTime:0.025002s ]
INFO: [ view_parse ] --END-- [ RunTime:0.025002s ]
INFO: [ view_filter ] --START--
INFO: Run Behavior\WriteHtmlCacheBehavior [ RunTime:0.001000s ]
INFO: [ view_filter ] --END-- [ RunTime:0.001000s ]
INFO: [ app_end ] --START--
INFO: Run Behavior\ShowPageTraceBehavior [ RunTime:0.001000s ]
INFO: [ app_end ] --END-- [ RunTime:0.001000s ]

[ 2017-11-03T18:08:59+08:00 ] 223.167.152.126 /Ebay/PossessMan2/show_psm_page
INFO: [ app_init ] --START--
INFO: Run Behavior\BuildLiteBehavior [ RunTime:0.000000s ]
INFO: [ app_init ] --END-- [ RunTime:0.001000s ]
INFO: [ app_begin ] --START--
INFO: Run Behavior\ReadHtmlCacheBehavior [ RunTime:0.001000s ]
INFO: [ app_begin ] --END-- [ RunTime:0.001000s ]
NOTIC: [8] Undefined index: session_name D:\phpStudy20161103\WWW\cms\Application\Home\Controller\ParentController.class.php 第 43 行.

[ 2017-11-03T18:09:34+08:00 ] 58.246.226.254 /ebay/possess_man2/purchase_netprofit.html
INFO: [ app_init ] --START--
INFO: Run Behavior\BuildLiteBehavior [ RunTime:0.000000s ]
INFO: [ app_init ] --END-- [ RunTime:0.000000s ]
INFO: [ app_begin ] --START--
INFO: Run Behavior\ReadHtmlCacheBehavior [ RunTime:0.001000s ]
INFO: [ app_begin ] --END-- [ RunTime:0.001000s ]
SQL: select * from Y_manger WHERE manger='admin' [ RunTime:0.0150s ]
NOTIC: [8] Undefined offset: 0 D:\phpStudy20161103\WWW\cms\Application\Ebay\Controller\PossessMan2Controller.class.php 第 71 行.
SQL: SELECT DISTINCT u.username FROM Y_user u
                                LEFT JOIN Y_user_role ur ON ur.uid=u.Uid
                                LEFT JOIN Y_role r  on r.roleid=ur.roleid
                                LEFT JOIN Y_userDepartment ud ON ud.Uid=u.Uid
                                LEFT JOIN Y_Department d ON d.Did=ud.Did
                                LEFT JOIN Y_masterDepartment md on md.departmentid=d.Did
                                LEFT JOIN Y_manger m ON md.mangerid=m.mid
                                WHERE r.roleName='采购员' [ RunTime:0.0190s ]
NOTIC: [8] Undefined variable: value D:\phpStudy20161103\WWW\cms\Application\Ebay\Controller\PossessMan2Controller.class.php 第 106 行.
SQL: exec P_YR_PossessMan2Profit '1','2017-09-01','2017-10-31','','','0','eBay','','','','','','0','0','0',0 [ RunTime:25.5665s ]
INFO: [ view_parse ] --START--
INFO: [ template_filter ] --START--
INFO: Run Behavior\ContentReplaceBehavior [ RunTime:0.000000s ]
INFO: [ template_filter ] --END-- [ RunTime:0.000000s ]
INFO: Run Behavior\ParseTemplateBehavior [ RunTime:0.020001s ]
INFO: [ view_parse ] --END-- [ RunTime:0.020001s ]
INFO: [ view_filter ] --START--
INFO: Run Behavior\WriteHtmlCacheBehavior [ RunTime:0.001000s ]
INFO: [ view_filter ] --END-- [ RunTime:0.001000s ]
INFO: [ app_end ] --START--
INFO: Run Behavior\ShowPageTraceBehavior [ RunTime:0.001000s ]
INFO: [ app_end ] --END-- [ RunTime:0.001000s ]

[ 2017-11-03T18:15:54+08:00 ] 58.246.226.254 /Ebay/PossessMan2/show_psm_page
INFO: [ app_init ] --START--
INFO: Run Behavior\BuildLiteBehavior [ RunTime:0.000000s ]
INFO: [ app_init ] --END-- [ RunTime:0.001000s ]
INFO: [ app_begin ] --START--
INFO: Run Behavior\ReadHtmlCacheBehavior [ RunTime:0.001000s ]
INFO: [ app_begin ] --END-- [ RunTime:0.001000s ]
SQL: select DISTINCT menuName,menuURL,rm.menuid
                from Y_user u
                LEFT JOIN Y_user_role ur ON ur.uid=u.Uid
                LEFT JOIN Y_role r ON r.roleid=ur.roleid
                LEFT JOIN Y_role_menu rm ON rm.roleid=r.roleid
                LEFT JOIN Y_netprofitmenu npm ON npm.menuid=rm.menuid
                WHERE u.username='admin'
                ORDER BY rm.menuid [ RunTime:0.0130s ]
SQL: select mid from Y_manger WHERE manger='admin' [ RunTime:0.0120s ]
NOTIC: [8] Undefined offset: 0 D:\phpStudy20161103\WWW\cms\Application\Ebay\Controller\PossessMan2Controller.class.php 第 27 行.
SQL: SELECT DISTINCT u.username FROM Y_user u
                              LEFT JOIN Y_user_role ur ON ur.uid=u.Uid
                              LEFT JOIN Y_role r  on r.roleid=ur.roleid
                              WHERE r.roleName='采购员' [ RunTime:0.0130s ]
INFO: [ view_parse ] --START--
INFO: [ template_filter ] --START--
INFO: Run Behavior\ContentReplaceBehavior [ RunTime:0.001000s ]
INFO: [ template_filter ] --END-- [ RunTime:0.001000s ]
INFO: Run Behavior\ParseTemplateBehavior [ RunTime:0.029002s ]
INFO: [ view_parse ] --END-- [ RunTime:0.029002s ]
INFO: [ view_filter ] --START--
INFO: Run Behavior\WriteHtmlCacheBehavior [ RunTime:0.001000s ]
INFO: [ view_filter ] --END-- [ RunTime:0.001000s ]
INFO: [ app_end ] --START--
INFO: Run Behavior\ShowPageTraceBehavior [ RunTime:0.001000s ]
INFO: [ app_end ] --END-- [ RunTime:0.002000s ]

[ 2017-11-03T18:16:53+08:00 ] 58.246.226.254 /Ebay/PossessMan2/show_psm_page
INFO: [ app_init ] --START--
INFO: Run Behavior\BuildLiteBehavior [ RunTime:0.000000s ]
INFO: [ app_init ] --END-- [ RunTime:0.001000s ]
INFO: [ app_begin ] --START--
INFO: Run Behavior\ReadHtmlCacheBehavior [ RunTime:0.001000s ]
INFO: [ app_begin ] --END-- [ RunTime:0.001000s ]
SQL: select DISTINCT menuName,menuURL,rm.menuid
                from Y_user u
                LEFT JOIN Y_user_role ur ON ur.uid=u.Uid
                LEFT JOIN Y_role r ON r.roleid=ur.roleid
                LEFT JOIN Y_role_menu rm ON rm.roleid=r.roleid
                LEFT JOIN Y_netprofitmenu npm ON npm.menuid=rm.menuid
                WHERE u.username='admin'
                ORDER BY rm.menuid [ RunTime:0.0150s ]
SQL: select mid from Y_manger WHERE manger='admin' [ RunTime:0.0190s ]
NOTIC: [8] Undefined offset: 0 D:\phpStudy20161103\WWW\cms\Application\Ebay\Controller\PossessMan2Controller.class.php 第 27 行.
SQL: SELECT DISTINCT u.username FROM Y_user u
                              LEFT JOIN Y_user_role ur ON ur.uid=u.Uid
                              LEFT JOIN Y_role r  on r.roleid=ur.roleid
                              WHERE r.roleName='采购员' [ RunTime:0.0200s ]
INFO: [ view_parse ] --START--
INFO: [ template_filter ] --START--
INFO: Run Behavior\ContentReplaceBehavior [ RunTime:0.000000s ]
INFO: [ template_filter ] --END-- [ RunTime:0.000000s ]
INFO: Run Behavior\ParseTemplateBehavior [ RunTime:0.025001s ]
INFO: [ view_parse ] --END-- [ RunTime:0.025001s ]
INFO: [ view_filter ] --START--
INFO: Run Behavior\WriteHtmlCacheBehavior [ RunTime:0.000000s ]
INFO: [ view_filter ] --END-- [ RunTime:0.000000s ]
INFO: [ app_end ] --START--
INFO: Run Behavior\ShowPageTraceBehavior [ RunTime:0.001000s ]
INFO: [ app_end ] --END-- [ RunTime:0.001000s ]

[ 2017-11-03T18:17:06+08:00 ] 58.246.226.254 /ebay/possess_man2/purchase_netprofit.html
INFO: [ app_init ] --START--
INFO: Run Behavior\BuildLiteBehavior [ RunTime:0.000000s ]
INFO: [ app_init ] --END-- [ RunTime:0.000000s ]
INFO: [ app_begin ] --START--
INFO: Run Behavior\ReadHtmlCacheBehavior [ RunTime:0.001000s ]
INFO: [ app_begin ] --END-- [ RunTime:0.001000s ]
SQL: select * from Y_manger WHERE manger='admin' [ RunTime:0.0130s ]
NOTIC: [8] Undefined offset: 0 D:\phpStudy20161103\WWW\cms\Application\Ebay\Controller\PossessMan2Controller.class.php 第 71 行.
SQL: SELECT DISTINCT u.username FROM Y_user u
                                LEFT JOIN Y_user_role ur ON ur.uid=u.Uid
                                LEFT JOIN Y_role r  on r.roleid=ur.roleid
                                LEFT JOIN Y_userDepartment ud ON ud.Uid=u.Uid
                                LEFT JOIN Y_Department d ON d.Did=ud.Did
                                LEFT JOIN Y_masterDepartment md on md.departmentid=d.Did
                                LEFT JOIN Y_manger m ON md.mangerid=m.mid
                                WHERE r.roleName='采购员' [ RunTime:0.0130s ]
NOTIC: [8] Undefined variable: value D:\phpStudy20161103\WWW\cms\Application\Ebay\Controller\PossessMan2Controller.class.php 第 106 行.
SQL: exec P_YR_PossessMan2Profit '1','2017-10-01','2017-10-31','','','0','eBay','','','','','','0','0','0',0 [ RunTime:4.1982s ]
INFO: [ view_parse ] --START--
INFO: [ template_filter ] --START--
INFO: Run Behavior\ContentReplaceBehavior [ RunTime:0.000000s ]
INFO: [ template_filter ] --END-- [ RunTime:0.000000s ]
INFO: Run Behavior\ParseTemplateBehavior [ RunTime:0.020001s ]
INFO: [ view_parse ] --END-- [ RunTime:0.020001s ]
INFO: [ view_filter ] --START--
INFO: Run Behavior\WriteHtmlCacheBehavior [ RunTime:0.000000s ]
INFO: [ view_filter ] --END-- [ RunTime:0.000000s ]
INFO: [ app_end ] --START--
INFO: Run Behavior\ShowPageTraceBehavior [ RunTime:0.002000s ]
INFO: [ app_end ] --END-- [ RunTime:0.002000s ]

[ 2017-11-03T18:22:09+08:00 ] 58.246.226.254 /Ebay/PossessMan2/show_psm_page
INFO: [ app_init ] --START--
INFO: Run Behavior\BuildLiteBehavior [ RunTime:0.000000s ]
INFO: [ app_init ] --END-- [ RunTime:0.000000s ]
INFO: [ app_begin ] --START--
INFO: Run Behavior\ReadHtmlCacheBehavior [ RunTime:0.000000s ]
INFO: [ app_begin ] --END-- [ RunTime:0.000000s ]
SQL: select DISTINCT menuName,menuURL,rm.menuid
                from Y_user u
                LEFT JOIN Y_user_role ur ON ur.uid=u.Uid
                LEFT JOIN Y_role r ON r.roleid=ur.roleid
                LEFT JOIN Y_role_menu rm ON rm.roleid=r.roleid
                LEFT JOIN Y_netprofitmenu npm ON npm.menuid=rm.menuid
                WHERE u.username='admin'
                ORDER BY rm.menuid [ RunTime:0.0130s ]
SQL: select mid from Y_manger WHERE manger='admin' [ RunTime:0.0130s ]
NOTIC: [8] Undefined offset: 0 D:\phpStudy20161103\WWW\cms\Application\Ebay\Controller\PossessMan2Controller.class.php 第 27 行.
SQL: SELECT DISTINCT u.username FROM Y_user u
                              LEFT JOIN Y_user_role ur ON ur.uid=u.Uid
                              LEFT JOIN Y_role r  on r.roleid=ur.roleid
                              WHERE r.roleName='采购员' [ RunTime:0.0130s ]
INFO: [ view_parse ] --START--
INFO: [ template_filter ] --START--
INFO: Run Behavior\ContentReplaceBehavior [ RunTime:0.000000s ]
INFO: [ template_filter ] --END-- [ RunTime:0.000000s ]
INFO: Run Behavior\ParseTemplateBehavior [ RunTime:0.018001s ]
INFO: [ view_parse ] --END-- [ RunTime:0.018001s ]
INFO: [ view_filter ] --START--
INFO: Run Behavior\WriteHtmlCacheBehavior [ RunTime:0.000000s ]
INFO: [ view_filter ] --END-- [ RunTime:0.000000s ]
INFO: [ app_end ] --START--
INFO: Run Behavior\ShowPageTraceBehavior [ RunTime:0.001000s ]
INFO: [ app_end ] --END-- [ RunTime:0.001000s ]

[ 2017-11-03T18:22:26+08:00 ] 58.246.226.254 /ebay/possess_man2/purchase_netprofit.html
INFO: [ app_init ] --START--
INFO: Run Behavior\BuildLiteBehavior [ RunTime:0.000000s ]
INFO: [ app_init ] --END-- [ RunTime:0.000000s ]
INFO: [ app_begin ] --START--
INFO: Run Behavior\ReadHtmlCacheBehavior [ RunTime:0.000000s ]
INFO: [ app_begin ] --END-- [ RunTime:0.000000s ]
SQL: select * from Y_manger WHERE manger='admin' [ RunTime:0.0120s ]
NOTIC: [8] Undefined offset: 0 D:\phpStudy20161103\WWW\cms\Application\Ebay\Controller\PossessMan2Controller.class.php 第 71 行.
SQL: SELECT DISTINCT u.username FROM Y_user u
                                LEFT JOIN Y_user_role ur ON ur.uid=u.Uid
                                LEFT JOIN Y_role r  on r.roleid=ur.roleid
                                LEFT JOIN Y_userDepartment ud ON ud.Uid=u.Uid
                                LEFT JOIN Y_Department d ON d.Did=ud.Did
                                LEFT JOIN Y_masterDepartment md on md.departmentid=d.Did
                                LEFT JOIN Y_manger m ON md.mangerid=m.mid
                                WHERE r.roleName='采购员' [ RunTime:0.0130s ]
NOTIC: [8] Undefined variable: value D:\phpStudy20161103\WWW\cms\Application\Ebay\Controller\PossessMan2Controller.class.php 第 106 行.
SQL: exec P_YR_PossessMan2Profit '1','2017-10-01','2017-10-31','','','0','eBay','','','','','','0','0','0',0 [ RunTime:4.5273s ]
INFO: [ view_parse ] --START--
INFO: [ template_filter ] --START--
INFO: Run Behavior\ContentReplaceBehavior [ RunTime:0.000000s ]
INFO: [ template_filter ] --END-- [ RunTime:0.000000s ]
INFO: Run Behavior\ParseTemplateBehavior [ RunTime:0.021002s ]
INFO: [ view_parse ] --END-- [ RunTime:0.021002s ]
INFO: [ view_filter ] --START--
INFO: Run Behavior\WriteHtmlCacheBehavior [ RunTime:0.000000s ]
INFO: [ view_filter ] --END-- [ RunTime:0.001000s ]
INFO: [ app_end ] --START--
INFO: Run Behavior\ShowPageTraceBehavior [ RunTime:0.002000s ]
INFO: [ app_end ] --END-- [ RunTime:0.002000s ]

[ 2017-11-03T18:23:40+08:00 ] 58.246.226.254 /ebay/possess_man2/purchase_netprofit.html
INFO: [ app_init ] --START--
INFO: Run Behavior\BuildLiteBehavior [ RunTime:0.000000s ]
INFO: [ app_init ] --END-- [ RunTime:0.000000s ]
INFO: [ app_begin ] --START--
INFO: Run Behavior\ReadHtmlCacheBehavior [ RunTime:0.001000s ]
INFO: [ app_begin ] --END-- [ RunTime:0.001000s ]
SQL: select * from Y_manger WHERE manger='admin' [ RunTime:0.0120s ]
NOTIC: [8] Undefined offset: 0 D:\phpStudy20161103\WWW\cms\Application\Ebay\Controller\PossessMan2Controller.class.php 第 71 行.
SQL: SELECT DISTINCT u.username FROM Y_user u
                                LEFT JOIN Y_user_role ur ON ur.uid=u.Uid
                                LEFT JOIN Y_role r  on r.roleid=ur.roleid
                                LEFT JOIN Y_userDepartment ud ON ud.Uid=u.Uid
                                LEFT JOIN Y_Department d ON d.Did=ud.Did
                                LEFT JOIN Y_masterDepartment md on md.departmentid=d.Did
                                LEFT JOIN Y_manger m ON md.mangerid=m.mid
                                WHERE r.roleName='采购员' [ RunTime:0.0140s ]
NOTIC: [8] Undefined variable: value D:\phpStudy20161103\WWW\cms\Application\Ebay\Controller\PossessMan2Controller.class.php 第 106 行.

[ 2017-11-03T18:27:51+08:00 ] 58.246.226.254 /Ebay/PossessMan2/show_psm_page
INFO: [ app_init ] --START--
INFO: Run Behavior\BuildLiteBehavior [ RunTime:0.000000s ]
INFO: [ app_init ] --END-- [ RunTime:0.000000s ]
INFO: [ app_begin ] --START--
INFO: Run Behavior\ReadHtmlCacheBehavior [ RunTime:0.000000s ]
INFO: [ app_begin ] --END-- [ RunTime:0.000000s ]
SQL: select DISTINCT menuName,menuURL,rm.menuid
                from Y_user u
                LEFT JOIN Y_user_role ur ON ur.uid=u.Uid
                LEFT JOIN Y_role r ON r.roleid=ur.roleid
                LEFT JOIN Y_role_menu rm ON rm.roleid=r.roleid
                LEFT JOIN Y_netprofitmenu npm ON npm.menuid=rm.menuid
                WHERE u.username='admin'
                ORDER BY rm.menuid [ RunTime:0.0160s ]
SQL: select mid from Y_manger WHERE manger='admin' [ RunTime:0.0150s ]
NOTIC: [8] Undefined offset: 0 D:\phpStudy20161103\WWW\cms\Application\Ebay\Controller\PossessMan2Controller.class.php 第 27 行.
SQL: SELECT DISTINCT u.username FROM Y_user u
                              LEFT JOIN Y_user_role ur ON ur.uid=u.Uid
                              LEFT JOIN Y_role r  on r.roleid=ur.roleid
                              WHERE r.roleName='采购员' [ RunTime:0.0150s ]
INFO: [ view_parse ] --START--
INFO: [ template_filter ] --START--
INFO: Run Behavior\ContentReplaceBehavior [ RunTime:0.000000s ]
INFO: [ template_filter ] --END-- [ RunTime:0.000000s ]
INFO: Run Behavior\ParseTemplateBehavior [ RunTime:0.021001s ]
INFO: [ view_parse ] --END-- [ RunTime:0.021001s ]
INFO: [ view_filter ] --START--
INFO: Run Behavior\WriteHtmlCacheBehavior [ RunTime:0.000000s ]
INFO: [ view_filter ] --END-- [ RunTime:0.000000s ]
INFO: [ app_end ] --START--
INFO: Run Behavior\ShowPageTraceBehavior [ RunTime:0.001000s ]
INFO: [ app_end ] --END-- [ RunTime:0.001000s ]

[ 2017-11-03T18:28:08+08:00 ] 58.246.226.254 /Ebay/PossessMan2/show_psm_page
INFO: [ app_init ] --START--
INFO: Run Behavior\BuildLiteBehavior [ RunTime:0.000000s ]
INFO: [ app_init ] --END-- [ RunTime:0.000000s ]
INFO: [ app_begin ] --START--
INFO: Run Behavior\ReadHtmlCacheBehavior [ RunTime:0.001000s ]
INFO: [ app_begin ] --END-- [ RunTime:0.001000s ]
SQL: select DISTINCT menuName,menuURL,rm.menuid
                from Y_user u
                LEFT JOIN Y_user_role ur ON ur.uid=u.Uid
                LEFT JOIN Y_role r ON r.roleid=ur.roleid
                LEFT JOIN Y_role_menu rm ON rm.roleid=r.roleid
                LEFT JOIN Y_netprofitmenu npm ON npm.menuid=rm.menuid
                WHERE u.username='admin'
                ORDER BY rm.menuid [ RunTime:0.0170s ]
SQL: select mid from Y_manger WHERE manger='admin' [ RunTime:0.0140s ]
NOTIC: [8] Undefined offset: 0 D:\phpStudy20161103\WWW\cms\Application\Ebay\Controller\PossessMan2Controller.class.php 第 27 行.
SQL: SELECT DISTINCT u.username FROM Y_user u
                              LEFT JOIN Y_user_role ur ON ur.uid=u.Uid
                              LEFT JOIN Y_role r  on r.roleid=ur.roleid
                              WHERE r.roleName='采购员' [ RunTime:0.0160s ]
INFO: [ view_parse ] --START--
INFO: [ template_filter ] --START--
INFO: Run Behavior\ContentReplaceBehavior [ RunTime:0.000000s ]
INFO: [ template_filter ] --END-- [ RunTime:0.001000s ]
INFO: Run Behavior\ParseTemplateBehavior [ RunTime:0.029002s ]
INFO: [ view_parse ] --END-- [ RunTime:0.029002s ]
INFO: [ view_filter ] --START--
INFO: Run Behavior\WriteHtmlCacheBehavior [ RunTime:0.001000s ]
INFO: [ view_filter ] --END-- [ RunTime:0.001000s ]
INFO: [ app_end ] --START--
INFO: Run Behavior\ShowPageTraceBehavior [ RunTime:0.001000s ]
INFO: [ app_end ] --END-- [ RunTime:0.001000s ]

[ 2017-11-03T18:28:24+08:00 ] 58.246.226.254 /ebay/possess_man2/purchase_netprofit.html
INFO: [ app_init ] --START--
INFO: Run Behavior\BuildLiteBehavior [ RunTime:0.000000s ]
INFO: [ app_init ] --END-- [ RunTime:0.001000s ]
INFO: [ app_begin ] --START--
INFO: Run Behavior\ReadHtmlCacheBehavior [ RunTime:0.000000s ]
INFO: [ app_begin ] --END-- [ RunTime:0.000000s ]
SQL: select * from Y_manger WHERE manger='admin' [ RunTime:0.0150s ]
NOTIC: [8] Undefined offset: 0 D:\phpStudy20161103\WWW\cms\Application\Ebay\Controller\PossessMan2Controller.class.php 第 71 行.
SQL: SELECT DISTINCT u.username FROM Y_user u
                                LEFT JOIN Y_user_role ur ON ur.uid=u.Uid
                                LEFT JOIN Y_role r  on r.roleid=ur.roleid
                                LEFT JOIN Y_userDepartment ud ON ud.Uid=u.Uid
                                LEFT JOIN Y_Department d ON d.Did=ud.Did
                                LEFT JOIN Y_masterDepartment md on md.departmentid=d.Did
                                LEFT JOIN Y_manger m ON md.mangerid=m.mid
                                WHERE r.roleName='采购员' [ RunTime:0.0150s ]
NOTIC: [8] Undefined variable: value D:\phpStudy20161103\WWW\cms\Application\Ebay\Controller\PossessMan2Controller.class.php 第 106 行.
SQL: exec P_YR_PossessMan2Profit '1','2017-10-01','2017-10-31','','','0','eBay','','','','','','0','0','0',0 [ RunTime:6.6794s ]
INFO: [ view_parse ] --START--
INFO: [ template_filter ] --START--
INFO: Run Behavior\ContentReplaceBehavior [ RunTime:0.000000s ]
INFO: [ template_filter ] --END-- [ RunTime:0.000000s ]
INFO: Run Behavior\ParseTemplateBehavior [ RunTime:0.020001s ]
INFO: [ view_parse ] --END-- [ RunTime:0.020001s ]
INFO: [ view_filter ] --START--
INFO: Run Behavior\WriteHtmlCacheBehavior [ RunTime:0.001000s ]
INFO: [ view_filter ] --END-- [ RunTime:0.001000s ]
INFO: [ app_end ] --START--
INFO: Run Behavior\ShowPageTraceBehavior [ RunTime:0.002000s ]
INFO: [ app_end ] --END-- [ RunTime:0.002000s ]

[ 2017-11-03T18:29:08+08:00 ] 58.246.226.254 /ebay/possess_man2/purchase_netprofit.html
INFO: [ app_init ] --START--
INFO: Run Behavior\BuildLiteBehavior [ RunTime:0.000000s ]
INFO: [ app_init ] --END-- [ RunTime:0.001000s ]
INFO: [ app_begin ] --START--
INFO: Run Behavior\ReadHtmlCacheBehavior [ RunTime:0.000000s ]
INFO: [ app_begin ] --END-- [ RunTime:0.000000s ]
SQL: select * from Y_manger WHERE manger='admin' [ RunTime:0.0140s ]
NOTIC: [8] Undefined offset: 0 D:\phpStudy20161103\WWW\cms\Application\Ebay\Controller\PossessMan2Controller.class.php 第 71 行.
SQL: SELECT DISTINCT u.username FROM Y_user u
                                LEFT JOIN Y_user_role ur ON ur.uid=u.Uid
                                LEFT JOIN Y_role r  on r.roleid=ur.roleid
                                LEFT JOIN Y_userDepartment ud ON ud.Uid=u.Uid
                                LEFT JOIN Y_Department d ON d.Did=ud.Did
                                LEFT JOIN Y_masterDepartment md on md.departmentid=d.Did
                                LEFT JOIN Y_manger m ON md.mangerid=m.mid
                                WHERE r.roleName='采购员' [ RunTime:0.0150s ]
NOTIC: [8] Undefined variable: value D:\phpStudy20161103\WWW\cms\Application\Ebay\Controller\PossessMan2Controller.class.php 第 106 行.
SQL: exec P_YR_PossessMan2Profit '1','2017-09-01','2017-10-31','','','0','eBay','','','','','','0','0','0',0 [ RunTime:5.0383s ]
INFO: [ view_parse ] --START--
INFO: [ template_filter ] --START--
INFO: Run Behavior\ContentReplaceBehavior [ RunTime:0.000000s ]
INFO: [ template_filter ] --END-- [ RunTime:0.000000s ]
INFO: Run Behavior\ParseTemplateBehavior [ RunTime:0.023001s ]
INFO: [ view_parse ] --END-- [ RunTime:0.023001s ]
INFO: [ view_filter ] --START--
INFO: Run Behavior\WriteHtmlCacheBehavior [ RunTime:0.001000s ]
INFO: [ view_filter ] --END-- [ RunTime:0.001000s ]
INFO: [ app_end ] --START--
INFO: Run Behavior\ShowPageTraceBehavior [ RunTime:0.001000s ]
INFO: [ app_end ] --END-- [ RunTime:0.001000s ]

