[ 2017-04-03T11:18:22+08:00 ] 127.0.0.1 /Possess/PossessMan/show_ui_page
INFO: [ app_init ] --START--
INFO: Run Behavior\BuildLiteBehavior [ RunTime:0.000000s ]
INFO: [ app_init ] --END-- [ RunTime:0.000000s ]
INFO: [ app_begin ] --START--
INFO: Run Behavior\ReadHtmlCacheBehavior [ RunTime:0.000000s ]
INFO: [ app_begin ] --END-- [ RunTime:0.000000s ]
SQL: select DISTINCT menuName,menuURL,rm.menuid
                from Y_user u
                LEFT JOIN Y_user_role ur ON ur.uid=u.Uid
                LEFT JOIN Y_role r ON r.roleid=ur.roleid
                LEFT JOIN Y_role_menu rm ON rm.roleid=r.roleid
                LEFT JOIN Y_netprofitmenu npm ON npm.menuid=rm.menuid
                WHERE u.username='admin' 
                ORDER BY rm.menuid [ RunTime:0.0130s ]
SQL: select mid from Y_manger WHERE manger='admin' [ RunTime:0.0130s ]
NOTIC: [8] Undefined offset: 0 D:\phpStudy20161103\WWW\tp3\Application\Possess\Controller\PossessManController.class.php 第 28 行.
SQL: SELECT DISTINCT d.Dname, u.username,d.Did FROM Y_userDepartment ud
                    LEFT JOIN Y_user u on  u.uid=ud.uid
                    LEFT JOIN Y_Department d on ud.Did=d.Did
                    LEFT JOIN Y_user_role ur ON ur.uid=u.Uid
                    LEFT JOIN Y_role r  on r.roleid=ur.roleid
                    WHERE  roleName='美工'
                    ORDER BY d.Did [ RunTime:0.0260s ]
INFO: [ view_parse ] --START--
INFO: [ template_filter ] --START--
INFO: Run Behavior\ContentReplaceBehavior [ RunTime:0.000000s ]
INFO: [ template_filter ] --END-- [ RunTime:0.001001s ]
INFO: Run Behavior\ParseTemplateBehavior [ RunTime:0.025002s ]
INFO: [ view_parse ] --END-- [ RunTime:0.025002s ]
INFO: [ view_filter ] --START--
INFO: Run Behavior\WriteHtmlCacheBehavior [ RunTime:0.000000s ]
INFO: [ view_filter ] --END-- [ RunTime:0.000000s ]
INFO: [ app_end ] --START--
INFO: Run Behavior\ShowPageTraceBehavior [ RunTime:0.000000s ]
INFO: [ app_end ] --END-- [ RunTime:0.001000s ]

[ 2017-04-03T13:45:48+08:00 ] 127.0.0.1 /Possess/PossessMan/show_ui_page
INFO: [ app_init ] --START--
INFO: Run Behavior\BuildLiteBehavior [ RunTime:0.000000s ]
INFO: [ app_init ] --END-- [ RunTime:0.000000s ]
INFO: [ app_begin ] --START--
INFO: Run Behavior\ReadHtmlCacheBehavior [ RunTime:0.001000s ]
INFO: [ app_begin ] --END-- [ RunTime:0.001000s ]
SQL: select DISTINCT menuName,menuURL,rm.menuid
                from Y_user u
                LEFT JOIN Y_user_role ur ON ur.uid=u.Uid
                LEFT JOIN Y_role r ON r.roleid=ur.roleid
                LEFT JOIN Y_role_menu rm ON rm.roleid=r.roleid
                LEFT JOIN Y_netprofitmenu npm ON npm.menuid=rm.menuid
                WHERE u.username='admin' 
                ORDER BY rm.menuid [ RunTime:0.0140s ]
SQL: select mid from Y_manger WHERE manger='admin' [ RunTime:0.0130s ]
NOTIC: [8] Undefined offset: 0 D:\phpStudy20161103\WWW\tp3\Application\Possess\Controller\PossessManController.class.php 第 28 行.
SQL: SELECT DISTINCT d.Dname, u.username,d.Did FROM Y_userDepartment ud
                    LEFT JOIN Y_user u on  u.uid=ud.uid
                    LEFT JOIN Y_Department d on ud.Did=d.Did
                    LEFT JOIN Y_user_role ur ON ur.uid=u.Uid
                    LEFT JOIN Y_role r  on r.roleid=ur.roleid
                    WHERE  roleName='美工'
                    ORDER BY d.Did [ RunTime:0.0240s ]
INFO: [ view_parse ] --START--
INFO: [ template_filter ] --START--
INFO: Run Behavior\ContentReplaceBehavior [ RunTime:0.000000s ]
INFO: [ template_filter ] --END-- [ RunTime:0.000000s ]
INFO: Run Behavior\ParseTemplateBehavior [ RunTime:0.014000s ]
INFO: [ view_parse ] --END-- [ RunTime:0.014000s ]
INFO: [ view_filter ] --START--
INFO: Run Behavior\WriteHtmlCacheBehavior [ RunTime:0.000000s ]
INFO: [ view_filter ] --END-- [ RunTime:0.000000s ]
INFO: [ app_end ] --START--
INFO: Run Behavior\ShowPageTraceBehavior [ RunTime:0.001000s ]
INFO: [ app_end ] --END-- [ RunTime:0.001000s ]

[ 2017-04-03T13:53:09+08:00 ] 58.246.226.254 /Possess/PossessMan/show_ui_page
INFO: [ app_init ] --START--
INFO: Run Behavior\BuildLiteBehavior [ RunTime:0.000000s ]
INFO: [ app_init ] --END-- [ RunTime:0.001000s ]
INFO: [ app_begin ] --START--
INFO: Run Behavior\ReadHtmlCacheBehavior [ RunTime:0.001000s ]
INFO: [ app_begin ] --END-- [ RunTime:0.001000s ]
SQL: select DISTINCT menuName,menuURL,rm.menuid
                from Y_user u
                LEFT JOIN Y_user_role ur ON ur.uid=u.Uid
                LEFT JOIN Y_role r ON r.roleid=ur.roleid
                LEFT JOIN Y_role_menu rm ON rm.roleid=r.roleid
                LEFT JOIN Y_netprofitmenu npm ON npm.menuid=rm.menuid
                WHERE u.username='尚显贝' 
                ORDER BY rm.menuid [ RunTime:0.0140s ]
SQL: select mid from Y_manger WHERE manger='尚显贝' [ RunTime:0.0120s ]
SQL: SELECT DISTINCT u.username,d.Did,d.Dname FROM Y_userDepartment ud
                                        LEFT JOIN Y_user u on  u.uid=ud.uid
                                        LEFT JOIN Y_Department d on ud.Did=d.Did
                                        LEFT JOIN Y_user_role ur ON ur.uid=u.Uid
                                        LEFT JOIN Y_role r  on r.roleid=ur.roleid
                                        LEFT JOIN Y_masterDepartment md on md.departmentid=d.Did
                                        LEFT JOIN Y_manger m ON md.mangerid=m.mid
                                        WHERE  roleName='美工'
                                        AND mangerid='6'
                                        ORDER BY d.Did [ RunTime:0.0250s ]
NOTIC: [8] Undefined variable: did D:\phpStudy20161103\WWW\cms\Application\Possess\Controller\PossessManController.class.php 第 85 行.
NOTIC: [2] array_unique() expects parameter 1 to be array, null given D:\phpStudy20161103\WWW\cms\Application\Possess\Controller\PossessManController.class.php 第 85 行.
NOTIC: [8] Undefined variable: dname D:\phpStudy20161103\WWW\cms\Application\Possess\Controller\PossessManController.class.php 第 86 行.
NOTIC: [2] array_unique() expects parameter 1 to be array, null given D:\phpStudy20161103\WWW\cms\Application\Possess\Controller\PossessManController.class.php 第 86 行.
NOTIC: [8] Undefined variable: pos D:\phpStudy20161103\WWW\cms\Application\Possess\Controller\PossessManController.class.php 第 87 行.
NOTIC: [2] array_unique() expects parameter 1 to be array, null given D:\phpStudy20161103\WWW\cms\Application\Possess\Controller\PossessManController.class.php 第 87 行.
NOTIC: [2] array_combine() expects parameter 1 to be array, null given D:\phpStudy20161103\WWW\cms\Application\Possess\Controller\PossessManController.class.php 第 88 行.
NOTIC: [2] ksort() expects parameter 1 to be array, null given D:\phpStudy20161103\WWW\cms\Application\Possess\Controller\PossessManController.class.php 第 89 行.
INFO: [ view_parse ] --START--
INFO: [ template_filter ] --START--
INFO: Run Behavior\ContentReplaceBehavior [ RunTime:0.000000s ]
INFO: [ template_filter ] --END-- [ RunTime:0.000000s ]
INFO: Run Behavior\ParseTemplateBehavior [ RunTime:0.020002s ]
INFO: [ view_parse ] --END-- [ RunTime:0.020002s ]
INFO: [ view_filter ] --START--
INFO: Run Behavior\WriteHtmlCacheBehavior [ RunTime:0.001000s ]
INFO: [ view_filter ] --END-- [ RunTime:0.001000s ]
INFO: [ app_end ] --START--
INFO: Run Behavior\ShowPageTraceBehavior [ RunTime:0.001000s ]
INFO: [ app_end ] --END-- [ RunTime:0.001000s ]

[ 2017-04-03T13:53:11+08:00 ] 58.246.226.254 /Possess/PossessMan/show_ui_page
INFO: [ app_init ] --START--
INFO: Run Behavior\BuildLiteBehavior [ RunTime:0.000000s ]
INFO: [ app_init ] --END-- [ RunTime:0.001000s ]
INFO: [ app_begin ] --START--
INFO: Run Behavior\ReadHtmlCacheBehavior [ RunTime:0.001000s ]
INFO: [ app_begin ] --END-- [ RunTime:0.001000s ]
SQL: select DISTINCT menuName,menuURL,rm.menuid
                from Y_user u
                LEFT JOIN Y_user_role ur ON ur.uid=u.Uid
                LEFT JOIN Y_role r ON r.roleid=ur.roleid
                LEFT JOIN Y_role_menu rm ON rm.roleid=r.roleid
                LEFT JOIN Y_netprofitmenu npm ON npm.menuid=rm.menuid
                WHERE u.username='尚显贝' 
                ORDER BY rm.menuid [ RunTime:0.0120s ]
SQL: select mid from Y_manger WHERE manger='尚显贝' [ RunTime:0.0120s ]
SQL: SELECT DISTINCT u.username,d.Did,d.Dname FROM Y_userDepartment ud
                                        LEFT JOIN Y_user u on  u.uid=ud.uid
                                        LEFT JOIN Y_Department d on ud.Did=d.Did
                                        LEFT JOIN Y_user_role ur ON ur.uid=u.Uid
                                        LEFT JOIN Y_role r  on r.roleid=ur.roleid
                                        LEFT JOIN Y_masterDepartment md on md.departmentid=d.Did
                                        LEFT JOIN Y_manger m ON md.mangerid=m.mid
                                        WHERE  roleName='美工'
                                        AND mangerid='6'
                                        ORDER BY d.Did [ RunTime:0.0130s ]
NOTIC: [8] Undefined variable: did D:\phpStudy20161103\WWW\cms\Application\Possess\Controller\PossessManController.class.php 第 85 行.
NOTIC: [2] array_unique() expects parameter 1 to be array, null given D:\phpStudy20161103\WWW\cms\Application\Possess\Controller\PossessManController.class.php 第 85 行.
NOTIC: [8] Undefined variable: dname D:\phpStudy20161103\WWW\cms\Application\Possess\Controller\PossessManController.class.php 第 86 行.
NOTIC: [2] array_unique() expects parameter 1 to be array, null given D:\phpStudy20161103\WWW\cms\Application\Possess\Controller\PossessManController.class.php 第 86 行.
NOTIC: [8] Undefined variable: pos D:\phpStudy20161103\WWW\cms\Application\Possess\Controller\PossessManController.class.php 第 87 行.
NOTIC: [2] array_unique() expects parameter 1 to be array, null given D:\phpStudy20161103\WWW\cms\Application\Possess\Controller\PossessManController.class.php 第 87 行.
NOTIC: [2] array_combine() expects parameter 1 to be array, null given D:\phpStudy20161103\WWW\cms\Application\Possess\Controller\PossessManController.class.php 第 88 行.
NOTIC: [2] ksort() expects parameter 1 to be array, null given D:\phpStudy20161103\WWW\cms\Application\Possess\Controller\PossessManController.class.php 第 89 行.
INFO: [ view_parse ] --START--
INFO: [ template_filter ] --START--
INFO: Run Behavior\ContentReplaceBehavior [ RunTime:0.000000s ]
INFO: [ template_filter ] --END-- [ RunTime:0.000000s ]
INFO: Run Behavior\ParseTemplateBehavior [ RunTime:0.005000s ]
INFO: [ view_parse ] --END-- [ RunTime:0.005000s ]
INFO: [ view_filter ] --START--
INFO: Run Behavior\WriteHtmlCacheBehavior [ RunTime:0.000000s ]
INFO: [ view_filter ] --END-- [ RunTime:0.000000s ]
INFO: [ app_end ] --START--
INFO: Run Behavior\ShowPageTraceBehavior [ RunTime:0.001000s ]
INFO: [ app_end ] --END-- [ RunTime:0.001000s ]

[ 2017-04-03T13:53:19+08:00 ] 101.226.65.104 /Possess/PossessMan/show_ui_page
INFO: [ app_init ] --START--
INFO: Run Behavior\BuildLiteBehavior [ RunTime:0.000000s ]
INFO: [ app_init ] --END-- [ RunTime:0.000000s ]
INFO: [ app_begin ] --START--
INFO: Run Behavior\ReadHtmlCacheBehavior [ RunTime:0.001000s ]
INFO: [ app_begin ] --END-- [ RunTime:0.001000s ]
NOTIC: [8] Undefined index: session_name D:\phpStudy20161103\WWW\cms\Application\Home\Controller\ParentController.class.php 第 43 行.

[ 2017-04-03T13:53:21+08:00 ] 180.153.214.180 /Possess/PossessMan/show_ui_page
INFO: [ app_init ] --START--
INFO: Run Behavior\BuildLiteBehavior [ RunTime:0.000000s ]
INFO: [ app_init ] --END-- [ RunTime:0.000000s ]
INFO: [ app_begin ] --START--
INFO: Run Behavior\ReadHtmlCacheBehavior [ RunTime:0.001000s ]
INFO: [ app_begin ] --END-- [ RunTime:0.001000s ]
NOTIC: [8] Undefined index: session_name D:\phpStudy20161103\WWW\cms\Application\Home\Controller\ParentController.class.php 第 43 行.

[ 2017-04-03T17:08:01+08:00 ] 192.168.0.63 /Possess/PossessMan/show_ui_page
INFO: [ app_init ] --START--
INFO: Run Behavior\BuildLiteBehavior [ RunTime:0.000000s ]
INFO: [ app_init ] --END-- [ RunTime:0.001000s ]
INFO: [ app_begin ] --START--
INFO: Run Behavior\ReadHtmlCacheBehavior [ RunTime:0.000000s ]
INFO: [ app_begin ] --END-- [ RunTime:0.000000s ]
SQL: select DISTINCT menuName,menuURL,rm.menuid
                from Y_user u
                LEFT JOIN Y_user_role ur ON ur.uid=u.Uid
                LEFT JOIN Y_role r ON r.roleid=ur.roleid
                LEFT JOIN Y_role_menu rm ON rm.roleid=r.roleid
                LEFT JOIN Y_netprofitmenu npm ON npm.menuid=rm.menuid
                WHERE u.username='韩珍' 
                ORDER BY rm.menuid [ RunTime:0.0130s ]
SQL: select mid from Y_manger WHERE manger='韩珍' [ RunTime:0.0130s ]
SQL: SELECT DISTINCT u.username,d.Did,d.Dname FROM Y_userDepartment ud
                                        LEFT JOIN Y_user u on  u.uid=ud.uid
                                        LEFT JOIN Y_Department d on ud.Did=d.Did
                                        LEFT JOIN Y_user_role ur ON ur.uid=u.Uid
                                        LEFT JOIN Y_role r  on r.roleid=ur.roleid
                                        LEFT JOIN Y_masterDepartment md on md.departmentid=d.Did
                                        LEFT JOIN Y_manger m ON md.mangerid=m.mid
                                        WHERE  roleName='美工'
                                        AND mangerid='2'
                                        ORDER BY d.Did [ RunTime:0.0260s ]
NOTIC: [8] Undefined variable: did D:\phpStudy20161103\WWW\cms\Application\Possess\Controller\PossessManController.class.php 第 85 行.
NOTIC: [2] array_unique() expects parameter 1 to be array, null given D:\phpStudy20161103\WWW\cms\Application\Possess\Controller\PossessManController.class.php 第 85 行.
NOTIC: [8] Undefined variable: dname D:\phpStudy20161103\WWW\cms\Application\Possess\Controller\PossessManController.class.php 第 86 行.
NOTIC: [2] array_unique() expects parameter 1 to be array, null given D:\phpStudy20161103\WWW\cms\Application\Possess\Controller\PossessManController.class.php 第 86 行.
NOTIC: [8] Undefined variable: pos D:\phpStudy20161103\WWW\cms\Application\Possess\Controller\PossessManController.class.php 第 87 行.
NOTIC: [2] array_unique() expects parameter 1 to be array, null given D:\phpStudy20161103\WWW\cms\Application\Possess\Controller\PossessManController.class.php 第 87 行.
NOTIC: [2] array_combine() expects parameter 1 to be array, null given D:\phpStudy20161103\WWW\cms\Application\Possess\Controller\PossessManController.class.php 第 88 行.
NOTIC: [2] ksort() expects parameter 1 to be array, null given D:\phpStudy20161103\WWW\cms\Application\Possess\Controller\PossessManController.class.php 第 89 行.
INFO: [ view_parse ] --START--
INFO: [ template_filter ] --START--
INFO: Run Behavior\ContentReplaceBehavior [ RunTime:0.000000s ]
INFO: [ template_filter ] --END-- [ RunTime:0.000000s ]
INFO: Run Behavior\ParseTemplateBehavior [ RunTime:0.014001s ]
INFO: [ view_parse ] --END-- [ RunTime:0.014001s ]
INFO: [ view_filter ] --START--
INFO: Run Behavior\WriteHtmlCacheBehavior [ RunTime:0.000000s ]
INFO: [ view_filter ] --END-- [ RunTime:0.001000s ]
INFO: [ app_end ] --START--
INFO: Run Behavior\ShowPageTraceBehavior [ RunTime:0.000000s ]
INFO: [ app_end ] --END-- [ RunTime:0.000000s ]

[ 2017-04-03T17:15:58+08:00 ] 192.168.0.63 /Possess/PossessMan/show_ui_page
INFO: [ app_init ] --START--
INFO: Run Behavior\BuildLiteBehavior [ RunTime:0.000000s ]
INFO: [ app_init ] --END-- [ RunTime:0.000000s ]
INFO: [ app_begin ] --START--
INFO: Run Behavior\ReadHtmlCacheBehavior [ RunTime:0.001000s ]
INFO: [ app_begin ] --END-- [ RunTime:0.001000s ]
SQL: select DISTINCT menuName,menuURL,rm.menuid
                from Y_user u
                LEFT JOIN Y_user_role ur ON ur.uid=u.Uid
                LEFT JOIN Y_role r ON r.roleid=ur.roleid
                LEFT JOIN Y_role_menu rm ON rm.roleid=r.roleid
                LEFT JOIN Y_netprofitmenu npm ON npm.menuid=rm.menuid
                WHERE u.username='韩珍' 
                ORDER BY rm.menuid [ RunTime:0.0130s ]
SQL: select mid from Y_manger WHERE manger='韩珍' [ RunTime:0.0130s ]
SQL: SELECT DISTINCT u.username,d.Did,d.Dname FROM Y_userDepartment ud
                                        LEFT JOIN Y_user u on  u.uid=ud.uid
                                        LEFT JOIN Y_Department d on ud.Did=d.Did
                                        LEFT JOIN Y_user_role ur ON ur.uid=u.Uid
                                        LEFT JOIN Y_role r  on r.roleid=ur.roleid
                                        LEFT JOIN Y_masterDepartment md on md.departmentid=d.Did
                                        LEFT JOIN Y_manger m ON md.mangerid=m.mid
                                        WHERE  roleName='美工'
                                        AND mangerid='2'
                                        ORDER BY d.Did [ RunTime:0.0140s ]
NOTIC: [8] Undefined variable: did D:\phpStudy20161103\WWW\cms\Application\Possess\Controller\PossessManController.class.php 第 85 行.
NOTIC: [2] array_unique() expects parameter 1 to be array, null given D:\phpStudy20161103\WWW\cms\Application\Possess\Controller\PossessManController.class.php 第 85 行.
NOTIC: [8] Undefined variable: dname D:\phpStudy20161103\WWW\cms\Application\Possess\Controller\PossessManController.class.php 第 86 行.
NOTIC: [2] array_unique() expects parameter 1 to be array, null given D:\phpStudy20161103\WWW\cms\Application\Possess\Controller\PossessManController.class.php 第 86 行.
NOTIC: [8] Undefined variable: pos D:\phpStudy20161103\WWW\cms\Application\Possess\Controller\PossessManController.class.php 第 87 行.
NOTIC: [2] array_unique() expects parameter 1 to be array, null given D:\phpStudy20161103\WWW\cms\Application\Possess\Controller\PossessManController.class.php 第 87 行.
NOTIC: [2] array_combine() expects parameter 1 to be array, null given D:\phpStudy20161103\WWW\cms\Application\Possess\Controller\PossessManController.class.php 第 88 行.
NOTIC: [2] ksort() expects parameter 1 to be array, null given D:\phpStudy20161103\WWW\cms\Application\Possess\Controller\PossessManController.class.php 第 89 行.
INFO: [ view_parse ] --START--
INFO: [ template_filter ] --START--
INFO: Run Behavior\ContentReplaceBehavior [ RunTime:0.000000s ]
INFO: [ template_filter ] --END-- [ RunTime:0.000000s ]
INFO: Run Behavior\ParseTemplateBehavior [ RunTime:0.012000s ]
INFO: [ view_parse ] --END-- [ RunTime:0.012000s ]
INFO: [ view_filter ] --START--
INFO: Run Behavior\WriteHtmlCacheBehavior [ RunTime:0.001000s ]
INFO: [ view_filter ] --END-- [ RunTime:0.001000s ]
INFO: [ app_end ] --START--
INFO: Run Behavior\ShowPageTraceBehavior [ RunTime:0.000000s ]
INFO: [ app_end ] --END-- [ RunTime:0.000000s ]

