[ 2017-06-23T12:53:44+08:00 ] 116.231.220.94 /Possess/PossessMan/show_ui_page
INFO: [ app_init ] --START--
INFO: Run Behavior\BuildLiteBehavior [ RunTime:0.000000s ]
INFO: [ app_init ] --END-- [ RunTime:0.001000s ]
INFO: [ app_begin ] --START--
INFO: Run Behavior\ReadHtmlCacheBehavior [ RunTime:0.001000s ]
INFO: [ app_begin ] --END-- [ RunTime:0.001000s ]
SQL: select DISTINCT menuName,menuURL,rm.menuid
                from Y_user u
                LEFT JOIN Y_user_role ur ON ur.uid=u.Uid
                LEFT JOIN Y_role r ON r.roleid=ur.roleid
                LEFT JOIN Y_role_menu rm ON rm.roleid=r.roleid
                LEFT JOIN Y_netprofitmenu npm ON npm.menuid=rm.menuid
                WHERE u.username='刘珊珊' 
                ORDER BY rm.menuid [ RunTime:0.0100s ]
SQL: select mid from Y_manger WHERE manger='刘珊珊' [ RunTime:0.0070s ]
NOTIC: [8] Undefined offset: 0 D:\phpStudy20161103\WWW\cms\Application\Possess\Controller\PossessManController.class.php 第 28 行.
SQL: SELECT DISTINCT u.username,d.Did,d.Dname FROM Y_userDepartment ud
                                        LEFT JOIN Y_user u on  u.uid=ud.uid
                                        LEFT JOIN Y_Department d on ud.Did=d.Did
                                        LEFT JOIN Y_user_role ur ON ur.uid=u.Uid
                                        LEFT JOIN Y_role r  on r.roleid=ur.roleid
                                        WHERE roleName='美工' AND u.username='刘珊珊'
                                        ORDER BY d.Did [ RunTime:0.0180s ]
INFO: [ view_parse ] --START--
INFO: [ template_filter ] --START--
INFO: Run Behavior\ContentReplaceBehavior [ RunTime:0.001000s ]
INFO: [ template_filter ] --END-- [ RunTime:0.001000s ]
INFO: Run Behavior\ParseTemplateBehavior [ RunTime:0.013000s ]
INFO: [ view_parse ] --END-- [ RunTime:0.013000s ]
INFO: [ view_filter ] --START--
INFO: Run Behavior\WriteHtmlCacheBehavior [ RunTime:0.001001s ]
INFO: [ view_filter ] --END-- [ RunTime:0.001001s ]
INFO: [ app_end ] --START--
INFO: Run Behavior\ShowPageTraceBehavior [ RunTime:0.000000s ]
INFO: [ app_end ] --END-- [ RunTime:0.000000s ]

[ 2017-06-23T12:53:45+08:00 ] 116.231.220.94 /possess/possess_man/fetch_possess.html?departmentid=1
INFO: [ app_init ] --START--
INFO: Run Behavior\BuildLiteBehavior [ RunTime:0.000000s ]
INFO: [ app_init ] --END-- [ RunTime:0.001000s ]
INFO: [ app_begin ] --START--
INFO: Run Behavior\ReadHtmlCacheBehavior [ RunTime:0.000000s ]
INFO: [ app_begin ] --END-- [ RunTime:0.000000s ]
SQL: select u.username from Y_userDepartment d
            left JOIN Y_user  u ON u.uid=d.uid
            LEFT JOIN Y_user_role ur ON ur.uid=u.Uid
            LEFT JOIN Y_role r ON r.roleid=ur.roleid
             WHERE d.did='1' and r.roleName='美工' 
             order by u.username asc [ RunTime:0.0320s ]
INFO: [ app_end ] --START--
INFO: Run Behavior\ShowPageTraceBehavior [ RunTime:0.001000s ]
INFO: [ app_end ] --END-- [ RunTime:0.001000s ]

[ 2017-06-23T12:53:54+08:00 ] 140.207.185.111 /Possess/PossessMan/show_ui_page
INFO: [ app_init ] --START--
INFO: Run Behavior\BuildLiteBehavior [ RunTime:0.000000s ]
INFO: [ app_init ] --END-- [ RunTime:0.000000s ]
INFO: [ app_begin ] --START--
INFO: Run Behavior\ReadHtmlCacheBehavior [ RunTime:0.001000s ]
INFO: [ app_begin ] --END-- [ RunTime:0.001000s ]
NOTIC: [8] Undefined index: session_name D:\phpStudy20161103\WWW\cms\Application\Home\Controller\ParentController.class.php 第 43 行.

[ 2017-06-23T12:53:55+08:00 ] 180.163.1.46 /Possess/PossessMan/show_ui_page
INFO: [ app_init ] --START--
INFO: Run Behavior\BuildLiteBehavior [ RunTime:0.000000s ]
INFO: [ app_init ] --END-- [ RunTime:0.001000s ]
INFO: [ app_begin ] --START--
INFO: Run Behavior\ReadHtmlCacheBehavior [ RunTime:0.001000s ]
INFO: [ app_begin ] --END-- [ RunTime:0.001000s ]
NOTIC: [8] Undefined index: session_name D:\phpStudy20161103\WWW\cms\Application\Home\Controller\ParentController.class.php 第 43 行.

[ 2017-06-23T12:53:57+08:00 ] 116.231.220.94 /possess/possess_man/possessman_netprofit.html
INFO: [ app_init ] --START--
INFO: Run Behavior\BuildLiteBehavior [ RunTime:0.000000s ]
INFO: [ app_init ] --END-- [ RunTime:0.001000s ]
INFO: [ app_begin ] --START--
INFO: Run Behavior\ReadHtmlCacheBehavior [ RunTime:0.000000s ]
INFO: [ app_begin ] --END-- [ RunTime:0.000000s ]
SQL: exec Z_P_PossessNetProfit '1','2017-06-01','2017-06-23','刘珊珊' [ RunTime:1.8531s ]
INFO: [ view_parse ] --START--
INFO: [ template_filter ] --START--
INFO: Run Behavior\ContentReplaceBehavior [ RunTime:0.001000s ]
INFO: [ template_filter ] --END-- [ RunTime:0.001000s ]
INFO: Run Behavior\ParseTemplateBehavior [ RunTime:0.018001s ]
INFO: [ view_parse ] --END-- [ RunTime:0.018001s ]
INFO: [ view_filter ] --START--
INFO: Run Behavior\WriteHtmlCacheBehavior [ RunTime:0.001000s ]
INFO: [ view_filter ] --END-- [ RunTime:0.001000s ]
INFO: [ app_end ] --START--
INFO: Run Behavior\ShowPageTraceBehavior [ RunTime:0.001000s ]
INFO: [ app_end ] --END-- [ RunTime:0.001000s ]

[ 2017-06-23T12:53:57+08:00 ] 116.231.220.94 /Possess/PossessMan/possess?order=asc
INFO: [ app_init ] --START--
INFO: Run Behavior\BuildLiteBehavior [ RunTime:0.000000s ]
INFO: [ app_init ] --END-- [ RunTime:0.001000s ]
INFO: [ app_begin ] --START--
INFO: Run Behavior\ReadHtmlCacheBehavior [ RunTime:0.000000s ]
INFO: [ app_begin ] --END-- [ RunTime:0.000000s ]
INFO: [ app_end ] --START--
INFO: Run Behavior\ShowPageTraceBehavior [ RunTime:0.000000s ]
INFO: [ app_end ] --END-- [ RunTime:0.000000s ]

[ 2017-06-23T12:54:05+08:00 ] 101.226.89.120 /possess/possess_man/possessman_netprofit.html
INFO: [ app_init ] --START--
INFO: Run Behavior\BuildLiteBehavior [ RunTime:0.000000s ]
INFO: [ app_init ] --END-- [ RunTime:0.001000s ]
INFO: [ app_begin ] --START--
INFO: Run Behavior\ReadHtmlCacheBehavior [ RunTime:0.001000s ]
INFO: [ app_begin ] --END-- [ RunTime:0.001000s ]
NOTIC: [8] Undefined index: session_name D:\phpStudy20161103\WWW\cms\Application\Home\Controller\ParentController.class.php 第 43 行.

[ 2017-06-23T12:59:49+08:00 ] 101.226.33.218 /Possess/PossessMan/possess?order=asc
INFO: [ app_init ] --START--
INFO: Run Behavior\BuildLiteBehavior [ RunTime:0.000000s ]
INFO: [ app_init ] --END-- [ RunTime:0.000000s ]
INFO: [ app_begin ] --START--
INFO: Run Behavior\ReadHtmlCacheBehavior [ RunTime:0.000000s ]
INFO: [ app_begin ] --END-- [ RunTime:0.000000s ]
NOTIC: [8] Undefined index: session_name D:\phpStudy20161103\WWW\cms\Application\Home\Controller\ParentController.class.php 第 43 行.

