[ 2017-06-07T11:44:21+08:00 ] 116.231.220.94 /Developer/index/show_dev_page
INFO: [ app_init ] --START--
INFO: Run Behavior\BuildLiteBehavior [ RunTime:0.000000s ]
INFO: [ app_init ] --END-- [ RunTime:0.001000s ]
INFO: [ app_begin ] --START--
INFO: Run Behavior\ReadHtmlCacheBehavior [ RunTime:0.000000s ]
INFO: [ app_begin ] --END-- [ RunTime:0.001000s ]
SQL: select DISTINCT menuName,menuURL,rm.menuid
                from Y_user u
                LEFT JOIN Y_user_role ur ON ur.uid=u.Uid
                LEFT JOIN Y_role r ON r.roleid=ur.roleid
                LEFT JOIN Y_role_menu rm ON rm.roleid=r.roleid
                LEFT JOIN Y_netprofitmenu npm ON npm.menuid=rm.menuid
                WHERE u.username='吴志超' 
                ORDER BY rm.menuid [ RunTime:0.0090s ]
SQL: select mid from Y_manger WHERE manger='吴志超' [ RunTime:0.0070s ]
SQL: select DISTINCT u.username,ud.Did,d.Dname from Y_role r
                LEFT JOIN Y_user_role ur on ur.roleid=r.roleid
                LEFT JOIN Y_user u ON u.uid=ur.uid
                LEFT JOIN Y_userDepartment ud ON ud.Uid=u.Uid
                LEFT JOIN Y_Department d ON d.Did=ud.Did
                LEFT JOIN Y_masterDepartment md ON md.departmentid=d.Did
                WHERE r.rolename='开发员' AND mangerid='4' [ RunTime:0.0190s ]
INFO: [ view_parse ] --START--
INFO: [ template_filter ] --START--
INFO: Run Behavior\ContentReplaceBehavior [ RunTime:0.000000s ]
INFO: [ template_filter ] --END-- [ RunTime:0.000000s ]
INFO: Run Behavior\ParseTemplateBehavior [ RunTime:0.007000s ]
INFO: [ view_parse ] --END-- [ RunTime:0.007000s ]
INFO: [ view_filter ] --START--
INFO: Run Behavior\WriteHtmlCacheBehavior [ RunTime:0.000000s ]
INFO: [ view_filter ] --END-- [ RunTime:0.000000s ]
INFO: [ app_end ] --START--
INFO: Run Behavior\ShowPageTraceBehavior [ RunTime:0.001000s ]
INFO: [ app_end ] --END-- [ RunTime:0.001000s ]

[ 2017-06-07T11:44:56+08:00 ] 116.231.220.94 /developer/index/test.html
INFO: [ app_init ] --START--
INFO: Run Behavior\BuildLiteBehavior [ RunTime:0.000000s ]
INFO: [ app_init ] --END-- [ RunTime:0.000000s ]
INFO: [ app_begin ] --START--
INFO: Run Behavior\ReadHtmlCacheBehavior [ RunTime:0.000000s ]
INFO: [ app_begin ] --END-- [ RunTime:0.001000s ]
SQL: select mid from Y_manger WHERE manger='吴志超' [ RunTime:0.0080s ]
SQL: select developer as username from Y_masterDev v
                                LEFT JOIN Y_masterDepartment t  ON v.masterid= t.mangerid
                                WHERE departmentid='1' [ RunTime:0.0120s ]
NOTIC: [8] Undefined variable: value D:\phpStudy20161103\WWW\cms\Application\Developer\Controller\IndexController.class.php 第 190 行.
SQL: exec Z_P_DevNetprofit '1','2017-04-01','2017-04-30','','杨淑琳,刘珊珊','','','','','','','0','0','0','0' [ RunTime:12.3727s ]
INFO: [ view_parse ] --START--
INFO: [ template_filter ] --START--
INFO: Run Behavior\ContentReplaceBehavior [ RunTime:0.000000s ]
INFO: [ template_filter ] --END-- [ RunTime:0.000000s ]
INFO: Run Behavior\ParseTemplateBehavior [ RunTime:0.015001s ]
INFO: [ view_parse ] --END-- [ RunTime:0.015001s ]
INFO: [ view_filter ] --START--
INFO: Run Behavior\WriteHtmlCacheBehavior [ RunTime:0.001000s ]
INFO: [ view_filter ] --END-- [ RunTime:0.001000s ]
INFO: [ app_end ] --START--
INFO: Run Behavior\ShowPageTraceBehavior [ RunTime:0.001000s ]
INFO: [ app_end ] --END-- [ RunTime:0.001000s ]

[ 2017-06-07T11:45:32+08:00 ] 116.231.220.94 /developer/index/test.html
INFO: [ app_init ] --START--
INFO: Run Behavior\BuildLiteBehavior [ RunTime:0.001000s ]
INFO: [ app_init ] --END-- [ RunTime:0.001000s ]
INFO: [ app_begin ] --START--
INFO: Run Behavior\ReadHtmlCacheBehavior [ RunTime:0.001000s ]
INFO: [ app_begin ] --END-- [ RunTime:0.001000s ]
SQL: select mid from Y_manger WHERE manger='吴志超' [ RunTime:0.0080s ]
SQL: select developer as username from Y_masterDev v
                                LEFT JOIN Y_masterDepartment t  ON v.masterid= t.mangerid
                                WHERE departmentid='1' [ RunTime:0.0080s ]
NOTIC: [8] Undefined variable: value D:\phpStudy20161103\WWW\cms\Application\Developer\Controller\IndexController.class.php 第 190 行.
SQL: exec Z_P_DevNetprofit '1','2017-05-01','2017-05-31','','杨淑琳,刘珊珊','','','','','','','0','0','0','0' [ RunTime:11.2476s ]
INFO: [ view_parse ] --START--
INFO: [ template_filter ] --START--
INFO: Run Behavior\ContentReplaceBehavior [ RunTime:0.000000s ]
INFO: [ template_filter ] --END-- [ RunTime:0.000000s ]
INFO: Run Behavior\ParseTemplateBehavior [ RunTime:0.015000s ]
INFO: [ view_parse ] --END-- [ RunTime:0.015000s ]
INFO: [ view_filter ] --START--
INFO: Run Behavior\WriteHtmlCacheBehavior [ RunTime:0.001001s ]
INFO: [ view_filter ] --END-- [ RunTime:0.001001s ]
INFO: [ app_end ] --START--
INFO: Run Behavior\ShowPageTraceBehavior [ RunTime:0.001000s ]
INFO: [ app_end ] --END-- [ RunTime:0.001000s ]

