[ 2017-04-06T08:12:34+08:00 ] 127.0.0.1 /Developer/index/show_dev_page
INFO: [ app_init ] --START--
INFO: Run Behavior\BuildLiteBehavior [ RunTime:0.000000s ]
INFO: [ app_init ] --END-- [ RunTime:0.000000s ]
INFO: [ app_begin ] --START--
INFO: Run Behavior\ReadHtmlCacheBehavior [ RunTime:0.001000s ]
INFO: [ app_begin ] --END-- [ RunTime:0.001000s ]
SQL: select DISTINCT(menuName),menuURL from Y_user u
            LEFT JOIN Y_user_role ur ON ur.uid=u.Uid
            LEFT JOIN Y_role r ON r.roleid=ur.roleid
            LEFT JOIN Y_role_menu rm ON rm.roleid=r.roleid
            LEFT JOIN Y_netprofitmenu npm ON npm.menuid=rm.menuid
            WHERE u.username='王漫漫' [ RunTime:0.0220s ]
SQL: select mid from Y_manger WHERE manger='王漫漫' [ RunTime:0.0090s ]
NOTIC: [8] Undefined offset: 0 D:\phpStudy20161103\WWW\tp3\Application\Developer\Controller\IndexController.class.php 第 25 行.
SQL: select u.username,ud.Did,d.Dname from Y_role r
                    LEFT JOIN Y_user_role ur on ur.roleid=r.roleid
                    LEFT JOIN Y_user u ON u.uid=ur.uid
                    LEFT JOIN Y_userDepartment ud ON ud.Uid=u.Uid
                    LEFT JOIN Y_Department d ON d.Did=ud.Did
                    WHERE rolename='开发员'  [ RunTime:0.0180s ]
INFO: [ view_parse ] --START--
INFO: [ template_filter ] --START--
INFO: Run Behavior\ContentReplaceBehavior [ RunTime:0.000000s ]
INFO: [ template_filter ] --END-- [ RunTime:0.000000s ]
INFO: Run Behavior\ParseTemplateBehavior [ RunTime:0.008001s ]
INFO: [ view_parse ] --END-- [ RunTime:0.008001s ]
INFO: [ view_filter ] --START--
INFO: Run Behavior\WriteHtmlCacheBehavior [ RunTime:0.000000s ]
INFO: [ view_filter ] --END-- [ RunTime:0.000000s ]
INFO: [ app_end ] --START--
INFO: Run Behavior\ShowPageTraceBehavior [ RunTime:0.001000s ]
INFO: [ app_end ] --END-- [ RunTime:0.001000s ]

[ 2017-04-06T08:12:44+08:00 ] 127.0.0.1 /Developer/index/show_dev_page
INFO: [ app_init ] --START--
INFO: Run Behavior\BuildLiteBehavior [ RunTime:0.000000s ]
INFO: [ app_init ] --END-- [ RunTime:0.000000s ]
INFO: [ app_begin ] --START--
INFO: Run Behavior\ReadHtmlCacheBehavior [ RunTime:0.001000s ]
INFO: [ app_begin ] --END-- [ RunTime:0.001000s ]
SQL: select DISTINCT(menuName),menuURL from Y_user u
            LEFT JOIN Y_user_role ur ON ur.uid=u.Uid
            LEFT JOIN Y_role r ON r.roleid=ur.roleid
            LEFT JOIN Y_role_menu rm ON rm.roleid=r.roleid
            LEFT JOIN Y_netprofitmenu npm ON npm.menuid=rm.menuid
            WHERE u.username='王漫漫' [ RunTime:0.0130s ]
SQL: select mid from Y_manger WHERE manger='王漫漫' [ RunTime:0.0060s ]
NOTIC: [8] Undefined offset: 0 D:\phpStudy20161103\WWW\tp3\Application\Developer\Controller\IndexController.class.php 第 25 行.
SQL: select u.username,ud.Did,d.Dname from Y_role r
                    LEFT JOIN Y_user_role ur on ur.roleid=r.roleid
                    LEFT JOIN Y_user u ON u.uid=ur.uid
                    LEFT JOIN Y_userDepartment ud ON ud.Uid=u.Uid
                    LEFT JOIN Y_Department d ON d.Did=ud.Did
                    WHERE rolename='开发员'  [ RunTime:0.0090s ]
INFO: [ view_parse ] --START--
INFO: [ template_filter ] --START--
INFO: Run Behavior\ContentReplaceBehavior [ RunTime:0.000000s ]
INFO: [ template_filter ] --END-- [ RunTime:0.000000s ]
INFO: Run Behavior\ParseTemplateBehavior [ RunTime:0.026002s ]
INFO: [ view_parse ] --END-- [ RunTime:0.026002s ]
INFO: [ view_filter ] --START--
INFO: Run Behavior\WriteHtmlCacheBehavior [ RunTime:0.001000s ]
INFO: [ view_filter ] --END-- [ RunTime:0.001000s ]
INFO: [ app_end ] --START--
INFO: Run Behavior\ShowPageTraceBehavior [ RunTime:0.001000s ]
INFO: [ app_end ] --END-- [ RunTime:0.001000s ]

[ 2017-04-06T08:12:50+08:00 ] 127.0.0.1 /Developer/index/show_dev_page
INFO: [ app_init ] --START--
INFO: Run Behavior\BuildLiteBehavior [ RunTime:0.000000s ]
INFO: [ app_init ] --END-- [ RunTime:0.001000s ]
INFO: [ app_begin ] --START--
INFO: Run Behavior\ReadHtmlCacheBehavior [ RunTime:0.000000s ]
INFO: [ app_begin ] --END-- [ RunTime:0.000000s ]
SQL: select DISTINCT(menuName),menuURL from Y_user u
            LEFT JOIN Y_user_role ur ON ur.uid=u.Uid
            LEFT JOIN Y_role r ON r.roleid=ur.roleid
            LEFT JOIN Y_role_menu rm ON rm.roleid=r.roleid
            LEFT JOIN Y_netprofitmenu npm ON npm.menuid=rm.menuid
            WHERE u.username='王漫漫' [ RunTime:0.0100s ]
SQL: select mid from Y_manger WHERE manger='王漫漫' [ RunTime:0.0070s ]
NOTIC: [8] Undefined offset: 0 D:\phpStudy20161103\WWW\tp3\Application\Developer\Controller\IndexController.class.php 第 25 行.
SQL: select u.username,ud.Did,d.Dname from Y_role r
                    LEFT JOIN Y_user_role ur on ur.roleid=r.roleid
                    LEFT JOIN Y_user u ON u.uid=ur.uid
                    LEFT JOIN Y_userDepartment ud ON ud.Uid=u.Uid
                    LEFT JOIN Y_Department d ON d.Did=ud.Did
                    WHERE rolename='开发员'  [ RunTime:0.0100s ]
INFO: [ view_parse ] --START--
INFO: [ template_filter ] --START--
INFO: Run Behavior\ContentReplaceBehavior [ RunTime:0.000000s ]
INFO: [ template_filter ] --END-- [ RunTime:0.000000s ]
INFO: Run Behavior\ParseTemplateBehavior [ RunTime:0.021002s ]
INFO: [ view_parse ] --END-- [ RunTime:0.021002s ]
INFO: [ view_filter ] --START--
INFO: Run Behavior\WriteHtmlCacheBehavior [ RunTime:0.001000s ]
INFO: [ view_filter ] --END-- [ RunTime:0.001000s ]
INFO: [ app_end ] --START--
INFO: Run Behavior\ShowPageTraceBehavior [ RunTime:0.001000s ]
INFO: [ app_end ] --END-- [ RunTime:0.001000s ]

[ 2017-04-06T08:12:57+08:00 ] 127.0.0.1 /Developer/index/show_dev_page
INFO: [ app_init ] --START--
INFO: Run Behavior\BuildLiteBehavior [ RunTime:0.000000s ]
INFO: [ app_init ] --END-- [ RunTime:0.000000s ]
INFO: [ app_begin ] --START--
INFO: Run Behavior\ReadHtmlCacheBehavior [ RunTime:0.000000s ]
INFO: [ app_begin ] --END-- [ RunTime:0.000000s ]
SQL: select DISTINCT(menuName),menuURL from Y_user u
            LEFT JOIN Y_user_role ur ON ur.uid=u.Uid
            LEFT JOIN Y_role r ON r.roleid=ur.roleid
            LEFT JOIN Y_role_menu rm ON rm.roleid=r.roleid
            LEFT JOIN Y_netprofitmenu npm ON npm.menuid=rm.menuid
            WHERE u.username='王漫漫' [ RunTime:0.0100s ]
SQL: select mid from Y_manger WHERE manger='王漫漫' [ RunTime:0.0100s ]
NOTIC: [8] Undefined offset: 0 D:\phpStudy20161103\WWW\tp3\Application\Developer\Controller\IndexController.class.php 第 25 行.
SQL: select u.username,ud.Did,d.Dname from Y_role r
                    LEFT JOIN Y_user_role ur on ur.roleid=r.roleid
                    LEFT JOIN Y_user u ON u.uid=ur.uid
                    LEFT JOIN Y_userDepartment ud ON ud.Uid=u.Uid
                    LEFT JOIN Y_Department d ON d.Did=ud.Did
                    WHERE rolename='开发员'  [ RunTime:0.0090s ]
INFO: [ view_parse ] --START--
INFO: [ template_filter ] --START--
INFO: Run Behavior\ContentReplaceBehavior [ RunTime:0.000000s ]
INFO: [ template_filter ] --END-- [ RunTime:0.000000s ]
INFO: Run Behavior\ParseTemplateBehavior [ RunTime:0.008001s ]
INFO: [ view_parse ] --END-- [ RunTime:0.008001s ]
INFO: [ view_filter ] --START--
INFO: Run Behavior\WriteHtmlCacheBehavior [ RunTime:0.000000s ]
INFO: [ view_filter ] --END-- [ RunTime:0.000000s ]
INFO: [ app_end ] --START--
INFO: Run Behavior\ShowPageTraceBehavior [ RunTime:0.001000s ]
INFO: [ app_end ] --END-- [ RunTime:0.001000s ]

[ 2017-04-06T08:12:59+08:00 ] 127.0.0.1 /Developer/index/show_dev_page
INFO: [ app_init ] --START--
INFO: Run Behavior\BuildLiteBehavior [ RunTime:0.000000s ]
INFO: [ app_init ] --END-- [ RunTime:0.001000s ]
INFO: [ app_begin ] --START--
INFO: Run Behavior\ReadHtmlCacheBehavior [ RunTime:0.001001s ]
INFO: [ app_begin ] --END-- [ RunTime:0.001001s ]
SQL: select DISTINCT(menuName),menuURL from Y_user u
            LEFT JOIN Y_user_role ur ON ur.uid=u.Uid
            LEFT JOIN Y_role r ON r.roleid=ur.roleid
            LEFT JOIN Y_role_menu rm ON rm.roleid=r.roleid
            LEFT JOIN Y_netprofitmenu npm ON npm.menuid=rm.menuid
            WHERE u.username='王漫漫' [ RunTime:0.0080s ]
SQL: select mid from Y_manger WHERE manger='王漫漫' [ RunTime:0.0070s ]
NOTIC: [8] Undefined offset: 0 D:\phpStudy20161103\WWW\tp3\Application\Developer\Controller\IndexController.class.php 第 25 行.
SQL: select u.username,ud.Did,d.Dname from Y_role r
                    LEFT JOIN Y_user_role ur on ur.roleid=r.roleid
                    LEFT JOIN Y_user u ON u.uid=ur.uid
                    LEFT JOIN Y_userDepartment ud ON ud.Uid=u.Uid
                    LEFT JOIN Y_Department d ON d.Did=ud.Did
                    WHERE rolename='开发员'  [ RunTime:0.0110s ]
INFO: [ view_parse ] --START--
INFO: [ template_filter ] --START--
INFO: Run Behavior\ContentReplaceBehavior [ RunTime:0.000000s ]
INFO: [ template_filter ] --END-- [ RunTime:0.000000s ]
INFO: Run Behavior\ParseTemplateBehavior [ RunTime:0.019001s ]
INFO: [ view_parse ] --END-- [ RunTime:0.020001s ]
INFO: [ view_filter ] --START--
INFO: Run Behavior\WriteHtmlCacheBehavior [ RunTime:0.000000s ]
INFO: [ view_filter ] --END-- [ RunTime:0.000000s ]
INFO: [ app_end ] --START--
INFO: Run Behavior\ShowPageTraceBehavior [ RunTime:0.001001s ]
INFO: [ app_end ] --END-- [ RunTime:0.001001s ]

[ 2017-04-06T08:13:03+08:00 ] 127.0.0.1 /Developer/index/show_dev_page
INFO: [ app_init ] --START--
INFO: Run Behavior\BuildLiteBehavior [ RunTime:0.000000s ]
INFO: [ app_init ] --END-- [ RunTime:0.000000s ]
INFO: [ app_begin ] --START--
INFO: Run Behavior\ReadHtmlCacheBehavior [ RunTime:0.001000s ]
INFO: [ app_begin ] --END-- [ RunTime:0.001000s ]
SQL: select DISTINCT(menuName),menuURL from Y_user u
            LEFT JOIN Y_user_role ur ON ur.uid=u.Uid
            LEFT JOIN Y_role r ON r.roleid=ur.roleid
            LEFT JOIN Y_role_menu rm ON rm.roleid=r.roleid
            LEFT JOIN Y_netprofitmenu npm ON npm.menuid=rm.menuid
            WHERE u.username='王漫漫' [ RunTime:0.0090s ]
SQL: select mid from Y_manger WHERE manger='王漫漫' [ RunTime:0.0070s ]
NOTIC: [8] Undefined offset: 0 D:\phpStudy20161103\WWW\tp3\Application\Developer\Controller\IndexController.class.php 第 25 行.
SQL: select u.username,ud.Did,d.Dname from Y_role r
                    LEFT JOIN Y_user_role ur on ur.roleid=r.roleid
                    LEFT JOIN Y_user u ON u.uid=ur.uid
                    LEFT JOIN Y_userDepartment ud ON ud.Uid=u.Uid
                    LEFT JOIN Y_Department d ON d.Did=ud.Did
                    WHERE rolename='开发员'  [ RunTime:0.0100s ]
INFO: [ view_parse ] --START--
INFO: [ template_filter ] --START--
INFO: Run Behavior\ContentReplaceBehavior [ RunTime:0.000000s ]
INFO: [ template_filter ] --END-- [ RunTime:0.000000s ]
INFO: Run Behavior\ParseTemplateBehavior [ RunTime:0.007001s ]
INFO: [ view_parse ] --END-- [ RunTime:0.007001s ]
INFO: [ view_filter ] --START--
INFO: Run Behavior\WriteHtmlCacheBehavior [ RunTime:0.000000s ]
INFO: [ view_filter ] --END-- [ RunTime:0.000000s ]
INFO: [ app_end ] --START--
INFO: Run Behavior\ShowPageTraceBehavior [ RunTime:0.000000s ]
INFO: [ app_end ] --END-- [ RunTime:0.000000s ]

[ 2017-04-06T08:13:04+08:00 ] 127.0.0.1 /Developer/index/show_dev_page
INFO: [ app_init ] --START--
INFO: Run Behavior\BuildLiteBehavior [ RunTime:0.000000s ]
INFO: [ app_init ] --END-- [ RunTime:0.001000s ]
INFO: [ app_begin ] --START--
INFO: Run Behavior\ReadHtmlCacheBehavior [ RunTime:0.000000s ]
INFO: [ app_begin ] --END-- [ RunTime:0.000000s ]
SQL: select DISTINCT(menuName),menuURL from Y_user u
            LEFT JOIN Y_user_role ur ON ur.uid=u.Uid
            LEFT JOIN Y_role r ON r.roleid=ur.roleid
            LEFT JOIN Y_role_menu rm ON rm.roleid=r.roleid
            LEFT JOIN Y_netprofitmenu npm ON npm.menuid=rm.menuid
            WHERE u.username='王漫漫' [ RunTime:0.0090s ]
SQL: select mid from Y_manger WHERE manger='王漫漫' [ RunTime:0.0080s ]
NOTIC: [8] Undefined offset: 0 D:\phpStudy20161103\WWW\tp3\Application\Developer\Controller\IndexController.class.php 第 25 行.
SQL: select u.username,ud.Did,d.Dname from Y_role r
                    LEFT JOIN Y_user_role ur on ur.roleid=r.roleid
                    LEFT JOIN Y_user u ON u.uid=ur.uid
                    LEFT JOIN Y_userDepartment ud ON ud.Uid=u.Uid
                    LEFT JOIN Y_Department d ON d.Did=ud.Did
                    WHERE rolename='开发员'  [ RunTime:0.0110s ]
INFO: [ view_parse ] --START--
INFO: [ template_filter ] --START--
INFO: Run Behavior\ContentReplaceBehavior [ RunTime:0.000000s ]
INFO: [ template_filter ] --END-- [ RunTime:0.000000s ]
INFO: Run Behavior\ParseTemplateBehavior [ RunTime:0.008001s ]
INFO: [ view_parse ] --END-- [ RunTime:0.008001s ]
INFO: [ view_filter ] --START--
INFO: Run Behavior\WriteHtmlCacheBehavior [ RunTime:0.000000s ]
INFO: [ view_filter ] --END-- [ RunTime:0.000000s ]
INFO: [ app_end ] --START--
INFO: Run Behavior\ShowPageTraceBehavior [ RunTime:0.001000s ]
INFO: [ app_end ] --END-- [ RunTime:0.001000s ]

[ 2017-04-06T08:13:38+08:00 ] 127.0.0.1 /Developer/index/show_dev_page
INFO: [ app_init ] --START--
INFO: Run Behavior\BuildLiteBehavior [ RunTime:0.000000s ]
INFO: [ app_init ] --END-- [ RunTime:0.000000s ]
INFO: [ app_begin ] --START--
INFO: Run Behavior\ReadHtmlCacheBehavior [ RunTime:0.000000s ]
INFO: [ app_begin ] --END-- [ RunTime:0.000000s ]
SQL: select DISTINCT(menuName),menuURL from Y_user u
            LEFT JOIN Y_user_role ur ON ur.uid=u.Uid
            LEFT JOIN Y_role r ON r.roleid=ur.roleid
            LEFT JOIN Y_role_menu rm ON rm.roleid=r.roleid
            LEFT JOIN Y_netprofitmenu npm ON npm.menuid=rm.menuid
            WHERE u.username='admin' [ RunTime:0.0080s ]
SQL: select mid from Y_manger WHERE manger='admin' [ RunTime:0.0070s ]
NOTIC: [8] Undefined offset: 0 D:\phpStudy20161103\WWW\tp3\Application\Developer\Controller\IndexController.class.php 第 25 行.
SQL: select u.username,ud.Did,d.Dname from Y_role r
                    LEFT JOIN Y_user_role ur on ur.roleid=r.roleid
                    LEFT JOIN Y_user u ON u.uid=ur.uid
                    LEFT JOIN Y_userDepartment ud ON ud.Uid=u.Uid
                    LEFT JOIN Y_Department d ON d.Did=ud.Did
                    WHERE rolename='开发员'  [ RunTime:0.0100s ]
INFO: [ view_parse ] --START--
INFO: [ template_filter ] --START--
INFO: Run Behavior\ContentReplaceBehavior [ RunTime:0.000000s ]
INFO: [ template_filter ] --END-- [ RunTime:0.000000s ]
INFO: Run Behavior\ParseTemplateBehavior [ RunTime:0.021001s ]
INFO: [ view_parse ] --END-- [ RunTime:0.021001s ]
INFO: [ view_filter ] --START--
INFO: Run Behavior\WriteHtmlCacheBehavior [ RunTime:0.000000s ]
INFO: [ view_filter ] --END-- [ RunTime:0.000000s ]
INFO: [ app_end ] --START--
INFO: Run Behavior\ShowPageTraceBehavior [ RunTime:0.001000s ]
INFO: [ app_end ] --END-- [ RunTime:0.001000s ]

[ 2017-04-06T08:15:01+08:00 ] 127.0.0.1 /Developer/index/show_dev_page
INFO: [ app_init ] --START--
INFO: Run Behavior\BuildLiteBehavior [ RunTime:0.000000s ]
INFO: [ app_init ] --END-- [ RunTime:0.000000s ]
INFO: [ app_begin ] --START--
INFO: Run Behavior\ReadHtmlCacheBehavior [ RunTime:0.000000s ]
INFO: [ app_begin ] --END-- [ RunTime:0.000000s ]
SQL: select DISTINCT(menuName),menuURL from Y_user u
            LEFT JOIN Y_user_role ur ON ur.uid=u.Uid
            LEFT JOIN Y_role r ON r.roleid=ur.roleid
            LEFT JOIN Y_role_menu rm ON rm.roleid=r.roleid
            LEFT JOIN Y_netprofitmenu npm ON npm.menuid=rm.menuid
            WHERE u.username='admin' [ RunTime:0.0090s ]
SQL: select mid from Y_manger WHERE manger='admin' [ RunTime:0.0080s ]
NOTIC: [8] Undefined offset: 0 D:\phpStudy20161103\WWW\tp3\Application\Developer\Controller\IndexController.class.php 第 25 行.
SQL: select u.username,ud.Did,d.Dname from Y_role r
                    LEFT JOIN Y_user_role ur on ur.roleid=r.roleid
                    LEFT JOIN Y_user u ON u.uid=ur.uid
                    LEFT JOIN Y_userDepartment ud ON ud.Uid=u.Uid
                    LEFT JOIN Y_Department d ON d.Did=ud.Did
                    WHERE rolename='开发员'  [ RunTime:0.0100s ]
INFO: [ view_parse ] --START--
INFO: [ template_filter ] --START--
INFO: Run Behavior\ContentReplaceBehavior [ RunTime:0.000000s ]
INFO: [ template_filter ] --END-- [ RunTime:0.000000s ]
INFO: Run Behavior\ParseTemplateBehavior [ RunTime:0.007000s ]
INFO: [ view_parse ] --END-- [ RunTime:0.007000s ]
INFO: [ view_filter ] --START--
INFO: Run Behavior\WriteHtmlCacheBehavior [ RunTime:0.000000s ]
INFO: [ view_filter ] --END-- [ RunTime:0.000000s ]
INFO: [ app_end ] --START--
INFO: Run Behavior\ShowPageTraceBehavior [ RunTime:0.001000s ]
INFO: [ app_end ] --END-- [ RunTime:0.001000s ]

[ 2017-04-06T09:06:49+08:00 ] 127.0.0.1 /Developer/index/show_dev_page
INFO: [ app_init ] --START--
INFO: Run Behavior\BuildLiteBehavior [ RunTime:0.000000s ]
INFO: [ app_init ] --END-- [ RunTime:0.000000s ]
INFO: [ app_begin ] --START--
INFO: Run Behavior\ReadHtmlCacheBehavior [ RunTime:0.000000s ]
INFO: [ app_begin ] --END-- [ RunTime:0.000000s ]
SQL: select DISTINCT(menuName),menuURL from Y_user u
            LEFT JOIN Y_user_role ur ON ur.uid=u.Uid
            LEFT JOIN Y_role r ON r.roleid=ur.roleid
            LEFT JOIN Y_role_menu rm ON rm.roleid=r.roleid
            LEFT JOIN Y_netprofitmenu npm ON npm.menuid=rm.menuid
            WHERE u.username='admin' [ RunTime:0.0120s ]
SQL: select mid from Y_manger WHERE manger='admin' [ RunTime:0.0070s ]
NOTIC: [8] Undefined offset: 0 D:\phpStudy20161103\WWW\tp3\Application\Developer\Controller\IndexController.class.php 第 25 行.
SQL: select u.username,ud.Did,d.Dname from Y_role r
                    LEFT JOIN Y_user_role ur on ur.roleid=r.roleid
                    LEFT JOIN Y_user u ON u.uid=ur.uid
                    LEFT JOIN Y_userDepartment ud ON ud.Uid=u.Uid
                    LEFT JOIN Y_Department d ON d.Did=ud.Did
                    WHERE rolename='开发员'  [ RunTime:0.0090s ]
INFO: [ view_parse ] --START--
INFO: [ template_filter ] --START--
INFO: Run Behavior\ContentReplaceBehavior [ RunTime:0.000000s ]
INFO: [ template_filter ] --END-- [ RunTime:0.000000s ]
INFO: Run Behavior\ParseTemplateBehavior [ RunTime:0.010001s ]
INFO: [ view_parse ] --END-- [ RunTime:0.010001s ]
INFO: [ view_filter ] --START--
INFO: Run Behavior\WriteHtmlCacheBehavior [ RunTime:0.000000s ]
INFO: [ view_filter ] --END-- [ RunTime:0.000000s ]
INFO: [ app_end ] --START--
INFO: Run Behavior\ShowPageTraceBehavior [ RunTime:0.001000s ]
INFO: [ app_end ] --END-- [ RunTime:0.001000s ]

[ 2017-04-06T09:20:26+08:00 ] 127.0.0.1 /Developer/index/show_dev_page
INFO: [ app_init ] --START--
INFO: Run Behavior\BuildLiteBehavior [ RunTime:0.000000s ]
INFO: [ app_init ] --END-- [ RunTime:0.000000s ]
INFO: [ app_begin ] --START--
INFO: Run Behavior\ReadHtmlCacheBehavior [ RunTime:0.000000s ]
INFO: [ app_begin ] --END-- [ RunTime:0.000000s ]
SQL: select DISTINCT(menuName),menuURL from Y_user u
            LEFT JOIN Y_user_role ur ON ur.uid=u.Uid
            LEFT JOIN Y_role r ON r.roleid=ur.roleid
            LEFT JOIN Y_role_menu rm ON rm.roleid=r.roleid
            LEFT JOIN Y_netprofitmenu npm ON npm.menuid=rm.menuid
            WHERE u.username='admin' [ RunTime:0.0280s ]
SQL: select mid from Y_manger WHERE manger='admin' [ RunTime:0.0110s ]
NOTIC: [8] Undefined offset: 0 D:\phpStudy20161103\WWW\tp3\Application\Developer\Controller\IndexController.class.php 第 25 行.
SQL: select u.username,ud.Did,d.Dname from Y_role r
                    LEFT JOIN Y_user_role ur on ur.roleid=r.roleid
                    LEFT JOIN Y_user u ON u.uid=ur.uid
                    LEFT JOIN Y_userDepartment ud ON ud.Uid=u.Uid
                    LEFT JOIN Y_Department d ON d.Did=ud.Did
                    WHERE rolename='开发员'  [ RunTime:0.0100s ]
INFO: [ view_parse ] --START--
INFO: [ template_filter ] --START--
INFO: Run Behavior\ContentReplaceBehavior [ RunTime:0.000000s ]
INFO: [ template_filter ] --END-- [ RunTime:0.000000s ]
INFO: Run Behavior\ParseTemplateBehavior [ RunTime:0.007001s ]
INFO: [ view_parse ] --END-- [ RunTime:0.007001s ]
INFO: [ view_filter ] --START--
INFO: Run Behavior\WriteHtmlCacheBehavior [ RunTime:0.000000s ]
INFO: [ view_filter ] --END-- [ RunTime:0.000000s ]
INFO: [ app_end ] --START--
INFO: Run Behavior\ShowPageTraceBehavior [ RunTime:0.001000s ]
INFO: [ app_end ] --END-- [ RunTime:0.001000s ]

[ 2017-04-06T10:03:57+08:00 ] 127.0.0.1 /Developer/index/show_dev_page
INFO: [ app_init ] --START--
INFO: Run Behavior\BuildLiteBehavior [ RunTime:0.000000s ]
INFO: [ app_init ] --END-- [ RunTime:0.000000s ]
INFO: [ app_begin ] --START--
INFO: Run Behavior\ReadHtmlCacheBehavior [ RunTime:0.001000s ]
INFO: [ app_begin ] --END-- [ RunTime:0.001000s ]
SQL: select DISTINCT(menuName),menuURL from Y_user u
            LEFT JOIN Y_user_role ur ON ur.uid=u.Uid
            LEFT JOIN Y_role r ON r.roleid=ur.roleid
            LEFT JOIN Y_role_menu rm ON rm.roleid=r.roleid
            LEFT JOIN Y_netprofitmenu npm ON npm.menuid=rm.menuid
            WHERE u.username='党圆圆' [ RunTime:0.0090s ]
SQL: select mid from Y_manger WHERE manger='党圆圆' [ RunTime:0.0060s ]
NOTIC: [8] Undefined offset: 0 D:\phpStudy20161103\WWW\tp3\Application\Developer\Controller\IndexController.class.php 第 25 行.
SQL: select u.username,ud.Did,d.Dname from Y_role r
                    LEFT JOIN Y_user_role ur on ur.roleid=r.roleid
                    LEFT JOIN Y_user u ON u.uid=ur.uid
                    LEFT JOIN Y_userDepartment ud ON ud.Uid=u.Uid
                    LEFT JOIN Y_Department d ON d.Did=ud.Did
                    WHERE rolename='开发员'  [ RunTime:0.0220s ]
INFO: [ view_parse ] --START--
INFO: [ template_filter ] --START--
INFO: Run Behavior\ContentReplaceBehavior [ RunTime:0.000000s ]
INFO: [ template_filter ] --END-- [ RunTime:0.000000s ]
INFO: Run Behavior\ParseTemplateBehavior [ RunTime:0.009001s ]
INFO: [ view_parse ] --END-- [ RunTime:0.009001s ]
INFO: [ view_filter ] --START--
INFO: Run Behavior\WriteHtmlCacheBehavior [ RunTime:0.001000s ]
INFO: [ view_filter ] --END-- [ RunTime:0.001000s ]
INFO: [ app_end ] --START--
INFO: Run Behavior\ShowPageTraceBehavior [ RunTime:0.001000s ]
INFO: [ app_end ] --END-- [ RunTime:0.001000s ]

[ 2017-04-06T10:11:25+08:00 ] 127.0.0.1 /Developer/index/show_dev_page
INFO: [ app_init ] --START--
INFO: Run Behavior\BuildLiteBehavior [ RunTime:0.000000s ]
INFO: [ app_init ] --END-- [ RunTime:0.001000s ]
INFO: [ app_begin ] --START--
INFO: Run Behavior\ReadHtmlCacheBehavior [ RunTime:0.001000s ]
INFO: [ app_begin ] --END-- [ RunTime:0.001000s ]
SQL: select DISTINCT(menuName),menuURL from Y_user u
            LEFT JOIN Y_user_role ur ON ur.uid=u.Uid
            LEFT JOIN Y_role r ON r.roleid=ur.roleid
            LEFT JOIN Y_role_menu rm ON rm.roleid=r.roleid
            LEFT JOIN Y_netprofitmenu npm ON npm.menuid=rm.menuid
            WHERE u.username='党圆圆' [ RunTime:0.0130s ]
SQL: select mid from Y_manger WHERE manger='党圆圆' [ RunTime:0.0090s ]
NOTIC: [8] Undefined offset: 0 D:\phpStudy20161103\WWW\tp3\Application\Developer\Controller\IndexController.class.php 第 25 行.
SQL: select u.username,ud.Did,d.Dname from Y_role r
                    LEFT JOIN Y_user_role ur on ur.roleid=r.roleid
                    LEFT JOIN Y_user u ON u.uid=ur.uid
                    LEFT JOIN Y_userDepartment ud ON ud.Uid=u.Uid
                    LEFT JOIN Y_Department d ON d.Did=ud.Did
                    WHERE rolename='开发员'  [ RunTime:0.0120s ]
INFO: [ view_parse ] --START--
INFO: [ template_filter ] --START--
INFO: Run Behavior\ContentReplaceBehavior [ RunTime:0.000000s ]
INFO: [ template_filter ] --END-- [ RunTime:0.001000s ]
INFO: Run Behavior\ParseTemplateBehavior [ RunTime:0.025001s ]
INFO: [ view_parse ] --END-- [ RunTime:0.025001s ]
INFO: [ view_filter ] --START--
INFO: Run Behavior\WriteHtmlCacheBehavior [ RunTime:0.001000s ]
INFO: [ view_filter ] --END-- [ RunTime:0.001000s ]
INFO: [ app_end ] --START--
INFO: Run Behavior\ShowPageTraceBehavior [ RunTime:0.002000s ]
INFO: [ app_end ] --END-- [ RunTime:0.002000s ]

[ 2017-04-06T10:11:25+08:00 ] 127.0.0.1 /Developer/index/show_dev_page
INFO: [ app_init ] --START--
INFO: Run Behavior\BuildLiteBehavior [ RunTime:0.000000s ]
INFO: [ app_init ] --END-- [ RunTime:0.000000s ]
INFO: [ app_begin ] --START--
INFO: Run Behavior\ReadHtmlCacheBehavior [ RunTime:0.000000s ]
INFO: [ app_begin ] --END-- [ RunTime:0.000000s ]
SQL: select DISTINCT(menuName),menuURL from Y_user u
            LEFT JOIN Y_user_role ur ON ur.uid=u.Uid
            LEFT JOIN Y_role r ON r.roleid=ur.roleid
            LEFT JOIN Y_role_menu rm ON rm.roleid=r.roleid
            LEFT JOIN Y_netprofitmenu npm ON npm.menuid=rm.menuid
            WHERE u.username='党圆圆' [ RunTime:0.0100s ]
SQL: select mid from Y_manger WHERE manger='党圆圆' [ RunTime:0.0090s ]
NOTIC: [8] Undefined offset: 0 D:\phpStudy20161103\WWW\tp3\Application\Developer\Controller\IndexController.class.php 第 25 行.
SQL: select u.username,ud.Did,d.Dname from Y_role r
                    LEFT JOIN Y_user_role ur on ur.roleid=r.roleid
                    LEFT JOIN Y_user u ON u.uid=ur.uid
                    LEFT JOIN Y_userDepartment ud ON ud.Uid=u.Uid
                    LEFT JOIN Y_Department d ON d.Did=ud.Did
                    WHERE rolename='开发员'  [ RunTime:0.0110s ]
INFO: [ view_parse ] --START--
INFO: [ template_filter ] --START--
INFO: Run Behavior\ContentReplaceBehavior [ RunTime:0.000000s ]
INFO: [ template_filter ] --END-- [ RunTime:0.000000s ]
INFO: Run Behavior\ParseTemplateBehavior [ RunTime:0.006000s ]
INFO: [ view_parse ] --END-- [ RunTime:0.006000s ]
INFO: [ view_filter ] --START--
INFO: Run Behavior\WriteHtmlCacheBehavior [ RunTime:0.000000s ]
INFO: [ view_filter ] --END-- [ RunTime:0.000000s ]
INFO: [ app_end ] --START--
INFO: Run Behavior\ShowPageTraceBehavior [ RunTime:0.000000s ]
INFO: [ app_end ] --END-- [ RunTime:0.000000s ]

[ 2017-04-06T10:43:30+08:00 ] 127.0.0.1 /Developer/index/show_dev_page
INFO: [ app_init ] --START--
INFO: Run Behavior\BuildLiteBehavior [ RunTime:0.000000s ]
INFO: [ app_init ] --END-- [ RunTime:0.000000s ]
INFO: [ app_begin ] --START--
INFO: Run Behavior\ReadHtmlCacheBehavior [ RunTime:0.000000s ]
INFO: [ app_begin ] --END-- [ RunTime:0.000000s ]
SQL: select DISTINCT(menuName),menuURL from Y_user u
            LEFT JOIN Y_user_role ur ON ur.uid=u.Uid
            LEFT JOIN Y_role r ON r.roleid=ur.roleid
            LEFT JOIN Y_role_menu rm ON rm.roleid=r.roleid
            LEFT JOIN Y_netprofitmenu npm ON npm.menuid=rm.menuid
            WHERE u.username='毕郑强' [ RunTime:0.0090s ]
SQL: select mid from Y_manger WHERE manger='毕郑强' [ RunTime:0.0070s ]
SQL: select DISTINCT u.username,ud.Did,d.Dname from Y_role r
                LEFT JOIN Y_user_role ur on ur.roleid=r.roleid
                LEFT JOIN Y_user u ON u.uid=ur.uid
                LEFT JOIN Y_userDepartment ud ON ud.Uid=u.Uid
                LEFT JOIN Y_Department d ON d.Did=ud.Did
                LEFT JOIN Y_masterDepartment md ON md.departmentid=d.Did
                WHERE r.rolename='开发员' AND mangerid='1' [ RunTime:0.0210s ]
INFO: [ view_parse ] --START--
INFO: [ template_filter ] --START--
INFO: Run Behavior\ContentReplaceBehavior [ RunTime:0.001000s ]
INFO: [ template_filter ] --END-- [ RunTime:0.001000s ]
INFO: Run Behavior\ParseTemplateBehavior [ RunTime:0.025002s ]
INFO: [ view_parse ] --END-- [ RunTime:0.025002s ]
INFO: [ view_filter ] --START--
INFO: Run Behavior\WriteHtmlCacheBehavior [ RunTime:0.001000s ]
INFO: [ view_filter ] --END-- [ RunTime:0.001000s ]
INFO: [ app_end ] --START--
INFO: Run Behavior\ShowPageTraceBehavior [ RunTime:0.000000s ]
INFO: [ app_end ] --END-- [ RunTime:0.000000s ]

[ 2017-04-06T10:57:54+08:00 ] 127.0.0.1 /Developer/index/show_dev_page
INFO: [ app_init ] --START--
INFO: Run Behavior\BuildLiteBehavior [ RunTime:0.000000s ]
INFO: [ app_init ] --END-- [ RunTime:0.000000s ]
INFO: [ app_begin ] --START--
INFO: Run Behavior\ReadHtmlCacheBehavior [ RunTime:0.001000s ]
INFO: [ app_begin ] --END-- [ RunTime:0.001000s ]
SQL: select DISTINCT(menuName),menuURL from Y_user u
            LEFT JOIN Y_user_role ur ON ur.uid=u.Uid
            LEFT JOIN Y_role r ON r.roleid=ur.roleid
            LEFT JOIN Y_role_menu rm ON rm.roleid=r.roleid
            LEFT JOIN Y_netprofitmenu npm ON npm.menuid=rm.menuid
            WHERE u.username='尚显贝' [ RunTime:0.0120s ]
SQL: select mid from Y_manger WHERE manger='尚显贝' [ RunTime:0.0090s ]
SQL: select DISTINCT u.username,ud.Did,d.Dname from Y_role r
                LEFT JOIN Y_user_role ur on ur.roleid=r.roleid
                LEFT JOIN Y_user u ON u.uid=ur.uid
                LEFT JOIN Y_userDepartment ud ON ud.Uid=u.Uid
                LEFT JOIN Y_Department d ON d.Did=ud.Did
                LEFT JOIN Y_masterDepartment md ON md.departmentid=d.Did
                WHERE r.rolename='开发员' AND mangerid='6' [ RunTime:0.0240s ]
INFO: [ view_parse ] --START--
INFO: [ template_filter ] --START--
INFO: Run Behavior\ContentReplaceBehavior [ RunTime:0.000000s ]
INFO: [ template_filter ] --END-- [ RunTime:0.000000s ]
INFO: Run Behavior\ParseTemplateBehavior [ RunTime:0.018001s ]
INFO: [ view_parse ] --END-- [ RunTime:0.018001s ]
INFO: [ view_filter ] --START--
INFO: Run Behavior\WriteHtmlCacheBehavior [ RunTime:0.000000s ]
INFO: [ view_filter ] --END-- [ RunTime:0.001000s ]
INFO: [ app_end ] --START--
INFO: Run Behavior\ShowPageTraceBehavior [ RunTime:0.000000s ]
INFO: [ app_end ] --END-- [ RunTime:0.000000s ]

[ 2017-04-06T11:57:43+08:00 ] 127.0.0.1 /Developer/index/show_dev_page
INFO: [ app_init ] --START--
INFO: Run Behavior\BuildLiteBehavior [ RunTime:0.000000s ]
INFO: [ app_init ] --END-- [ RunTime:0.001000s ]
INFO: [ app_begin ] --START--
INFO: Run Behavior\ReadHtmlCacheBehavior [ RunTime:0.001000s ]
INFO: [ app_begin ] --END-- [ RunTime:0.001000s ]
SQL: select DISTINCT menuName,menuURL,rm.menuid
                from Y_user u
                LEFT JOIN Y_user_role ur ON ur.uid=u.Uid
                LEFT JOIN Y_role r ON r.roleid=ur.roleid
                LEFT JOIN Y_role_menu rm ON rm.roleid=r.roleid
                LEFT JOIN Y_netprofitmenu npm ON npm.menuid=rm.menuid
                WHERE u.username='毕郑强' 
                ORDER BY rm.menuid [ RunTime:0.0160s ]
SQL: select mid from Y_manger WHERE manger='毕郑强' [ RunTime:0.0250s ]
SQL: select DISTINCT u.username,ud.Did,d.Dname from Y_role r
                LEFT JOIN Y_user_role ur on ur.roleid=r.roleid
                LEFT JOIN Y_user u ON u.uid=ur.uid
                LEFT JOIN Y_userDepartment ud ON ud.Uid=u.Uid
                LEFT JOIN Y_Department d ON d.Did=ud.Did
                LEFT JOIN Y_masterDepartment md ON md.departmentid=d.Did
                WHERE r.rolename='开发员' AND mangerid='1' [ RunTime:0.0270s ]
INFO: [ view_parse ] --START--
INFO: [ template_filter ] --START--
INFO: Run Behavior\ContentReplaceBehavior [ RunTime:0.000000s ]
INFO: [ template_filter ] --END-- [ RunTime:0.000000s ]
INFO: Run Behavior\ParseTemplateBehavior [ RunTime:0.016001s ]
INFO: [ view_parse ] --END-- [ RunTime:0.016001s ]
INFO: [ view_filter ] --START--
INFO: Run Behavior\WriteHtmlCacheBehavior [ RunTime:0.000000s ]
INFO: [ view_filter ] --END-- [ RunTime:0.000000s ]
INFO: [ app_end ] --START--
INFO: Run Behavior\ShowPageTraceBehavior [ RunTime:0.001000s ]
INFO: [ app_end ] --END-- [ RunTime:0.001000s ]

[ 2017-04-06T12:00:25+08:00 ] 127.0.0.1 /Developer/index/show_dev_page
INFO: [ app_init ] --START--
INFO: Run Behavior\BuildLiteBehavior [ RunTime:0.000000s ]
INFO: [ app_init ] --END-- [ RunTime:0.001000s ]
INFO: [ app_begin ] --START--
INFO: Run Behavior\ReadHtmlCacheBehavior [ RunTime:0.000000s ]
INFO: [ app_begin ] --END-- [ RunTime:0.000000s ]
SQL: select DISTINCT menuName,menuURL,rm.menuid
                from Y_user u
                LEFT JOIN Y_user_role ur ON ur.uid=u.Uid
                LEFT JOIN Y_role r ON r.roleid=ur.roleid
                LEFT JOIN Y_role_menu rm ON rm.roleid=r.roleid
                LEFT JOIN Y_netprofitmenu npm ON npm.menuid=rm.menuid
                WHERE u.username='admin' 
                ORDER BY rm.menuid [ RunTime:0.0150s ]
SQL: select mid from Y_manger WHERE manger='admin' [ RunTime:0.0070s ]
NOTIC: [8] Undefined offset: 0 D:\phpStudy20161103\WWW\tp3\Application\Developer\Controller\IndexController.class.php 第 27 行.
SQL: select u.username,ud.Did,d.Dname from Y_role r
                    LEFT JOIN Y_user_role ur on ur.roleid=r.roleid
                    LEFT JOIN Y_user u ON u.uid=ur.uid
                    LEFT JOIN Y_userDepartment ud ON ud.Uid=u.Uid
                    LEFT JOIN Y_Department d ON d.Did=ud.Did
                    WHERE rolename='开发员'  [ RunTime:0.0200s ]
INFO: [ view_parse ] --START--
INFO: [ template_filter ] --START--
INFO: Run Behavior\ContentReplaceBehavior [ RunTime:0.000000s ]
INFO: [ template_filter ] --END-- [ RunTime:0.000000s ]
INFO: Run Behavior\ParseTemplateBehavior [ RunTime:0.020001s ]
INFO: [ view_parse ] --END-- [ RunTime:0.020001s ]
INFO: [ view_filter ] --START--
INFO: Run Behavior\WriteHtmlCacheBehavior [ RunTime:0.001000s ]
INFO: [ view_filter ] --END-- [ RunTime:0.001000s ]
INFO: [ app_end ] --START--
INFO: Run Behavior\ShowPageTraceBehavior [ RunTime:0.001000s ]
INFO: [ app_end ] --END-- [ RunTime:0.001000s ]

[ 2017-04-06T13:24:53+08:00 ] 127.0.0.1 /Developer/index/show_dev_page
INFO: [ app_init ] --START--
INFO: Run Behavior\BuildLiteBehavior [ RunTime:0.000000s ]
INFO: [ app_init ] --END-- [ RunTime:0.000000s ]
INFO: [ app_begin ] --START--
INFO: Run Behavior\ReadHtmlCacheBehavior [ RunTime:0.000000s ]
INFO: [ app_begin ] --END-- [ RunTime:0.000000s ]
SQL: select DISTINCT menuName,menuURL,rm.menuid
                from Y_user u
                LEFT JOIN Y_user_role ur ON ur.uid=u.Uid
                LEFT JOIN Y_role r ON r.roleid=ur.roleid
                LEFT JOIN Y_role_menu rm ON rm.roleid=r.roleid
                LEFT JOIN Y_netprofitmenu npm ON npm.menuid=rm.menuid
                WHERE u.username='admin' 
                ORDER BY rm.menuid [ RunTime:0.0090s ]
SQL: select mid from Y_manger WHERE manger='admin' [ RunTime:0.0100s ]
NOTIC: [8] Undefined offset: 0 D:\phpStudy20161103\WWW\tp3\Application\Developer\Controller\IndexController.class.php 第 27 行.
SQL: select u.username,ud.Did,d.Dname from Y_role r
                    LEFT JOIN Y_user_role ur on ur.roleid=r.roleid
                    LEFT JOIN Y_user u ON u.uid=ur.uid
                    LEFT JOIN Y_userDepartment ud ON ud.Uid=u.Uid
                    LEFT JOIN Y_Department d ON d.Did=ud.Did
                    WHERE rolename='开发员'  [ RunTime:0.0180s ]
INFO: [ view_parse ] --START--
INFO: [ template_filter ] --START--
INFO: Run Behavior\ContentReplaceBehavior [ RunTime:0.000000s ]
INFO: [ template_filter ] --END-- [ RunTime:0.001000s ]
INFO: Run Behavior\ParseTemplateBehavior [ RunTime:0.025001s ]
INFO: [ view_parse ] --END-- [ RunTime:0.025001s ]
INFO: [ view_filter ] --START--
INFO: Run Behavior\WriteHtmlCacheBehavior [ RunTime:0.000000s ]
INFO: [ view_filter ] --END-- [ RunTime:0.000000s ]
INFO: [ app_end ] --START--
INFO: Run Behavior\ShowPageTraceBehavior [ RunTime:0.001000s ]
INFO: [ app_end ] --END-- [ RunTime:0.001000s ]

[ 2017-04-06T13:28:20+08:00 ] 127.0.0.1 /Developer/index/show_dev_page
INFO: [ app_init ] --START--
INFO: Run Behavior\BuildLiteBehavior [ RunTime:0.000000s ]
INFO: [ app_init ] --END-- [ RunTime:0.000000s ]
INFO: [ app_begin ] --START--
INFO: Run Behavior\ReadHtmlCacheBehavior [ RunTime:0.001000s ]
INFO: [ app_begin ] --END-- [ RunTime:0.001000s ]
SQL: select DISTINCT menuName,menuURL,rm.menuid
                from Y_user u
                LEFT JOIN Y_user_role ur ON ur.uid=u.Uid
                LEFT JOIN Y_role r ON r.roleid=ur.roleid
                LEFT JOIN Y_role_menu rm ON rm.roleid=r.roleid
                LEFT JOIN Y_netprofitmenu npm ON npm.menuid=rm.menuid
                WHERE u.username='admin' 
                ORDER BY rm.menuid [ RunTime:0.0080s ]
SQL: select mid from Y_manger WHERE manger='admin' [ RunTime:0.0080s ]
NOTIC: [8] Undefined offset: 0 D:\phpStudy20161103\WWW\tp3\Application\Developer\Controller\IndexController.class.php 第 27 行.
SQL: select u.username,ud.Did,d.Dname from Y_role r
                    LEFT JOIN Y_user_role ur on ur.roleid=r.roleid
                    LEFT JOIN Y_user u ON u.uid=ur.uid
                    LEFT JOIN Y_userDepartment ud ON ud.Uid=u.Uid
                    LEFT JOIN Y_Department d ON d.Did=ud.Did
                    WHERE rolename='开发员'  [ RunTime:0.0270s ]
INFO: [ view_parse ] --START--
INFO: [ template_filter ] --START--
INFO: Run Behavior\ContentReplaceBehavior [ RunTime:0.000000s ]
INFO: [ template_filter ] --END-- [ RunTime:0.000000s ]
INFO: Run Behavior\ParseTemplateBehavior [ RunTime:0.018001s ]
INFO: [ view_parse ] --END-- [ RunTime:0.018001s ]
INFO: [ view_filter ] --START--
INFO: Run Behavior\WriteHtmlCacheBehavior [ RunTime:0.000000s ]
INFO: [ view_filter ] --END-- [ RunTime:0.000000s ]
INFO: [ app_end ] --START--
INFO: Run Behavior\ShowPageTraceBehavior [ RunTime:0.001000s ]
INFO: [ app_end ] --END-- [ RunTime:0.001000s ]

[ 2017-04-06T13:29:08+08:00 ] 127.0.0.1 /Developer/index/show_dev_page
INFO: [ app_init ] --START--
INFO: Run Behavior\BuildLiteBehavior [ RunTime:0.000000s ]
INFO: [ app_init ] --END-- [ RunTime:0.000000s ]
INFO: [ app_begin ] --START--
INFO: Run Behavior\ReadHtmlCacheBehavior [ RunTime:0.000000s ]
INFO: [ app_begin ] --END-- [ RunTime:0.000000s ]
SQL: select DISTINCT menuName,menuURL,rm.menuid
                from Y_user u
                LEFT JOIN Y_user_role ur ON ur.uid=u.Uid
                LEFT JOIN Y_role r ON r.roleid=ur.roleid
                LEFT JOIN Y_role_menu rm ON rm.roleid=r.roleid
                LEFT JOIN Y_netprofitmenu npm ON npm.menuid=rm.menuid
                WHERE u.username='尚显贝' 
                ORDER BY rm.menuid [ RunTime:0.0260s ]
SQL: select mid from Y_manger WHERE manger='尚显贝' [ RunTime:0.0260s ]
SQL: select DISTINCT u.username,ud.Did,d.Dname from Y_role r
                LEFT JOIN Y_user_role ur on ur.roleid=r.roleid
                LEFT JOIN Y_user u ON u.uid=ur.uid
                LEFT JOIN Y_userDepartment ud ON ud.Uid=u.Uid
                LEFT JOIN Y_Department d ON d.Did=ud.Did
                LEFT JOIN Y_masterDepartment md ON md.departmentid=d.Did
                WHERE r.rolename='开发员' AND mangerid='6' [ RunTime:0.0340s ]
INFO: [ view_parse ] --START--
INFO: [ template_filter ] --START--
INFO: Run Behavior\ContentReplaceBehavior [ RunTime:0.001000s ]
INFO: [ template_filter ] --END-- [ RunTime:0.001000s ]
INFO: Run Behavior\ParseTemplateBehavior [ RunTime:0.023001s ]
INFO: [ view_parse ] --END-- [ RunTime:0.023001s ]
INFO: [ view_filter ] --START--
INFO: Run Behavior\WriteHtmlCacheBehavior [ RunTime:0.001000s ]
INFO: [ view_filter ] --END-- [ RunTime:0.001000s ]
INFO: [ app_end ] --START--
INFO: Run Behavior\ShowPageTraceBehavior [ RunTime:0.001000s ]
INFO: [ app_end ] --END-- [ RunTime:0.001000s ]

