[ 2017-12-19T09:19:31+08:00 ] 115.60.57.43 /Developer/index/show_dev_page
INFO: [ app_init ] --START--
INFO: Run Behavior\BuildLiteBehavior [ RunTime:0.000000s ]
INFO: [ app_init ] --END-- [ RunTime:0.001000s ]
INFO: [ app_begin ] --START--
INFO: Run Behavior\ReadHtmlCacheBehavior [ RunTime:0.001001s ]
INFO: [ app_begin ] --END-- [ RunTime:0.001001s ]
SQL: select DISTINCT menuName,menuURL,rm.menuid
                from Y_user u
                LEFT JOIN Y_user_role ur ON ur.uid=u.Uid
                LEFT JOIN Y_role r ON r.roleid=ur.roleid
                LEFT JOIN Y_role_menu rm ON rm.roleid=r.roleid
                LEFT JOIN Y_netprofitmenu npm ON npm.menuid=rm.menuid
                WHERE u.username='陈曦曦' 
                ORDER BY rm.menuid [ RunTime:0.0150s ]
SQL: select mid from Y_manger WHERE manger='陈曦曦' [ RunTime:0.0150s ]
SQL: select DISTINCT u.username,ud.Did,d.Dname from Y_role r
                LEFT JOIN Y_user_role ur on ur.roleid=r.roleid
                LEFT JOIN Y_user u ON u.uid=ur.uid
                LEFT JOIN Y_userDepartment ud ON ud.Uid=u.Uid
                LEFT JOIN Y_Department d ON d.Did=ud.Did
                LEFT JOIN Y_masterDepartment md ON md.departmentid=d.Did
                WHERE r.rolename='开发员' AND mangerid='11' [ RunTime:0.0280s ]
NOTIC: [8] Undefined variable: did D:\phpStudy20161103\WWW\cms\Application\Developer\Controller\IndexController.class.php 第 62 行.
NOTIC: [2] array_unique() expects parameter 1 to be array, null given D:\phpStudy20161103\WWW\cms\Application\Developer\Controller\IndexController.class.php 第 62 行.
NOTIC: [8] Undefined variable: dname D:\phpStudy20161103\WWW\cms\Application\Developer\Controller\IndexController.class.php 第 63 行.
NOTIC: [2] array_unique() expects parameter 1 to be array, null given D:\phpStudy20161103\WWW\cms\Application\Developer\Controller\IndexController.class.php 第 63 行.
NOTIC: [8] Undefined variable: dev D:\phpStudy20161103\WWW\cms\Application\Developer\Controller\IndexController.class.php 第 64 行.
NOTIC: [2] array_unique() expects parameter 1 to be array, null given D:\phpStudy20161103\WWW\cms\Application\Developer\Controller\IndexController.class.php 第 64 行.
NOTIC: [8] Undefined variable: did D:\phpStudy20161103\WWW\cms\Application\Developer\Controller\IndexController.class.php 第 65 行.
NOTIC: [8] Undefined variable: dname D:\phpStudy20161103\WWW\cms\Application\Developer\Controller\IndexController.class.php 第 65 行.
NOTIC: [2] array_combine() expects parameter 1 to be array, null given D:\phpStudy20161103\WWW\cms\Application\Developer\Controller\IndexController.class.php 第 65 行.
NOTIC: [2] ksort() expects parameter 1 to be array, null given D:\phpStudy20161103\WWW\cms\Application\Developer\Controller\IndexController.class.php 第 66 行.
INFO: [ view_parse ] --START--
INFO: [ template_filter ] --START--
INFO: Run Behavior\ContentReplaceBehavior [ RunTime:0.000000s ]
INFO: [ template_filter ] --END-- [ RunTime:0.000000s ]
INFO: Run Behavior\ParseTemplateBehavior [ RunTime:0.009000s ]
INFO: [ view_parse ] --END-- [ RunTime:0.009000s ]
INFO: [ view_filter ] --START--
INFO: Run Behavior\WriteHtmlCacheBehavior [ RunTime:0.001000s ]
INFO: [ view_filter ] --END-- [ RunTime:0.001000s ]
INFO: [ app_end ] --START--
INFO: Run Behavior\ShowPageTraceBehavior [ RunTime:0.000000s ]
INFO: [ app_end ] --END-- [ RunTime:0.000000s ]

