[ 2017-10-12T16:37:25+08:00 ] 58.246.226.254 /Developer/index/show_dev_page
INFO: [ app_init ] --START--
INFO: Run Behavior\BuildLiteBehavior [ RunTime:0.000000s ]
INFO: [ app_init ] --END-- [ RunTime:0.001000s ]
INFO: [ app_begin ] --START--
INFO: Run Behavior\ReadHtmlCacheBehavior [ RunTime:0.001001s ]
INFO: [ app_begin ] --END-- [ RunTime:0.001001s ]
SQL: select DISTINCT menuName,menuURL,rm.menuid
                from Y_user u
                LEFT JOIN Y_user_role ur ON ur.uid=u.Uid
                LEFT JOIN Y_role r ON r.roleid=ur.roleid
                LEFT JOIN Y_role_menu rm ON rm.roleid=r.roleid
                LEFT JOIN Y_netprofitmenu npm ON npm.menuid=rm.menuid
                WHERE u.username='尚显贝' 
                ORDER BY rm.menuid [ RunTime:0.0140s ]
SQL: select mid from Y_manger WHERE manger='尚显贝' [ RunTime:0.0130s ]
SQL: select DISTINCT u.username,ud.Did,d.Dname from Y_role r
                LEFT JOIN Y_user_role ur on ur.roleid=r.roleid
                LEFT JOIN Y_user u ON u.uid=ur.uid
                LEFT JOIN Y_userDepartment ud ON ud.Uid=u.Uid
                LEFT JOIN Y_Department d ON d.Did=ud.Did
                LEFT JOIN Y_masterDepartment md ON md.departmentid=d.Did
                WHERE r.rolename='开发员' AND mangerid='3' [ RunTime:0.0280s ]
INFO: [ view_parse ] --START--
INFO: [ template_filter ] --START--
INFO: Run Behavior\ContentReplaceBehavior [ RunTime:0.000000s ]
INFO: [ template_filter ] --END-- [ RunTime:0.000000s ]
INFO: Run Behavior\ParseTemplateBehavior [ RunTime:0.014000s ]
INFO: [ view_parse ] --END-- [ RunTime:0.014000s ]
INFO: [ view_filter ] --START--
INFO: Run Behavior\WriteHtmlCacheBehavior [ RunTime:0.001000s ]
INFO: [ view_filter ] --END-- [ RunTime:0.001000s ]
INFO: [ app_end ] --START--
INFO: Run Behavior\ShowPageTraceBehavior [ RunTime:0.000000s ]
INFO: [ app_end ] --END-- [ RunTime:0.000000s ]

[ 2017-10-12T16:37:27+08:00 ] 58.246.226.254 /Developer/index/show_dev_page
INFO: [ app_init ] --START--
INFO: Run Behavior\BuildLiteBehavior [ RunTime:0.000000s ]
INFO: [ app_init ] --END-- [ RunTime:0.000000s ]
INFO: [ app_begin ] --START--
INFO: Run Behavior\ReadHtmlCacheBehavior [ RunTime:0.000000s ]
INFO: [ app_begin ] --END-- [ RunTime:0.000000s ]
SQL: select DISTINCT menuName,menuURL,rm.menuid
                from Y_user u
                LEFT JOIN Y_user_role ur ON ur.uid=u.Uid
                LEFT JOIN Y_role r ON r.roleid=ur.roleid
                LEFT JOIN Y_role_menu rm ON rm.roleid=r.roleid
                LEFT JOIN Y_netprofitmenu npm ON npm.menuid=rm.menuid
                WHERE u.username='尚显贝' 
                ORDER BY rm.menuid [ RunTime:0.0210s ]
SQL: select mid from Y_manger WHERE manger='尚显贝' [ RunTime:0.0200s ]
SQL: select DISTINCT u.username,ud.Did,d.Dname from Y_role r
                LEFT JOIN Y_user_role ur on ur.roleid=r.roleid
                LEFT JOIN Y_user u ON u.uid=ur.uid
                LEFT JOIN Y_userDepartment ud ON ud.Uid=u.Uid
                LEFT JOIN Y_Department d ON d.Did=ud.Did
                LEFT JOIN Y_masterDepartment md ON md.departmentid=d.Did
                WHERE r.rolename='开发员' AND mangerid='3' [ RunTime:0.0150s ]
INFO: [ view_parse ] --START--
INFO: [ template_filter ] --START--
INFO: Run Behavior\ContentReplaceBehavior [ RunTime:0.001000s ]
INFO: [ template_filter ] --END-- [ RunTime:0.001000s ]
INFO: Run Behavior\ParseTemplateBehavior [ RunTime:0.008001s ]
INFO: [ view_parse ] --END-- [ RunTime:0.008001s ]
INFO: [ view_filter ] --START--
INFO: Run Behavior\WriteHtmlCacheBehavior [ RunTime:0.000000s ]
INFO: [ view_filter ] --END-- [ RunTime:0.000000s ]
INFO: [ app_end ] --START--
INFO: Run Behavior\ShowPageTraceBehavior [ RunTime:0.000000s ]
INFO: [ app_end ] --END-- [ RunTime:0.000000s ]

[ 2017-10-12T16:37:47+08:00 ] 58.246.226.254 /developer/index/test.html
INFO: [ app_init ] --START--
INFO: Run Behavior\BuildLiteBehavior [ RunTime:0.000000s ]
INFO: [ app_init ] --END-- [ RunTime:0.000000s ]
INFO: [ app_begin ] --START--
INFO: Run Behavior\ReadHtmlCacheBehavior [ RunTime:0.000000s ]
INFO: [ app_begin ] --END-- [ RunTime:0.000000s ]
SQL: select mid from Y_manger WHERE manger='尚显贝' [ RunTime:0.0130s ]
SQL: SELECT d.developer as username from Y_manger m
                    LEFT JOIN Y_masterDev d ON m.mid=d.masterid
                    WHERE m.manger='尚显贝' [ RunTime:0.0170s ]
NOTIC: [8] Undefined variable: value D:\phpStudy20161103\WWW\cms\Application\Developer\Controller\IndexController.class.php 第 150 行.
SQL: exec Z_P_DevNetprofit '1','2017-10-01','2017-10-12','','陈海月,杨曼曼,黄烽殷,张葵,彭冉冉,吕圆,李莎莎,章兰君,周源,何丽娟,朱海洋,姜娅文','','','','','','','0','0','0','0' [ RunTime:5.5103s ]
INFO: [ view_parse ] --START--
INFO: [ template_filter ] --START--
INFO: Run Behavior\ContentReplaceBehavior [ RunTime:0.000000s ]
INFO: [ template_filter ] --END-- [ RunTime:0.000000s ]
INFO: Run Behavior\ParseTemplateBehavior [ RunTime:0.010000s ]
INFO: [ view_parse ] --END-- [ RunTime:0.010000s ]
INFO: [ view_filter ] --START--
INFO: Run Behavior\WriteHtmlCacheBehavior [ RunTime:0.000000s ]
INFO: [ view_filter ] --END-- [ RunTime:0.000000s ]
INFO: [ app_end ] --START--
INFO: Run Behavior\ShowPageTraceBehavior [ RunTime:0.000000s ]
INFO: [ app_end ] --END-- [ RunTime:0.000000s ]

[ 2017-10-12T16:38:24+08:00 ] 58.246.226.254 /Developer/index/show_dev_page
INFO: [ app_init ] --START--
INFO: Run Behavior\BuildLiteBehavior [ RunTime:0.000000s ]
INFO: [ app_init ] --END-- [ RunTime:0.001000s ]
INFO: [ app_begin ] --START--
INFO: Run Behavior\ReadHtmlCacheBehavior [ RunTime:0.001000s ]
INFO: [ app_begin ] --END-- [ RunTime:0.001000s ]
SQL: select DISTINCT menuName,menuURL,rm.menuid
                from Y_user u
                LEFT JOIN Y_user_role ur ON ur.uid=u.Uid
                LEFT JOIN Y_role r ON r.roleid=ur.roleid
                LEFT JOIN Y_role_menu rm ON rm.roleid=r.roleid
                LEFT JOIN Y_netprofitmenu npm ON npm.menuid=rm.menuid
                WHERE u.username='尚显贝' 
                ORDER BY rm.menuid [ RunTime:0.0150s ]
SQL: select mid from Y_manger WHERE manger='尚显贝' [ RunTime:0.0150s ]
SQL: select DISTINCT u.username,ud.Did,d.Dname from Y_role r
                LEFT JOIN Y_user_role ur on ur.roleid=r.roleid
                LEFT JOIN Y_user u ON u.uid=ur.uid
                LEFT JOIN Y_userDepartment ud ON ud.Uid=u.Uid
                LEFT JOIN Y_Department d ON d.Did=ud.Did
                LEFT JOIN Y_masterDepartment md ON md.departmentid=d.Did
                WHERE r.rolename='开发员' AND mangerid='3' [ RunTime:0.0170s ]
INFO: [ view_parse ] --START--
INFO: [ template_filter ] --START--
INFO: Run Behavior\ContentReplaceBehavior [ RunTime:0.000000s ]
INFO: [ template_filter ] --END-- [ RunTime:0.000000s ]
INFO: Run Behavior\ParseTemplateBehavior [ RunTime:0.010000s ]
INFO: [ view_parse ] --END-- [ RunTime:0.010000s ]
INFO: [ view_filter ] --START--
INFO: Run Behavior\WriteHtmlCacheBehavior [ RunTime:0.000000s ]
INFO: [ view_filter ] --END-- [ RunTime:0.000000s ]
INFO: [ app_end ] --START--
INFO: Run Behavior\ShowPageTraceBehavior [ RunTime:0.001000s ]
INFO: [ app_end ] --END-- [ RunTime:0.001000s ]

[ 2017-10-12T16:38:59+08:00 ] 58.246.226.254 /developer/index/test.html
INFO: [ app_init ] --START--
INFO: Run Behavior\BuildLiteBehavior [ RunTime:0.000000s ]
INFO: [ app_init ] --END-- [ RunTime:0.000000s ]
INFO: [ app_begin ] --START--
INFO: Run Behavior\ReadHtmlCacheBehavior [ RunTime:0.000000s ]
INFO: [ app_begin ] --END-- [ RunTime:0.000000s ]
SQL: select mid from Y_manger WHERE manger='尚显贝' [ RunTime:0.0150s ]
SQL: SELECT d.developer as username from Y_manger m
                    LEFT JOIN Y_masterDev d ON m.mid=d.masterid
                    WHERE m.manger='尚显贝' [ RunTime:0.0160s ]
NOTIC: [8] Undefined variable: value D:\phpStudy20161103\WWW\cms\Application\Developer\Controller\IndexController.class.php 第 150 行.
SQL: exec Z_P_DevNetprofit '1','2017-09-01','2017-10-13','','陈海月,杨曼曼,黄烽殷,张葵,彭冉冉,吕圆,李莎莎,章兰君,周源,何丽娟,朱海洋,姜娅文','','','','','','','0','0','0','0' [ RunTime:9.7866s ]
INFO: [ view_parse ] --START--
INFO: [ template_filter ] --START--
INFO: Run Behavior\ContentReplaceBehavior [ RunTime:0.000000s ]
INFO: [ template_filter ] --END-- [ RunTime:0.000000s ]
INFO: Run Behavior\ParseTemplateBehavior [ RunTime:0.008001s ]
INFO: [ view_parse ] --END-- [ RunTime:0.008001s ]
INFO: [ view_filter ] --START--
INFO: Run Behavior\WriteHtmlCacheBehavior [ RunTime:0.000000s ]
INFO: [ view_filter ] --END-- [ RunTime:0.000000s ]
INFO: [ app_end ] --START--
INFO: Run Behavior\ShowPageTraceBehavior [ RunTime:0.000000s ]
INFO: [ app_end ] --END-- [ RunTime:0.000000s ]

[ 2017-10-12T16:41:10+08:00 ] 58.246.226.254 /Developer/index/show_dev_page
INFO: [ app_init ] --START--
INFO: Run Behavior\BuildLiteBehavior [ RunTime:0.000000s ]
INFO: [ app_init ] --END-- [ RunTime:0.000000s ]
INFO: [ app_begin ] --START--
INFO: Run Behavior\ReadHtmlCacheBehavior [ RunTime:0.000000s ]
INFO: [ app_begin ] --END-- [ RunTime:0.000000s ]
SQL: select DISTINCT menuName,menuURL,rm.menuid
                from Y_user u
                LEFT JOIN Y_user_role ur ON ur.uid=u.Uid
                LEFT JOIN Y_role r ON r.roleid=ur.roleid
                LEFT JOIN Y_role_menu rm ON rm.roleid=r.roleid
                LEFT JOIN Y_netprofitmenu npm ON npm.menuid=rm.menuid
                WHERE u.username='admin' 
                ORDER BY rm.menuid [ RunTime:0.0140s ]
SQL: select mid from Y_manger WHERE manger='admin' [ RunTime:0.0130s ]
NOTIC: [8] Undefined offset: 0 D:\phpStudy20161103\WWW\cms\Application\Developer\Controller\IndexController.class.php 第 27 行.
SQL: select u.username,ud.Did,d.Dname from Y_role r
                    LEFT JOIN Y_user_role ur on ur.roleid=r.roleid
                    LEFT JOIN Y_user u ON u.uid=ur.uid
                    LEFT JOIN Y_userDepartment ud ON ud.Uid=u.Uid
                    LEFT JOIN Y_Department d ON d.Did=ud.Did
                    WHERE rolename='开发员'  [ RunTime:0.0290s ]
INFO: [ view_parse ] --START--
INFO: [ template_filter ] --START--
INFO: Run Behavior\ContentReplaceBehavior [ RunTime:0.000000s ]
INFO: [ template_filter ] --END-- [ RunTime:0.000000s ]
INFO: Run Behavior\ParseTemplateBehavior [ RunTime:0.009001s ]
INFO: [ view_parse ] --END-- [ RunTime:0.009001s ]
INFO: [ view_filter ] --START--
INFO: Run Behavior\WriteHtmlCacheBehavior [ RunTime:0.000000s ]
INFO: [ view_filter ] --END-- [ RunTime:0.000000s ]
INFO: [ app_end ] --START--
INFO: Run Behavior\ShowPageTraceBehavior [ RunTime:0.001000s ]
INFO: [ app_end ] --END-- [ RunTime:0.001000s ]

[ 2017-10-12T16:41:44+08:00 ] 58.246.226.254 /developer/index/test.html
INFO: [ app_init ] --START--
INFO: Run Behavior\BuildLiteBehavior [ RunTime:0.000000s ]
INFO: [ app_init ] --END-- [ RunTime:0.000000s ]
INFO: [ app_begin ] --START--
INFO: Run Behavior\ReadHtmlCacheBehavior [ RunTime:0.000000s ]
INFO: [ app_begin ] --END-- [ RunTime:0.000000s ]
SQL: select mid from Y_manger WHERE manger='admin' [ RunTime:0.0130s ]
SQL: select developer as username FROM Y_masterDev where developer='admin' [ RunTime:0.0140s ]
NOTIC: [8] Undefined offset: 0 D:\phpStudy20161103\WWW\cms\Application\Developer\Controller\IndexController.class.php 第 198 行.
SQL: exec Z_P_DevNetprofit '0','2017-09-01','2017-09-30','','','','','','','','','0','0','0','0' [ RunTime:6.6834s ]
INFO: [ view_parse ] --START--
INFO: [ template_filter ] --START--
INFO: Run Behavior\ContentReplaceBehavior [ RunTime:0.000000s ]
INFO: [ template_filter ] --END-- [ RunTime:0.000000s ]
INFO: Run Behavior\ParseTemplateBehavior [ RunTime:0.015000s ]
INFO: [ view_parse ] --END-- [ RunTime:0.016001s ]
INFO: [ view_filter ] --START--
INFO: Run Behavior\WriteHtmlCacheBehavior [ RunTime:0.000000s ]
INFO: [ view_filter ] --END-- [ RunTime:0.000000s ]
INFO: [ app_end ] --START--
INFO: Run Behavior\ShowPageTraceBehavior [ RunTime:0.002000s ]
INFO: [ app_end ] --END-- [ RunTime:0.002000s ]

[ 2017-10-12T16:42:53+08:00 ] 58.246.226.254 /Developer/index/show_dev_page
INFO: [ app_init ] --START--
INFO: Run Behavior\BuildLiteBehavior [ RunTime:0.000000s ]
INFO: [ app_init ] --END-- [ RunTime:0.001000s ]
INFO: [ app_begin ] --START--
INFO: Run Behavior\ReadHtmlCacheBehavior [ RunTime:0.000000s ]
INFO: [ app_begin ] --END-- [ RunTime:0.000000s ]
SQL: select DISTINCT menuName,menuURL,rm.menuid
                from Y_user u
                LEFT JOIN Y_user_role ur ON ur.uid=u.Uid
                LEFT JOIN Y_role r ON r.roleid=ur.roleid
                LEFT JOIN Y_role_menu rm ON rm.roleid=r.roleid
                LEFT JOIN Y_netprofitmenu npm ON npm.menuid=rm.menuid
                WHERE u.username='尚显贝' 
                ORDER BY rm.menuid [ RunTime:0.0150s ]
SQL: select mid from Y_manger WHERE manger='尚显贝' [ RunTime:0.0140s ]
SQL: select DISTINCT u.username,ud.Did,d.Dname from Y_role r
                LEFT JOIN Y_user_role ur on ur.roleid=r.roleid
                LEFT JOIN Y_user u ON u.uid=ur.uid
                LEFT JOIN Y_userDepartment ud ON ud.Uid=u.Uid
                LEFT JOIN Y_Department d ON d.Did=ud.Did
                LEFT JOIN Y_masterDepartment md ON md.departmentid=d.Did
                WHERE r.rolename='开发员' AND mangerid='3' [ RunTime:0.0150s ]
INFO: [ view_parse ] --START--
INFO: [ template_filter ] --START--
INFO: Run Behavior\ContentReplaceBehavior [ RunTime:0.000000s ]
INFO: [ template_filter ] --END-- [ RunTime:0.000000s ]
INFO: Run Behavior\ParseTemplateBehavior [ RunTime:0.005000s ]
INFO: [ view_parse ] --END-- [ RunTime:0.005000s ]
INFO: [ view_filter ] --START--
INFO: Run Behavior\WriteHtmlCacheBehavior [ RunTime:0.000000s ]
INFO: [ view_filter ] --END-- [ RunTime:0.000000s ]
INFO: [ app_end ] --START--
INFO: Run Behavior\ShowPageTraceBehavior [ RunTime:0.000000s ]
INFO: [ app_end ] --END-- [ RunTime:0.000000s ]

[ 2017-10-12T16:43:15+08:00 ] 58.246.226.254 /developer/index/test.html
INFO: [ app_init ] --START--
INFO: Run Behavior\BuildLiteBehavior [ RunTime:0.000000s ]
INFO: [ app_init ] --END-- [ RunTime:0.000000s ]
INFO: [ app_begin ] --START--
INFO: Run Behavior\ReadHtmlCacheBehavior [ RunTime:0.001000s ]
INFO: [ app_begin ] --END-- [ RunTime:0.001000s ]
SQL: select mid from Y_manger WHERE manger='尚显贝' [ RunTime:0.0140s ]
SQL: select developer as username from Y_masterDev v
                                LEFT JOIN Y_masterDepartment t  ON v.masterid= t.mangerid
                                WHERE departmentid='3' [ RunTime:0.0170s ]
NOTIC: [8] Undefined variable: value D:\phpStudy20161103\WWW\cms\Application\Developer\Controller\IndexController.class.php 第 190 行.
SQL: exec Z_P_DevNetprofit '1','2017-09-01','2017-10-31','','陈海月,杨曼曼,黄烽殷,张葵,彭冉冉,吕圆,李莎莎,章兰君,周源,何丽娟,朱海洋,姜娅文','','','','','','','0','0','0','0' [ RunTime:8.5935s ]
INFO: [ view_parse ] --START--
INFO: [ template_filter ] --START--
INFO: Run Behavior\ContentReplaceBehavior [ RunTime:0.000000s ]
INFO: [ template_filter ] --END-- [ RunTime:0.000000s ]
INFO: Run Behavior\ParseTemplateBehavior [ RunTime:0.011000s ]
INFO: [ view_parse ] --END-- [ RunTime:0.011000s ]
INFO: [ view_filter ] --START--
INFO: Run Behavior\WriteHtmlCacheBehavior [ RunTime:0.001001s ]
INFO: [ view_filter ] --END-- [ RunTime:0.001001s ]
INFO: [ app_end ] --START--
INFO: Run Behavior\ShowPageTraceBehavior [ RunTime:0.001000s ]
INFO: [ app_end ] --END-- [ RunTime:0.001000s ]

[ 2017-10-12T16:43:58+08:00 ] 58.246.226.254 /developer/index/test.html
INFO: [ app_init ] --START--
INFO: Run Behavior\BuildLiteBehavior [ RunTime:0.000000s ]
INFO: [ app_init ] --END-- [ RunTime:0.001000s ]
INFO: [ app_begin ] --START--
INFO: Run Behavior\ReadHtmlCacheBehavior [ RunTime:0.001000s ]
INFO: [ app_begin ] --END-- [ RunTime:0.001000s ]
SQL: select mid from Y_manger WHERE manger='尚显贝' [ RunTime:0.0140s ]
SQL: SELECT d.developer as username from Y_manger m
                    LEFT JOIN Y_masterDev d ON m.mid=d.masterid
                    WHERE m.manger='尚显贝' [ RunTime:0.0140s ]
NOTIC: [8] Undefined variable: value D:\phpStudy20161103\WWW\cms\Application\Developer\Controller\IndexController.class.php 第 150 行.
SQL: exec Z_P_DevNetprofit '1','2017-09-01','2017-10-31','','陈海月,杨曼曼,黄烽殷,张葵,彭冉冉,吕圆,李莎莎,章兰君,周源,何丽娟,朱海洋,姜娅文','','','','','','','0','0','0','0' [ RunTime:8.3085s ]
INFO: [ view_parse ] --START--
INFO: [ template_filter ] --START--
INFO: Run Behavior\ContentReplaceBehavior [ RunTime:0.000000s ]
INFO: [ template_filter ] --END-- [ RunTime:0.000000s ]
INFO: Run Behavior\ParseTemplateBehavior [ RunTime:0.008001s ]
INFO: [ view_parse ] --END-- [ RunTime:0.008001s ]
INFO: [ view_filter ] --START--
INFO: Run Behavior\WriteHtmlCacheBehavior [ RunTime:0.000000s ]
INFO: [ view_filter ] --END-- [ RunTime:0.000000s ]
INFO: [ app_end ] --START--
INFO: Run Behavior\ShowPageTraceBehavior [ RunTime:0.000000s ]
INFO: [ app_end ] --END-- [ RunTime:0.000000s ]

[ 2017-10-12T16:45:22+08:00 ] 58.246.226.254 /Developer/index/show_dev_page
INFO: [ app_init ] --START--
INFO: Run Behavior\BuildLiteBehavior [ RunTime:0.000000s ]
INFO: [ app_init ] --END-- [ RunTime:0.000000s ]
INFO: [ app_begin ] --START--
INFO: Run Behavior\ReadHtmlCacheBehavior [ RunTime:0.000000s ]
INFO: [ app_begin ] --END-- [ RunTime:0.000000s ]
SQL: select DISTINCT menuName,menuURL,rm.menuid
                from Y_user u
                LEFT JOIN Y_user_role ur ON ur.uid=u.Uid
                LEFT JOIN Y_role r ON r.roleid=ur.roleid
                LEFT JOIN Y_role_menu rm ON rm.roleid=r.roleid
                LEFT JOIN Y_netprofitmenu npm ON npm.menuid=rm.menuid
                WHERE u.username='admin' 
                ORDER BY rm.menuid [ RunTime:0.0140s ]
SQL: select mid from Y_manger WHERE manger='admin' [ RunTime:0.0130s ]
NOTIC: [8] Undefined offset: 0 D:\phpStudy20161103\WWW\cms\Application\Developer\Controller\IndexController.class.php 第 27 行.
SQL: select u.username,ud.Did,d.Dname from Y_role r
                    LEFT JOIN Y_user_role ur on ur.roleid=r.roleid
                    LEFT JOIN Y_user u ON u.uid=ur.uid
                    LEFT JOIN Y_userDepartment ud ON ud.Uid=u.Uid
                    LEFT JOIN Y_Department d ON d.Did=ud.Did
                    WHERE rolename='开发员'  [ RunTime:0.0150s ]
INFO: [ view_parse ] --START--
INFO: [ template_filter ] --START--
INFO: Run Behavior\ContentReplaceBehavior [ RunTime:0.000000s ]
INFO: [ template_filter ] --END-- [ RunTime:0.000000s ]
INFO: Run Behavior\ParseTemplateBehavior [ RunTime:0.005001s ]
INFO: [ view_parse ] --END-- [ RunTime:0.005001s ]
INFO: [ view_filter ] --START--
INFO: Run Behavior\WriteHtmlCacheBehavior [ RunTime:0.000000s ]
INFO: [ view_filter ] --END-- [ RunTime:0.000000s ]
INFO: [ app_end ] --START--
INFO: Run Behavior\ShowPageTraceBehavior [ RunTime:0.000000s ]
INFO: [ app_end ] --END-- [ RunTime:0.000000s ]

[ 2017-10-12T16:45:40+08:00 ] 58.246.226.254 /developer/index/test.html
INFO: [ app_init ] --START--
INFO: Run Behavior\BuildLiteBehavior [ RunTime:0.000000s ]
INFO: [ app_init ] --END-- [ RunTime:0.000000s ]
INFO: [ app_begin ] --START--
INFO: Run Behavior\ReadHtmlCacheBehavior [ RunTime:0.000000s ]
INFO: [ app_begin ] --END-- [ RunTime:0.000000s ]
SQL: select mid from Y_manger WHERE manger='admin' [ RunTime:0.0140s ]
SQL: select u.username,ud.Did,d.Dname from Y_role r
                    LEFT JOIN Y_user_role ur on ur.roleid=r.roleid
                    LEFT JOIN Y_user u ON u.uid=ur.uid
                    LEFT JOIN Y_userDepartment ud ON ud.Uid=u.Uid
                    LEFT JOIN Y_Department d ON d.Did=ud.Did
                    WHERE rolename='开发员' [ RunTime:0.0200s ]
NOTIC: [8] Undefined variable: value D:\phpStudy20161103\WWW\cms\Application\Developer\Controller\IndexController.class.php 第 164 行.
SQL: exec Z_P_DevNetprofit '1','2017-09-01','2017-10-12','','韩珍,彭冉冉,谌方,方蓓,尚显贝,宋现中,杨淑琳,刘珊珊,柴盼盼,薛晨昕,王漫漫,陈微微,宋文杰,洪晓飞,李永恒,黄钰莹,黄钰莹,李宗轩,缪政勇,吴志超,常金彩,','','','','','','','0','0','0','0' [ RunTime:8.4235s ]
INFO: [ view_parse ] --START--
INFO: [ template_filter ] --START--
INFO: Run Behavior\ContentReplaceBehavior [ RunTime:0.000000s ]
INFO: [ template_filter ] --END-- [ RunTime:0.000000s ]
INFO: Run Behavior\ParseTemplateBehavior [ RunTime:0.006000s ]
INFO: [ view_parse ] --END-- [ RunTime:0.006000s ]
INFO: [ view_filter ] --START--
INFO: Run Behavior\WriteHtmlCacheBehavior [ RunTime:0.000000s ]
INFO: [ view_filter ] --END-- [ RunTime:0.000000s ]
INFO: [ app_end ] --START--
INFO: Run Behavior\ShowPageTraceBehavior [ RunTime:0.001000s ]
INFO: [ app_end ] --END-- [ RunTime:0.001000s ]

[ 2017-10-12T16:50:37+08:00 ] 58.246.226.254 /Developer/index/show_dev_page
INFO: [ app_init ] --START--
INFO: Run Behavior\BuildLiteBehavior [ RunTime:0.000000s ]
INFO: [ app_init ] --END-- [ RunTime:0.000000s ]
INFO: [ app_begin ] --START--
INFO: Run Behavior\ReadHtmlCacheBehavior [ RunTime:0.000000s ]
INFO: [ app_begin ] --END-- [ RunTime:0.000000s ]
SQL: select DISTINCT menuName,menuURL,rm.menuid
                from Y_user u
                LEFT JOIN Y_user_role ur ON ur.uid=u.Uid
                LEFT JOIN Y_role r ON r.roleid=ur.roleid
                LEFT JOIN Y_role_menu rm ON rm.roleid=r.roleid
                LEFT JOIN Y_netprofitmenu npm ON npm.menuid=rm.menuid
                WHERE u.username='尚显贝' 
                ORDER BY rm.menuid [ RunTime:0.0140s ]
SQL: select mid from Y_manger WHERE manger='尚显贝' [ RunTime:0.0130s ]
SQL: select DISTINCT u.username,ud.Did,d.Dname from Y_role r
                LEFT JOIN Y_user_role ur on ur.roleid=r.roleid
                LEFT JOIN Y_user u ON u.uid=ur.uid
                LEFT JOIN Y_userDepartment ud ON ud.Uid=u.Uid
                LEFT JOIN Y_Department d ON d.Did=ud.Did
                LEFT JOIN Y_masterDepartment md ON md.departmentid=d.Did
                WHERE r.rolename='开发员' AND mangerid='3' [ RunTime:0.0160s ]
INFO: [ view_parse ] --START--
INFO: [ template_filter ] --START--
INFO: Run Behavior\ContentReplaceBehavior [ RunTime:0.000000s ]
INFO: [ template_filter ] --END-- [ RunTime:0.000000s ]
INFO: Run Behavior\ParseTemplateBehavior [ RunTime:0.007000s ]
INFO: [ view_parse ] --END-- [ RunTime:0.007000s ]
INFO: [ view_filter ] --START--
INFO: Run Behavior\WriteHtmlCacheBehavior [ RunTime:0.000000s ]
INFO: [ view_filter ] --END-- [ RunTime:0.000000s ]
INFO: [ app_end ] --START--
INFO: Run Behavior\ShowPageTraceBehavior [ RunTime:0.000000s ]
INFO: [ app_end ] --END-- [ RunTime:0.000000s ]

[ 2017-10-12T16:50:50+08:00 ] 58.246.226.254 /developer/index/test.html
INFO: [ app_init ] --START--
INFO: Run Behavior\BuildLiteBehavior [ RunTime:0.000000s ]
INFO: [ app_init ] --END-- [ RunTime:0.001000s ]
INFO: [ app_begin ] --START--
INFO: Run Behavior\ReadHtmlCacheBehavior [ RunTime:0.001000s ]
INFO: [ app_begin ] --END-- [ RunTime:0.001000s ]
SQL: select mid from Y_manger WHERE manger='尚显贝' [ RunTime:0.0140s ]
SQL: SELECT d.developer as username from Y_manger m
                    LEFT JOIN Y_masterDev d ON m.mid=d.masterid
                    WHERE m.manger='尚显贝' [ RunTime:0.0140s ]
NOTIC: [8] Undefined variable: value D:\phpStudy20161103\WWW\cms\Application\Developer\Controller\IndexController.class.php 第 150 行.
SQL: exec Z_P_DevNetprofit '1','2017-10-01','2017-10-12','','陈海月,杨曼曼,黄烽殷,张葵,彭冉冉,吕圆,李莎莎,章兰君,周源,何丽娟,朱海洋,姜娅文','','','','','','','0','0','0','0' [ RunTime:3.5522s ]
INFO: [ view_parse ] --START--
INFO: [ template_filter ] --START--
INFO: Run Behavior\ContentReplaceBehavior [ RunTime:0.000000s ]
INFO: [ template_filter ] --END-- [ RunTime:0.000000s ]
INFO: Run Behavior\ParseTemplateBehavior [ RunTime:0.005000s ]
INFO: [ view_parse ] --END-- [ RunTime:0.005000s ]
INFO: [ view_filter ] --START--
INFO: Run Behavior\WriteHtmlCacheBehavior [ RunTime:0.000000s ]
INFO: [ view_filter ] --END-- [ RunTime:0.001000s ]
INFO: [ app_end ] --START--
INFO: Run Behavior\ShowPageTraceBehavior [ RunTime:0.000000s ]
INFO: [ app_end ] --END-- [ RunTime:0.000000s ]

[ 2017-10-12T16:52:42+08:00 ] 58.246.226.254 /developer/index/test.html
INFO: [ app_init ] --START--
INFO: Run Behavior\BuildLiteBehavior [ RunTime:0.000000s ]
INFO: [ app_init ] --END-- [ RunTime:0.000000s ]
INFO: [ app_begin ] --START--
INFO: Run Behavior\ReadHtmlCacheBehavior [ RunTime:0.000000s ]
INFO: [ app_begin ] --END-- [ RunTime:0.000000s ]
SQL: select mid from Y_manger WHERE manger='尚显贝' [ RunTime:0.0140s ]
SQL: SELECT d.developer as username from Y_manger m
                    LEFT JOIN Y_masterDev d ON m.mid=d.masterid
                    WHERE m.manger='尚显贝' [ RunTime:0.0130s ]
NOTIC: [8] Undefined variable: value D:\phpStudy20161103\WWW\cms\Application\Developer\Controller\IndexController.class.php 第 141 行.
SQL: exec Z_P_DevNetprofit '1','2017-10-01','2017-10-12','','陈海月,杨曼曼,黄烽殷,张葵,彭冉冉,吕圆,李莎莎,章兰君,周源,何丽娟,朱海洋,姜娅文','','','','','','','0','0','0','0' [ RunTime:3.0192s ]
INFO: [ view_parse ] --START--
INFO: [ template_filter ] --START--
INFO: Run Behavior\ContentReplaceBehavior [ RunTime:0.000000s ]
INFO: [ template_filter ] --END-- [ RunTime:0.000000s ]
INFO: Run Behavior\ParseTemplateBehavior [ RunTime:0.017001s ]
INFO: [ view_parse ] --END-- [ RunTime:0.017001s ]
INFO: [ view_filter ] --START--
INFO: Run Behavior\WriteHtmlCacheBehavior [ RunTime:0.000000s ]
INFO: [ view_filter ] --END-- [ RunTime:0.000000s ]
INFO: [ app_end ] --START--
INFO: Run Behavior\ShowPageTraceBehavior [ RunTime:0.001000s ]
INFO: [ app_end ] --END-- [ RunTime:0.001000s ]

[ 2017-10-12T16:53:15+08:00 ] 58.246.226.254 /developer/index/test.html
INFO: [ app_init ] --START--
INFO: Run Behavior\BuildLiteBehavior [ RunTime:0.000000s ]
INFO: [ app_init ] --END-- [ RunTime:0.000000s ]
INFO: [ app_begin ] --START--
INFO: Run Behavior\ReadHtmlCacheBehavior [ RunTime:0.000000s ]
INFO: [ app_begin ] --END-- [ RunTime:0.000000s ]
SQL: select mid from Y_manger WHERE manger='尚显贝' [ RunTime:0.0150s ]
SQL: SELECT d.developer as username from Y_manger m
                    LEFT JOIN Y_masterDev d ON m.mid=d.masterid
                    WHERE m.manger='尚显贝' [ RunTime:0.0140s ]
NOTIC: [8] Undefined variable: value D:\phpStudy20161103\WWW\cms\Application\Developer\Controller\IndexController.class.php 第 141 行.

[ 2017-10-12T16:54:57+08:00 ] 58.246.226.254 /developer/index/test.html
INFO: [ app_init ] --START--
INFO: Run Behavior\BuildLiteBehavior [ RunTime:0.000000s ]
INFO: [ app_init ] --END-- [ RunTime:0.000000s ]
INFO: [ app_begin ] --START--
INFO: Run Behavior\ReadHtmlCacheBehavior [ RunTime:0.000000s ]
INFO: [ app_begin ] --END-- [ RunTime:0.001000s ]
SQL: select mid from Y_manger WHERE manger='尚显贝' [ RunTime:0.0130s ]

[ 2017-10-12T16:55:31+08:00 ] 58.246.226.254 /developer/index/test.html
INFO: [ app_init ] --START--
INFO: Run Behavior\BuildLiteBehavior [ RunTime:0.000000s ]
INFO: [ app_init ] --END-- [ RunTime:0.000000s ]
INFO: [ app_begin ] --START--
INFO: Run Behavior\ReadHtmlCacheBehavior [ RunTime:0.000000s ]
INFO: [ app_begin ] --END-- [ RunTime:0.000000s ]
SQL: select mid from Y_manger WHERE manger='尚显贝' [ RunTime:0.0130s ]

[ 2017-10-12T16:55:57+08:00 ] 58.246.226.254 /developer/index/test.html
INFO: [ app_init ] --START--
INFO: Run Behavior\BuildLiteBehavior [ RunTime:0.000000s ]
INFO: [ app_init ] --END-- [ RunTime:0.001000s ]
INFO: [ app_begin ] --START--
INFO: Run Behavior\ReadHtmlCacheBehavior [ RunTime:0.001000s ]
INFO: [ app_begin ] --END-- [ RunTime:0.001000s ]
SQL: select mid from Y_manger WHERE manger='尚显贝' [ RunTime:0.0140s ]
SQL: SELECT d.developer as username from Y_manger m
                    LEFT JOIN Y_masterDev d ON m.mid=d.masterid
                    WHERE m.manger='尚显贝' [ RunTime:0.0130s ]
NOTIC: [8] Undefined variable: value D:\phpStudy20161103\WWW\cms\Application\Developer\Controller\IndexController.class.php 第 141 行.

[ 2017-10-12T17:00:52+08:00 ] 58.246.226.254 /developer/index/test.html
INFO: [ app_init ] --START--
INFO: Run Behavior\BuildLiteBehavior [ RunTime:0.000000s ]
INFO: [ app_init ] --END-- [ RunTime:0.000000s ]
INFO: [ app_begin ] --START--
INFO: Run Behavior\ReadHtmlCacheBehavior [ RunTime:0.000000s ]
INFO: [ app_begin ] --END-- [ RunTime:0.000000s ]
SQL: select mid from Y_manger WHERE manger='尚显贝' [ RunTime:0.0150s ]
SQL: SELECT d.developer as username from Y_manger m
                    LEFT JOIN Y_masterDev d ON m.mid=d.masterid
                    WHERE m.manger='尚显贝' [ RunTime:0.0160s ]
NOTIC: [8] Undefined variable: value D:\phpStudy20161103\WWW\cms\Application\Developer\Controller\IndexController.class.php 第 141 行.

[ 2017-10-12T17:04:17+08:00 ] 58.246.226.254 /developer/index/test.html
INFO: [ app_init ] --START--
INFO: Run Behavior\BuildLiteBehavior [ RunTime:0.000000s ]
INFO: [ app_init ] --END-- [ RunTime:0.000000s ]
INFO: [ app_begin ] --START--
INFO: Run Behavior\ReadHtmlCacheBehavior [ RunTime:0.001000s ]
INFO: [ app_begin ] --END-- [ RunTime:0.001000s ]
SQL: select mid from Y_manger WHERE manger='尚显贝' [ RunTime:0.0130s ]
SQL: SELECT d.developer as username from Y_manger m
                    LEFT JOIN Y_masterDev d ON m.mid=d.masterid
                    WHERE m.manger='尚显贝' [ RunTime:0.0130s ]
NOTIC: [8] Undefined variable: value D:\phpStudy20161103\WWW\cms\Application\Developer\Controller\IndexController.class.php 第 140 行.

[ 2017-10-12T17:04:37+08:00 ] 58.246.226.254 /developer/index/test.html
INFO: [ app_init ] --START--
INFO: Run Behavior\BuildLiteBehavior [ RunTime:0.000000s ]
INFO: [ app_init ] --END-- [ RunTime:0.000000s ]
INFO: [ app_begin ] --START--
INFO: Run Behavior\ReadHtmlCacheBehavior [ RunTime:0.000000s ]
INFO: [ app_begin ] --END-- [ RunTime:0.000000s ]
SQL: select mid from Y_manger WHERE manger='尚显贝' [ RunTime:0.0130s ]
SQL: SELECT d.developer as username from Y_manger m
                    LEFT JOIN Y_masterDev d ON m.mid=d.masterid
                    WHERE m.manger='尚显贝' [ RunTime:0.0140s ]
NOTIC: [8] Undefined variable: value D:\phpStudy20161103\WWW\cms\Application\Developer\Controller\IndexController.class.php 第 140 行.
SQL: exec Z_P_DevNetprofit '1','2017-10-01','2017-10-12','','尚显贝,薛晨昕,王漫漫','','','','','','','0','0','0','0' [ RunTime:2.8822s ]
INFO: [ view_parse ] --START--
INFO: [ template_filter ] --START--
INFO: Run Behavior\ContentReplaceBehavior [ RunTime:0.000000s ]
INFO: [ template_filter ] --END-- [ RunTime:0.000000s ]
INFO: Run Behavior\ParseTemplateBehavior [ RunTime:0.018001s ]
INFO: [ view_parse ] --END-- [ RunTime:0.018001s ]
INFO: [ view_filter ] --START--
INFO: Run Behavior\WriteHtmlCacheBehavior [ RunTime:0.000000s ]
INFO: [ view_filter ] --END-- [ RunTime:0.000000s ]
INFO: [ app_end ] --START--
INFO: Run Behavior\ShowPageTraceBehavior [ RunTime:0.000000s ]
INFO: [ app_end ] --END-- [ RunTime:0.000000s ]

[ 2017-10-12T17:08:12+08:00 ] 58.246.226.254 /developer/index/test.html
INFO: [ app_init ] --START--
INFO: Run Behavior\BuildLiteBehavior [ RunTime:0.000000s ]
INFO: [ app_init ] --END-- [ RunTime:0.000000s ]
INFO: [ app_begin ] --START--
INFO: Run Behavior\ReadHtmlCacheBehavior [ RunTime:0.000000s ]
INFO: [ app_begin ] --END-- [ RunTime:0.001000s ]
SQL: select mid from Y_manger WHERE manger='尚显贝' [ RunTime:0.0130s ]
SQL: SELECT d.developer as username from Y_manger m
                    LEFT JOIN Y_masterDev d ON m.mid=d.masterid
                    WHERE m.manger='尚显贝' [ RunTime:0.0130s ]
NOTIC: [8] Undefined variable: value D:\phpStudy20161103\WWW\cms\Application\Developer\Controller\IndexController.class.php 第 140 行.
SQL: exec Z_P_DevNetprofit '1','2017-10-01','2017-10-12','','尚显贝,陈微微,薛晨昕,王漫漫','','','','','','','0','0','0','0' [ RunTime:3.4902s ]
INFO: [ view_parse ] --START--
INFO: [ template_filter ] --START--
INFO: Run Behavior\ContentReplaceBehavior [ RunTime:0.000000s ]
INFO: [ template_filter ] --END-- [ RunTime:0.000000s ]
INFO: Run Behavior\ParseTemplateBehavior [ RunTime:0.007000s ]
INFO: [ view_parse ] --END-- [ RunTime:0.007000s ]
INFO: [ view_filter ] --START--
INFO: Run Behavior\WriteHtmlCacheBehavior [ RunTime:0.000000s ]
INFO: [ view_filter ] --END-- [ RunTime:0.000000s ]
INFO: [ app_end ] --START--
INFO: Run Behavior\ShowPageTraceBehavior [ RunTime:0.000000s ]
INFO: [ app_end ] --END-- [ RunTime:0.000000s ]

