[ 2017-04-15T11:01:02+08:00 ] 101.88.239.34 /Purchase/Purchase/show_purchase_page
INFO: [ app_init ] --START--
INFO: Run Behavior\BuildLiteBehavior [ RunTime:0.000000s ]
INFO: [ app_init ] --END-- [ RunTime:0.001000s ]
INFO: [ app_begin ] --START--
INFO: Run Behavior\ReadHtmlCacheBehavior [ RunTime:0.001000s ]
INFO: [ app_begin ] --END-- [ RunTime:0.001000s ]
SQL: select DISTINCT menuName,menuURL,rm.menuid
                from Y_user u
                LEFT JOIN Y_user_role ur ON ur.uid=u.Uid
                LEFT JOIN Y_role r ON r.roleid=ur.roleid
                LEFT JOIN Y_role_menu rm ON rm.roleid=r.roleid
                LEFT JOIN Y_netprofitmenu npm ON npm.menuid=rm.menuid
                WHERE u.username='张葵'
                ORDER BY rm.menuid [ RunTime:0.0130s ]
SQL: select mid from Y_manger WHERE manger='张葵' [ RunTime:0.0070s ]
SQL: SELECT DISTINCT u.username FROM Y_user u
                            LEFT JOIN Y_user_role ur ON ur.uid=u.Uid
                            LEFT JOIN Y_role r  on r.roleid=ur.roleid
                            LEFT JOIN Y_userDepartment ud ON ud.Uid=u.Uid
                            LEFT JOIN Y_Department d ON d.Did=ud.Did
                            LEFT JOIN Y_masterDepartment md on md.departmentid=d.Did
                            LEFT JOIN Y_manger m ON md.mangerid=m.mid
                            WHERE r.roleName='采购员'
                            AND mangerid='3' [ RunTime:0.0210s ]
INFO: [ view_parse ] --START--
INFO: [ template_filter ] --START--
INFO: Run Behavior\ContentReplaceBehavior [ RunTime:0.000000s ]
INFO: [ template_filter ] --END-- [ RunTime:0.000000s ]
INFO: Run Behavior\ParseTemplateBehavior [ RunTime:0.020002s ]
INFO: [ view_parse ] --END-- [ RunTime:0.020002s ]
INFO: [ view_filter ] --START--
INFO: Run Behavior\WriteHtmlCacheBehavior [ RunTime:0.001000s ]
INFO: [ view_filter ] --END-- [ RunTime:0.001000s ]
INFO: [ app_end ] --START--
INFO: Run Behavior\ShowPageTraceBehavior [ RunTime:0.001000s ]
INFO: [ app_end ] --END-- [ RunTime:0.001000s ]

