[ 2017-07-12T08:10:38+08:00 ] 116.231.214.53 /Purchase/Purchase/show_purchase_page
INFO: [ app_init ] --START--
INFO: Run Behavior\BuildLiteBehavior [ RunTime:0.000000s ]
INFO: [ app_init ] --END-- [ RunTime:0.000000s ]
INFO: [ app_begin ] --START--
INFO: Run Behavior\ReadHtmlCacheBehavior [ RunTime:0.001000s ]
INFO: [ app_begin ] --END-- [ RunTime:0.001000s ]
SQL: select DISTINCT menuName,menuURL,rm.menuid
                from Y_user u
                LEFT JOIN Y_user_role ur ON ur.uid=u.Uid
                LEFT JOIN Y_role r ON r.roleid=ur.roleid
                LEFT JOIN Y_role_menu rm ON rm.roleid=r.roleid
                LEFT JOIN Y_netprofitmenu npm ON npm.menuid=rm.menuid
                WHERE u.username='黄钰莹'
                ORDER BY rm.menuid [ RunTime:0.0120s ]
SQL: select mid from Y_manger WHERE manger='黄钰莹' [ RunTime:0.0080s ]
NOTIC: [8] Undefined offset: 0 D:\phpStudy20161103\WWW\cms\Application\Purchase\Controller\PurchaseController.class.php 第 26 行.
SQL: SELECT DISTINCT u.username FROM Y_user u
                              LEFT JOIN Y_user_role ur ON ur.uid=u.Uid
                              LEFT JOIN Y_role r  on r.roleid=ur.roleid
                              WHERE r.roleName='采购员' AND u.username='黄钰莹' [ RunTime:0.0130s ]
INFO: [ view_parse ] --START--
INFO: [ template_filter ] --START--
INFO: Run Behavior\ContentReplaceBehavior [ RunTime:0.001000s ]
INFO: [ template_filter ] --END-- [ RunTime:0.001000s ]
INFO: Run Behavior\ParseTemplateBehavior [ RunTime:0.014001s ]
INFO: [ view_parse ] --END-- [ RunTime:0.014001s ]
INFO: [ view_filter ] --START--
INFO: Run Behavior\WriteHtmlCacheBehavior [ RunTime:0.000000s ]
INFO: [ view_filter ] --END-- [ RunTime:0.000000s ]
INFO: [ app_end ] --START--
INFO: Run Behavior\ShowPageTraceBehavior [ RunTime:0.001000s ]
INFO: [ app_end ] --END-- [ RunTime:0.001000s ]

[ 2017-07-12T08:11:26+08:00 ] 116.231.214.53 /purchase/purchase/purchase_netprofit.html
INFO: [ app_init ] --START--
INFO: Run Behavior\BuildLiteBehavior [ RunTime:0.000000s ]
INFO: [ app_init ] --END-- [ RunTime:0.000000s ]
INFO: [ app_begin ] --START--
INFO: Run Behavior\ReadHtmlCacheBehavior [ RunTime:0.000000s ]
INFO: [ app_begin ] --END-- [ RunTime:0.000000s ]
SQL: select * from Y_manger WHERE manger='黄钰莹' [ RunTime:0.0080s ]
NOTIC: [8] Undefined offset: 0 D:\phpStudy20161103\WWW\cms\Application\Purchase\Controller\PurchaseController.class.php 第 70 行.
SQL: SELECT DISTINCT u.username FROM Y_user u
                                    LEFT JOIN Y_user_role ur ON ur.uid=u.Uid
                                    LEFT JOIN Y_role r  on r.roleid=ur.roleid
                                    LEFT JOIN Y_userDepartment ud ON ud.Uid=u.Uid
                                    LEFT JOIN Y_Department d ON d.Did=ud.Did
                                    LEFT JOIN Y_masterDepartment md on md.departmentid=d.Did
                                    LEFT JOIN Y_manger m ON md.mangerid=m.mid
                                    WHERE r.roleName='采购员'
                                    AND u.username='黄钰莹' [ RunTime:0.0150s ]
NOTIC: [8] Undefined variable: da D:\phpStudy20161103\WWW\cms\Application\Purchase\Controller\PurchaseController.class.php 第 123 行.
SQL: exec z_p_purchaserProfit '1','2017-06-01','2017-06-30','','','0','','','','','','黄钰莹','0','0','0',0 [ RunTime:38.8042s ]
INFO: [ view_parse ] --START--
INFO: [ template_filter ] --START--
INFO: Run Behavior\ContentReplaceBehavior [ RunTime:0.000000s ]
INFO: [ template_filter ] --END-- [ RunTime:0.000000s ]
INFO: Run Behavior\ParseTemplateBehavior [ RunTime:0.015001s ]
INFO: [ view_parse ] --END-- [ RunTime:0.015001s ]
INFO: [ view_filter ] --START--
INFO: Run Behavior\WriteHtmlCacheBehavior [ RunTime:0.001000s ]
INFO: [ view_filter ] --END-- [ RunTime:0.001000s ]
INFO: [ app_end ] --START--
INFO: Run Behavior\ShowPageTraceBehavior [ RunTime:0.001000s ]
INFO: [ app_end ] --END-- [ RunTime:0.001000s ]

[ 2017-07-12T08:11:27+08:00 ] 116.231.214.53 /Purchase/Purchase/echo_purchase?order=asc
INFO: [ app_init ] --START--
INFO: Run Behavior\BuildLiteBehavior [ RunTime:0.000000s ]
INFO: [ app_init ] --END-- [ RunTime:0.000000s ]
INFO: [ app_begin ] --START--
INFO: Run Behavior\ReadHtmlCacheBehavior [ RunTime:0.000000s ]
INFO: [ app_begin ] --END-- [ RunTime:0.001000s ]
INFO: [ app_end ] --START--
INFO: Run Behavior\ShowPageTraceBehavior [ RunTime:0.001000s ]
INFO: [ app_end ] --END-- [ RunTime:0.001000s ]

[ 2017-07-12T08:36:28+08:00 ] 116.231.214.53 /Purchase/Purchase/show_purchase_page
INFO: [ app_init ] --START--
INFO: Run Behavior\BuildLiteBehavior [ RunTime:0.000000s ]
INFO: [ app_init ] --END-- [ RunTime:0.001000s ]
INFO: [ app_begin ] --START--
INFO: Run Behavior\ReadHtmlCacheBehavior [ RunTime:0.001000s ]
INFO: [ app_begin ] --END-- [ RunTime:0.001000s ]
SQL: select DISTINCT menuName,menuURL,rm.menuid
                from Y_user u
                LEFT JOIN Y_user_role ur ON ur.uid=u.Uid
                LEFT JOIN Y_role r ON r.roleid=ur.roleid
                LEFT JOIN Y_role_menu rm ON rm.roleid=r.roleid
                LEFT JOIN Y_netprofitmenu npm ON npm.menuid=rm.menuid
                WHERE u.username='黄钰莹'
                ORDER BY rm.menuid [ RunTime:0.0130s ]
SQL: select mid from Y_manger WHERE manger='黄钰莹' [ RunTime:0.0080s ]
NOTIC: [8] Undefined offset: 0 D:\phpStudy20161103\WWW\cms\Application\Purchase\Controller\PurchaseController.class.php 第 26 行.
SQL: SELECT DISTINCT u.username FROM Y_user u
                              LEFT JOIN Y_user_role ur ON ur.uid=u.Uid
                              LEFT JOIN Y_role r  on r.roleid=ur.roleid
                              WHERE r.roleName='采购员' AND u.username='黄钰莹' [ RunTime:0.0080s ]
INFO: [ view_parse ] --START--
INFO: [ template_filter ] --START--
INFO: Run Behavior\ContentReplaceBehavior [ RunTime:0.001000s ]
INFO: [ template_filter ] --END-- [ RunTime:0.001000s ]
INFO: Run Behavior\ParseTemplateBehavior [ RunTime:0.025001s ]
INFO: [ view_parse ] --END-- [ RunTime:0.025001s ]
INFO: [ view_filter ] --START--
INFO: Run Behavior\WriteHtmlCacheBehavior [ RunTime:0.000000s ]
INFO: [ view_filter ] --END-- [ RunTime:0.001000s ]
INFO: [ app_end ] --START--
INFO: Run Behavior\ShowPageTraceBehavior [ RunTime:0.001000s ]
INFO: [ app_end ] --END-- [ RunTime:0.001000s ]

[ 2017-07-12T17:52:38+08:00 ] 58.246.226.254 /Purchase/Purchase/show_purchase_page
INFO: [ app_init ] --START--
INFO: Run Behavior\BuildLiteBehavior [ RunTime:0.000000s ]
INFO: [ app_init ] --END-- [ RunTime:0.000000s ]
INFO: [ app_begin ] --START--
INFO: Run Behavior\ReadHtmlCacheBehavior [ RunTime:0.000000s ]
INFO: [ app_begin ] --END-- [ RunTime:0.000000s ]
SQL: select DISTINCT menuName,menuURL,rm.menuid
                from Y_user u
                LEFT JOIN Y_user_role ur ON ur.uid=u.Uid
                LEFT JOIN Y_role r ON r.roleid=ur.roleid
                LEFT JOIN Y_role_menu rm ON rm.roleid=r.roleid
                LEFT JOIN Y_netprofitmenu npm ON npm.menuid=rm.menuid
                WHERE u.username='党圆圆'
                ORDER BY rm.menuid [ RunTime:0.0130s ]
SQL: select mid from Y_manger WHERE manger='党圆圆' [ RunTime:0.0090s ]
NOTIC: [8] Undefined offset: 0 D:\phpStudy20161103\WWW\cms\Application\Purchase\Controller\PurchaseController.class.php 第 26 行.
SQL: SELECT DISTINCT u.username FROM Y_user u
                              LEFT JOIN Y_user_role ur ON ur.uid=u.Uid
                              LEFT JOIN Y_role r  on r.roleid=ur.roleid
                              WHERE r.roleName='采购员' AND u.username='党圆圆' [ RunTime:0.0110s ]
INFO: [ view_parse ] --START--
INFO: [ template_filter ] --START--
INFO: Run Behavior\ContentReplaceBehavior [ RunTime:0.000000s ]
INFO: [ template_filter ] --END-- [ RunTime:0.000000s ]
INFO: Run Behavior\ParseTemplateBehavior [ RunTime:0.021001s ]
INFO: [ view_parse ] --END-- [ RunTime:0.021001s ]
INFO: [ view_filter ] --START--
INFO: Run Behavior\WriteHtmlCacheBehavior [ RunTime:0.000000s ]
INFO: [ view_filter ] --END-- [ RunTime:0.000000s ]
INFO: [ app_end ] --START--
INFO: Run Behavior\ShowPageTraceBehavior [ RunTime:0.001000s ]
INFO: [ app_end ] --END-- [ RunTime:0.001000s ]

[ 2017-07-12T17:52:39+08:00 ] 58.246.226.254 /Purchase/Purchase/show_purchase_page
INFO: [ app_init ] --START--
INFO: Run Behavior\BuildLiteBehavior [ RunTime:0.000000s ]
INFO: [ app_init ] --END-- [ RunTime:0.000000s ]
INFO: [ app_begin ] --START--
INFO: Run Behavior\ReadHtmlCacheBehavior [ RunTime:0.000000s ]
INFO: [ app_begin ] --END-- [ RunTime:0.000000s ]
SQL: select DISTINCT menuName,menuURL,rm.menuid
                from Y_user u
                LEFT JOIN Y_user_role ur ON ur.uid=u.Uid
                LEFT JOIN Y_role r ON r.roleid=ur.roleid
                LEFT JOIN Y_role_menu rm ON rm.roleid=r.roleid
                LEFT JOIN Y_netprofitmenu npm ON npm.menuid=rm.menuid
                WHERE u.username='党圆圆'
                ORDER BY rm.menuid [ RunTime:0.0100s ]
SQL: select mid from Y_manger WHERE manger='党圆圆' [ RunTime:0.0080s ]
NOTIC: [8] Undefined offset: 0 D:\phpStudy20161103\WWW\cms\Application\Purchase\Controller\PurchaseController.class.php 第 26 行.
SQL: SELECT DISTINCT u.username FROM Y_user u
                              LEFT JOIN Y_user_role ur ON ur.uid=u.Uid
                              LEFT JOIN Y_role r  on r.roleid=ur.roleid
                              WHERE r.roleName='采购员' AND u.username='党圆圆' [ RunTime:0.0090s ]
INFO: [ view_parse ] --START--
INFO: [ template_filter ] --START--
INFO: Run Behavior\ContentReplaceBehavior [ RunTime:0.000000s ]
INFO: [ template_filter ] --END-- [ RunTime:0.000000s ]
INFO: Run Behavior\ParseTemplateBehavior [ RunTime:0.018002s ]
INFO: [ view_parse ] --END-- [ RunTime:0.018002s ]
INFO: [ view_filter ] --START--
INFO: Run Behavior\WriteHtmlCacheBehavior [ RunTime:0.000000s ]
INFO: [ view_filter ] --END-- [ RunTime:0.000000s ]
INFO: [ app_end ] --START--
INFO: Run Behavior\ShowPageTraceBehavior [ RunTime:0.002000s ]
INFO: [ app_end ] --END-- [ RunTime:0.002000s ]

[ 2017-07-12T17:52:59+08:00 ] 58.246.226.254 /purchase/purchase/purchase_netprofit.html
INFO: [ app_init ] --START--
INFO: Run Behavior\BuildLiteBehavior [ RunTime:0.000000s ]
INFO: [ app_init ] --END-- [ RunTime:0.000000s ]
INFO: [ app_begin ] --START--
INFO: Run Behavior\ReadHtmlCacheBehavior [ RunTime:0.001000s ]
INFO: [ app_begin ] --END-- [ RunTime:0.001000s ]
SQL: exec z_p_purchaserProfit '1','2017-07-01','2017-07-12','','','0','','','','','','党圆圆','0','0','0',0 [ RunTime:11.7347s ]
INFO: [ view_parse ] --START--
INFO: [ template_filter ] --START--
INFO: Run Behavior\ContentReplaceBehavior [ RunTime:0.000000s ]
INFO: [ template_filter ] --END-- [ RunTime:0.000000s ]
INFO: Run Behavior\ParseTemplateBehavior [ RunTime:0.008001s ]
INFO: [ view_parse ] --END-- [ RunTime:0.008001s ]
INFO: [ view_filter ] --START--
INFO: Run Behavior\WriteHtmlCacheBehavior [ RunTime:0.000000s ]
INFO: [ view_filter ] --END-- [ RunTime:0.000000s ]
INFO: [ app_end ] --START--
INFO: Run Behavior\ShowPageTraceBehavior [ RunTime:0.000000s ]
INFO: [ app_end ] --END-- [ RunTime:0.000000s ]

[ 2017-07-12T17:53:00+08:00 ] 58.246.226.254 /Purchase/Purchase/echo_purchase?order=asc
INFO: [ app_init ] --START--
INFO: Run Behavior\BuildLiteBehavior [ RunTime:0.000000s ]
INFO: [ app_init ] --END-- [ RunTime:0.000000s ]
INFO: [ app_begin ] --START--
INFO: Run Behavior\ReadHtmlCacheBehavior [ RunTime:0.000000s ]
INFO: [ app_begin ] --END-- [ RunTime:0.000000s ]
INFO: [ app_end ] --START--
INFO: Run Behavior\ShowPageTraceBehavior [ RunTime:0.000000s ]
INFO: [ app_end ] --END-- [ RunTime:0.000000s ]

