[ 2017-05-15T09:04:32+08:00 ] 58.246.226.254 /Admin/Suffix/show_suffix
INFO: [ app_init ] --START--
INFO: Run Behavior\BuildLiteBehavior [ RunTime:0.000000s ]
INFO: [ app_init ] --END-- [ RunTime:0.000000s ]
INFO: [ app_begin ] --START--
INFO: Run Behavior\ReadHtmlCacheBehavior [ RunTime:0.000000s ]
INFO: [ app_begin ] --END-- [ RunTime:0.000000s ]
SQL: select DISTINCT menuName,menuURL,rm.menuid,npm.pmenuid,npm.menulevel
                from Y_user u
                LEFT JOIN Y_user_role ur ON ur.uid=u.Uid
                LEFT JOIN Y_role r ON r.roleid=ur.roleid
                LEFT JOIN Y_role_menu rm ON rm.roleid=r.roleid
                LEFT JOIN Y_netprofitmenu npm ON npm.menuid=rm.menuid
                WHERE u.username='admin' ORDER BY rm.menuid [ RunTime:0.0170s ]
SQL: SELECT ss.id,ss.suffix,salesman as username,m.manger,sp.pingtai FROM Y_SuffixSalerman ss
                    left JOIN  Y_manger m ON m.mid =ss.mangerid
                    LEFT JOIN Y_suffixPingtai sp ON sp.suffix=ss.suffix
                    ORDER BY ss.id [ RunTime:0.0210s ]
INFO: [ view_parse ] --START--
INFO: [ template_filter ] --START--
INFO: Run Behavior\ContentReplaceBehavior [ RunTime:0.000000s ]
INFO: [ template_filter ] --END-- [ RunTime:0.000000s ]
INFO: Run Behavior\ParseTemplateBehavior [ RunTime:0.014001s ]
INFO: [ view_parse ] --END-- [ RunTime:0.014001s ]
INFO: [ view_filter ] --START--
INFO: Run Behavior\WriteHtmlCacheBehavior [ RunTime:0.001000s ]
INFO: [ view_filter ] --END-- [ RunTime:0.001000s ]
INFO: [ app_end ] --START--
INFO: Run Behavior\ShowPageTraceBehavior [ RunTime:0.001000s ]
INFO: [ app_end ] --END-- [ RunTime:0.001000s ]

[ 2017-05-15T09:57:32+08:00 ] 58.246.226.254 /Admin/Suffix/add_edit_suffix
INFO: [ app_init ] --START--
INFO: Run Behavior\BuildLiteBehavior [ RunTime:0.000000s ]
INFO: [ app_init ] --END-- [ RunTime:0.000000s ]
INFO: [ app_begin ] --START--
INFO: Run Behavior\ReadHtmlCacheBehavior [ RunTime:0.000000s ]
INFO: [ app_begin ] --END-- [ RunTime:0.000000s ]
SQL: select mid from Y_manger WHERE manger='张葵' [ RunTime:0.0140s ]
SQL: select uid from Y_user WHERE username='黄烽殷' [ RunTime:0.0120s ]
SQL: select id as spid from Y_suffixPingtai WHERE suffix='WIS05-fashionp' [ RunTime:0.0120s ]
SQL: update Y_SuffixSalerman set suffix='WIS05-fashionp',salesman='黄烽殷',mangerid='3',uid='10' WHERE id='37' [ RunTime:0.0140s ]
SQL: update Y_suffixPingtai set suffix='WIS05-fashionp',pingtai='Wish' where id='81' [ RunTime:0.0120s ]
INFO: [ app_end ] --START--
INFO: Run Behavior\ShowPageTraceBehavior [ RunTime:0.001000s ]
INFO: [ app_end ] --END-- [ RunTime:0.001000s ]

[ 2017-05-15T09:57:59+08:00 ] 58.246.226.254 /Admin/Suffix/add_edit_suffix
INFO: [ app_init ] --START--
INFO: Run Behavior\BuildLiteBehavior [ RunTime:0.000000s ]
INFO: [ app_init ] --END-- [ RunTime:0.000000s ]
INFO: [ app_begin ] --START--
INFO: Run Behavior\ReadHtmlCacheBehavior [ RunTime:0.001000s ]
INFO: [ app_begin ] --END-- [ RunTime:0.001000s ]
SQL: select mid from Y_manger WHERE manger='张葵' [ RunTime:0.0110s ]
SQL: select uid from Y_user WHERE username='彭冉冉' [ RunTime:0.0100s ]
SQL: select id as spid from Y_suffixPingtai WHERE suffix='WIS07-Rosa' [ RunTime:0.0100s ]
SQL: update Y_SuffixSalerman set suffix='WIS07-Rosa',salesman='彭冉冉',mangerid='3',uid='12' WHERE id='39' [ RunTime:0.0110s ]
SQL: update Y_suffixPingtai set suffix='WIS07-Rosa',pingtai='Wish' where id='83' [ RunTime:0.0120s ]
INFO: [ app_end ] --START--
INFO: Run Behavior\ShowPageTraceBehavior [ RunTime:0.001000s ]
INFO: [ app_end ] --END-- [ RunTime:0.001000s ]

[ 2017-05-15T09:58:23+08:00 ] 58.246.226.254 /Admin/Suffix/add_edit_suffix
INFO: [ app_init ] --START--
INFO: Run Behavior\BuildLiteBehavior [ RunTime:0.000000s ]
INFO: [ app_init ] --END-- [ RunTime:0.001001s ]
INFO: [ app_begin ] --START--
INFO: Run Behavior\ReadHtmlCacheBehavior [ RunTime:0.001000s ]
INFO: [ app_begin ] --END-- [ RunTime:0.001000s ]
SQL: select mid from Y_manger WHERE manger='张葵' [ RunTime:0.0100s ]
SQL: select uid from Y_user WHERE username='黄烽殷' [ RunTime:0.0100s ]
SQL: select id as spid from Y_suffixPingtai WHERE suffix='WIS10-gossipgirl' [ RunTime:0.0110s ]
SQL: update Y_SuffixSalerman set suffix='WIS10-gossipgirl',salesman='黄烽殷',mangerid='3',uid='10' WHERE id='42' [ RunTime:0.0110s ]
SQL: update Y_suffixPingtai set suffix='WIS10-gossipgirl',pingtai='Wish' where id='86' [ RunTime:0.0110s ]
INFO: [ app_end ] --START--
INFO: Run Behavior\ShowPageTraceBehavior [ RunTime:0.000000s ]
INFO: [ app_end ] --END-- [ RunTime:0.001000s ]

[ 2017-05-15T10:04:30+08:00 ] 58.246.226.254 /Admin/Suffix/add_edit_suffix
INFO: [ app_init ] --START--
INFO: Run Behavior\BuildLiteBehavior [ RunTime:0.000000s ]
INFO: [ app_init ] --END-- [ RunTime:0.000000s ]
INFO: [ app_begin ] --START--
INFO: Run Behavior\ReadHtmlCacheBehavior [ RunTime:0.001000s ]
INFO: [ app_begin ] --END-- [ RunTime:0.001000s ]
SQL: select mid from Y_manger WHERE manger='张葵' [ RunTime:0.0090s ]
SQL: select uid from Y_user WHERE username='彭冉冉' [ RunTime:0.0080s ]
SQL: select id as spid from Y_suffixPingtai WHERE suffix='WIS12-fantasticgirl' [ RunTime:0.0100s ]
SQL: update Y_SuffixSalerman set suffix='WIS12-fantasticgirl',salesman='彭冉冉',mangerid='3',uid='12' WHERE id='44' [ RunTime:0.0130s ]
SQL: update Y_suffixPingtai set suffix='WIS12-fantasticgirl',pingtai='Wish' where id='88' [ RunTime:0.0110s ]
INFO: [ app_end ] --START--
INFO: Run Behavior\ShowPageTraceBehavior [ RunTime:0.002000s ]
INFO: [ app_end ] --END-- [ RunTime:0.002000s ]

[ 2017-05-15T10:04:53+08:00 ] 58.246.226.254 /Admin/Suffix/add_edit_suffix
INFO: [ app_init ] --START--
INFO: Run Behavior\BuildLiteBehavior [ RunTime:0.000000s ]
INFO: [ app_init ] --END-- [ RunTime:0.000000s ]
INFO: [ app_begin ] --START--
INFO: Run Behavior\ReadHtmlCacheBehavior [ RunTime:0.000000s ]
INFO: [ app_begin ] --END-- [ RunTime:0.000000s ]
SQL: select mid from Y_manger WHERE manger='张葵' [ RunTime:0.0090s ]
SQL: select uid from Y_user WHERE username='彭冉冉' [ RunTime:0.0090s ]
SQL: select id as spid from Y_suffixPingtai WHERE suffix='WISE03-Sixtyplus' [ RunTime:0.0080s ]
SQL: update Y_SuffixSalerman set suffix='WISE03-Sixtyplus',salesman='彭冉冉',mangerid='3',uid='12' WHERE id='47' [ RunTime:0.0100s ]
SQL: update Y_suffixPingtai set suffix='WISE03-Sixtyplus',pingtai='Wish' where id='91' [ RunTime:0.0090s ]
INFO: [ app_end ] --START--
INFO: Run Behavior\ShowPageTraceBehavior [ RunTime:0.001000s ]
INFO: [ app_end ] --END-- [ RunTime:0.001000s ]

[ 2017-05-15T10:05:12+08:00 ] 58.246.226.254 /Admin/Suffix/add_edit_suffix
INFO: [ app_init ] --START--
INFO: Run Behavior\BuildLiteBehavior [ RunTime:0.000000s ]
INFO: [ app_init ] --END-- [ RunTime:0.000000s ]
INFO: [ app_begin ] --START--
INFO: Run Behavior\ReadHtmlCacheBehavior [ RunTime:0.000000s ]
INFO: [ app_begin ] --END-- [ RunTime:0.000000s ]
SQL: select mid from Y_manger WHERE manger='张葵' [ RunTime:0.0090s ]
SQL: select uid from Y_user WHERE username='管雨萌' [ RunTime:0.0090s ]
SQL: select id as spid from Y_suffixPingtai WHERE suffix='WISE05-Ifyou521' [ RunTime:0.0090s ]
NOTIC: [8] Undefined offset: 0 D:\phpStudy20161103\WWW\cms\Application\Admin\Controller\SuffixController.class.php 第 55 行.
SQL: update Y_SuffixSalerman set suffix='WISE05-Ifyou521',salesman='管雨萌',mangerid='3',uid='' WHERE id='48' [ RunTime:0.0180s ]
SQL: update Y_suffixPingtai set suffix='WISE05-Ifyou521',pingtai='Wish' where id='92' [ RunTime:0.0090s ]
INFO: [ app_end ] --START--
INFO: Run Behavior\ShowPageTraceBehavior [ RunTime:0.001000s ]
INFO: [ app_end ] --END-- [ RunTime:0.001000s ]

[ 2017-05-15T10:05:33+08:00 ] 58.246.226.254 /Admin/Suffix/add_edit_suffix
INFO: [ app_init ] --START--
INFO: Run Behavior\BuildLiteBehavior [ RunTime:0.000000s ]
INFO: [ app_init ] --END-- [ RunTime:0.001000s ]
INFO: [ app_begin ] --START--
INFO: Run Behavior\ReadHtmlCacheBehavior [ RunTime:0.001000s ]
INFO: [ app_begin ] --END-- [ RunTime:0.001000s ]
SQL: select mid from Y_manger WHERE manger='张葵' [ RunTime:0.0100s ]
SQL: select uid from Y_user WHERE username='管雨萌' [ RunTime:0.0090s ]
SQL: select id as spid from Y_suffixPingtai WHERE suffix='WISE10-Womenflowers' [ RunTime:0.0090s ]
NOTIC: [8] Undefined offset: 0 D:\phpStudy20161103\WWW\cms\Application\Admin\Controller\SuffixController.class.php 第 55 行.
SQL: update Y_SuffixSalerman set suffix='WISE10-Womenflowers',salesman='管雨萌',mangerid='3',uid='' WHERE id='52' [ RunTime:0.0100s ]
SQL: update Y_suffixPingtai set suffix='WISE10-Womenflowers',pingtai='Wish' where id='96' [ RunTime:0.0090s ]
INFO: [ app_end ] --START--
INFO: Run Behavior\ShowPageTraceBehavior [ RunTime:0.001000s ]
INFO: [ app_end ] --END-- [ RunTime:0.002000s ]

[ 2017-05-15T10:05:54+08:00 ] 58.246.226.254 /Admin/Suffix/add_edit_suffix
INFO: [ app_init ] --START--
INFO: Run Behavior\BuildLiteBehavior [ RunTime:0.000000s ]
INFO: [ app_init ] --END-- [ RunTime:0.000000s ]
INFO: [ app_begin ] --START--
INFO: Run Behavior\ReadHtmlCacheBehavior [ RunTime:0.000000s ]
INFO: [ app_begin ] --END-- [ RunTime:0.000000s ]
SQL: select mid from Y_manger WHERE manger='张葵' [ RunTime:0.0090s ]
SQL: select uid from Y_user WHERE username='管雨萌' [ RunTime:0.0090s ]
SQL: select id as spid from Y_suffixPingtai WHERE suffix='WISE28-Foreverbeauty521' [ RunTime:0.0090s ]
NOTIC: [8] Undefined offset: 0 D:\phpStudy20161103\WWW\cms\Application\Admin\Controller\SuffixController.class.php 第 55 行.
SQL: update Y_SuffixSalerman set suffix='WISE28-Foreverbeauty521',salesman='管雨萌',mangerid='3',uid='' WHERE id='60' [ RunTime:0.0100s ]
SQL: update Y_suffixPingtai set suffix='WISE28-Foreverbeauty521',pingtai='Wish' where id='109' [ RunTime:0.0100s ]
INFO: [ app_end ] --START--
INFO: Run Behavior\ShowPageTraceBehavior [ RunTime:0.001000s ]
INFO: [ app_end ] --END-- [ RunTime:0.001000s ]

[ 2017-05-15T10:06:11+08:00 ] 58.246.226.254 /Admin/Suffix/add_edit_suffix
INFO: [ app_init ] --START--
INFO: Run Behavior\BuildLiteBehavior [ RunTime:0.000000s ]
INFO: [ app_init ] --END-- [ RunTime:0.000000s ]
INFO: [ app_begin ] --START--
INFO: Run Behavior\ReadHtmlCacheBehavior [ RunTime:0.001001s ]
INFO: [ app_begin ] --END-- [ RunTime:0.001001s ]
SQL: select mid from Y_manger WHERE manger='张葵' [ RunTime:0.0090s ]
SQL: select uid from Y_user WHERE username='管雨萌' [ RunTime:0.0090s ]
SQL: select id as spid from Y_suffixPingtai WHERE suffix='WISE32-Magicspace' [ RunTime:0.0090s ]
NOTIC: [8] Undefined offset: 0 D:\phpStudy20161103\WWW\cms\Application\Admin\Controller\SuffixController.class.php 第 55 行.
SQL: update Y_SuffixSalerman set suffix='WISE32-Magicspace',salesman='管雨萌',mangerid='3',uid='' WHERE id='63' [ RunTime:0.0100s ]
SQL: update Y_suffixPingtai set suffix='WISE32-Magicspace',pingtai='Wish' where id='112' [ RunTime:0.0090s ]
INFO: [ app_end ] --START--
INFO: Run Behavior\ShowPageTraceBehavior [ RunTime:0.001000s ]
INFO: [ app_end ] --END-- [ RunTime:0.001000s ]

[ 2017-05-15T10:06:22+08:00 ] 58.246.226.254 /Admin/Suffix/show_suffix
INFO: [ app_init ] --START--
INFO: Run Behavior\BuildLiteBehavior [ RunTime:0.000000s ]
INFO: [ app_init ] --END-- [ RunTime:0.001001s ]
INFO: [ app_begin ] --START--
INFO: Run Behavior\ReadHtmlCacheBehavior [ RunTime:0.001000s ]
INFO: [ app_begin ] --END-- [ RunTime:0.001000s ]
SQL: select DISTINCT menuName,menuURL,rm.menuid,npm.pmenuid,npm.menulevel
                from Y_user u
                LEFT JOIN Y_user_role ur ON ur.uid=u.Uid
                LEFT JOIN Y_role r ON r.roleid=ur.roleid
                LEFT JOIN Y_role_menu rm ON rm.roleid=r.roleid
                LEFT JOIN Y_netprofitmenu npm ON npm.menuid=rm.menuid
                WHERE u.username='admin' ORDER BY rm.menuid [ RunTime:0.0170s ]
SQL: SELECT ss.id,ss.suffix,salesman as username,m.manger,sp.pingtai FROM Y_SuffixSalerman ss
                    left JOIN  Y_manger m ON m.mid =ss.mangerid
                    LEFT JOIN Y_suffixPingtai sp ON sp.suffix=ss.suffix
                    ORDER BY ss.id [ RunTime:0.0190s ]
INFO: [ view_parse ] --START--
INFO: [ template_filter ] --START--
INFO: Run Behavior\ContentReplaceBehavior [ RunTime:0.000000s ]
INFO: [ template_filter ] --END-- [ RunTime:0.001000s ]
INFO: Run Behavior\ParseTemplateBehavior [ RunTime:0.023001s ]
INFO: [ view_parse ] --END-- [ RunTime:0.023001s ]
INFO: [ view_filter ] --START--
INFO: Run Behavior\WriteHtmlCacheBehavior [ RunTime:0.001000s ]
INFO: [ view_filter ] --END-- [ RunTime:0.001000s ]
INFO: [ app_end ] --START--
INFO: Run Behavior\ShowPageTraceBehavior [ RunTime:0.001000s ]
INFO: [ app_end ] --END-- [ RunTime:0.001000s ]

[ 2017-05-15T10:07:27+08:00 ] 58.246.226.254 /Admin/Suffix/add_edit_suffix
INFO: [ app_init ] --START--
INFO: Run Behavior\BuildLiteBehavior [ RunTime:0.000000s ]
INFO: [ app_init ] --END-- [ RunTime:0.000000s ]
INFO: [ app_begin ] --START--
INFO: Run Behavior\ReadHtmlCacheBehavior [ RunTime:0.001000s ]
INFO: [ app_begin ] --END-- [ RunTime:0.001000s ]
SQL: select mid from Y_manger WHERE manger='张葵' [ RunTime:0.0100s ]
SQL: select uid from Y_user WHERE username='彭冉冉' [ RunTime:0.0090s ]
SQL: select id as spid from Y_suffixPingtai WHERE suffix='WISE36-Showgirl' [ RunTime:0.0090s ]
SQL: update Y_SuffixSalerman set suffix='WISE36-Showgirl',salesman='彭冉冉',mangerid='3',uid='12' WHERE id='66' [ RunTime:0.0100s ]
SQL: update Y_suffixPingtai set suffix='WISE36-Showgirl',pingtai='Wish' where id='115' [ RunTime:0.0090s ]
INFO: [ app_end ] --START--
INFO: Run Behavior\ShowPageTraceBehavior [ RunTime:0.001000s ]
INFO: [ app_end ] --END-- [ RunTime:0.001000s ]

[ 2017-05-15T10:07:46+08:00 ] 58.246.226.254 /Admin/Suffix/add_edit_suffix
INFO: [ app_init ] --START--
INFO: Run Behavior\BuildLiteBehavior [ RunTime:0.000000s ]
INFO: [ app_init ] --END-- [ RunTime:0.000000s ]
INFO: [ app_begin ] --START--
INFO: Run Behavior\ReadHtmlCacheBehavior [ RunTime:0.000000s ]
INFO: [ app_begin ] --END-- [ RunTime:0.000000s ]
SQL: select mid from Y_manger WHERE manger='张葵' [ RunTime:0.0090s ]
SQL: select uid from Y_user WHERE username='彭冉冉' [ RunTime:0.0100s ]
SQL: select id as spid from Y_suffixPingtai WHERE suffix='WISE58-chesha2' [ RunTime:0.0090s ]
SQL: update Y_SuffixSalerman set suffix='WISE58-chesha2',salesman='彭冉冉',mangerid='3',uid='12' WHERE id='97' [ RunTime:0.0110s ]
SQL: update Y_suffixPingtai set suffix='WISE58-chesha2',pingtai='Wish' where id='128' [ RunTime:0.0100s ]
INFO: [ app_end ] --START--
INFO: Run Behavior\ShowPageTraceBehavior [ RunTime:0.002001s ]
INFO: [ app_end ] --END-- [ RunTime:0.002001s ]

[ 2017-05-15T10:07:57+08:00 ] 58.246.226.254 /Admin/Suffix/show_suffix
INFO: [ app_init ] --START--
INFO: Run Behavior\BuildLiteBehavior [ RunTime:0.000000s ]
INFO: [ app_init ] --END-- [ RunTime:0.000000s ]
INFO: [ app_begin ] --START--
INFO: Run Behavior\ReadHtmlCacheBehavior [ RunTime:0.000000s ]
INFO: [ app_begin ] --END-- [ RunTime:0.000000s ]
SQL: select DISTINCT menuName,menuURL,rm.menuid,npm.pmenuid,npm.menulevel
                from Y_user u
                LEFT JOIN Y_user_role ur ON ur.uid=u.Uid
                LEFT JOIN Y_role r ON r.roleid=ur.roleid
                LEFT JOIN Y_role_menu rm ON rm.roleid=r.roleid
                LEFT JOIN Y_netprofitmenu npm ON npm.menuid=rm.menuid
                WHERE u.username='admin' ORDER BY rm.menuid [ RunTime:0.0090s ]
SQL: SELECT ss.id,ss.suffix,salesman as username,m.manger,sp.pingtai FROM Y_SuffixSalerman ss
                    left JOIN  Y_manger m ON m.mid =ss.mangerid
                    LEFT JOIN Y_suffixPingtai sp ON sp.suffix=ss.suffix
                    ORDER BY ss.id [ RunTime:0.0120s ]
INFO: [ view_parse ] --START--
INFO: [ template_filter ] --START--
INFO: Run Behavior\ContentReplaceBehavior [ RunTime:0.000000s ]
INFO: [ template_filter ] --END-- [ RunTime:0.000000s ]
INFO: Run Behavior\ParseTemplateBehavior [ RunTime:0.009000s ]
INFO: [ view_parse ] --END-- [ RunTime:0.009000s ]
INFO: [ view_filter ] --START--
INFO: Run Behavior\WriteHtmlCacheBehavior [ RunTime:0.001000s ]
INFO: [ view_filter ] --END-- [ RunTime:0.001000s ]
INFO: [ app_end ] --START--
INFO: Run Behavior\ShowPageTraceBehavior [ RunTime:0.001000s ]
INFO: [ app_end ] --END-- [ RunTime:0.001000s ]

[ 2017-05-15T11:05:56+08:00 ] 155.133.82.12 /admin/agent/default.action
INFO: [ app_init ] --START--
INFO: Run Behavior\BuildLiteBehavior [ RunTime:0.000000s ]
INFO: [ app_init ] --END-- [ RunTime:0.001000s ]
INFO: [ app_begin ] --START--
INFO: Run Behavior\ReadHtmlCacheBehavior [ RunTime:0.001000s ]
INFO: [ app_begin ] --END-- [ RunTime:0.001000s ]
ERR: 无法加载控制器:Agent

[ 2017-05-15T14:16:50+08:00 ] 58.246.226.254 /Admin/Suffix/show_suffix
INFO: [ app_init ] --START--
INFO: Run Behavior\BuildLiteBehavior [ RunTime:0.000000s ]
INFO: [ app_init ] --END-- [ RunTime:0.000000s ]
INFO: [ app_begin ] --START--
INFO: Run Behavior\ReadHtmlCacheBehavior [ RunTime:0.000000s ]
INFO: [ app_begin ] --END-- [ RunTime:0.000000s ]
SQL: select DISTINCT menuName,menuURL,rm.menuid,npm.pmenuid,npm.menulevel
                from Y_user u
                LEFT JOIN Y_user_role ur ON ur.uid=u.Uid
                LEFT JOIN Y_role r ON r.roleid=ur.roleid
                LEFT JOIN Y_role_menu rm ON rm.roleid=r.roleid
                LEFT JOIN Y_netprofitmenu npm ON npm.menuid=rm.menuid
                WHERE u.username='admin' ORDER BY rm.menuid [ RunTime:0.0220s ]
SQL: SELECT ss.id,ss.suffix,salesman as username,m.manger,sp.pingtai FROM Y_SuffixSalerman ss
                    left JOIN  Y_manger m ON m.mid =ss.mangerid
                    LEFT JOIN Y_suffixPingtai sp ON sp.suffix=ss.suffix
                    ORDER BY ss.id [ RunTime:0.0260s ]
INFO: [ view_parse ] --START--
INFO: [ template_filter ] --START--
INFO: Run Behavior\ContentReplaceBehavior [ RunTime:0.001000s ]
INFO: [ template_filter ] --END-- [ RunTime:0.001000s ]
INFO: Run Behavior\ParseTemplateBehavior [ RunTime:0.022001s ]
INFO: [ view_parse ] --END-- [ RunTime:0.022001s ]
INFO: [ view_filter ] --START--
INFO: Run Behavior\WriteHtmlCacheBehavior [ RunTime:0.001000s ]
INFO: [ view_filter ] --END-- [ RunTime:0.001000s ]
INFO: [ app_end ] --START--
INFO: Run Behavior\ShowPageTraceBehavior [ RunTime:0.001000s ]
INFO: [ app_end ] --END-- [ RunTime:0.001000s ]

