[ 2017-07-05T09:14:04+08:00 ] 116.231.216.136 /Admin/Suffix/show_suffix
INFO: [ app_init ] --START--
INFO: Run Behavior\BuildLiteBehavior [ RunTime:0.000000s ]
INFO: [ app_init ] --END-- [ RunTime:0.001000s ]
INFO: [ app_begin ] --START--
INFO: Run Behavior\ReadHtmlCacheBehavior [ RunTime:0.001000s ]
INFO: [ app_begin ] --END-- [ RunTime:0.001000s ]
SQL: select DISTINCT menuName,menuURL,rm.menuid,npm.pmenuid,npm.menulevel
                from Y_user u
                LEFT JOIN Y_user_role ur ON ur.uid=u.Uid
                LEFT JOIN Y_role r ON r.roleid=ur.roleid
                LEFT JOIN Y_role_menu rm ON rm.roleid=r.roleid
                LEFT JOIN Y_netprofitmenu npm ON npm.menuid=rm.menuid
                WHERE u.username='admin' ORDER BY rm.menuid [ RunTime:0.0170s ]
SQL: SELECT ss.id,ss.suffix,salesman as username,m.manger,sp.pingtai FROM Y_SuffixSalerman ss
                    left JOIN  Y_manger m ON m.mid =ss.mangerid
                    LEFT JOIN Y_suffixPingtai sp ON sp.suffix=ss.suffix
                    ORDER BY ss.id [ RunTime:0.0240s ]
INFO: [ view_parse ] --START--
INFO: [ template_filter ] --START--
INFO: Run Behavior\ContentReplaceBehavior [ RunTime:0.000000s ]
INFO: [ template_filter ] --END-- [ RunTime:0.000000s ]
INFO: Run Behavior\ParseTemplateBehavior [ RunTime:0.016001s ]
INFO: [ view_parse ] --END-- [ RunTime:0.016001s ]
INFO: [ view_filter ] --START--
INFO: Run Behavior\WriteHtmlCacheBehavior [ RunTime:0.000000s ]
INFO: [ view_filter ] --END-- [ RunTime:0.000000s ]
INFO: [ app_end ] --START--
INFO: Run Behavior\ShowPageTraceBehavior [ RunTime:0.001001s ]
INFO: [ app_end ] --END-- [ RunTime:0.001001s ]

[ 2017-07-05T14:48:51+08:00 ] 58.246.226.254 /Admin/Suffix/show_suffix
INFO: [ app_init ] --START--
INFO: Run Behavior\BuildLiteBehavior [ RunTime:0.000000s ]
INFO: [ app_init ] --END-- [ RunTime:0.000000s ]
INFO: [ app_begin ] --START--
INFO: Run Behavior\ReadHtmlCacheBehavior [ RunTime:0.000000s ]
INFO: [ app_begin ] --END-- [ RunTime:0.000000s ]
SQL: select DISTINCT menuName,menuURL,rm.menuid,npm.pmenuid,npm.menulevel
                from Y_user u
                LEFT JOIN Y_user_role ur ON ur.uid=u.Uid
                LEFT JOIN Y_role r ON r.roleid=ur.roleid
                LEFT JOIN Y_role_menu rm ON rm.roleid=r.roleid
                LEFT JOIN Y_netprofitmenu npm ON npm.menuid=rm.menuid
                WHERE u.username='admin' ORDER BY rm.menuid [ RunTime:0.0140s ]
SQL: SELECT ss.id,ss.suffix,salesman as username,m.manger,sp.pingtai FROM Y_SuffixSalerman ss
                    left JOIN  Y_manger m ON m.mid =ss.mangerid
                    LEFT JOIN Y_suffixPingtai sp ON sp.suffix=ss.suffix
                    ORDER BY ss.id [ RunTime:0.0260s ]
INFO: [ view_parse ] --START--
INFO: [ template_filter ] --START--
INFO: Run Behavior\ContentReplaceBehavior [ RunTime:0.000000s ]
INFO: [ template_filter ] --END-- [ RunTime:0.000000s ]
INFO: Run Behavior\ParseTemplateBehavior [ RunTime:0.006000s ]
INFO: [ view_parse ] --END-- [ RunTime:0.006000s ]
INFO: [ view_filter ] --START--
INFO: Run Behavior\WriteHtmlCacheBehavior [ RunTime:0.000000s ]
INFO: [ view_filter ] --END-- [ RunTime:0.000000s ]
INFO: [ app_end ] --START--
INFO: Run Behavior\ShowPageTraceBehavior [ RunTime:0.001000s ]
INFO: [ app_end ] --END-- [ RunTime:0.001000s ]

[ 2017-07-05T17:19:05+08:00 ] 58.246.226.254 /Admin/Suffix/show_suffix
INFO: [ app_init ] --START--
INFO: Run Behavior\BuildLiteBehavior [ RunTime:0.000000s ]
INFO: [ app_init ] --END-- [ RunTime:0.000000s ]
INFO: [ app_begin ] --START--
INFO: Run Behavior\ReadHtmlCacheBehavior [ RunTime:0.000000s ]
INFO: [ app_begin ] --END-- [ RunTime:0.000000s ]
SQL: select DISTINCT menuName,menuURL,rm.menuid,npm.pmenuid,npm.menulevel
                from Y_user u
                LEFT JOIN Y_user_role ur ON ur.uid=u.Uid
                LEFT JOIN Y_role r ON r.roleid=ur.roleid
                LEFT JOIN Y_role_menu rm ON rm.roleid=r.roleid
                LEFT JOIN Y_netprofitmenu npm ON npm.menuid=rm.menuid
                WHERE u.username='admin' ORDER BY rm.menuid [ RunTime:0.0130s ]
SQL: SELECT ss.id,ss.suffix,salesman as username,m.manger,sp.pingtai FROM Y_SuffixSalerman ss
                    left JOIN  Y_manger m ON m.mid =ss.mangerid
                    LEFT JOIN Y_suffixPingtai sp ON sp.suffix=ss.suffix
                    ORDER BY ss.id [ RunTime:0.0190s ]
INFO: [ view_parse ] --START--
INFO: [ template_filter ] --START--
INFO: Run Behavior\ContentReplaceBehavior [ RunTime:0.000000s ]
INFO: [ template_filter ] --END-- [ RunTime:0.000000s ]
INFO: Run Behavior\ParseTemplateBehavior [ RunTime:0.006000s ]
INFO: [ view_parse ] --END-- [ RunTime:0.006000s ]
INFO: [ view_filter ] --START--
INFO: Run Behavior\WriteHtmlCacheBehavior [ RunTime:0.000000s ]
INFO: [ view_filter ] --END-- [ RunTime:0.001000s ]
INFO: [ app_end ] --START--
INFO: Run Behavior\ShowPageTraceBehavior [ RunTime:0.000000s ]
INFO: [ app_end ] --END-- [ RunTime:0.000000s ]

[ 2017-07-05T17:19:32+08:00 ] 58.246.226.254 /Admin/Suffix/add_edit_suffix
INFO: [ app_init ] --START--
INFO: Run Behavior\BuildLiteBehavior [ RunTime:0.000000s ]
INFO: [ app_init ] --END-- [ RunTime:0.000000s ]
INFO: [ app_begin ] --START--
INFO: Run Behavior\ReadHtmlCacheBehavior [ RunTime:0.001000s ]
INFO: [ app_begin ] --END-- [ RunTime:0.001000s ]
SQL: select mid from Y_manger WHERE manger='宋文杰' [ RunTime:0.0070s ]
SQL: select uid from Y_user WHERE username='方蓓' [ RunTime:0.0070s ]
SQL: select id as spid from Y_suffixPingtai WHERE suffix='AMZ12-UK' [ RunTime:0.0070s ]
SQL: update Y_SuffixSalerman set suffix='AMZ12-UK',salesman='方蓓',mangerid='5',uid='23' WHERE id='172' [ RunTime:0.0120s ]
SQL: update Y_suffixPingtai set suffix='AMZ12-UK',pingtai='Amazon' where id='183' [ RunTime:0.0090s ]
INFO: [ app_end ] --START--
INFO: Run Behavior\ShowPageTraceBehavior [ RunTime:0.001000s ]
INFO: [ app_end ] --END-- [ RunTime:0.001000s ]

[ 2017-07-05T17:19:37+08:00 ] 58.246.226.254 /Admin/Suffix/add_edit_suffix
INFO: [ app_init ] --START--
INFO: Run Behavior\BuildLiteBehavior [ RunTime:0.000000s ]
INFO: [ app_init ] --END-- [ RunTime:0.000000s ]
INFO: [ app_begin ] --START--
INFO: Run Behavior\ReadHtmlCacheBehavior [ RunTime:0.000000s ]
INFO: [ app_begin ] --END-- [ RunTime:0.000000s ]
SQL: select mid from Y_manger WHERE manger='宋文杰' [ RunTime:0.0090s ]
SQL: select uid from Y_user WHERE username='方蓓' [ RunTime:0.0070s ]
SQL: select id as spid from Y_suffixPingtai WHERE suffix='AMZ12-IT' [ RunTime:0.0080s ]
SQL: update Y_SuffixSalerman set suffix='AMZ12-IT',salesman='方蓓',mangerid='5',uid='23' WHERE id='173' [ RunTime:0.0090s ]
SQL: update Y_suffixPingtai set suffix='AMZ12-IT',pingtai='Amazon' where id='184' [ RunTime:0.0080s ]
INFO: [ app_end ] --START--
INFO: Run Behavior\ShowPageTraceBehavior [ RunTime:0.002000s ]
INFO: [ app_end ] --END-- [ RunTime:0.002000s ]

[ 2017-07-05T17:19:43+08:00 ] 58.246.226.254 /Admin/Suffix/add_edit_suffix
INFO: [ app_init ] --START--
INFO: Run Behavior\BuildLiteBehavior [ RunTime:0.000000s ]
INFO: [ app_init ] --END-- [ RunTime:0.001000s ]
INFO: [ app_begin ] --START--
INFO: Run Behavior\ReadHtmlCacheBehavior [ RunTime:0.001000s ]
INFO: [ app_begin ] --END-- [ RunTime:0.001000s ]
SQL: select mid from Y_manger WHERE manger='宋文杰' [ RunTime:0.0080s ]
SQL: select uid from Y_user WHERE username='方蓓' [ RunTime:0.0080s ]
SQL: select id as spid from Y_suffixPingtai WHERE suffix='AMZ12-FR' [ RunTime:0.0080s ]
SQL: update Y_SuffixSalerman set suffix='AMZ12-FR',salesman='方蓓',mangerid='5',uid='23' WHERE id='174' [ RunTime:0.0090s ]
SQL: update Y_suffixPingtai set suffix='AMZ12-FR',pingtai='Amazon' where id='185' [ RunTime:0.0090s ]
INFO: [ app_end ] --START--
INFO: Run Behavior\ShowPageTraceBehavior [ RunTime:0.001000s ]
INFO: [ app_end ] --END-- [ RunTime:0.001000s ]

[ 2017-07-05T17:19:50+08:00 ] 58.246.226.254 /Admin/Suffix/add_edit_suffix
INFO: [ app_init ] --START--
INFO: Run Behavior\BuildLiteBehavior [ RunTime:0.000000s ]
INFO: [ app_init ] --END-- [ RunTime:0.000000s ]
INFO: [ app_begin ] --START--
INFO: Run Behavior\ReadHtmlCacheBehavior [ RunTime:0.001000s ]
INFO: [ app_begin ] --END-- [ RunTime:0.001000s ]
SQL: select mid from Y_manger WHERE manger='宋文杰' [ RunTime:0.0100s ]
SQL: select uid from Y_user WHERE username='方蓓' [ RunTime:0.0080s ]
SQL: select id as spid from Y_suffixPingtai WHERE suffix='AMZ12-ES' [ RunTime:0.0100s ]
SQL: update Y_SuffixSalerman set suffix='AMZ12-ES',salesman='方蓓',mangerid='5',uid='23' WHERE id='175' [ RunTime:0.0130s ]
SQL: update Y_suffixPingtai set suffix='AMZ12-ES',pingtai='Amazon' where id='186' [ RunTime:0.0080s ]
INFO: [ app_end ] --START--
INFO: Run Behavior\ShowPageTraceBehavior [ RunTime:0.001000s ]
INFO: [ app_end ] --END-- [ RunTime:0.001000s ]

[ 2017-07-05T17:19:55+08:00 ] 58.246.226.254 /Admin/Suffix/add_edit_suffix
INFO: [ app_init ] --START--
INFO: Run Behavior\BuildLiteBehavior [ RunTime:0.000000s ]
INFO: [ app_init ] --END-- [ RunTime:0.000000s ]
INFO: [ app_begin ] --START--
INFO: Run Behavior\ReadHtmlCacheBehavior [ RunTime:0.000000s ]
INFO: [ app_begin ] --END-- [ RunTime:0.001000s ]
SQL: select mid from Y_manger WHERE manger='宋文杰' [ RunTime:0.0080s ]
SQL: select uid from Y_user WHERE username='方蓓' [ RunTime:0.0080s ]
SQL: select id as spid from Y_suffixPingtai WHERE suffix='AMZ12-DE' [ RunTime:0.0090s ]
SQL: update Y_SuffixSalerman set suffix='AMZ12-DE',salesman='方蓓',mangerid='5',uid='23' WHERE id='176' [ RunTime:0.0100s ]
SQL: update Y_suffixPingtai set suffix='AMZ12-DE',pingtai='Amazon' where id='187' [ RunTime:0.0080s ]
INFO: [ app_end ] --START--
INFO: Run Behavior\ShowPageTraceBehavior [ RunTime:0.002000s ]
INFO: [ app_end ] --END-- [ RunTime:0.002000s ]

[ 2017-07-05T17:19:59+08:00 ] 58.246.226.254 /Admin/Suffix/show_suffix
INFO: [ app_init ] --START--
INFO: Run Behavior\BuildLiteBehavior [ RunTime:0.000000s ]
INFO: [ app_init ] --END-- [ RunTime:0.001000s ]
INFO: [ app_begin ] --START--
INFO: Run Behavior\ReadHtmlCacheBehavior [ RunTime:0.001000s ]
INFO: [ app_begin ] --END-- [ RunTime:0.001000s ]
SQL: select DISTINCT menuName,menuURL,rm.menuid,npm.pmenuid,npm.menulevel
                from Y_user u
                LEFT JOIN Y_user_role ur ON ur.uid=u.Uid
                LEFT JOIN Y_role r ON r.roleid=ur.roleid
                LEFT JOIN Y_role_menu rm ON rm.roleid=r.roleid
                LEFT JOIN Y_netprofitmenu npm ON npm.menuid=rm.menuid
                WHERE u.username='admin' ORDER BY rm.menuid [ RunTime:0.0080s ]
SQL: SELECT ss.id,ss.suffix,salesman as username,m.manger,sp.pingtai FROM Y_SuffixSalerman ss
                    left JOIN  Y_manger m ON m.mid =ss.mangerid
                    LEFT JOIN Y_suffixPingtai sp ON sp.suffix=ss.suffix
                    ORDER BY ss.id [ RunTime:0.0120s ]
INFO: [ view_parse ] --START--
INFO: [ template_filter ] --START--
INFO: Run Behavior\ContentReplaceBehavior [ RunTime:0.000000s ]
INFO: [ template_filter ] --END-- [ RunTime:0.000000s ]
INFO: Run Behavior\ParseTemplateBehavior [ RunTime:0.008001s ]
INFO: [ view_parse ] --END-- [ RunTime:0.008001s ]
INFO: [ view_filter ] --START--
INFO: Run Behavior\WriteHtmlCacheBehavior [ RunTime:0.001000s ]
INFO: [ view_filter ] --END-- [ RunTime:0.001000s ]
INFO: [ app_end ] --START--
INFO: Run Behavior\ShowPageTraceBehavior [ RunTime:0.000000s ]
INFO: [ app_end ] --END-- [ RunTime:0.000000s ]

[ 2017-07-05T17:20:37+08:00 ] 58.246.226.254 /Admin/Suffix/add_edit_suffix
INFO: [ app_init ] --START--
INFO: Run Behavior\BuildLiteBehavior [ RunTime:0.000000s ]
INFO: [ app_init ] --END-- [ RunTime:0.000000s ]
INFO: [ app_begin ] --START--
INFO: Run Behavior\ReadHtmlCacheBehavior [ RunTime:0.000000s ]
INFO: [ app_begin ] --END-- [ RunTime:0.000000s ]
SQL: select mid from Y_manger WHERE manger='宋文杰' [ RunTime:0.0080s ]
SQL: select uid from Y_user WHERE username=' 谌方' [ RunTime:0.0070s ]
SQL: select id as spid from Y_suffixPingtai WHERE suffix='AMZ13-US' [ RunTime:0.0090s ]
NOTIC: [8] Undefined offset: 0 D:\phpStudy20161103\WWW\cms\Application\Admin\Controller\SuffixController.class.php 第 55 行.
SQL: update Y_SuffixSalerman set suffix='AMZ13-US',salesman=' 谌方',mangerid='5',uid='' WHERE id='150' [ RunTime:0.0100s ]
SQL: update Y_suffixPingtai set suffix='AMZ13-US',pingtai='Amazon' where id='160' [ RunTime:0.0080s ]
INFO: [ app_end ] --START--
INFO: Run Behavior\ShowPageTraceBehavior [ RunTime:0.001000s ]
INFO: [ app_end ] --END-- [ RunTime:0.001000s ]

[ 2017-07-05T17:21:41+08:00 ] 58.246.226.254 /Admin/Suffix/show_suffix
INFO: [ app_init ] --START--
INFO: Run Behavior\BuildLiteBehavior [ RunTime:0.000000s ]
INFO: [ app_init ] --END-- [ RunTime:0.001000s ]
INFO: [ app_begin ] --START--
INFO: Run Behavior\ReadHtmlCacheBehavior [ RunTime:0.000000s ]
INFO: [ app_begin ] --END-- [ RunTime:0.001000s ]
SQL: select DISTINCT menuName,menuURL,rm.menuid,npm.pmenuid,npm.menulevel
                from Y_user u
                LEFT JOIN Y_user_role ur ON ur.uid=u.Uid
                LEFT JOIN Y_role r ON r.roleid=ur.roleid
                LEFT JOIN Y_role_menu rm ON rm.roleid=r.roleid
                LEFT JOIN Y_netprofitmenu npm ON npm.menuid=rm.menuid
                WHERE u.username='admin' ORDER BY rm.menuid [ RunTime:0.0090s ]
SQL: SELECT ss.id,ss.suffix,salesman as username,m.manger,sp.pingtai FROM Y_SuffixSalerman ss
                    left JOIN  Y_manger m ON m.mid =ss.mangerid
                    LEFT JOIN Y_suffixPingtai sp ON sp.suffix=ss.suffix
                    ORDER BY ss.id [ RunTime:0.0110s ]
INFO: [ view_parse ] --START--
INFO: [ template_filter ] --START--
INFO: Run Behavior\ContentReplaceBehavior [ RunTime:0.000000s ]
INFO: [ template_filter ] --END-- [ RunTime:0.000000s ]
INFO: Run Behavior\ParseTemplateBehavior [ RunTime:0.008000s ]
INFO: [ view_parse ] --END-- [ RunTime:0.008000s ]
INFO: [ view_filter ] --START--
INFO: Run Behavior\WriteHtmlCacheBehavior [ RunTime:0.000000s ]
INFO: [ view_filter ] --END-- [ RunTime:0.000000s ]
INFO: [ app_end ] --START--
INFO: Run Behavior\ShowPageTraceBehavior [ RunTime:0.001000s ]
INFO: [ app_end ] --END-- [ RunTime:0.001000s ]

[ 2017-07-05T17:22:34+08:00 ] 58.246.226.254 /Admin/Suffix/add_edit_suffix
INFO: [ app_init ] --START--
INFO: Run Behavior\BuildLiteBehavior [ RunTime:0.000000s ]
INFO: [ app_init ] --END-- [ RunTime:0.000000s ]
INFO: [ app_begin ] --START--
INFO: Run Behavior\ReadHtmlCacheBehavior [ RunTime:0.001000s ]
INFO: [ app_begin ] --END-- [ RunTime:0.001000s ]
SQL: select mid from Y_manger WHERE manger='宋文杰' [ RunTime:0.0070s ]
SQL: select uid from Y_user WHERE username='洪晓飞' [ RunTime:0.0070s ]
SQL: select id as spid from Y_suffixPingtai WHERE suffix='AMZ16-CA' [ RunTime:0.0120s ]
NOTIC: [8] Undefined offset: 0 D:\phpStudy20161103\WWW\cms\Application\Admin\Controller\SuffixController.class.php 第 57 行.
SQL: insert into Y_SuffixSalerman (suffix,salesman,mangerid,uid) VALUES ('AMZ16-CA','洪晓飞','5','48') [ RunTime:0.0110s ]
SQL: insert into Y_suffixPingtai(suffix,pingtai) VALUES ('AMZ16-CA','Amazon') [ RunTime:0.0100s ]
NOTIC: [8] Undefined index: edit_suffix D:\phpStudy20161103\WWW\cms\Application\Admin\Controller\SuffixController.class.php 第 76 行.
INFO: [ app_end ] --START--
INFO: Run Behavior\ShowPageTraceBehavior [ RunTime:0.001000s ]
INFO: [ app_end ] --END-- [ RunTime:0.001000s ]

[ 2017-07-05T17:23:30+08:00 ] 58.246.226.254 /Admin/Suffix/add_edit_suffix
INFO: [ app_init ] --START--
INFO: Run Behavior\BuildLiteBehavior [ RunTime:0.000000s ]
INFO: [ app_init ] --END-- [ RunTime:0.001000s ]
INFO: [ app_begin ] --START--
INFO: Run Behavior\ReadHtmlCacheBehavior [ RunTime:0.000000s ]
INFO: [ app_begin ] --END-- [ RunTime:0.000000s ]
SQL: select mid from Y_manger WHERE manger='宋文杰' [ RunTime:0.0080s ]
SQL: select uid from Y_user WHERE username='洪晓飞' [ RunTime:0.0080s ]
SQL: select id as spid from Y_suffixPingtai WHERE suffix='AMZ16-MX' [ RunTime:0.0100s ]
NOTIC: [8] Undefined offset: 0 D:\phpStudy20161103\WWW\cms\Application\Admin\Controller\SuffixController.class.php 第 57 行.
SQL: insert into Y_SuffixSalerman (suffix,salesman,mangerid,uid) VALUES ('AMZ16-MX','洪晓飞','5','48') [ RunTime:0.0200s ]
SQL: insert into Y_suffixPingtai(suffix,pingtai) VALUES ('AMZ16-MX','Amazon') [ RunTime:0.0240s ]
NOTIC: [8] Undefined index: edit_suffix D:\phpStudy20161103\WWW\cms\Application\Admin\Controller\SuffixController.class.php 第 76 行.
INFO: [ app_end ] --START--
INFO: Run Behavior\ShowPageTraceBehavior [ RunTime:0.001000s ]
INFO: [ app_end ] --END-- [ RunTime:0.002000s ]

[ 2017-07-05T17:24:06+08:00 ] 58.246.226.254 /Admin/Suffix/add_edit_suffix
INFO: [ app_init ] --START--
INFO: Run Behavior\BuildLiteBehavior [ RunTime:0.000000s ]
INFO: [ app_init ] --END-- [ RunTime:0.000000s ]
INFO: [ app_begin ] --START--
INFO: Run Behavior\ReadHtmlCacheBehavior [ RunTime:0.000000s ]
INFO: [ app_begin ] --END-- [ RunTime:0.000000s ]
SQL: select mid from Y_manger WHERE manger='宋文杰' [ RunTime:0.0080s ]
SQL: select uid from Y_user WHERE username='洪晓飞' [ RunTime:0.0090s ]
SQL: select id as spid from Y_suffixPingtai WHERE suffix='AMZ16-US' [ RunTime:0.0080s ]
NOTIC: [8] Undefined offset: 0 D:\phpStudy20161103\WWW\cms\Application\Admin\Controller\SuffixController.class.php 第 57 行.
SQL: insert into Y_SuffixSalerman (suffix,salesman,mangerid,uid) VALUES ('AMZ16-US','洪晓飞','5','48') [ RunTime:0.0090s ]
SQL: insert into Y_suffixPingtai(suffix,pingtai) VALUES ('AMZ16-US','Amazon') [ RunTime:0.0140s ]
NOTIC: [8] Undefined index: edit_suffix D:\phpStudy20161103\WWW\cms\Application\Admin\Controller\SuffixController.class.php 第 76 行.
INFO: [ app_end ] --START--
INFO: Run Behavior\ShowPageTraceBehavior [ RunTime:0.002000s ]
INFO: [ app_end ] --END-- [ RunTime:0.002000s ]

[ 2017-07-05T17:24:13+08:00 ] 58.246.226.254 /Admin/Suffix/show_suffix
INFO: [ app_init ] --START--
INFO: Run Behavior\BuildLiteBehavior [ RunTime:0.000000s ]
INFO: [ app_init ] --END-- [ RunTime:0.000000s ]
INFO: [ app_begin ] --START--
INFO: Run Behavior\ReadHtmlCacheBehavior [ RunTime:0.000000s ]
INFO: [ app_begin ] --END-- [ RunTime:0.000000s ]
SQL: select DISTINCT menuName,menuURL,rm.menuid,npm.pmenuid,npm.menulevel
                from Y_user u
                LEFT JOIN Y_user_role ur ON ur.uid=u.Uid
                LEFT JOIN Y_role r ON r.roleid=ur.roleid
                LEFT JOIN Y_role_menu rm ON rm.roleid=r.roleid
                LEFT JOIN Y_netprofitmenu npm ON npm.menuid=rm.menuid
                WHERE u.username='admin' ORDER BY rm.menuid [ RunTime:0.0110s ]
SQL: SELECT ss.id,ss.suffix,salesman as username,m.manger,sp.pingtai FROM Y_SuffixSalerman ss
                    left JOIN  Y_manger m ON m.mid =ss.mangerid
                    LEFT JOIN Y_suffixPingtai sp ON sp.suffix=ss.suffix
                    ORDER BY ss.id [ RunTime:0.0100s ]
INFO: [ view_parse ] --START--
INFO: [ template_filter ] --START--
INFO: Run Behavior\ContentReplaceBehavior [ RunTime:0.001000s ]
INFO: [ template_filter ] --END-- [ RunTime:0.001000s ]
INFO: Run Behavior\ParseTemplateBehavior [ RunTime:0.008001s ]
INFO: [ view_parse ] --END-- [ RunTime:0.008001s ]
INFO: [ view_filter ] --START--
INFO: Run Behavior\WriteHtmlCacheBehavior [ RunTime:0.001000s ]
INFO: [ view_filter ] --END-- [ RunTime:0.001000s ]
INFO: [ app_end ] --START--
INFO: Run Behavior\ShowPageTraceBehavior [ RunTime:0.001000s ]
INFO: [ app_end ] --END-- [ RunTime:0.001000s ]

