[ 2017-11-07T09:01:52+08:00 ] 58.246.226.254 /Admin/Suffix/show_suffix
INFO: [ app_init ] --START--
INFO: Run Behavior\BuildLiteBehavior [ RunTime:0.000000s ]
INFO: [ app_init ] --END-- [ RunTime:0.000000s ]
INFO: [ app_begin ] --START--
INFO: Run Behavior\ReadHtmlCacheBehavior [ RunTime:0.000000s ]
INFO: [ app_begin ] --END-- [ RunTime:0.000000s ]
SQL: select DISTINCT menuName,menuURL,rm.menuid,npm.pmenuid,npm.menulevel
                from Y_user u
                LEFT JOIN Y_user_role ur ON ur.uid=u.Uid
                LEFT JOIN Y_role r ON r.roleid=ur.roleid
                LEFT JOIN Y_role_menu rm ON rm.roleid=r.roleid
                LEFT JOIN Y_netprofitmenu npm ON npm.menuid=rm.menuid
                WHERE u.username='admin' ORDER BY rm.menuid [ RunTime:0.0270s ]
SQL: SELECT ss.id,ss.suffix,salesman as username,m.manger,sp.pingtai FROM Y_SuffixSalerman ss
                    left JOIN  Y_manger m ON m.mid =ss.mangerid
                    LEFT JOIN Y_suffixPingtai sp ON sp.suffix=ss.suffix
                    ORDER BY ss.suffix ASC  [ RunTime:0.0570s ]
INFO: [ view_parse ] --START--
INFO: [ template_filter ] --START--
INFO: Run Behavior\ContentReplaceBehavior [ RunTime:0.001000s ]
INFO: [ template_filter ] --END-- [ RunTime:0.001000s ]
INFO: Run Behavior\ParseTemplateBehavior [ RunTime:0.024001s ]
INFO: [ view_parse ] --END-- [ RunTime:0.024001s ]
INFO: [ view_filter ] --START--
INFO: Run Behavior\WriteHtmlCacheBehavior [ RunTime:0.001000s ]
INFO: [ view_filter ] --END-- [ RunTime:0.001000s ]
INFO: [ app_end ] --START--
INFO: Run Behavior\ShowPageTraceBehavior [ RunTime:0.001000s ]
INFO: [ app_end ] --END-- [ RunTime:0.001000s ]

[ 2017-11-07T15:58:44+08:00 ] 58.246.226.254 /Admin/Suffix/show_suffix
INFO: [ app_init ] --START--
INFO: Run Behavior\BuildLiteBehavior [ RunTime:0.000000s ]
INFO: [ app_init ] --END-- [ RunTime:0.001000s ]
INFO: [ app_begin ] --START--
INFO: Run Behavior\ReadHtmlCacheBehavior [ RunTime:0.000000s ]
INFO: [ app_begin ] --END-- [ RunTime:0.000000s ]
SQL: select DISTINCT menuName,menuURL,rm.menuid,npm.pmenuid,npm.menulevel
                from Y_user u
                LEFT JOIN Y_user_role ur ON ur.uid=u.Uid
                LEFT JOIN Y_role r ON r.roleid=ur.roleid
                LEFT JOIN Y_role_menu rm ON rm.roleid=r.roleid
                LEFT JOIN Y_netprofitmenu npm ON npm.menuid=rm.menuid
                WHERE u.username='admin' ORDER BY rm.menuid [ RunTime:0.0180s ]
SQL: SELECT ss.id,ss.suffix,salesman as username,m.manger,sp.pingtai FROM Y_SuffixSalerman ss
                    left JOIN  Y_manger m ON m.mid =ss.mangerid
                    LEFT JOIN Y_suffixPingtai sp ON sp.suffix=ss.suffix
                    ORDER BY ss.suffix ASC  [ RunTime:0.0310s ]
INFO: [ view_parse ] --START--
INFO: [ template_filter ] --START--
INFO: Run Behavior\ContentReplaceBehavior [ RunTime:0.000000s ]
INFO: [ template_filter ] --END-- [ RunTime:0.000000s ]
INFO: Run Behavior\ParseTemplateBehavior [ RunTime:0.026001s ]
INFO: [ view_parse ] --END-- [ RunTime:0.026001s ]
INFO: [ view_filter ] --START--
INFO: Run Behavior\WriteHtmlCacheBehavior [ RunTime:0.000000s ]
INFO: [ view_filter ] --END-- [ RunTime:0.000000s ]
INFO: [ app_end ] --START--
INFO: Run Behavior\ShowPageTraceBehavior [ RunTime:0.001000s ]
INFO: [ app_end ] --END-- [ RunTime:0.001000s ]

[ 2017-11-07T16:33:30+08:00 ] 58.246.226.254 /Admin/Suffix/add_edit_suffix
INFO: [ app_init ] --START--
INFO: Run Behavior\BuildLiteBehavior [ RunTime:0.000000s ]
INFO: [ app_init ] --END-- [ RunTime:0.001000s ]
INFO: [ app_begin ] --START--
INFO: Run Behavior\ReadHtmlCacheBehavior [ RunTime:0.001000s ]
INFO: [ app_begin ] --END-- [ RunTime:0.001000s ]
SQL: select mid from Y_manger WHERE manger='毕郑强' [ RunTime:0.0130s ]
SQL: select uid from Y_user WHERE username='毕郑强' [ RunTime:0.0130s ]
SQL: select id as spid from Y_suffixPingtai WHERE suffix='Joom01-YHAccessories' [ RunTime:0.0140s ]
NOTIC: [8] Undefined offset: 0 D:\phpStudy20161103\WWW\cms\Application\Admin\Controller\SuffixController.class.php 第 57 行.
SQL: insert into Y_SuffixSalerman (suffix,salesman,mangerid,uid) VALUES ('Joom01-YHAccessories','毕郑强','1','21') [ RunTime:0.0150s ]
SQL: insert into Y_suffixPingtai(suffix,pingtai) VALUES ('Joom01-YHAccessories','Joom') [ RunTime:0.0150s ]
NOTIC: [8] Undefined index: edit_suffix D:\phpStudy20161103\WWW\cms\Application\Admin\Controller\SuffixController.class.php 第 75 行.
INFO: [ app_end ] --START--
INFO: Run Behavior\ShowPageTraceBehavior [ RunTime:0.001001s ]
INFO: [ app_end ] --END-- [ RunTime:0.001001s ]

[ 2017-11-07T16:33:45+08:00 ] 58.246.226.254 /Admin/Suffix/add_edit_suffix
INFO: [ app_init ] --START--
INFO: Run Behavior\BuildLiteBehavior [ RunTime:0.000000s ]
INFO: [ app_init ] --END-- [ RunTime:0.001000s ]
INFO: [ app_begin ] --START--
INFO: Run Behavior\ReadHtmlCacheBehavior [ RunTime:0.001000s ]
INFO: [ app_begin ] --END-- [ RunTime:0.001000s ]
SQL: select mid from Y_manger WHERE manger='毕郑强' [ RunTime:0.0120s ]
SQL: select uid from Y_user WHERE username='毕郑强' [ RunTime:0.0130s ]
SQL: select id as spid from Y_suffixPingtai WHERE suffix='Joom01-YHFashion' [ RunTime:0.0130s ]
NOTIC: [8] Undefined offset: 0 D:\phpStudy20161103\WWW\cms\Application\Admin\Controller\SuffixController.class.php 第 57 行.
SQL: insert into Y_SuffixSalerman (suffix,salesman,mangerid,uid) VALUES ('Joom01-YHFashion','毕郑强','1','21') [ RunTime:0.0140s ]
SQL: insert into Y_suffixPingtai(suffix,pingtai) VALUES ('Joom01-YHFashion','Joom') [ RunTime:0.0140s ]
NOTIC: [8] Undefined index: edit_suffix D:\phpStudy20161103\WWW\cms\Application\Admin\Controller\SuffixController.class.php 第 75 行.
INFO: [ app_end ] --START--
INFO: Run Behavior\ShowPageTraceBehavior [ RunTime:0.002000s ]
INFO: [ app_end ] --END-- [ RunTime:0.002000s ]

[ 2017-11-07T17:27:59+08:00 ] 58.246.226.254 /Admin/Suffix/show_suffix
INFO: [ app_init ] --START--
INFO: Run Behavior\BuildLiteBehavior [ RunTime:0.000000s ]
INFO: [ app_init ] --END-- [ RunTime:0.000000s ]
INFO: [ app_begin ] --START--
INFO: Run Behavior\ReadHtmlCacheBehavior [ RunTime:0.000000s ]
INFO: [ app_begin ] --END-- [ RunTime:0.000000s ]
SQL: select DISTINCT menuName,menuURL,rm.menuid,npm.pmenuid,npm.menulevel
                from Y_user u
                LEFT JOIN Y_user_role ur ON ur.uid=u.Uid
                LEFT JOIN Y_role r ON r.roleid=ur.roleid
                LEFT JOIN Y_role_menu rm ON rm.roleid=r.roleid
                LEFT JOIN Y_netprofitmenu npm ON npm.menuid=rm.menuid
                WHERE u.username='admin' ORDER BY rm.menuid [ RunTime:0.0190s ]
SQL: SELECT ss.id,ss.suffix,salesman as username,m.manger,sp.pingtai FROM Y_SuffixSalerman ss
                    left JOIN  Y_manger m ON m.mid =ss.mangerid
                    LEFT JOIN Y_suffixPingtai sp ON sp.suffix=ss.suffix
                    ORDER BY ss.suffix ASC  [ RunTime:0.0450s ]
INFO: [ view_parse ] --START--
INFO: [ template_filter ] --START--
INFO: Run Behavior\ContentReplaceBehavior [ RunTime:0.000000s ]
INFO: [ template_filter ] --END-- [ RunTime:0.000000s ]
INFO: Run Behavior\ParseTemplateBehavior [ RunTime:0.019001s ]
INFO: [ view_parse ] --END-- [ RunTime:0.019001s ]
INFO: [ view_filter ] --START--
INFO: Run Behavior\WriteHtmlCacheBehavior [ RunTime:0.001000s ]
INFO: [ view_filter ] --END-- [ RunTime:0.001000s ]
INFO: [ app_end ] --START--
INFO: Run Behavior\ShowPageTraceBehavior [ RunTime:0.001000s ]
INFO: [ app_end ] --END-- [ RunTime:0.001000s ]

[ 2017-11-07T17:28:04+08:00 ] 58.246.226.254 /Admin/Suffix/show_suffix
INFO: [ app_init ] --START--
INFO: Run Behavior\BuildLiteBehavior [ RunTime:0.000000s ]
INFO: [ app_init ] --END-- [ RunTime:0.000000s ]
INFO: [ app_begin ] --START--
INFO: Run Behavior\ReadHtmlCacheBehavior [ RunTime:0.001000s ]
INFO: [ app_begin ] --END-- [ RunTime:0.001000s ]
SQL: select DISTINCT menuName,menuURL,rm.menuid,npm.pmenuid,npm.menulevel
                from Y_user u
                LEFT JOIN Y_user_role ur ON ur.uid=u.Uid
                LEFT JOIN Y_role r ON r.roleid=ur.roleid
                LEFT JOIN Y_role_menu rm ON rm.roleid=r.roleid
                LEFT JOIN Y_netprofitmenu npm ON npm.menuid=rm.menuid
                WHERE u.username='admin' ORDER BY rm.menuid [ RunTime:0.0130s ]
SQL: SELECT ss.id,ss.suffix,salesman as username,m.manger,sp.pingtai FROM Y_SuffixSalerman ss
                    left JOIN  Y_manger m ON m.mid =ss.mangerid
                    LEFT JOIN Y_suffixPingtai sp ON sp.suffix=ss.suffix
                    ORDER BY ss.suffix ASC  [ RunTime:0.0160s ]
INFO: [ view_parse ] --START--
INFO: [ template_filter ] --START--
INFO: Run Behavior\ContentReplaceBehavior [ RunTime:0.000000s ]
INFO: [ template_filter ] --END-- [ RunTime:0.000000s ]
INFO: Run Behavior\ParseTemplateBehavior [ RunTime:0.012001s ]
INFO: [ view_parse ] --END-- [ RunTime:0.013001s ]
INFO: [ view_filter ] --START--
INFO: Run Behavior\WriteHtmlCacheBehavior [ RunTime:0.000000s ]
INFO: [ view_filter ] --END-- [ RunTime:0.000000s ]
INFO: [ app_end ] --START--
INFO: Run Behavior\ShowPageTraceBehavior [ RunTime:0.001000s ]
INFO: [ app_end ] --END-- [ RunTime:0.001000s ]

[ 2017-11-07T17:28:09+08:00 ] 58.247.212.69 /Admin/Suffix/show_suffix
INFO: [ app_init ] --START--
INFO: Run Behavior\BuildLiteBehavior [ RunTime:0.000000s ]
INFO: [ app_init ] --END-- [ RunTime:0.001001s ]
INFO: [ app_begin ] --START--
INFO: Run Behavior\ReadHtmlCacheBehavior [ RunTime:0.001000s ]
INFO: [ app_begin ] --END-- [ RunTime:0.001000s ]
SQL: select DISTINCT menuName,menuURL,rm.menuid,npm.pmenuid,npm.menulevel
                from Y_user u
                LEFT JOIN Y_user_role ur ON ur.uid=u.Uid
                LEFT JOIN Y_role r ON r.roleid=ur.roleid
                LEFT JOIN Y_role_menu rm ON rm.roleid=r.roleid
                LEFT JOIN Y_netprofitmenu npm ON npm.menuid=rm.menuid
                WHERE u.username='' ORDER BY rm.menuid [ RunTime:0.0190s ]
SQL: SELECT ss.id,ss.suffix,salesman as username,m.manger,sp.pingtai FROM Y_SuffixSalerman ss
                    left JOIN  Y_manger m ON m.mid =ss.mangerid
                    LEFT JOIN Y_suffixPingtai sp ON sp.suffix=ss.suffix
                    ORDER BY ss.suffix ASC  [ RunTime:0.0160s ]
INFO: [ view_parse ] --START--
INFO: [ template_filter ] --START--
INFO: Run Behavior\ContentReplaceBehavior [ RunTime:0.000000s ]
INFO: [ template_filter ] --END-- [ RunTime:0.000000s ]
INFO: Run Behavior\ParseTemplateBehavior [ RunTime:0.014001s ]
INFO: [ view_parse ] --END-- [ RunTime:0.014001s ]
INFO: [ view_filter ] --START--
INFO: Run Behavior\WriteHtmlCacheBehavior [ RunTime:0.001000s ]
INFO: [ view_filter ] --END-- [ RunTime:0.001000s ]
INFO: [ app_end ] --START--
INFO: Run Behavior\ShowPageTraceBehavior [ RunTime:0.002000s ]
INFO: [ app_end ] --END-- [ RunTime:0.002000s ]

[ 2017-11-07T17:28:10+08:00 ] 112.65.193.15 /Admin/Suffix/show_suffix
INFO: [ app_init ] --START--
INFO: Run Behavior\BuildLiteBehavior [ RunTime:0.000000s ]
INFO: [ app_init ] --END-- [ RunTime:0.000000s ]
INFO: [ app_begin ] --START--
INFO: Run Behavior\ReadHtmlCacheBehavior [ RunTime:0.000000s ]
INFO: [ app_begin ] --END-- [ RunTime:0.000000s ]
SQL: select DISTINCT menuName,menuURL,rm.menuid,npm.pmenuid,npm.menulevel
                from Y_user u
                LEFT JOIN Y_user_role ur ON ur.uid=u.Uid
                LEFT JOIN Y_role r ON r.roleid=ur.roleid
                LEFT JOIN Y_role_menu rm ON rm.roleid=r.roleid
                LEFT JOIN Y_netprofitmenu npm ON npm.menuid=rm.menuid
                WHERE u.username='' ORDER BY rm.menuid [ RunTime:0.0150s ]
SQL: SELECT ss.id,ss.suffix,salesman as username,m.manger,sp.pingtai FROM Y_SuffixSalerman ss
                    left JOIN  Y_manger m ON m.mid =ss.mangerid
                    LEFT JOIN Y_suffixPingtai sp ON sp.suffix=ss.suffix
                    ORDER BY ss.suffix ASC  [ RunTime:0.0160s ]
INFO: [ view_parse ] --START--
INFO: [ template_filter ] --START--
INFO: Run Behavior\ContentReplaceBehavior [ RunTime:0.000000s ]
INFO: [ template_filter ] --END-- [ RunTime:0.001000s ]
INFO: Run Behavior\ParseTemplateBehavior [ RunTime:0.009001s ]
INFO: [ view_parse ] --END-- [ RunTime:0.009001s ]
INFO: [ view_filter ] --START--
INFO: Run Behavior\WriteHtmlCacheBehavior [ RunTime:0.001000s ]
INFO: [ view_filter ] --END-- [ RunTime:0.001000s ]
INFO: [ app_end ] --START--
INFO: Run Behavior\ShowPageTraceBehavior [ RunTime:0.001000s ]
INFO: [ app_end ] --END-- [ RunTime:0.001000s ]

