[ 2017-08-12T10:09:39+08:00 ] 223.166.134.54 /Saler/Saler/show_saler_page
INFO: [ app_init ] --START--
INFO: Run Behavior\BuildLiteBehavior [ RunTime:0.000000s ]
INFO: [ app_init ] --END-- [ RunTime:0.001000s ]
INFO: [ app_begin ] --START--
INFO: Run Behavior\ReadHtmlCacheBehavior [ RunTime:0.000000s ]
INFO: [ app_begin ] --END-- [ RunTime:0.000000s ]
SQL: select DISTINCT menuName,menuURL,rm.menuid
                from Y_user u
                LEFT JOIN Y_user_role ur ON ur.uid=u.Uid
                LEFT JOIN Y_role r ON r.roleid=ur.roleid
                LEFT JOIN Y_role_menu rm ON rm.roleid=r.roleid
                LEFT JOIN Y_netprofitmenu npm ON npm.menuid=rm.menuid
                WHERE u.username='宋文杰' 
                ORDER BY rm.menuid [ RunTime:0.0180s ]
SQL: select mid from Y_manger WHERE manger='宋文杰' [ RunTime:0.0130s ]
SQL: SELECT d.Did ,d.Dname,u.username,ss.suffix,sp.pingtai FROM Y_userDepartment ud
                                        LEFT JOIN Y_user u ON u.Uid=ud.Uid
                                        LEFT JOIN Y_Department d ON d.Did=ud.did
                                        LEFT JOIN Y_SuffixSalerman ss ON ss.uid=u.Uid
                                        LEFT JOIN Y_suffixPingtai sp ON sp.suffix=ss.suffix
                                        WHERE mangerid='5' [ RunTime:0.0300s ]
INFO: [ view_parse ] --START--
INFO: [ template_filter ] --START--
INFO: Run Behavior\ContentReplaceBehavior [ RunTime:0.000000s ]
INFO: [ template_filter ] --END-- [ RunTime:0.000000s ]
INFO: Run Behavior\ParseTemplateBehavior [ RunTime:0.006000s ]
INFO: [ view_parse ] --END-- [ RunTime:0.007001s ]
INFO: [ view_filter ] --START--
INFO: Run Behavior\WriteHtmlCacheBehavior [ RunTime:0.000000s ]
INFO: [ view_filter ] --END-- [ RunTime:0.000000s ]
INFO: [ app_end ] --START--
INFO: Run Behavior\ShowPageTraceBehavior [ RunTime:0.000000s ]
INFO: [ app_end ] --END-- [ RunTime:0.000000s ]

[ 2017-08-12T10:43:21+08:00 ] 58.246.226.254 /Saler/Saler/show_saler_page
INFO: [ app_init ] --START--
INFO: Run Behavior\BuildLiteBehavior [ RunTime:0.000000s ]
INFO: [ app_init ] --END-- [ RunTime:0.000000s ]
INFO: [ app_begin ] --START--
INFO: Run Behavior\ReadHtmlCacheBehavior [ RunTime:0.001000s ]
INFO: [ app_begin ] --END-- [ RunTime:0.001000s ]
SQL: select DISTINCT menuName,menuURL,rm.menuid
                from Y_user u
                LEFT JOIN Y_user_role ur ON ur.uid=u.Uid
                LEFT JOIN Y_role r ON r.roleid=ur.roleid
                LEFT JOIN Y_role_menu rm ON rm.roleid=r.roleid
                LEFT JOIN Y_netprofitmenu npm ON npm.menuid=rm.menuid
                WHERE u.username='缪政勇' 
                ORDER BY rm.menuid [ RunTime:0.0100s ]
SQL: select mid from Y_manger WHERE manger='缪政勇' [ RunTime:0.0100s ]
NOTIC: [8] Undefined offset: 0 D:\phpStudy20161103\WWW\cms\Application\Saler\Controller\SalerController.class.php 第 31 行.
SQL: SELECT d.Did ,d.Dname,u.username,ss.suffix,sp.pingtai FROM Y_userDepartment ud
                                        LEFT JOIN Y_user u ON u.Uid=ud.Uid
                                        LEFT JOIN Y_Department d ON d.Did=ud.did
                                        LEFT JOIN Y_SuffixSalerman ss ON ss.uid=u.Uid
                                        LEFT JOIN Y_suffixPingtai sp ON sp.suffix=ss.suffix
                                        WHERE username='缪政勇' [ RunTime:0.0200s ]
INFO: [ view_parse ] --START--
INFO: [ template_filter ] --START--
INFO: Run Behavior\ContentReplaceBehavior [ RunTime:0.000000s ]
INFO: [ template_filter ] --END-- [ RunTime:0.000000s ]
INFO: Run Behavior\ParseTemplateBehavior [ RunTime:0.007000s ]
INFO: [ view_parse ] --END-- [ RunTime:0.007000s ]
INFO: [ view_filter ] --START--
INFO: Run Behavior\WriteHtmlCacheBehavior [ RunTime:0.001000s ]
INFO: [ view_filter ] --END-- [ RunTime:0.001000s ]
INFO: [ app_end ] --START--
INFO: Run Behavior\ShowPageTraceBehavior [ RunTime:0.000000s ]
INFO: [ app_end ] --END-- [ RunTime:0.000000s ]

[ 2017-08-12T14:09:14+08:00 ] 58.246.226.254 /Saler/Saler/show_saler_page
INFO: [ app_init ] --START--
INFO: Run Behavior\BuildLiteBehavior [ RunTime:0.000000s ]
INFO: [ app_init ] --END-- [ RunTime:0.000000s ]
INFO: [ app_begin ] --START--
INFO: Run Behavior\ReadHtmlCacheBehavior [ RunTime:0.000000s ]
INFO: [ app_begin ] --END-- [ RunTime:0.000000s ]
SQL: select DISTINCT menuName,menuURL,rm.menuid
                from Y_user u
                LEFT JOIN Y_user_role ur ON ur.uid=u.Uid
                LEFT JOIN Y_role r ON r.roleid=ur.roleid
                LEFT JOIN Y_role_menu rm ON rm.roleid=r.roleid
                LEFT JOIN Y_netprofitmenu npm ON npm.menuid=rm.menuid
                WHERE u.username='admin' 
                ORDER BY rm.menuid [ RunTime:0.0120s ]
SQL: select mid from Y_manger WHERE manger='admin' [ RunTime:0.0130s ]
NOTIC: [8] Undefined offset: 0 D:\phpStudy20161103\WWW\cms\Application\Saler\Controller\SalerController.class.php 第 31 行.
SQL: SELECT d.Did ,d.Dname,u.username,ss.suffix,sp.pingtai FROM Y_userDepartment ud
                    LEFT JOIN Y_user u ON u.Uid=ud.Uid
                    LEFT JOIN Y_Department d ON d.Did=ud.did
                    LEFT JOIN Y_SuffixSalerman ss ON ss.uid=u.Uid
                    LEFT JOIN Y_suffixPingtai sp ON sp.suffix=ss.suffix
                    WHERE d.Dname is not NULL AND sp.suffix is not null  [ RunTime:0.0340s ]
INFO: [ view_parse ] --START--
INFO: [ template_filter ] --START--
INFO: Run Behavior\ContentReplaceBehavior [ RunTime:0.000000s ]
INFO: [ template_filter ] --END-- [ RunTime:0.000000s ]
INFO: Run Behavior\ParseTemplateBehavior [ RunTime:0.007000s ]
INFO: [ view_parse ] --END-- [ RunTime:0.007000s ]
INFO: [ view_filter ] --START--
INFO: Run Behavior\WriteHtmlCacheBehavior [ RunTime:0.000000s ]
INFO: [ view_filter ] --END-- [ RunTime:0.000000s ]
INFO: [ app_end ] --START--
INFO: Run Behavior\ShowPageTraceBehavior [ RunTime:0.001000s ]
INFO: [ app_end ] --END-- [ RunTime:0.001000s ]

[ 2017-08-12T14:29:14+08:00 ] 58.246.226.254 /Saler/Saler/show_saler_page
INFO: [ app_init ] --START--
INFO: Run Behavior\BuildLiteBehavior [ RunTime:0.000000s ]
INFO: [ app_init ] --END-- [ RunTime:0.000000s ]
INFO: [ app_begin ] --START--
INFO: Run Behavior\ReadHtmlCacheBehavior [ RunTime:0.000000s ]
INFO: [ app_begin ] --END-- [ RunTime:0.000000s ]
SQL: select DISTINCT menuName,menuURL,rm.menuid
                from Y_user u
                LEFT JOIN Y_user_role ur ON ur.uid=u.Uid
                LEFT JOIN Y_role r ON r.roleid=ur.roleid
                LEFT JOIN Y_role_menu rm ON rm.roleid=r.roleid
                LEFT JOIN Y_netprofitmenu npm ON npm.menuid=rm.menuid
                WHERE u.username='admin' 
                ORDER BY rm.menuid [ RunTime:0.0150s ]
SQL: select mid from Y_manger WHERE manger='admin' [ RunTime:0.0090s ]
NOTIC: [8] Undefined offset: 0 D:\phpStudy20161103\WWW\cms\Application\Saler\Controller\SalerController.class.php 第 31 行.
SQL: SELECT d.Did ,d.Dname,u.username,ss.suffix,sp.pingtai FROM Y_userDepartment ud
                    LEFT JOIN Y_user u ON u.Uid=ud.Uid
                    LEFT JOIN Y_Department d ON d.Did=ud.did
                    LEFT JOIN Y_SuffixSalerman ss ON ss.uid=u.Uid
                    LEFT JOIN Y_suffixPingtai sp ON sp.suffix=ss.suffix
                    WHERE d.Dname is not NULL AND sp.suffix is not null  [ RunTime:0.0140s ]
INFO: [ view_parse ] --START--
INFO: [ template_filter ] --START--
INFO: Run Behavior\ContentReplaceBehavior [ RunTime:0.000000s ]
INFO: [ template_filter ] --END-- [ RunTime:0.000000s ]
INFO: Run Behavior\ParseTemplateBehavior [ RunTime:0.006000s ]
INFO: [ view_parse ] --END-- [ RunTime:0.006000s ]
INFO: [ view_filter ] --START--
INFO: Run Behavior\WriteHtmlCacheBehavior [ RunTime:0.001000s ]
INFO: [ view_filter ] --END-- [ RunTime:0.001000s ]
INFO: [ app_end ] --START--
INFO: Run Behavior\ShowPageTraceBehavior [ RunTime:0.000000s ]
INFO: [ app_end ] --END-- [ RunTime:0.000000s ]

[ 2017-08-12T14:58:15+08:00 ] 58.246.226.254 /Saler/Saler/show_saler_page
INFO: [ app_init ] --START--
INFO: Run Behavior\BuildLiteBehavior [ RunTime:0.000000s ]
INFO: [ app_init ] --END-- [ RunTime:0.000000s ]
INFO: [ app_begin ] --START--
INFO: Run Behavior\ReadHtmlCacheBehavior [ RunTime:0.001000s ]
INFO: [ app_begin ] --END-- [ RunTime:0.001000s ]
SQL: select DISTINCT menuName,menuURL,rm.menuid
                from Y_user u
                LEFT JOIN Y_user_role ur ON ur.uid=u.Uid
                LEFT JOIN Y_role r ON r.roleid=ur.roleid
                LEFT JOIN Y_role_menu rm ON rm.roleid=r.roleid
                LEFT JOIN Y_netprofitmenu npm ON npm.menuid=rm.menuid
                WHERE u.username='admin' 
                ORDER BY rm.menuid [ RunTime:0.0080s ]
SQL: select mid from Y_manger WHERE manger='admin' [ RunTime:0.0070s ]
NOTIC: [8] Undefined offset: 0 D:\phpStudy20161103\WWW\cms\Application\Saler\Controller\SalerController.class.php 第 31 行.
SQL: SELECT d.Did ,d.Dname,u.username,ss.suffix,sp.pingtai FROM Y_userDepartment ud
                    LEFT JOIN Y_user u ON u.Uid=ud.Uid
                    LEFT JOIN Y_Department d ON d.Did=ud.did
                    LEFT JOIN Y_SuffixSalerman ss ON ss.uid=u.Uid
                    LEFT JOIN Y_suffixPingtai sp ON sp.suffix=ss.suffix
                    WHERE d.Dname is not NULL AND sp.suffix is not null  [ RunTime:0.0110s ]
INFO: [ view_parse ] --START--
INFO: [ template_filter ] --START--
INFO: Run Behavior\ContentReplaceBehavior [ RunTime:0.000000s ]
INFO: [ template_filter ] --END-- [ RunTime:0.000000s ]
INFO: Run Behavior\ParseTemplateBehavior [ RunTime:0.007000s ]
INFO: [ view_parse ] --END-- [ RunTime:0.007000s ]
INFO: [ view_filter ] --START--
INFO: Run Behavior\WriteHtmlCacheBehavior [ RunTime:0.000000s ]
INFO: [ view_filter ] --END-- [ RunTime:0.000000s ]
INFO: [ app_end ] --START--
INFO: Run Behavior\ShowPageTraceBehavior [ RunTime:0.001000s ]
INFO: [ app_end ] --END-- [ RunTime:0.001000s ]

[ 2017-08-12T16:14:01+08:00 ] 58.246.226.254 /Saler/Saler/show_saler_page
INFO: [ app_init ] --START--
INFO: Run Behavior\BuildLiteBehavior [ RunTime:0.000000s ]
INFO: [ app_init ] --END-- [ RunTime:0.000000s ]
INFO: [ app_begin ] --START--
INFO: Run Behavior\ReadHtmlCacheBehavior [ RunTime:0.001000s ]
INFO: [ app_begin ] --END-- [ RunTime:0.001000s ]
SQL: select DISTINCT menuName,menuURL,rm.menuid
                from Y_user u
                LEFT JOIN Y_user_role ur ON ur.uid=u.Uid
                LEFT JOIN Y_role r ON r.roleid=ur.roleid
                LEFT JOIN Y_role_menu rm ON rm.roleid=r.roleid
                LEFT JOIN Y_netprofitmenu npm ON npm.menuid=rm.menuid
                WHERE u.username='刘世丽' 
                ORDER BY rm.menuid [ RunTime:0.0110s ]
SQL: select mid from Y_manger WHERE manger='刘世丽' [ RunTime:0.0120s ]
NOTIC: [8] Undefined offset: 0 D:\phpStudy20161103\WWW\cms\Application\Saler\Controller\SalerController.class.php 第 31 行.
SQL: SELECT d.Did ,d.Dname,u.username,ss.suffix,sp.pingtai FROM Y_userDepartment ud
                                        LEFT JOIN Y_user u ON u.Uid=ud.Uid
                                        LEFT JOIN Y_Department d ON d.Did=ud.did
                                        LEFT JOIN Y_SuffixSalerman ss ON ss.uid=u.Uid
                                        LEFT JOIN Y_suffixPingtai sp ON sp.suffix=ss.suffix
                                        WHERE username='刘世丽' [ RunTime:0.0230s ]
INFO: [ view_parse ] --START--
INFO: [ template_filter ] --START--
INFO: Run Behavior\ContentReplaceBehavior [ RunTime:0.000000s ]
INFO: [ template_filter ] --END-- [ RunTime:0.000000s ]
INFO: Run Behavior\ParseTemplateBehavior [ RunTime:0.006001s ]
INFO: [ view_parse ] --END-- [ RunTime:0.006001s ]
INFO: [ view_filter ] --START--
INFO: Run Behavior\WriteHtmlCacheBehavior [ RunTime:0.000000s ]
INFO: [ view_filter ] --END-- [ RunTime:0.000000s ]
INFO: [ app_end ] --START--
INFO: Run Behavior\ShowPageTraceBehavior [ RunTime:0.000000s ]
INFO: [ app_end ] --END-- [ RunTime:0.000000s ]

