[ 2017-05-23T09:15:57+08:00 ] 58.246.226.254 /Saler/Saler/show_saler_page
INFO: [ app_init ] --START--
INFO: Run Behavior\BuildLiteBehavior [ RunTime:0.000000s ]
INFO: [ app_init ] --END-- [ RunTime:0.001000s ]
INFO: [ app_begin ] --START--
INFO: Run Behavior\ReadHtmlCacheBehavior [ RunTime:0.001000s ]
INFO: [ app_begin ] --END-- [ RunTime:0.001000s ]
SQL: select DISTINCT menuName,menuURL,rm.menuid
                from Y_user u
                LEFT JOIN Y_user_role ur ON ur.uid=u.Uid
                LEFT JOIN Y_role r ON r.roleid=ur.roleid
                LEFT JOIN Y_role_menu rm ON rm.roleid=r.roleid
                LEFT JOIN Y_netprofitmenu npm ON npm.menuid=rm.menuid
                WHERE u.username='admin' 
                ORDER BY rm.menuid [ RunTime:0.0140s ]
SQL: select mid from Y_manger WHERE manger='admin' [ RunTime:0.0150s ]
NOTIC: [8] Undefined offset: 0 D:\phpStudy20161103\WWW\cms\Application\Saler\Controller\SalerController.class.php 第 31 行.
SQL: SELECT d.Did ,d.Dname,u.username,ss.suffix,sp.pingtai FROM Y_userDepartment ud
                    LEFT JOIN Y_user u ON u.Uid=ud.Uid
                    LEFT JOIN Y_Department d ON d.Did=ud.did
                    LEFT JOIN Y_SuffixSalerman ss ON ss.uid=u.Uid
                    LEFT JOIN Y_suffixPingtai sp ON sp.suffix=ss.suffix
                    WHERE d.Dname is not NULL AND sp.suffix is not null  [ RunTime:0.0260s ]
INFO: [ view_parse ] --START--
INFO: [ template_filter ] --START--
INFO: Run Behavior\ContentReplaceBehavior [ RunTime:0.001000s ]
INFO: [ template_filter ] --END-- [ RunTime:0.001000s ]
INFO: Run Behavior\ParseTemplateBehavior [ RunTime:0.026002s ]
INFO: [ view_parse ] --END-- [ RunTime:0.026002s ]
INFO: [ view_filter ] --START--
INFO: Run Behavior\WriteHtmlCacheBehavior [ RunTime:0.000000s ]
INFO: [ view_filter ] --END-- [ RunTime:0.000000s ]
INFO: [ app_end ] --START--
INFO: Run Behavior\ShowPageTraceBehavior [ RunTime:0.001000s ]
INFO: [ app_end ] --END-- [ RunTime:0.001000s ]

[ 2017-05-23T09:21:43+08:00 ] 116.226.224.220 /Saler/Saler/show_saler_page
INFO: [ app_init ] --START--
INFO: Run Behavior\BuildLiteBehavior [ RunTime:0.000000s ]
INFO: [ app_init ] --END-- [ RunTime:0.001000s ]
INFO: [ app_begin ] --START--
INFO: Run Behavior\ReadHtmlCacheBehavior [ RunTime:0.001000s ]
INFO: [ app_begin ] --END-- [ RunTime:0.001000s ]
SQL: select DISTINCT menuName,menuURL,rm.menuid
                from Y_user u
                LEFT JOIN Y_user_role ur ON ur.uid=u.Uid
                LEFT JOIN Y_role r ON r.roleid=ur.roleid
                LEFT JOIN Y_role_menu rm ON rm.roleid=r.roleid
                LEFT JOIN Y_netprofitmenu npm ON npm.menuid=rm.menuid
                WHERE u.username='林秀云' 
                ORDER BY rm.menuid [ RunTime:0.0150s ]
SQL: select mid from Y_manger WHERE manger='林秀云' [ RunTime:0.0140s ]
NOTIC: [8] Undefined offset: 0 D:\phpStudy20161103\WWW\cms\Application\Saler\Controller\SalerController.class.php 第 31 行.
SQL: SELECT d.Did ,d.Dname,u.username,ss.suffix,sp.pingtai FROM Y_userDepartment ud
                                        LEFT JOIN Y_user u ON u.Uid=ud.Uid
                                        LEFT JOIN Y_Department d ON d.Did=ud.did
                                        LEFT JOIN Y_SuffixSalerman ss ON ss.uid=u.Uid
                                        LEFT JOIN Y_suffixPingtai sp ON sp.suffix=ss.suffix
                                        WHERE username='林秀云' [ RunTime:0.0200s ]
INFO: [ view_parse ] --START--
INFO: [ template_filter ] --START--
INFO: Run Behavior\ContentReplaceBehavior [ RunTime:0.000000s ]
INFO: [ template_filter ] --END-- [ RunTime:0.000000s ]
INFO: Run Behavior\ParseTemplateBehavior [ RunTime:0.021001s ]
INFO: [ view_parse ] --END-- [ RunTime:0.021001s ]
INFO: [ view_filter ] --START--
INFO: Run Behavior\WriteHtmlCacheBehavior [ RunTime:0.000000s ]
INFO: [ view_filter ] --END-- [ RunTime:0.000000s ]
INFO: [ app_end ] --START--
INFO: Run Behavior\ShowPageTraceBehavior [ RunTime:0.000000s ]
INFO: [ app_end ] --END-- [ RunTime:0.000000s ]

[ 2017-05-23T09:23:40+08:00 ] 58.246.226.254 /Saler/Saler/show_saler_page
INFO: [ app_init ] --START--
INFO: Run Behavior\BuildLiteBehavior [ RunTime:0.000000s ]
INFO: [ app_init ] --END-- [ RunTime:0.001000s ]
INFO: [ app_begin ] --START--
INFO: Run Behavior\ReadHtmlCacheBehavior [ RunTime:0.001000s ]
INFO: [ app_begin ] --END-- [ RunTime:0.001000s ]
SQL: select DISTINCT menuName,menuURL,rm.menuid
                from Y_user u
                LEFT JOIN Y_user_role ur ON ur.uid=u.Uid
                LEFT JOIN Y_role r ON r.roleid=ur.roleid
                LEFT JOIN Y_role_menu rm ON rm.roleid=r.roleid
                LEFT JOIN Y_netprofitmenu npm ON npm.menuid=rm.menuid
                WHERE u.username='admin' 
                ORDER BY rm.menuid [ RunTime:0.0270s ]
SQL: select mid from Y_manger WHERE manger='admin' [ RunTime:0.0160s ]
NOTIC: [8] Undefined offset: 0 D:\phpStudy20161103\WWW\cms\Application\Saler\Controller\SalerController.class.php 第 31 行.
SQL: SELECT d.Did ,d.Dname,u.username,ss.suffix,sp.pingtai FROM Y_userDepartment ud
                    LEFT JOIN Y_user u ON u.Uid=ud.Uid
                    LEFT JOIN Y_Department d ON d.Did=ud.did
                    LEFT JOIN Y_SuffixSalerman ss ON ss.uid=u.Uid
                    LEFT JOIN Y_suffixPingtai sp ON sp.suffix=ss.suffix
                    WHERE d.Dname is not NULL AND sp.suffix is not null  [ RunTime:0.0200s ]
INFO: [ view_parse ] --START--
INFO: [ template_filter ] --START--
INFO: Run Behavior\ContentReplaceBehavior [ RunTime:0.000000s ]
INFO: [ template_filter ] --END-- [ RunTime:0.000000s ]
INFO: Run Behavior\ParseTemplateBehavior [ RunTime:0.023002s ]
INFO: [ view_parse ] --END-- [ RunTime:0.023002s ]
INFO: [ view_filter ] --START--
INFO: Run Behavior\WriteHtmlCacheBehavior [ RunTime:0.001000s ]
INFO: [ view_filter ] --END-- [ RunTime:0.001000s ]
INFO: [ app_end ] --START--
INFO: Run Behavior\ShowPageTraceBehavior [ RunTime:0.001000s ]
INFO: [ app_end ] --END-- [ RunTime:0.001000s ]

[ 2017-05-23T09:36:48+08:00 ] 58.246.226.254 /Saler/Saler/show_saler_page
INFO: [ app_init ] --START--
INFO: Run Behavior\BuildLiteBehavior [ RunTime:0.000000s ]
INFO: [ app_init ] --END-- [ RunTime:0.001000s ]
INFO: [ app_begin ] --START--
INFO: Run Behavior\ReadHtmlCacheBehavior [ RunTime:0.000000s ]
INFO: [ app_begin ] --END-- [ RunTime:0.001000s ]
SQL: select DISTINCT menuName,menuURL,rm.menuid
                from Y_user u
                LEFT JOIN Y_user_role ur ON ur.uid=u.Uid
                LEFT JOIN Y_role r ON r.roleid=ur.roleid
                LEFT JOIN Y_role_menu rm ON rm.roleid=r.roleid
                LEFT JOIN Y_netprofitmenu npm ON npm.menuid=rm.menuid
                WHERE u.username='何丽娟' 
                ORDER BY rm.menuid [ RunTime:0.0130s ]
SQL: select mid from Y_manger WHERE manger='何丽娟' [ RunTime:0.0120s ]
NOTIC: [8] Undefined offset: 0 D:\phpStudy20161103\WWW\cms\Application\Saler\Controller\SalerController.class.php 第 31 行.
SQL: SELECT d.Did ,d.Dname,u.username,ss.suffix,sp.pingtai FROM Y_userDepartment ud
                                        LEFT JOIN Y_user u ON u.Uid=ud.Uid
                                        LEFT JOIN Y_Department d ON d.Did=ud.did
                                        LEFT JOIN Y_SuffixSalerman ss ON ss.uid=u.Uid
                                        LEFT JOIN Y_suffixPingtai sp ON sp.suffix=ss.suffix
                                        WHERE username='何丽娟' [ RunTime:0.0190s ]
INFO: [ view_parse ] --START--
INFO: [ template_filter ] --START--
INFO: Run Behavior\ContentReplaceBehavior [ RunTime:0.000000s ]
INFO: [ template_filter ] --END-- [ RunTime:0.000000s ]
INFO: Run Behavior\ParseTemplateBehavior [ RunTime:0.022002s ]
INFO: [ view_parse ] --END-- [ RunTime:0.022002s ]
INFO: [ view_filter ] --START--
INFO: Run Behavior\WriteHtmlCacheBehavior [ RunTime:0.001000s ]
INFO: [ view_filter ] --END-- [ RunTime:0.001000s ]
INFO: [ app_end ] --START--
INFO: Run Behavior\ShowPageTraceBehavior [ RunTime:0.001000s ]
INFO: [ app_end ] --END-- [ RunTime:0.001000s ]

[ 2017-05-23T09:41:12+08:00 ] 116.226.224.220 /Saler/Saler/show_saler_page
INFO: [ app_init ] --START--
INFO: Run Behavior\BuildLiteBehavior [ RunTime:0.000000s ]
INFO: [ app_init ] --END-- [ RunTime:0.001000s ]
INFO: [ app_begin ] --START--
INFO: Run Behavior\ReadHtmlCacheBehavior [ RunTime:0.001001s ]
INFO: [ app_begin ] --END-- [ RunTime:0.001001s ]
SQL: select DISTINCT menuName,menuURL,rm.menuid
                from Y_user u
                LEFT JOIN Y_user_role ur ON ur.uid=u.Uid
                LEFT JOIN Y_role r ON r.roleid=ur.roleid
                LEFT JOIN Y_role_menu rm ON rm.roleid=r.roleid
                LEFT JOIN Y_netprofitmenu npm ON npm.menuid=rm.menuid
                WHERE u.username='张蒙' 
                ORDER BY rm.menuid [ RunTime:0.0130s ]
SQL: select mid from Y_manger WHERE manger='张蒙' [ RunTime:0.0120s ]
NOTIC: [8] Undefined offset: 0 D:\phpStudy20161103\WWW\cms\Application\Saler\Controller\SalerController.class.php 第 31 行.
SQL: SELECT d.Did ,d.Dname,u.username,ss.suffix,sp.pingtai FROM Y_userDepartment ud
                                        LEFT JOIN Y_user u ON u.Uid=ud.Uid
                                        LEFT JOIN Y_Department d ON d.Did=ud.did
                                        LEFT JOIN Y_SuffixSalerman ss ON ss.uid=u.Uid
                                        LEFT JOIN Y_suffixPingtai sp ON sp.suffix=ss.suffix
                                        WHERE username='张蒙' [ RunTime:0.0180s ]
INFO: [ view_parse ] --START--
INFO: [ template_filter ] --START--
INFO: Run Behavior\ContentReplaceBehavior [ RunTime:0.001000s ]
INFO: [ template_filter ] --END-- [ RunTime:0.001000s ]
INFO: Run Behavior\ParseTemplateBehavior [ RunTime:0.022001s ]
INFO: [ view_parse ] --END-- [ RunTime:0.022001s ]
INFO: [ view_filter ] --START--
INFO: Run Behavior\WriteHtmlCacheBehavior [ RunTime:0.000000s ]
INFO: [ view_filter ] --END-- [ RunTime:0.000000s ]
INFO: [ app_end ] --START--
INFO: Run Behavior\ShowPageTraceBehavior [ RunTime:0.001000s ]
INFO: [ app_end ] --END-- [ RunTime:0.001000s ]

[ 2017-05-23T09:43:57+08:00 ] 116.226.224.220 /Saler/Saler/show_saler_page
INFO: [ app_init ] --START--
INFO: Run Behavior\BuildLiteBehavior [ RunTime:0.000000s ]
INFO: [ app_init ] --END-- [ RunTime:0.001000s ]
INFO: [ app_begin ] --START--
INFO: Run Behavior\ReadHtmlCacheBehavior [ RunTime:0.001001s ]
INFO: [ app_begin ] --END-- [ RunTime:0.001001s ]
SQL: select DISTINCT menuName,menuURL,rm.menuid
                from Y_user u
                LEFT JOIN Y_user_role ur ON ur.uid=u.Uid
                LEFT JOIN Y_role r ON r.roleid=ur.roleid
                LEFT JOIN Y_role_menu rm ON rm.roleid=r.roleid
                LEFT JOIN Y_netprofitmenu npm ON npm.menuid=rm.menuid
                WHERE u.username='张蒙' 
                ORDER BY rm.menuid [ RunTime:0.0130s ]
SQL: select mid from Y_manger WHERE manger='张蒙' [ RunTime:0.0120s ]
NOTIC: [8] Undefined offset: 0 D:\phpStudy20161103\WWW\cms\Application\Saler\Controller\SalerController.class.php 第 31 行.
SQL: SELECT d.Did ,d.Dname,u.username,ss.suffix,sp.pingtai FROM Y_userDepartment ud
                                        LEFT JOIN Y_user u ON u.Uid=ud.Uid
                                        LEFT JOIN Y_Department d ON d.Did=ud.did
                                        LEFT JOIN Y_SuffixSalerman ss ON ss.uid=u.Uid
                                        LEFT JOIN Y_suffixPingtai sp ON sp.suffix=ss.suffix
                                        WHERE username='张蒙' [ RunTime:0.0130s ]
INFO: [ view_parse ] --START--
INFO: [ template_filter ] --START--
INFO: Run Behavior\ContentReplaceBehavior [ RunTime:0.000000s ]
INFO: [ template_filter ] --END-- [ RunTime:0.000000s ]
INFO: Run Behavior\ParseTemplateBehavior [ RunTime:0.024002s ]
INFO: [ view_parse ] --END-- [ RunTime:0.024002s ]
INFO: [ view_filter ] --START--
INFO: Run Behavior\WriteHtmlCacheBehavior [ RunTime:0.001000s ]
INFO: [ view_filter ] --END-- [ RunTime:0.001000s ]
INFO: [ app_end ] --START--
INFO: Run Behavior\ShowPageTraceBehavior [ RunTime:0.001000s ]
INFO: [ app_end ] --END-- [ RunTime:0.001000s ]

[ 2017-05-23T09:43:57+08:00 ] 116.226.224.220 /Saler/Saler/show_saler_page
INFO: [ app_init ] --START--
INFO: Run Behavior\BuildLiteBehavior [ RunTime:0.000000s ]
INFO: [ app_init ] --END-- [ RunTime:0.000000s ]
INFO: [ app_begin ] --START--
INFO: Run Behavior\ReadHtmlCacheBehavior [ RunTime:0.000000s ]
INFO: [ app_begin ] --END-- [ RunTime:0.000000s ]
SQL: select DISTINCT menuName,menuURL,rm.menuid
                from Y_user u
                LEFT JOIN Y_user_role ur ON ur.uid=u.Uid
                LEFT JOIN Y_role r ON r.roleid=ur.roleid
                LEFT JOIN Y_role_menu rm ON rm.roleid=r.roleid
                LEFT JOIN Y_netprofitmenu npm ON npm.menuid=rm.menuid
                WHERE u.username='张蒙' 
                ORDER BY rm.menuid [ RunTime:0.0160s ]
SQL: select mid from Y_manger WHERE manger='张蒙' [ RunTime:0.0160s ]
NOTIC: [8] Undefined offset: 0 D:\phpStudy20161103\WWW\cms\Application\Saler\Controller\SalerController.class.php 第 31 行.
SQL: SELECT d.Did ,d.Dname,u.username,ss.suffix,sp.pingtai FROM Y_userDepartment ud
                                        LEFT JOIN Y_user u ON u.Uid=ud.Uid
                                        LEFT JOIN Y_Department d ON d.Did=ud.did
                                        LEFT JOIN Y_SuffixSalerman ss ON ss.uid=u.Uid
                                        LEFT JOIN Y_suffixPingtai sp ON sp.suffix=ss.suffix
                                        WHERE username='张蒙' [ RunTime:0.0170s ]
INFO: [ view_parse ] --START--
INFO: [ template_filter ] --START--
INFO: Run Behavior\ContentReplaceBehavior [ RunTime:0.000000s ]
INFO: [ template_filter ] --END-- [ RunTime:0.000000s ]
INFO: Run Behavior\ParseTemplateBehavior [ RunTime:0.007000s ]
INFO: [ view_parse ] --END-- [ RunTime:0.007000s ]
INFO: [ view_filter ] --START--
INFO: Run Behavior\WriteHtmlCacheBehavior [ RunTime:0.000000s ]
INFO: [ view_filter ] --END-- [ RunTime:0.000000s ]
INFO: [ app_end ] --START--
INFO: Run Behavior\ShowPageTraceBehavior [ RunTime:0.001000s ]
INFO: [ app_end ] --END-- [ RunTime:0.001000s ]

[ 2017-05-23T09:43:57+08:00 ] 116.226.224.220 /Saler/Saler/show_saler_page
INFO: [ app_init ] --START--
INFO: Run Behavior\BuildLiteBehavior [ RunTime:0.000000s ]
INFO: [ app_init ] --END-- [ RunTime:0.001000s ]
INFO: [ app_begin ] --START--
INFO: Run Behavior\ReadHtmlCacheBehavior [ RunTime:0.000000s ]
INFO: [ app_begin ] --END-- [ RunTime:0.000000s ]
SQL: select DISTINCT menuName,menuURL,rm.menuid
                from Y_user u
                LEFT JOIN Y_user_role ur ON ur.uid=u.Uid
                LEFT JOIN Y_role r ON r.roleid=ur.roleid
                LEFT JOIN Y_role_menu rm ON rm.roleid=r.roleid
                LEFT JOIN Y_netprofitmenu npm ON npm.menuid=rm.menuid
                WHERE u.username='张蒙' 
                ORDER BY rm.menuid [ RunTime:0.0130s ]
SQL: select mid from Y_manger WHERE manger='张蒙' [ RunTime:0.0120s ]
NOTIC: [8] Undefined offset: 0 D:\phpStudy20161103\WWW\cms\Application\Saler\Controller\SalerController.class.php 第 31 行.
SQL: SELECT d.Did ,d.Dname,u.username,ss.suffix,sp.pingtai FROM Y_userDepartment ud
                                        LEFT JOIN Y_user u ON u.Uid=ud.Uid
                                        LEFT JOIN Y_Department d ON d.Did=ud.did
                                        LEFT JOIN Y_SuffixSalerman ss ON ss.uid=u.Uid
                                        LEFT JOIN Y_suffixPingtai sp ON sp.suffix=ss.suffix
                                        WHERE username='张蒙' [ RunTime:0.0140s ]
INFO: [ view_parse ] --START--
INFO: [ template_filter ] --START--
INFO: Run Behavior\ContentReplaceBehavior [ RunTime:0.000000s ]
INFO: [ template_filter ] --END-- [ RunTime:0.000000s ]
INFO: Run Behavior\ParseTemplateBehavior [ RunTime:0.007001s ]
INFO: [ view_parse ] --END-- [ RunTime:0.007001s ]
INFO: [ view_filter ] --START--
INFO: Run Behavior\WriteHtmlCacheBehavior [ RunTime:0.000000s ]
INFO: [ view_filter ] --END-- [ RunTime:0.000000s ]
INFO: [ app_end ] --START--
INFO: Run Behavior\ShowPageTraceBehavior [ RunTime:0.001000s ]
INFO: [ app_end ] --END-- [ RunTime:0.001000s ]

[ 2017-05-23T09:43:58+08:00 ] 116.226.224.220 /Saler/Saler/show_saler_page
INFO: [ app_init ] --START--
INFO: Run Behavior\BuildLiteBehavior [ RunTime:0.000000s ]
INFO: [ app_init ] --END-- [ RunTime:0.000000s ]
INFO: [ app_begin ] --START--
INFO: Run Behavior\ReadHtmlCacheBehavior [ RunTime:0.001000s ]
INFO: [ app_begin ] --END-- [ RunTime:0.001000s ]
SQL: select DISTINCT menuName,menuURL,rm.menuid
                from Y_user u
                LEFT JOIN Y_user_role ur ON ur.uid=u.Uid
                LEFT JOIN Y_role r ON r.roleid=ur.roleid
                LEFT JOIN Y_role_menu rm ON rm.roleid=r.roleid
                LEFT JOIN Y_netprofitmenu npm ON npm.menuid=rm.menuid
                WHERE u.username='张蒙' 
                ORDER BY rm.menuid [ RunTime:0.0140s ]
SQL: select mid from Y_manger WHERE manger='张蒙' [ RunTime:0.0130s ]
NOTIC: [8] Undefined offset: 0 D:\phpStudy20161103\WWW\cms\Application\Saler\Controller\SalerController.class.php 第 31 行.
SQL: SELECT d.Did ,d.Dname,u.username,ss.suffix,sp.pingtai FROM Y_userDepartment ud
                                        LEFT JOIN Y_user u ON u.Uid=ud.Uid
                                        LEFT JOIN Y_Department d ON d.Did=ud.did
                                        LEFT JOIN Y_SuffixSalerman ss ON ss.uid=u.Uid
                                        LEFT JOIN Y_suffixPingtai sp ON sp.suffix=ss.suffix
                                        WHERE username='张蒙' [ RunTime:0.0140s ]
INFO: [ view_parse ] --START--
INFO: [ template_filter ] --START--
INFO: Run Behavior\ContentReplaceBehavior [ RunTime:0.000000s ]
INFO: [ template_filter ] --END-- [ RunTime:0.000000s ]
INFO: Run Behavior\ParseTemplateBehavior [ RunTime:0.006000s ]
INFO: [ view_parse ] --END-- [ RunTime:0.006000s ]
INFO: [ view_filter ] --START--
INFO: Run Behavior\WriteHtmlCacheBehavior [ RunTime:0.000000s ]
INFO: [ view_filter ] --END-- [ RunTime:0.000000s ]
INFO: [ app_end ] --START--
INFO: Run Behavior\ShowPageTraceBehavior [ RunTime:0.000000s ]
INFO: [ app_end ] --END-- [ RunTime:0.000000s ]

[ 2017-05-23T09:44:01+08:00 ] 116.226.224.220 /Saler/Saler/show_saler_page
INFO: [ app_init ] --START--
INFO: Run Behavior\BuildLiteBehavior [ RunTime:0.000000s ]
INFO: [ app_init ] --END-- [ RunTime:0.001000s ]
INFO: [ app_begin ] --START--
INFO: Run Behavior\ReadHtmlCacheBehavior [ RunTime:0.001000s ]
INFO: [ app_begin ] --END-- [ RunTime:0.001000s ]
SQL: select DISTINCT menuName,menuURL,rm.menuid
                from Y_user u
                LEFT JOIN Y_user_role ur ON ur.uid=u.Uid
                LEFT JOIN Y_role r ON r.roleid=ur.roleid
                LEFT JOIN Y_role_menu rm ON rm.roleid=r.roleid
                LEFT JOIN Y_netprofitmenu npm ON npm.menuid=rm.menuid
                WHERE u.username='张蒙' 
                ORDER BY rm.menuid [ RunTime:0.0150s ]
SQL: select mid from Y_manger WHERE manger='张蒙' [ RunTime:0.0130s ]
NOTIC: [8] Undefined offset: 0 D:\phpStudy20161103\WWW\cms\Application\Saler\Controller\SalerController.class.php 第 31 行.
SQL: SELECT d.Did ,d.Dname,u.username,ss.suffix,sp.pingtai FROM Y_userDepartment ud
                                        LEFT JOIN Y_user u ON u.Uid=ud.Uid
                                        LEFT JOIN Y_Department d ON d.Did=ud.did
                                        LEFT JOIN Y_SuffixSalerman ss ON ss.uid=u.Uid
                                        LEFT JOIN Y_suffixPingtai sp ON sp.suffix=ss.suffix
                                        WHERE username='张蒙' [ RunTime:0.0130s ]
INFO: [ view_parse ] --START--
INFO: [ template_filter ] --START--
INFO: Run Behavior\ContentReplaceBehavior [ RunTime:0.001000s ]
INFO: [ template_filter ] --END-- [ RunTime:0.001000s ]
INFO: Run Behavior\ParseTemplateBehavior [ RunTime:0.020001s ]
INFO: [ view_parse ] --END-- [ RunTime:0.020001s ]
INFO: [ view_filter ] --START--
INFO: Run Behavior\WriteHtmlCacheBehavior [ RunTime:0.000000s ]
INFO: [ view_filter ] --END-- [ RunTime:0.000000s ]
INFO: [ app_end ] --START--
INFO: Run Behavior\ShowPageTraceBehavior [ RunTime:0.001000s ]
INFO: [ app_end ] --END-- [ RunTime:0.001000s ]

[ 2017-05-23T09:44:02+08:00 ] 116.226.224.220 /Saler/Saler/show_saler_page
INFO: [ app_init ] --START--
INFO: Run Behavior\BuildLiteBehavior [ RunTime:0.000000s ]
INFO: [ app_init ] --END-- [ RunTime:0.001000s ]
INFO: [ app_begin ] --START--
INFO: Run Behavior\ReadHtmlCacheBehavior [ RunTime:0.001000s ]
INFO: [ app_begin ] --END-- [ RunTime:0.001000s ]
SQL: select DISTINCT menuName,menuURL,rm.menuid
                from Y_user u
                LEFT JOIN Y_user_role ur ON ur.uid=u.Uid
                LEFT JOIN Y_role r ON r.roleid=ur.roleid
                LEFT JOIN Y_role_menu rm ON rm.roleid=r.roleid
                LEFT JOIN Y_netprofitmenu npm ON npm.menuid=rm.menuid
                WHERE u.username='张蒙' 
                ORDER BY rm.menuid [ RunTime:0.0140s ]
SQL: select mid from Y_manger WHERE manger='张蒙' [ RunTime:0.0130s ]
NOTIC: [8] Undefined offset: 0 D:\phpStudy20161103\WWW\cms\Application\Saler\Controller\SalerController.class.php 第 31 行.
SQL: SELECT d.Did ,d.Dname,u.username,ss.suffix,sp.pingtai FROM Y_userDepartment ud
                                        LEFT JOIN Y_user u ON u.Uid=ud.Uid
                                        LEFT JOIN Y_Department d ON d.Did=ud.did
                                        LEFT JOIN Y_SuffixSalerman ss ON ss.uid=u.Uid
                                        LEFT JOIN Y_suffixPingtai sp ON sp.suffix=ss.suffix
                                        WHERE username='张蒙' [ RunTime:0.0140s ]
INFO: [ view_parse ] --START--
INFO: [ template_filter ] --START--
INFO: Run Behavior\ContentReplaceBehavior [ RunTime:0.001000s ]
INFO: [ template_filter ] --END-- [ RunTime:0.001000s ]
INFO: Run Behavior\ParseTemplateBehavior [ RunTime:0.021001s ]
INFO: [ view_parse ] --END-- [ RunTime:0.021001s ]
INFO: [ view_filter ] --START--
INFO: Run Behavior\WriteHtmlCacheBehavior [ RunTime:0.001001s ]
INFO: [ view_filter ] --END-- [ RunTime:0.001001s ]
INFO: [ app_end ] --START--
INFO: Run Behavior\ShowPageTraceBehavior [ RunTime:0.001000s ]
INFO: [ app_end ] --END-- [ RunTime:0.001000s ]

[ 2017-05-23T09:44:04+08:00 ] 116.226.224.220 /Saler/Saler/show_saler_page
INFO: [ app_init ] --START--
INFO: Run Behavior\BuildLiteBehavior [ RunTime:0.000000s ]
INFO: [ app_init ] --END-- [ RunTime:0.001000s ]
INFO: [ app_begin ] --START--
INFO: Run Behavior\ReadHtmlCacheBehavior [ RunTime:0.001000s ]
INFO: [ app_begin ] --END-- [ RunTime:0.001000s ]
SQL: select DISTINCT menuName,menuURL,rm.menuid
                from Y_user u
                LEFT JOIN Y_user_role ur ON ur.uid=u.Uid
                LEFT JOIN Y_role r ON r.roleid=ur.roleid
                LEFT JOIN Y_role_menu rm ON rm.roleid=r.roleid
                LEFT JOIN Y_netprofitmenu npm ON npm.menuid=rm.menuid
                WHERE u.username='张蒙' 
                ORDER BY rm.menuid [ RunTime:0.0130s ]
SQL: select mid from Y_manger WHERE manger='张蒙' [ RunTime:0.0130s ]
NOTIC: [8] Undefined offset: 0 D:\phpStudy20161103\WWW\cms\Application\Saler\Controller\SalerController.class.php 第 31 行.
SQL: SELECT d.Did ,d.Dname,u.username,ss.suffix,sp.pingtai FROM Y_userDepartment ud
                                        LEFT JOIN Y_user u ON u.Uid=ud.Uid
                                        LEFT JOIN Y_Department d ON d.Did=ud.did
                                        LEFT JOIN Y_SuffixSalerman ss ON ss.uid=u.Uid
                                        LEFT JOIN Y_suffixPingtai sp ON sp.suffix=ss.suffix
                                        WHERE username='张蒙' [ RunTime:0.0140s ]
INFO: [ view_parse ] --START--
INFO: [ template_filter ] --START--
INFO: Run Behavior\ContentReplaceBehavior [ RunTime:0.001000s ]
INFO: [ template_filter ] --END-- [ RunTime:0.001000s ]
INFO: Run Behavior\ParseTemplateBehavior [ RunTime:0.020002s ]
INFO: [ view_parse ] --END-- [ RunTime:0.020002s ]
INFO: [ view_filter ] --START--
INFO: Run Behavior\WriteHtmlCacheBehavior [ RunTime:0.001000s ]
INFO: [ view_filter ] --END-- [ RunTime:0.001000s ]
INFO: [ app_end ] --START--
INFO: Run Behavior\ShowPageTraceBehavior [ RunTime:0.001000s ]
INFO: [ app_end ] --END-- [ RunTime:0.001000s ]

[ 2017-05-23T09:44:07+08:00 ] 61.151.226.16 /Saler/Saler/show_saler_page
INFO: [ app_init ] --START--
INFO: Run Behavior\BuildLiteBehavior [ RunTime:0.000000s ]
INFO: [ app_init ] --END-- [ RunTime:0.000000s ]
INFO: [ app_begin ] --START--
INFO: Run Behavior\ReadHtmlCacheBehavior [ RunTime:0.001000s ]
INFO: [ app_begin ] --END-- [ RunTime:0.001000s ]
NOTIC: [8] Undefined index: session_name D:\phpStudy20161103\WWW\cms\Application\Home\Controller\ParentController.class.php 第 43 行.

[ 2017-05-23T09:46:07+08:00 ] 116.226.224.220 /Saler/Saler/show_saler_page
INFO: [ app_init ] --START--
INFO: Run Behavior\BuildLiteBehavior [ RunTime:0.000000s ]
INFO: [ app_init ] --END-- [ RunTime:0.001000s ]
INFO: [ app_begin ] --START--
INFO: Run Behavior\ReadHtmlCacheBehavior [ RunTime:0.001000s ]
INFO: [ app_begin ] --END-- [ RunTime:0.001000s ]
NOTIC: [8] Undefined index: session_name D:\phpStudy20161103\WWW\cms\Application\Home\Controller\ParentController.class.php 第 43 行.

[ 2017-05-23T09:46:12+08:00 ] 116.226.224.220 /Saler/Saler/show_saler_page
INFO: [ app_init ] --START--
INFO: Run Behavior\BuildLiteBehavior [ RunTime:0.000000s ]
INFO: [ app_init ] --END-- [ RunTime:0.001000s ]
INFO: [ app_begin ] --START--
INFO: Run Behavior\ReadHtmlCacheBehavior [ RunTime:0.001000s ]
INFO: [ app_begin ] --END-- [ RunTime:0.001000s ]
SQL: select DISTINCT menuName,menuURL,rm.menuid
                from Y_user u
                LEFT JOIN Y_user_role ur ON ur.uid=u.Uid
                LEFT JOIN Y_role r ON r.roleid=ur.roleid
                LEFT JOIN Y_role_menu rm ON rm.roleid=r.roleid
                LEFT JOIN Y_netprofitmenu npm ON npm.menuid=rm.menuid
                WHERE u.username='陈鑫' 
                ORDER BY rm.menuid [ RunTime:0.0140s ]
SQL: select mid from Y_manger WHERE manger='陈鑫' [ RunTime:0.0130s ]
NOTIC: [8] Undefined offset: 0 D:\phpStudy20161103\WWW\cms\Application\Saler\Controller\SalerController.class.php 第 31 行.
SQL: SELECT d.Did ,d.Dname,u.username,ss.suffix,sp.pingtai FROM Y_userDepartment ud
                                        LEFT JOIN Y_user u ON u.Uid=ud.Uid
                                        LEFT JOIN Y_Department d ON d.Did=ud.did
                                        LEFT JOIN Y_SuffixSalerman ss ON ss.uid=u.Uid
                                        LEFT JOIN Y_suffixPingtai sp ON sp.suffix=ss.suffix
                                        WHERE username='陈鑫' [ RunTime:0.0290s ]
INFO: [ view_parse ] --START--
INFO: [ template_filter ] --START--
INFO: Run Behavior\ContentReplaceBehavior [ RunTime:0.001000s ]
INFO: [ template_filter ] --END-- [ RunTime:0.001000s ]
INFO: Run Behavior\ParseTemplateBehavior [ RunTime:0.023002s ]
INFO: [ view_parse ] --END-- [ RunTime:0.023002s ]
INFO: [ view_filter ] --START--
INFO: Run Behavior\WriteHtmlCacheBehavior [ RunTime:0.000000s ]
INFO: [ view_filter ] --END-- [ RunTime:0.000000s ]
INFO: [ app_end ] --START--
INFO: Run Behavior\ShowPageTraceBehavior [ RunTime:0.001000s ]
INFO: [ app_end ] --END-- [ RunTime:0.001000s ]

[ 2017-05-23T09:46:12+08:00 ] 116.226.224.220 /Saler/Saler/show_saler_page
INFO: [ app_init ] --START--
INFO: Run Behavior\BuildLiteBehavior [ RunTime:0.000000s ]
INFO: [ app_init ] --END-- [ RunTime:0.000000s ]
INFO: [ app_begin ] --START--
INFO: Run Behavior\ReadHtmlCacheBehavior [ RunTime:0.000000s ]
INFO: [ app_begin ] --END-- [ RunTime:0.001001s ]
SQL: select DISTINCT menuName,menuURL,rm.menuid
                from Y_user u
                LEFT JOIN Y_user_role ur ON ur.uid=u.Uid
                LEFT JOIN Y_role r ON r.roleid=ur.roleid
                LEFT JOIN Y_role_menu rm ON rm.roleid=r.roleid
                LEFT JOIN Y_netprofitmenu npm ON npm.menuid=rm.menuid
                WHERE u.username='陈鑫' 
                ORDER BY rm.menuid [ RunTime:0.0230s ]
SQL: select mid from Y_manger WHERE manger='陈鑫' [ RunTime:0.0140s ]
NOTIC: [8] Undefined offset: 0 D:\phpStudy20161103\WWW\cms\Application\Saler\Controller\SalerController.class.php 第 31 行.
SQL: SELECT d.Did ,d.Dname,u.username,ss.suffix,sp.pingtai FROM Y_userDepartment ud
                                        LEFT JOIN Y_user u ON u.Uid=ud.Uid
                                        LEFT JOIN Y_Department d ON d.Did=ud.did
                                        LEFT JOIN Y_SuffixSalerman ss ON ss.uid=u.Uid
                                        LEFT JOIN Y_suffixPingtai sp ON sp.suffix=ss.suffix
                                        WHERE username='陈鑫' [ RunTime:0.0210s ]
INFO: [ view_parse ] --START--
INFO: [ template_filter ] --START--
INFO: Run Behavior\ContentReplaceBehavior [ RunTime:0.000000s ]
INFO: [ template_filter ] --END-- [ RunTime:0.000000s ]
INFO: Run Behavior\ParseTemplateBehavior [ RunTime:0.021001s ]
INFO: [ view_parse ] --END-- [ RunTime:0.021001s ]
INFO: [ view_filter ] --START--
INFO: Run Behavior\WriteHtmlCacheBehavior [ RunTime:0.000000s ]
INFO: [ view_filter ] --END-- [ RunTime:0.000000s ]
INFO: [ app_end ] --START--
INFO: Run Behavior\ShowPageTraceBehavior [ RunTime:0.001000s ]
INFO: [ app_end ] --END-- [ RunTime:0.001000s ]

[ 2017-05-23T09:46:33+08:00 ] 192.168.0.63 /Saler/Saler/show_saler_page
INFO: [ app_init ] --START--
INFO: Run Behavior\BuildLiteBehavior [ RunTime:0.000000s ]
INFO: [ app_init ] --END-- [ RunTime:0.001000s ]
INFO: [ app_begin ] --START--
INFO: Run Behavior\ReadHtmlCacheBehavior [ RunTime:0.001000s ]
INFO: [ app_begin ] --END-- [ RunTime:0.001000s ]
SQL: select DISTINCT menuName,menuURL,rm.menuid
                from Y_user u
                LEFT JOIN Y_user_role ur ON ur.uid=u.Uid
                LEFT JOIN Y_role r ON r.roleid=ur.roleid
                LEFT JOIN Y_role_menu rm ON rm.roleid=r.roleid
                LEFT JOIN Y_netprofitmenu npm ON npm.menuid=rm.menuid
                WHERE u.username='韩珍' 
                ORDER BY rm.menuid [ RunTime:0.0140s ]
SQL: select mid from Y_manger WHERE manger='韩珍' [ RunTime:0.0140s ]
SQL: SELECT d.Did ,d.Dname,u.username,ss.suffix,sp.pingtai FROM Y_userDepartment ud
                                        LEFT JOIN Y_user u ON u.Uid=ud.Uid
                                        LEFT JOIN Y_Department d ON d.Did=ud.did
                                        LEFT JOIN Y_SuffixSalerman ss ON ss.uid=u.Uid
                                        LEFT JOIN Y_suffixPingtai sp ON sp.suffix=ss.suffix
                                        WHERE mangerid='2' [ RunTime:0.0230s ]
INFO: [ view_parse ] --START--
INFO: [ template_filter ] --START--
INFO: Run Behavior\ContentReplaceBehavior [ RunTime:0.001000s ]
INFO: [ template_filter ] --END-- [ RunTime:0.001000s ]
INFO: Run Behavior\ParseTemplateBehavior [ RunTime:0.021001s ]
INFO: [ view_parse ] --END-- [ RunTime:0.021001s ]
INFO: [ view_filter ] --START--
INFO: Run Behavior\WriteHtmlCacheBehavior [ RunTime:0.001000s ]
INFO: [ view_filter ] --END-- [ RunTime:0.001000s ]
INFO: [ app_end ] --START--
INFO: Run Behavior\ShowPageTraceBehavior [ RunTime:0.001000s ]
INFO: [ app_end ] --END-- [ RunTime:0.001000s ]

[ 2017-05-23T09:55:17+08:00 ] 116.226.224.220 /Saler/Saler/show_saler_page
INFO: [ app_init ] --START--
INFO: Run Behavior\BuildLiteBehavior [ RunTime:0.000000s ]
INFO: [ app_init ] --END-- [ RunTime:0.001000s ]
INFO: [ app_begin ] --START--
INFO: Run Behavior\ReadHtmlCacheBehavior [ RunTime:0.001000s ]
INFO: [ app_begin ] --END-- [ RunTime:0.001000s ]
SQL: select DISTINCT menuName,menuURL,rm.menuid
                from Y_user u
                LEFT JOIN Y_user_role ur ON ur.uid=u.Uid
                LEFT JOIN Y_role r ON r.roleid=ur.roleid
                LEFT JOIN Y_role_menu rm ON rm.roleid=r.roleid
                LEFT JOIN Y_netprofitmenu npm ON npm.menuid=rm.menuid
                WHERE u.username='李利霞' 
                ORDER BY rm.menuid [ RunTime:0.0140s ]
SQL: select mid from Y_manger WHERE manger='李利霞' [ RunTime:0.0130s ]
NOTIC: [8] Undefined offset: 0 D:\phpStudy20161103\WWW\cms\Application\Saler\Controller\SalerController.class.php 第 31 行.
SQL: SELECT d.Did ,d.Dname,u.username,ss.suffix,sp.pingtai FROM Y_userDepartment ud
                                        LEFT JOIN Y_user u ON u.Uid=ud.Uid
                                        LEFT JOIN Y_Department d ON d.Did=ud.did
                                        LEFT JOIN Y_SuffixSalerman ss ON ss.uid=u.Uid
                                        LEFT JOIN Y_suffixPingtai sp ON sp.suffix=ss.suffix
                                        WHERE username='李利霞' [ RunTime:0.0190s ]
INFO: [ view_parse ] --START--
INFO: [ template_filter ] --START--
INFO: Run Behavior\ContentReplaceBehavior [ RunTime:0.000000s ]
INFO: [ template_filter ] --END-- [ RunTime:0.000000s ]
INFO: Run Behavior\ParseTemplateBehavior [ RunTime:0.019001s ]
INFO: [ view_parse ] --END-- [ RunTime:0.019001s ]
INFO: [ view_filter ] --START--
INFO: Run Behavior\WriteHtmlCacheBehavior [ RunTime:0.001000s ]
INFO: [ view_filter ] --END-- [ RunTime:0.001000s ]
INFO: [ app_end ] --START--
INFO: Run Behavior\ShowPageTraceBehavior [ RunTime:0.001000s ]
INFO: [ app_end ] --END-- [ RunTime:0.001000s ]

[ 2017-05-23T11:01:20+08:00 ] 116.226.224.220 /Saler/Saler/show_saler_page
INFO: [ app_init ] --START--
INFO: Run Behavior\BuildLiteBehavior [ RunTime:0.000000s ]
INFO: [ app_init ] --END-- [ RunTime:0.000000s ]
INFO: [ app_begin ] --START--
INFO: Run Behavior\ReadHtmlCacheBehavior [ RunTime:0.001000s ]
INFO: [ app_begin ] --END-- [ RunTime:0.001000s ]
SQL: select DISTINCT menuName,menuURL,rm.menuid
                from Y_user u
                LEFT JOIN Y_user_role ur ON ur.uid=u.Uid
                LEFT JOIN Y_role r ON r.roleid=ur.roleid
                LEFT JOIN Y_role_menu rm ON rm.roleid=r.roleid
                LEFT JOIN Y_netprofitmenu npm ON npm.menuid=rm.menuid
                WHERE u.username='张灿霞' 
                ORDER BY rm.menuid [ RunTime:0.0130s ]
SQL: select mid from Y_manger WHERE manger='张灿霞' [ RunTime:0.0160s ]
NOTIC: [8] Undefined offset: 0 D:\phpStudy20161103\WWW\cms\Application\Saler\Controller\SalerController.class.php 第 31 行.
SQL: SELECT d.Did ,d.Dname,u.username,ss.suffix,sp.pingtai FROM Y_userDepartment ud
                                        LEFT JOIN Y_user u ON u.Uid=ud.Uid
                                        LEFT JOIN Y_Department d ON d.Did=ud.did
                                        LEFT JOIN Y_SuffixSalerman ss ON ss.uid=u.Uid
                                        LEFT JOIN Y_suffixPingtai sp ON sp.suffix=ss.suffix
                                        WHERE username='张灿霞' [ RunTime:0.0230s ]
INFO: [ view_parse ] --START--
INFO: [ template_filter ] --START--
INFO: Run Behavior\ContentReplaceBehavior [ RunTime:0.000000s ]
INFO: [ template_filter ] --END-- [ RunTime:0.000000s ]
INFO: Run Behavior\ParseTemplateBehavior [ RunTime:0.023002s ]
INFO: [ view_parse ] --END-- [ RunTime:0.023002s ]
INFO: [ view_filter ] --START--
INFO: Run Behavior\WriteHtmlCacheBehavior [ RunTime:0.001000s ]
INFO: [ view_filter ] --END-- [ RunTime:0.001000s ]
INFO: [ app_end ] --START--
INFO: Run Behavior\ShowPageTraceBehavior [ RunTime:0.001000s ]
INFO: [ app_end ] --END-- [ RunTime:0.001000s ]

[ 2017-05-23T11:01:31+08:00 ] 101.226.66.174 /Saler/Saler/show_saler_page
INFO: [ app_init ] --START--
INFO: Run Behavior\BuildLiteBehavior [ RunTime:0.000000s ]
INFO: [ app_init ] --END-- [ RunTime:0.000000s ]
INFO: [ app_begin ] --START--
INFO: Run Behavior\ReadHtmlCacheBehavior [ RunTime:0.000000s ]
INFO: [ app_begin ] --END-- [ RunTime:0.000000s ]
NOTIC: [8] Undefined index: session_name D:\phpStudy20161103\WWW\cms\Application\Home\Controller\ParentController.class.php 第 43 行.

[ 2017-05-23T13:06:55+08:00 ] 58.246.226.254 /Saler/Saler/show_saler_page
INFO: [ app_init ] --START--
INFO: Run Behavior\BuildLiteBehavior [ RunTime:0.000000s ]
INFO: [ app_init ] --END-- [ RunTime:0.000000s ]
INFO: [ app_begin ] --START--
INFO: Run Behavior\ReadHtmlCacheBehavior [ RunTime:0.000000s ]
INFO: [ app_begin ] --END-- [ RunTime:0.000000s ]
SQL: select DISTINCT menuName,menuURL,rm.menuid
                from Y_user u
                LEFT JOIN Y_user_role ur ON ur.uid=u.Uid
                LEFT JOIN Y_role r ON r.roleid=ur.roleid
                LEFT JOIN Y_role_menu rm ON rm.roleid=r.roleid
                LEFT JOIN Y_netprofitmenu npm ON npm.menuid=rm.menuid
                WHERE u.username='尚显贝' 
                ORDER BY rm.menuid [ RunTime:0.0130s ]
SQL: select mid from Y_manger WHERE manger='尚显贝' [ RunTime:0.0130s ]
SQL: SELECT d.Did ,d.Dname,u.username,ss.suffix,sp.pingtai FROM Y_userDepartment ud
                                        LEFT JOIN Y_user u ON u.Uid=ud.Uid
                                        LEFT JOIN Y_Department d ON d.Did=ud.did
                                        LEFT JOIN Y_SuffixSalerman ss ON ss.uid=u.Uid
                                        LEFT JOIN Y_suffixPingtai sp ON sp.suffix=ss.suffix
                                        WHERE mangerid='3' [ RunTime:0.0330s ]
INFO: [ view_parse ] --START--
INFO: [ template_filter ] --START--
INFO: Run Behavior\ContentReplaceBehavior [ RunTime:0.000000s ]
INFO: [ template_filter ] --END-- [ RunTime:0.000000s ]
INFO: Run Behavior\ParseTemplateBehavior [ RunTime:0.006000s ]
INFO: [ view_parse ] --END-- [ RunTime:0.006000s ]
INFO: [ view_filter ] --START--
INFO: Run Behavior\WriteHtmlCacheBehavior [ RunTime:0.001000s ]
INFO: [ view_filter ] --END-- [ RunTime:0.001000s ]
INFO: [ app_end ] --START--
INFO: Run Behavior\ShowPageTraceBehavior [ RunTime:0.000000s ]
INFO: [ app_end ] --END-- [ RunTime:0.000000s ]

[ 2017-05-23T13:06:57+08:00 ] 58.246.226.254 /Saler/Saler/show_saler_page
INFO: [ app_init ] --START--
INFO: Run Behavior\BuildLiteBehavior [ RunTime:0.000000s ]
INFO: [ app_init ] --END-- [ RunTime:0.001000s ]
INFO: [ app_begin ] --START--
INFO: Run Behavior\ReadHtmlCacheBehavior [ RunTime:0.000000s ]
INFO: [ app_begin ] --END-- [ RunTime:0.000000s ]
SQL: select DISTINCT menuName,menuURL,rm.menuid
                from Y_user u
                LEFT JOIN Y_user_role ur ON ur.uid=u.Uid
                LEFT JOIN Y_role r ON r.roleid=ur.roleid
                LEFT JOIN Y_role_menu rm ON rm.roleid=r.roleid
                LEFT JOIN Y_netprofitmenu npm ON npm.menuid=rm.menuid
                WHERE u.username='尚显贝' 
                ORDER BY rm.menuid [ RunTime:0.0130s ]
SQL: select mid from Y_manger WHERE manger='尚显贝' [ RunTime:0.0120s ]
SQL: SELECT d.Did ,d.Dname,u.username,ss.suffix,sp.pingtai FROM Y_userDepartment ud
                                        LEFT JOIN Y_user u ON u.Uid=ud.Uid
                                        LEFT JOIN Y_Department d ON d.Did=ud.did
                                        LEFT JOIN Y_SuffixSalerman ss ON ss.uid=u.Uid
                                        LEFT JOIN Y_suffixPingtai sp ON sp.suffix=ss.suffix
                                        WHERE mangerid='3' [ RunTime:0.0150s ]
INFO: [ view_parse ] --START--
INFO: [ template_filter ] --START--
INFO: Run Behavior\ContentReplaceBehavior [ RunTime:0.000000s ]
INFO: [ template_filter ] --END-- [ RunTime:0.000000s ]
INFO: Run Behavior\ParseTemplateBehavior [ RunTime:0.014000s ]
INFO: [ view_parse ] --END-- [ RunTime:0.014000s ]
INFO: [ view_filter ] --START--
INFO: Run Behavior\WriteHtmlCacheBehavior [ RunTime:0.000000s ]
INFO: [ view_filter ] --END-- [ RunTime:0.000000s ]
INFO: [ app_end ] --START--
INFO: Run Behavior\ShowPageTraceBehavior [ RunTime:0.000000s ]
INFO: [ app_end ] --END-- [ RunTime:0.000000s ]

[ 2017-05-23T13:44:18+08:00 ] 58.246.226.254 /Saler/Saler/show_saler_page
INFO: [ app_init ] --START--
INFO: Run Behavior\BuildLiteBehavior [ RunTime:0.000000s ]
INFO: [ app_init ] --END-- [ RunTime:0.000000s ]
INFO: [ app_begin ] --START--
INFO: Run Behavior\ReadHtmlCacheBehavior [ RunTime:0.001000s ]
INFO: [ app_begin ] --END-- [ RunTime:0.001000s ]
SQL: select DISTINCT menuName,menuURL,rm.menuid
                from Y_user u
                LEFT JOIN Y_user_role ur ON ur.uid=u.Uid
                LEFT JOIN Y_role r ON r.roleid=ur.roleid
                LEFT JOIN Y_role_menu rm ON rm.roleid=r.roleid
                LEFT JOIN Y_netprofitmenu npm ON npm.menuid=rm.menuid
                WHERE u.username='尚显贝' 
                ORDER BY rm.menuid [ RunTime:0.0180s ]
SQL: select mid from Y_manger WHERE manger='尚显贝' [ RunTime:0.0180s ]
SQL: SELECT d.Did ,d.Dname,u.username,ss.suffix,sp.pingtai FROM Y_userDepartment ud
                                        LEFT JOIN Y_user u ON u.Uid=ud.Uid
                                        LEFT JOIN Y_Department d ON d.Did=ud.did
                                        LEFT JOIN Y_SuffixSalerman ss ON ss.uid=u.Uid
                                        LEFT JOIN Y_suffixPingtai sp ON sp.suffix=ss.suffix
                                        WHERE mangerid='3' [ RunTime:0.0200s ]
INFO: [ view_parse ] --START--
INFO: [ template_filter ] --START--
INFO: Run Behavior\ContentReplaceBehavior [ RunTime:0.000000s ]
INFO: [ template_filter ] --END-- [ RunTime:0.000000s ]
INFO: Run Behavior\ParseTemplateBehavior [ RunTime:0.011000s ]
INFO: [ view_parse ] --END-- [ RunTime:0.011000s ]
INFO: [ view_filter ] --START--
INFO: Run Behavior\WriteHtmlCacheBehavior [ RunTime:0.000000s ]
INFO: [ view_filter ] --END-- [ RunTime:0.000000s ]
INFO: [ app_end ] --START--
INFO: Run Behavior\ShowPageTraceBehavior [ RunTime:0.001001s ]
INFO: [ app_end ] --END-- [ RunTime:0.001001s ]

[ 2017-05-23T13:48:52+08:00 ] 58.246.226.254 /Saler/Saler/show_saler_page
INFO: [ app_init ] --START--
INFO: Run Behavior\BuildLiteBehavior [ RunTime:0.000000s ]
INFO: [ app_init ] --END-- [ RunTime:0.001000s ]
INFO: [ app_begin ] --START--
INFO: Run Behavior\ReadHtmlCacheBehavior [ RunTime:0.000000s ]
INFO: [ app_begin ] --END-- [ RunTime:0.000000s ]
SQL: select DISTINCT menuName,menuURL,rm.menuid
                from Y_user u
                LEFT JOIN Y_user_role ur ON ur.uid=u.Uid
                LEFT JOIN Y_role r ON r.roleid=ur.roleid
                LEFT JOIN Y_role_menu rm ON rm.roleid=r.roleid
                LEFT JOIN Y_netprofitmenu npm ON npm.menuid=rm.menuid
                WHERE u.username='尚显贝' 
                ORDER BY rm.menuid [ RunTime:0.0130s ]
SQL: select mid from Y_manger WHERE manger='尚显贝' [ RunTime:0.0120s ]
SQL: SELECT d.Did ,d.Dname,u.username,ss.suffix,sp.pingtai FROM Y_userDepartment ud
                                        LEFT JOIN Y_user u ON u.Uid=ud.Uid
                                        LEFT JOIN Y_Department d ON d.Did=ud.did
                                        LEFT JOIN Y_SuffixSalerman ss ON ss.uid=u.Uid
                                        LEFT JOIN Y_suffixPingtai sp ON sp.suffix=ss.suffix
                                        WHERE mangerid='3' [ RunTime:0.0150s ]
INFO: [ view_parse ] --START--
INFO: [ template_filter ] --START--
INFO: Run Behavior\ContentReplaceBehavior [ RunTime:0.001000s ]
INFO: [ template_filter ] --END-- [ RunTime:0.001000s ]
INFO: Run Behavior\ParseTemplateBehavior [ RunTime:0.026002s ]
INFO: [ view_parse ] --END-- [ RunTime:0.026002s ]
INFO: [ view_filter ] --START--
INFO: Run Behavior\WriteHtmlCacheBehavior [ RunTime:0.001000s ]
INFO: [ view_filter ] --END-- [ RunTime:0.001000s ]
INFO: [ app_end ] --START--
INFO: Run Behavior\ShowPageTraceBehavior [ RunTime:0.001000s ]
INFO: [ app_end ] --END-- [ RunTime:0.001000s ]

[ 2017-05-23T13:54:38+08:00 ] 58.246.226.254 /Saler/Saler/show_saler_page
INFO: [ app_init ] --START--
INFO: Run Behavior\BuildLiteBehavior [ RunTime:0.000000s ]
INFO: [ app_init ] --END-- [ RunTime:0.001001s ]
INFO: [ app_begin ] --START--
INFO: Run Behavior\ReadHtmlCacheBehavior [ RunTime:0.000000s ]
INFO: [ app_begin ] --END-- [ RunTime:0.000000s ]
SQL: select DISTINCT menuName,menuURL,rm.menuid
                from Y_user u
                LEFT JOIN Y_user_role ur ON ur.uid=u.Uid
                LEFT JOIN Y_role r ON r.roleid=ur.roleid
                LEFT JOIN Y_role_menu rm ON rm.roleid=r.roleid
                LEFT JOIN Y_netprofitmenu npm ON npm.menuid=rm.menuid
                WHERE u.username='尚显贝' 
                ORDER BY rm.menuid [ RunTime:0.0200s ]
SQL: select mid from Y_manger WHERE manger='尚显贝' [ RunTime:0.0140s ]
SQL: SELECT d.Did ,d.Dname,u.username,ss.suffix,sp.pingtai FROM Y_userDepartment ud
                                        LEFT JOIN Y_user u ON u.Uid=ud.Uid
                                        LEFT JOIN Y_Department d ON d.Did=ud.did
                                        LEFT JOIN Y_SuffixSalerman ss ON ss.uid=u.Uid
                                        LEFT JOIN Y_suffixPingtai sp ON sp.suffix=ss.suffix
                                        WHERE mangerid='3' [ RunTime:0.0160s ]
INFO: [ view_parse ] --START--
INFO: [ template_filter ] --START--
INFO: Run Behavior\ContentReplaceBehavior [ RunTime:0.000000s ]
INFO: [ template_filter ] --END-- [ RunTime:0.000000s ]
INFO: Run Behavior\ParseTemplateBehavior [ RunTime:0.022002s ]
INFO: [ view_parse ] --END-- [ RunTime:0.022002s ]
INFO: [ view_filter ] --START--
INFO: Run Behavior\WriteHtmlCacheBehavior [ RunTime:0.001000s ]
INFO: [ view_filter ] --END-- [ RunTime:0.001000s ]
INFO: [ app_end ] --START--
INFO: Run Behavior\ShowPageTraceBehavior [ RunTime:0.001000s ]
INFO: [ app_end ] --END-- [ RunTime:0.001000s ]

[ 2017-05-23T14:09:55+08:00 ] 58.246.226.254 /Saler/Saler/show_saler_page
INFO: [ app_init ] --START--
INFO: Run Behavior\BuildLiteBehavior [ RunTime:0.000000s ]
INFO: [ app_init ] --END-- [ RunTime:0.000000s ]
INFO: [ app_begin ] --START--
INFO: Run Behavior\ReadHtmlCacheBehavior [ RunTime:0.000000s ]
INFO: [ app_begin ] --END-- [ RunTime:0.000000s ]
SQL: select DISTINCT menuName,menuURL,rm.menuid
                from Y_user u
                LEFT JOIN Y_user_role ur ON ur.uid=u.Uid
                LEFT JOIN Y_role r ON r.roleid=ur.roleid
                LEFT JOIN Y_role_menu rm ON rm.roleid=r.roleid
                LEFT JOIN Y_netprofitmenu npm ON npm.menuid=rm.menuid
                WHERE u.username='尚显贝' 
                ORDER BY rm.menuid [ RunTime:0.0260s ]
SQL: select mid from Y_manger WHERE manger='尚显贝' [ RunTime:0.0170s ]
SQL: SELECT d.Did ,d.Dname,u.username,ss.suffix,sp.pingtai FROM Y_userDepartment ud
                                        LEFT JOIN Y_user u ON u.Uid=ud.Uid
                                        LEFT JOIN Y_Department d ON d.Did=ud.did
                                        LEFT JOIN Y_SuffixSalerman ss ON ss.uid=u.Uid
                                        LEFT JOIN Y_suffixPingtai sp ON sp.suffix=ss.suffix
                                        WHERE mangerid='3' [ RunTime:0.0310s ]
INFO: [ view_parse ] --START--
INFO: [ template_filter ] --START--
INFO: Run Behavior\ContentReplaceBehavior [ RunTime:0.000000s ]
INFO: [ template_filter ] --END-- [ RunTime:0.000000s ]
INFO: Run Behavior\ParseTemplateBehavior [ RunTime:0.007001s ]
INFO: [ view_parse ] --END-- [ RunTime:0.007001s ]
INFO: [ view_filter ] --START--
INFO: Run Behavior\WriteHtmlCacheBehavior [ RunTime:0.001000s ]
INFO: [ view_filter ] --END-- [ RunTime:0.001000s ]
INFO: [ app_end ] --START--
INFO: Run Behavior\ShowPageTraceBehavior [ RunTime:0.000000s ]
INFO: [ app_end ] --END-- [ RunTime:0.000000s ]

[ 2017-05-23T14:13:10+08:00 ] 58.246.226.254 /Saler/Saler/show_saler_page
INFO: [ app_init ] --START--
INFO: Run Behavior\BuildLiteBehavior [ RunTime:0.000000s ]
INFO: [ app_init ] --END-- [ RunTime:0.000000s ]
INFO: [ app_begin ] --START--
INFO: Run Behavior\ReadHtmlCacheBehavior [ RunTime:0.000000s ]
INFO: [ app_begin ] --END-- [ RunTime:0.000000s ]
SQL: select DISTINCT menuName,menuURL,rm.menuid
                from Y_user u
                LEFT JOIN Y_user_role ur ON ur.uid=u.Uid
                LEFT JOIN Y_role r ON r.roleid=ur.roleid
                LEFT JOIN Y_role_menu rm ON rm.roleid=r.roleid
                LEFT JOIN Y_netprofitmenu npm ON npm.menuid=rm.menuid
                WHERE u.username='尚显贝' 
                ORDER BY rm.menuid [ RunTime:0.0130s ]
SQL: select mid from Y_manger WHERE manger='尚显贝' [ RunTime:0.0120s ]
SQL: SELECT d.Did ,d.Dname,u.username,ss.suffix,sp.pingtai FROM Y_userDepartment ud
                                        LEFT JOIN Y_user u ON u.Uid=ud.Uid
                                        LEFT JOIN Y_Department d ON d.Did=ud.did
                                        LEFT JOIN Y_SuffixSalerman ss ON ss.uid=u.Uid
                                        LEFT JOIN Y_suffixPingtai sp ON sp.suffix=ss.suffix
                                        WHERE mangerid='3' [ RunTime:0.0160s ]
INFO: [ view_parse ] --START--
INFO: [ template_filter ] --START--
INFO: Run Behavior\ContentReplaceBehavior [ RunTime:0.000000s ]
INFO: [ template_filter ] --END-- [ RunTime:0.000000s ]
INFO: Run Behavior\ParseTemplateBehavior [ RunTime:0.017001s ]
INFO: [ view_parse ] --END-- [ RunTime:0.017001s ]
INFO: [ view_filter ] --START--
INFO: Run Behavior\WriteHtmlCacheBehavior [ RunTime:0.000000s ]
INFO: [ view_filter ] --END-- [ RunTime:0.000000s ]
INFO: [ app_end ] --START--
INFO: Run Behavior\ShowPageTraceBehavior [ RunTime:0.000000s ]
INFO: [ app_end ] --END-- [ RunTime:0.001000s ]

[ 2017-05-23T16:48:19+08:00 ] 58.246.226.254 /Saler/Saler/show_saler_page
INFO: [ app_init ] --START--
INFO: Run Behavior\BuildLiteBehavior [ RunTime:0.000000s ]
INFO: [ app_init ] --END-- [ RunTime:0.001000s ]
INFO: [ app_begin ] --START--
INFO: Run Behavior\ReadHtmlCacheBehavior [ RunTime:0.001000s ]
INFO: [ app_begin ] --END-- [ RunTime:0.001000s ]
SQL: select DISTINCT menuName,menuURL,rm.menuid
                from Y_user u
                LEFT JOIN Y_user_role ur ON ur.uid=u.Uid
                LEFT JOIN Y_role r ON r.roleid=ur.roleid
                LEFT JOIN Y_role_menu rm ON rm.roleid=r.roleid
                LEFT JOIN Y_netprofitmenu npm ON npm.menuid=rm.menuid
                WHERE u.username='程静' 
                ORDER BY rm.menuid [ RunTime:0.0130s ]
SQL: select mid from Y_manger WHERE manger='程静' [ RunTime:0.0130s ]
NOTIC: [8] Undefined offset: 0 D:\phpStudy20161103\WWW\cms\Application\Saler\Controller\SalerController.class.php 第 31 行.
SQL: SELECT d.Did ,d.Dname,u.username,ss.suffix,sp.pingtai FROM Y_userDepartment ud
                                        LEFT JOIN Y_user u ON u.Uid=ud.Uid
                                        LEFT JOIN Y_Department d ON d.Did=ud.did
                                        LEFT JOIN Y_SuffixSalerman ss ON ss.uid=u.Uid
                                        LEFT JOIN Y_suffixPingtai sp ON sp.suffix=ss.suffix
                                        WHERE username='程静' [ RunTime:0.0220s ]
INFO: [ view_parse ] --START--
INFO: [ template_filter ] --START--
INFO: Run Behavior\ContentReplaceBehavior [ RunTime:0.000000s ]
INFO: [ template_filter ] --END-- [ RunTime:0.000000s ]
INFO: Run Behavior\ParseTemplateBehavior [ RunTime:0.015001s ]
INFO: [ view_parse ] --END-- [ RunTime:0.015001s ]
INFO: [ view_filter ] --START--
INFO: Run Behavior\WriteHtmlCacheBehavior [ RunTime:0.001000s ]
INFO: [ view_filter ] --END-- [ RunTime:0.001000s ]
INFO: [ app_end ] --START--
INFO: Run Behavior\ShowPageTraceBehavior [ RunTime:0.001000s ]
INFO: [ app_end ] --END-- [ RunTime:0.001000s ]

[ 2017-05-23T16:50:54+08:00 ] 183.194.56.114 /Saler/Saler/show_saler_page
INFO: [ app_init ] --START--
INFO: Run Behavior\BuildLiteBehavior [ RunTime:0.000000s ]
INFO: [ app_init ] --END-- [ RunTime:0.000000s ]
INFO: [ app_begin ] --START--
INFO: Run Behavior\ReadHtmlCacheBehavior [ RunTime:0.001000s ]
INFO: [ app_begin ] --END-- [ RunTime:0.001000s ]
NOTIC: [8] Undefined index: session_name D:\phpStudy20161103\WWW\cms\Application\Home\Controller\ParentController.class.php 第 43 行.

[ 2017-05-23T16:51:03+08:00 ] 183.194.56.114 /Saler/Saler/show_saler_page
INFO: [ app_init ] --START--
INFO: Run Behavior\BuildLiteBehavior [ RunTime:0.000000s ]
INFO: [ app_init ] --END-- [ RunTime:0.001000s ]
INFO: [ app_begin ] --START--
INFO: Run Behavior\ReadHtmlCacheBehavior [ RunTime:0.000000s ]
INFO: [ app_begin ] --END-- [ RunTime:0.000000s ]
SQL: select DISTINCT menuName,menuURL,rm.menuid
                from Y_user u
                LEFT JOIN Y_user_role ur ON ur.uid=u.Uid
                LEFT JOIN Y_role r ON r.roleid=ur.roleid
                LEFT JOIN Y_role_menu rm ON rm.roleid=r.roleid
                LEFT JOIN Y_netprofitmenu npm ON npm.menuid=rm.menuid
                WHERE u.username='宋文杰' 
                ORDER BY rm.menuid [ RunTime:0.0130s ]
SQL: select mid from Y_manger WHERE manger='宋文杰' [ RunTime:0.0120s ]
SQL: SELECT d.Did ,d.Dname,u.username,ss.suffix,sp.pingtai FROM Y_userDepartment ud
                                        LEFT JOIN Y_user u ON u.Uid=ud.Uid
                                        LEFT JOIN Y_Department d ON d.Did=ud.did
                                        LEFT JOIN Y_SuffixSalerman ss ON ss.uid=u.Uid
                                        LEFT JOIN Y_suffixPingtai sp ON sp.suffix=ss.suffix
                                        WHERE mangerid='5' [ RunTime:0.0280s ]
INFO: [ view_parse ] --START--
INFO: [ template_filter ] --START--
INFO: Run Behavior\ContentReplaceBehavior [ RunTime:0.000000s ]
INFO: [ template_filter ] --END-- [ RunTime:0.000000s ]
INFO: Run Behavior\ParseTemplateBehavior [ RunTime:0.015001s ]
INFO: [ view_parse ] --END-- [ RunTime:0.015001s ]
INFO: [ view_filter ] --START--
INFO: Run Behavior\WriteHtmlCacheBehavior [ RunTime:0.000000s ]
INFO: [ view_filter ] --END-- [ RunTime:0.000000s ]
INFO: [ app_end ] --START--
INFO: Run Behavior\ShowPageTraceBehavior [ RunTime:0.000000s ]
INFO: [ app_end ] --END-- [ RunTime:0.000000s ]

[ 2017-05-23T16:58:16+08:00 ] 116.226.224.220 /Saler/Saler/show_saler_page
INFO: [ app_init ] --START--
INFO: Run Behavior\BuildLiteBehavior [ RunTime:0.000000s ]
INFO: [ app_init ] --END-- [ RunTime:0.000000s ]
INFO: [ app_begin ] --START--
INFO: Run Behavior\ReadHtmlCacheBehavior [ RunTime:0.000000s ]
INFO: [ app_begin ] --END-- [ RunTime:0.000000s ]
NOTIC: [8] Undefined index: session_name D:\phpStudy20161103\WWW\cms\Application\Home\Controller\ParentController.class.php 第 43 行.

[ 2017-05-23T16:58:33+08:00 ] 116.226.224.220 /Saler/Saler/show_saler_page
INFO: [ app_init ] --START--
INFO: Run Behavior\BuildLiteBehavior [ RunTime:0.000000s ]
INFO: [ app_init ] --END-- [ RunTime:0.000000s ]
INFO: [ app_begin ] --START--
INFO: Run Behavior\ReadHtmlCacheBehavior [ RunTime:0.001000s ]
INFO: [ app_begin ] --END-- [ RunTime:0.001000s ]
SQL: select DISTINCT menuName,menuURL,rm.menuid
                from Y_user u
                LEFT JOIN Y_user_role ur ON ur.uid=u.Uid
                LEFT JOIN Y_role r ON r.roleid=ur.roleid
                LEFT JOIN Y_role_menu rm ON rm.roleid=r.roleid
                LEFT JOIN Y_netprofitmenu npm ON npm.menuid=rm.menuid
                WHERE u.username='陈鑫' 
                ORDER BY rm.menuid [ RunTime:0.0190s ]
SQL: select mid from Y_manger WHERE manger='陈鑫' [ RunTime:0.0180s ]
NOTIC: [8] Undefined offset: 0 D:\phpStudy20161103\WWW\cms\Application\Saler\Controller\SalerController.class.php 第 31 行.
SQL: SELECT d.Did ,d.Dname,u.username,ss.suffix,sp.pingtai FROM Y_userDepartment ud
                                        LEFT JOIN Y_user u ON u.Uid=ud.Uid
                                        LEFT JOIN Y_Department d ON d.Did=ud.did
                                        LEFT JOIN Y_SuffixSalerman ss ON ss.uid=u.Uid
                                        LEFT JOIN Y_suffixPingtai sp ON sp.suffix=ss.suffix
                                        WHERE username='陈鑫' [ RunTime:0.0240s ]
INFO: [ view_parse ] --START--
INFO: [ template_filter ] --START--
INFO: Run Behavior\ContentReplaceBehavior [ RunTime:0.000000s ]
INFO: [ template_filter ] --END-- [ RunTime:0.000000s ]
INFO: Run Behavior\ParseTemplateBehavior [ RunTime:0.024001s ]
INFO: [ view_parse ] --END-- [ RunTime:0.024001s ]
INFO: [ view_filter ] --START--
INFO: Run Behavior\WriteHtmlCacheBehavior [ RunTime:0.000000s ]
INFO: [ view_filter ] --END-- [ RunTime:0.000000s ]
INFO: [ app_end ] --START--
INFO: Run Behavior\ShowPageTraceBehavior [ RunTime:0.001000s ]
INFO: [ app_end ] --END-- [ RunTime:0.001000s ]

[ 2017-05-23T17:02:26+08:00 ] 58.246.226.254 /Saler/Saler/show_saler_page
INFO: [ app_init ] --START--
INFO: Run Behavior\BuildLiteBehavior [ RunTime:0.000000s ]
INFO: [ app_init ] --END-- [ RunTime:0.001000s ]
INFO: [ app_begin ] --START--
INFO: Run Behavior\ReadHtmlCacheBehavior [ RunTime:0.001000s ]
INFO: [ app_begin ] --END-- [ RunTime:0.001000s ]
SQL: select DISTINCT menuName,menuURL,rm.menuid
                from Y_user u
                LEFT JOIN Y_user_role ur ON ur.uid=u.Uid
                LEFT JOIN Y_role r ON r.roleid=ur.roleid
                LEFT JOIN Y_role_menu rm ON rm.roleid=r.roleid
                LEFT JOIN Y_netprofitmenu npm ON npm.menuid=rm.menuid
                WHERE u.username='admin' 
                ORDER BY rm.menuid [ RunTime:0.0140s ]
SQL: select mid from Y_manger WHERE manger='admin' [ RunTime:0.0120s ]
NOTIC: [8] Undefined offset: 0 D:\phpStudy20161103\WWW\cms\Application\Saler\Controller\SalerController.class.php 第 31 行.
SQL: SELECT d.Did ,d.Dname,u.username,ss.suffix,sp.pingtai FROM Y_userDepartment ud
                    LEFT JOIN Y_user u ON u.Uid=ud.Uid
                    LEFT JOIN Y_Department d ON d.Did=ud.did
                    LEFT JOIN Y_SuffixSalerman ss ON ss.uid=u.Uid
                    LEFT JOIN Y_suffixPingtai sp ON sp.suffix=ss.suffix
                    WHERE d.Dname is not NULL AND sp.suffix is not null  [ RunTime:0.0230s ]
INFO: [ view_parse ] --START--
INFO: [ template_filter ] --START--
INFO: Run Behavior\ContentReplaceBehavior [ RunTime:0.000000s ]
INFO: [ template_filter ] --END-- [ RunTime:0.000000s ]
INFO: Run Behavior\ParseTemplateBehavior [ RunTime:0.026002s ]
INFO: [ view_parse ] --END-- [ RunTime:0.026002s ]
INFO: [ view_filter ] --START--
INFO: Run Behavior\WriteHtmlCacheBehavior [ RunTime:0.001000s ]
INFO: [ view_filter ] --END-- [ RunTime:0.001000s ]
INFO: [ app_end ] --START--
INFO: Run Behavior\ShowPageTraceBehavior [ RunTime:0.001000s ]
INFO: [ app_end ] --END-- [ RunTime:0.001000s ]

[ 2017-05-23T17:15:30+08:00 ] 58.246.226.254 /Saler/Saler/show_saler_page
INFO: [ app_init ] --START--
INFO: Run Behavior\BuildLiteBehavior [ RunTime:0.000000s ]
INFO: [ app_init ] --END-- [ RunTime:0.000000s ]
INFO: [ app_begin ] --START--
INFO: Run Behavior\ReadHtmlCacheBehavior [ RunTime:0.000000s ]
INFO: [ app_begin ] --END-- [ RunTime:0.000000s ]
NOTIC: [8] Undefined index: session_name D:\phpStudy20161103\WWW\cms\Application\Home\Controller\ParentController.class.php 第 43 行.

[ 2017-05-23T17:15:34+08:00 ] 58.246.226.254 /Saler/Saler/show_saler_page
INFO: [ app_init ] --START--
INFO: Run Behavior\BuildLiteBehavior [ RunTime:0.000000s ]
INFO: [ app_init ] --END-- [ RunTime:0.000000s ]
INFO: [ app_begin ] --START--
INFO: Run Behavior\ReadHtmlCacheBehavior [ RunTime:0.001000s ]
INFO: [ app_begin ] --END-- [ RunTime:0.001000s ]
SQL: select DISTINCT menuName,menuURL,rm.menuid
                from Y_user u
                LEFT JOIN Y_user_role ur ON ur.uid=u.Uid
                LEFT JOIN Y_role r ON r.roleid=ur.roleid
                LEFT JOIN Y_role_menu rm ON rm.roleid=r.roleid
                LEFT JOIN Y_netprofitmenu npm ON npm.menuid=rm.menuid
                WHERE u.username='admin' 
                ORDER BY rm.menuid [ RunTime:0.0140s ]
SQL: select mid from Y_manger WHERE manger='admin' [ RunTime:0.0130s ]
NOTIC: [8] Undefined offset: 0 D:\phpStudy20161103\WWW\cms\Application\Saler\Controller\SalerController.class.php 第 31 行.
SQL: SELECT d.Did ,d.Dname,u.username,ss.suffix,sp.pingtai FROM Y_userDepartment ud
                    LEFT JOIN Y_user u ON u.Uid=ud.Uid
                    LEFT JOIN Y_Department d ON d.Did=ud.did
                    LEFT JOIN Y_SuffixSalerman ss ON ss.uid=u.Uid
                    LEFT JOIN Y_suffixPingtai sp ON sp.suffix=ss.suffix
                    WHERE d.Dname is not NULL AND sp.suffix is not null  [ RunTime:0.0200s ]
INFO: [ view_parse ] --START--
INFO: [ template_filter ] --START--
INFO: Run Behavior\ContentReplaceBehavior [ RunTime:0.000000s ]
INFO: [ template_filter ] --END-- [ RunTime:0.001000s ]
INFO: Run Behavior\ParseTemplateBehavior [ RunTime:0.021001s ]
INFO: [ view_parse ] --END-- [ RunTime:0.021001s ]
INFO: [ view_filter ] --START--
INFO: Run Behavior\WriteHtmlCacheBehavior [ RunTime:0.000000s ]
INFO: [ view_filter ] --END-- [ RunTime:0.000000s ]
INFO: [ app_end ] --START--
INFO: Run Behavior\ShowPageTraceBehavior [ RunTime:0.001000s ]
INFO: [ app_end ] --END-- [ RunTime:0.001000s ]

[ 2017-05-23T17:41:18+08:00 ] 58.246.226.254 /Saler/Saler/show_saler_page
INFO: [ app_init ] --START--
INFO: Run Behavior\BuildLiteBehavior [ RunTime:0.000000s ]
INFO: [ app_init ] --END-- [ RunTime:0.001000s ]
INFO: [ app_begin ] --START--
INFO: Run Behavior\ReadHtmlCacheBehavior [ RunTime:0.000000s ]
INFO: [ app_begin ] --END-- [ RunTime:0.001000s ]
NOTIC: [8] Undefined index: session_name D:\phpStudy20161103\WWW\cms\Application\Home\Controller\ParentController.class.php 第 43 行.

